ERROR - 2023-01-10 05:43:52 --> Error connecting to the database: mysqli_sql_exception: Access denied for user 'root'@'localhost' (using password: NO) in C:\Dev\simag-new-main\vendor\codeigniter4\framework\system\Database\MySQLi\Connection.php:171
Stack trace:
#0 C:\Dev\simag-new-main\vendor\codeigniter4\framework\system\Database\MySQLi\Connection.php(171): mysqli->real_connect('localhost', 'root', '', 'simag', 3306, '', 0)
#1 C:\Dev\simag-new-main\vendor\codeigniter4\framework\system\Database\BaseConnection.php(382): CodeIgniter\Database\MySQLi\Connection->connect(false)
#2 C:\Dev\simag-new-main\vendor\codeigniter4\framework\system\Database\BaseConnection.php(588): CodeIgniter\Database\BaseConnection->initialize()
#3 C:\Dev\simag-new-main\vendor\codeigniter4\framework\system\Database\BaseBuilder.php(1585): CodeIgniter\Database\BaseConnection->query('SELECT *\nFROM `...', Array, false)
#4 C:\Dev\simag-new-main\vendor\codeigniter4\framework\system\Model.php(772): CodeIgniter\Database\BaseBuilder->get()
#5 C:\Dev\simag-new-main\app\Controllers\Home.php(14): CodeIgniter\Model->__call('get', Array)
#6 C:\Dev\simag-new-main\vendor\codeigniter4\framework\system\CodeIgniter.php(902): App\Controllers\Home->index()
#7 C:\Dev\simag-new-main\vendor\codeigniter4\framework\system\CodeIgniter.php(457): CodeIgniter\CodeIgniter->runController(Object(App\Controllers\Home))
#8 C:\Dev\simag-new-main\vendor\codeigniter4\framework\system\CodeIgniter.php(340): CodeIgniter\CodeIgniter->handleRequest(NULL, Object(Config\Cache), false)
#9 C:\Dev\simag-new-main\public\index.php(67): CodeIgniter\CodeIgniter->run()
#10 C:\Dev\simag-new-main\vendor\codeigniter4\framework\system\Commands\Server\rewrite.php(46): require_once('C:\\Dev\\simag-ne...')
#11 {main}

Next CodeIgniter\Database\Exceptions\DatabaseException: Access denied for user '****'@'localhost' (using password: NO) in C:\Dev\simag-new-main\vendor\codeigniter4\framework\system\Database\MySQLi\Connection.php:215
Stack trace:
#0 C:\Dev\simag-new-main\vendor\codeigniter4\framework\system\Database\BaseConnection.php(382): CodeIgniter\Database\MySQLi\Connection->connect(false)
#1 C:\Dev\simag-new-main\vendor\codeigniter4\framework\system\Database\BaseConnection.php(588): CodeIgniter\Database\BaseConnection->initialize()
#2 C:\Dev\simag-new-main\vendor\codeigniter4\framework\system\Database\BaseBuilder.php(1585): CodeIgniter\Database\BaseConnection->query('SELECT *\nFROM `...', Array, false)
#3 C:\Dev\simag-new-main\vendor\codeigniter4\framework\system\Model.php(772): CodeIgniter\Database\BaseBuilder->get()
#4 C:\Dev\simag-new-main\app\Controllers\Home.php(14): CodeIgniter\Model->__call('get', Array)
#5 C:\Dev\simag-new-main\vendor\codeigniter4\framework\system\CodeIgniter.php(902): App\Controllers\Home->index()
#6 C:\Dev\simag-new-main\vendor\codeigniter4\framework\system\CodeIgniter.php(457): CodeIgniter\CodeIgniter->runController(Object(App\Controllers\Home))
#7 C:\Dev\simag-new-main\vendor\codeigniter4\framework\system\CodeIgniter.php(340): CodeIgniter\CodeIgniter->handleRequest(NULL, Object(Config\Cache), false)
#8 C:\Dev\simag-new-main\public\index.php(67): CodeIgniter\CodeIgniter->run()
#9 C:\Dev\simag-new-main\vendor\codeigniter4\framework\system\Commands\Server\rewrite.php(46): require_once('C:\\Dev\\simag-ne...')
#10 {main}
CRITICAL - 2023-01-10 05:43:52 --> Unable to connect to the database.
Main connection [MySQLi]: Access denied for user '****'@'localhost' (using password: NO)
in SYSTEMPATH\Database\BaseConnection.php on line 418.
 1 SYSTEMPATH\Database\BaseConnection.php(588): CodeIgniter\Database\BaseConnection->initialize()
 2 SYSTEMPATH\Database\BaseBuilder.php(1585): CodeIgniter\Database\BaseConnection->query('SELECT *
FROM `user`
JOIN `info_peserta` ON `user`.`id`=`info_peserta`.`userId`
WHERE `info_peserta`.`endDate` > :info_peserta.endDate:', [...], false)
 3 SYSTEMPATH\Model.php(772): CodeIgniter\Database\BaseBuilder->get()
 4 APPPATH\Controllers\Home.php(14): CodeIgniter\Model->__call('get', [])
 5 SYSTEMPATH\CodeIgniter.php(902): App\Controllers\Home->index()
 6 SYSTEMPATH\CodeIgniter.php(457): CodeIgniter\CodeIgniter->runController(Object(App\Controllers\Home))
 7 SYSTEMPATH\CodeIgniter.php(340): CodeIgniter\CodeIgniter->handleRequest(null, Object(Config\Cache), false)
 8 FCPATH\index.php(67): CodeIgniter\CodeIgniter->run()
 9 SYSTEMPATH\Commands\Server\rewrite.php(46): require_once('FCPATH\\index.php')
CRITICAL - 2023-01-10 07:11:50 --> Undefined variable $content
in APPPATH\Views\admin\divisi\add.php on line 36.
 1 APPPATH\Views\admin\divisi\add.php(36): CodeIgniter\Debug\Exceptions->errorHandler(2, 'Undefined variable $content', 'APPPATH\\Views\\admin\\divisi\\add.php', 36)
 2 SYSTEMPATH\View\View.php(213): include('APPPATH\\Views\\admin\\divisi\\add.php')
 3 SYSTEMPATH\View\View.php(216): CodeIgniter\View\View->CodeIgniter\View\{closure}()
 4 SYSTEMPATH\Common.php(1142): CodeIgniter\View\View->render('admin/divisi/add', [], true)
 5 APPPATH\Controllers\Admin.php(557): view('admin/divisi/add')
 6 SYSTEMPATH\CodeIgniter.php(902): App\Controllers\Admin->insert()
 7 SYSTEMPATH\CodeIgniter.php(457): CodeIgniter\CodeIgniter->runController(Object(App\Controllers\Admin))
 8 SYSTEMPATH\CodeIgniter.php(340): CodeIgniter\CodeIgniter->handleRequest(null, Object(Config\Cache), false)
 9 FCPATH\index.php(67): CodeIgniter\CodeIgniter->run()
10 SYSTEMPATH\Commands\Server\rewrite.php(46): require_once('FCPATH\\index.php')
ERROR - 2023-01-10 07:16:23 --> mysqli_sql_exception: You have an error in your SQL syntax; check the manual that corresponds to your MySQL server version for the right syntax to use near ' NULL' at line 4 in C:\Dev\simag-new-main\vendor\codeigniter4\framework\system\Database\MySQLi\Connection.php:292
Stack trace:
#0 C:\Dev\simag-new-main\vendor\codeigniter4\framework\system\Database\MySQLi\Connection.php(292): mysqli->query('SELECT *\nFROM `...', 0)
#1 C:\Dev\simag-new-main\vendor\codeigniter4\framework\system\Database\BaseConnection.php(693): CodeIgniter\Database\MySQLi\Connection->execute('SELECT *\nFROM `...')
#2 C:\Dev\simag-new-main\vendor\codeigniter4\framework\system\Database\BaseConnection.php(620): CodeIgniter\Database\BaseConnection->simpleQuery('SELECT *\nFROM `...')
#3 C:\Dev\simag-new-main\vendor\codeigniter4\framework\system\Database\BaseBuilder.php(1585): CodeIgniter\Database\BaseConnection->query('SELECT *\nFROM `...', Array, false)
#4 C:\Dev\simag-new-main\app\Models\UserModel.php(32): CodeIgniter\Database\BaseBuilder->get()
#5 C:\Dev\simag-new-main\app\Controllers\Admin.php(555): App\Models\UserModel->findPembimbingNull()
#6 C:\Dev\simag-new-main\vendor\codeigniter4\framework\system\CodeIgniter.php(902): App\Controllers\Admin->insert()
#7 C:\Dev\simag-new-main\vendor\codeigniter4\framework\system\CodeIgniter.php(457): CodeIgniter\CodeIgniter->runController(Object(App\Controllers\Admin))
#8 C:\Dev\simag-new-main\vendor\codeigniter4\framework\system\CodeIgniter.php(340): CodeIgniter\CodeIgniter->handleRequest(NULL, Object(Config\Cache), false)
#9 C:\Dev\simag-new-main\public\index.php(67): CodeIgniter\CodeIgniter->run()
#10 C:\Dev\simag-new-main\vendor\codeigniter4\framework\system\Commands\Server\rewrite.php(46): require_once('C:\\Dev\\simag-ne...')
#11 {main}
CRITICAL - 2023-01-10 07:16:23 --> You have an error in your SQL syntax; check the manual that corresponds to your MySQL server version for the right syntax to use near ' NULL' at line 4
in SYSTEMPATH\Database\MySQLi\Connection.php on line 292.
 1 SYSTEMPATH\Database\MySQLi\Connection.php(292): mysqli->query('SELECT *
FROM `user`
WHERE `role` = 2
AND divisi, NULL', 0)
 2 SYSTEMPATH\Database\BaseConnection.php(693): CodeIgniter\Database\MySQLi\Connection->execute('SELECT *
FROM `user`
WHERE `role` = 2
AND divisi, NULL')
 3 SYSTEMPATH\Database\BaseConnection.php(620): CodeIgniter\Database\BaseConnection->simpleQuery('SELECT *
FROM `user`
WHERE `role` = 2
AND divisi, NULL')
 4 SYSTEMPATH\Database\BaseBuilder.php(1585): CodeIgniter\Database\BaseConnection->query('SELECT *
FROM `user`
WHERE `role` = :role:
AND divisi, NULL', [...], false)
 5 APPPATH\Models\UserModel.php(32): CodeIgniter\Database\BaseBuilder->get()
 6 APPPATH\Controllers\Admin.php(555): App\Models\UserModel->findPembimbingNull()
 7 SYSTEMPATH\CodeIgniter.php(902): App\Controllers\Admin->insert()
 8 SYSTEMPATH\CodeIgniter.php(457): CodeIgniter\CodeIgniter->runController(Object(App\Controllers\Admin))
 9 SYSTEMPATH\CodeIgniter.php(340): CodeIgniter\CodeIgniter->handleRequest(null, Object(Config\Cache), false)
10 FCPATH\index.php(67): CodeIgniter\CodeIgniter->run()
11 SYSTEMPATH\Commands\Server\rewrite.php(46): require_once('FCPATH\\index.php')
CRITICAL - 2023-01-10 07:16:38 --> Cannot use object of type CodeIgniter\Database\MySQLi\Result as array
in APPPATH\Views\admin\divisi\add.php on line 36.
 1 SYSTEMPATH\View\View.php(213): include()
 2 SYSTEMPATH\View\View.php(216): CodeIgniter\View\View->CodeIgniter\View\{closure}()
 3 SYSTEMPATH\Common.php(1142): CodeIgniter\View\View->render('admin/divisi/add', [], true)
 4 APPPATH\Controllers\Admin.php(560): view('admin/divisi/add', [...])
 5 SYSTEMPATH\CodeIgniter.php(902): App\Controllers\Admin->insert()
 6 SYSTEMPATH\CodeIgniter.php(457): CodeIgniter\CodeIgniter->runController(Object(App\Controllers\Admin))
 7 SYSTEMPATH\CodeIgniter.php(340): CodeIgniter\CodeIgniter->handleRequest(null, Object(Config\Cache), false)
 8 FCPATH\index.php(67): CodeIgniter\CodeIgniter->run()
 9 SYSTEMPATH\Commands\Server\rewrite.php(46): require_once('FCPATH\\index.php')
CRITICAL - 2023-01-10 07:17:10 --> Undefined property: CodeIgniter\Database\MySQLi\Result::$id
in APPPATH\Views\admin\divisi\add.php on line 36.
 1 APPPATH\Views\admin\divisi\add.php(36): CodeIgniter\Debug\Exceptions->errorHandler(2, 'Undefined property: CodeIgniter\\Database\\MySQLi\\Result::$id', 'APPPATH\\Views\\admin\\divisi\\add.php', 36)
 2 SYSTEMPATH\View\View.php(213): include('APPPATH\\Views\\admin\\divisi\\add.php')
 3 SYSTEMPATH\View\View.php(216): CodeIgniter\View\View->CodeIgniter\View\{closure}()
 4 SYSTEMPATH\Common.php(1142): CodeIgniter\View\View->render('admin/divisi/add', [], true)
 5 APPPATH\Controllers\Admin.php(560): view('admin/divisi/add', [...])
 6 SYSTEMPATH\CodeIgniter.php(902): App\Controllers\Admin->insert()
 7 SYSTEMPATH\CodeIgniter.php(457): CodeIgniter\CodeIgniter->runController(Object(App\Controllers\Admin))
 8 SYSTEMPATH\CodeIgniter.php(340): CodeIgniter\CodeIgniter->handleRequest(null, Object(Config\Cache), false)
 9 FCPATH\index.php(67): CodeIgniter\CodeIgniter->run()
10 SYSTEMPATH\Commands\Server\rewrite.php(46): require_once('FCPATH\\index.php')
CRITICAL - 2023-01-10 07:18:37 --> Undefined array key "id"
in APPPATH\Views\admin\divisi\add.php on line 36.
 1 APPPATH\Views\admin\divisi\add.php(36): CodeIgniter\Debug\Exceptions->errorHandler(2, 'Undefined array key "id"', 'APPPATH\\Views\\admin\\divisi\\add.php', 36)
 2 SYSTEMPATH\View\View.php(213): include('APPPATH\\Views\\admin\\divisi\\add.php')
 3 SYSTEMPATH\View\View.php(216): CodeIgniter\View\View->CodeIgniter\View\{closure}()
 4 SYSTEMPATH\Common.php(1142): CodeIgniter\View\View->render('admin/divisi/add', [], true)
 5 APPPATH\Controllers\Admin.php(561): view('admin/divisi/add', [...])
 6 SYSTEMPATH\CodeIgniter.php(902): App\Controllers\Admin->insert()
 7 SYSTEMPATH\CodeIgniter.php(457): CodeIgniter\CodeIgniter->runController(Object(App\Controllers\Admin))
 8 SYSTEMPATH\CodeIgniter.php(340): CodeIgniter\CodeIgniter->handleRequest(null, Object(Config\Cache), false)
 9 FCPATH\index.php(67): CodeIgniter\CodeIgniter->run()
10 SYSTEMPATH\Commands\Server\rewrite.php(46): require_once('FCPATH\\index.php')
CRITICAL - 2023-01-10 07:20:36 --> Undefined property: stdClass::$name
in APPPATH\Views\admin\divisi\add.php on line 37.
 1 APPPATH\Views\admin\divisi\add.php(37): CodeIgniter\Debug\Exceptions->errorHandler(2, 'Undefined property: stdClass::$name', 'APPPATH\\Views\\admin\\divisi\\add.php', 37)
 2 SYSTEMPATH\View\View.php(213): include('APPPATH\\Views\\admin\\divisi\\add.php')
 3 SYSTEMPATH\View\View.php(216): CodeIgniter\View\View->CodeIgniter\View\{closure}()
 4 SYSTEMPATH\Common.php(1142): CodeIgniter\View\View->render('admin/divisi/add', [], true)
 5 APPPATH\Controllers\Admin.php(561): view('admin/divisi/add', [...])
 6 SYSTEMPATH\CodeIgniter.php(902): App\Controllers\Admin->insert()
 7 SYSTEMPATH\CodeIgniter.php(457): CodeIgniter\CodeIgniter->runController(Object(App\Controllers\Admin))
 8 SYSTEMPATH\CodeIgniter.php(340): CodeIgniter\CodeIgniter->handleRequest(null, Object(Config\Cache), false)
 9 FCPATH\index.php(67): CodeIgniter\CodeIgniter->run()
10 SYSTEMPATH\Commands\Server\rewrite.php(46): require_once('FCPATH\\index.php')
CRITICAL - 2023-01-10 07:50:36 --> Call to undefined method App\Models\Divisi::findPembimbingNull
in SYSTEMPATH\Model.php on line 774.
 1 APPPATH\Controllers\Admin.php(587): CodeIgniter\Model->__call('findPembimbingNull', [])
 2 SYSTEMPATH\CodeIgniter.php(902): App\Controllers\Admin->update('10')
 3 SYSTEMPATH\CodeIgniter.php(457): CodeIgniter\CodeIgniter->runController(Object(App\Controllers\Admin))
 4 SYSTEMPATH\CodeIgniter.php(340): CodeIgniter\CodeIgniter->handleRequest(null, Object(Config\Cache), false)
 5 FCPATH\index.php(67): CodeIgniter\CodeIgniter->run()
 6 SYSTEMPATH\Commands\Server\rewrite.php(46): require_once('FCPATH\\index.php')
CRITICAL - 2023-01-10 07:53:11 --> Undefined array key "name"
in APPPATH\Views\admin\divisi\edit.php on line 21.
 1 APPPATH\Views\admin\divisi\edit.php(21): CodeIgniter\Debug\Exceptions->errorHandler(2, 'Undefined array key "name"', 'APPPATH\\Views\\admin\\divisi\\edit.php', 21)
 2 SYSTEMPATH\View\View.php(213): include('APPPATH\\Views\\admin\\divisi\\edit.php')
 3 SYSTEMPATH\View\View.php(216): CodeIgniter\View\View->CodeIgniter\View\{closure}()
 4 SYSTEMPATH\Common.php(1142): CodeIgniter\View\View->render('admin/divisi/edit.php', [], true)
 5 APPPATH\Controllers\Admin.php(593): view('admin/divisi/edit.php', [...])
 6 SYSTEMPATH\CodeIgniter.php(902): App\Controllers\Admin->update('10')
 7 SYSTEMPATH\CodeIgniter.php(457): CodeIgniter\CodeIgniter->runController(Object(App\Controllers\Admin))
 8 SYSTEMPATH\CodeIgniter.php(340): CodeIgniter\CodeIgniter->handleRequest(null, Object(Config\Cache), false)
 9 FCPATH\index.php(67): CodeIgniter\CodeIgniter->run()
10 SYSTEMPATH\Commands\Server\rewrite.php(46): require_once('FCPATH\\index.php')
CRITICAL - 2023-01-10 17:18:10 --> Undefined array key "name"
in APPPATH\Views\spadmin\divisi\edit.php on line 21.
 1 APPPATH\Views\spadmin\divisi\edit.php(21): CodeIgniter\Debug\Exceptions->errorHandler(2, 'Undefined array key "name"', 'APPPATH\\Views\\spadmin\\divisi\\edit.php', 21)
 2 SYSTEMPATH\View\View.php(213): include('APPPATH\\Views\\spadmin\\divisi\\edit.php')
 3 SYSTEMPATH\View\View.php(216): CodeIgniter\View\View->CodeIgniter\View\{closure}()
 4 SYSTEMPATH\Common.php(1142): CodeIgniter\View\View->render('spadmin/divisi/edit', [], true)
 5 APPPATH\Controllers\TU.php(81): view('spadmin/divisi/edit', [...])
 6 SYSTEMPATH\CodeIgniter.php(902): App\Controllers\TU->update('10')
 7 SYSTEMPATH\CodeIgniter.php(457): CodeIgniter\CodeIgniter->runController(Object(App\Controllers\TU))
 8 SYSTEMPATH\CodeIgniter.php(340): CodeIgniter\CodeIgniter->handleRequest(null, Object(Config\Cache), false)
 9 FCPATH\index.php(67): CodeIgniter\CodeIgniter->run()
10 SYSTEMPATH\Commands\Server\rewrite.php(46): require_once('FCPATH\\index.php')
CRITICAL - 2023-01-10 17:18:48 --> Undefined array key "name"
in APPPATH\Views\spadmin\divisi\edit.php on line 22.
 1 APPPATH\Views\spadmin\divisi\edit.php(22): CodeIgniter\Debug\Exceptions->errorHandler(2, 'Undefined array key "name"', 'APPPATH\\Views\\spadmin\\divisi\\edit.php', 22)
 2 SYSTEMPATH\View\View.php(213): include('APPPATH\\Views\\spadmin\\divisi\\edit.php')
 3 SYSTEMPATH\View\View.php(216): CodeIgniter\View\View->CodeIgniter\View\{closure}()
 4 SYSTEMPATH\Common.php(1142): CodeIgniter\View\View->render('spadmin/divisi/edit', [], true)
 5 APPPATH\Controllers\TU.php(81): view('spadmin/divisi/edit', [...])
 6 SYSTEMPATH\CodeIgniter.php(902): App\Controllers\TU->update('10')
 7 SYSTEMPATH\CodeIgniter.php(457): CodeIgniter\CodeIgniter->runController(Object(App\Controllers\TU))
 8 SYSTEMPATH\CodeIgniter.php(340): CodeIgniter\CodeIgniter->handleRequest(null, Object(Config\Cache), false)
 9 FCPATH\index.php(67): CodeIgniter\CodeIgniter->run()
10 SYSTEMPATH\Commands\Server\rewrite.php(46): require_once('FCPATH\\index.php')
CRITICAL - 2023-01-10 18:36:41 --> Trying to access array offset on value of type null
in APPPATH\Views\pembimbing\detailpeserta.php on line 27.
 1 APPPATH\Views\pembimbing\detailpeserta.php(27): CodeIgniter\Debug\Exceptions->errorHandler(2, 'Trying to access array offset on value of type null', 'APPPATH\\Views\\pembimbing\\detailpeserta.php', 27)
 2 SYSTEMPATH\View\View.php(213): include('APPPATH\\Views\\pembimbing\\detailpeserta.php')
 3 SYSTEMPATH\View\View.php(216): CodeIgniter\View\View->CodeIgniter\View\{closure}()
 4 SYSTEMPATH\Common.php(1142): CodeIgniter\View\View->render('pembimbing/detailpeserta', [], true)
 5 APPPATH\Controllers\Pembimbing.php(133): view('pembimbing/detailpeserta', [...])
 6 SYSTEMPATH\CodeIgniter.php(902): App\Controllers\Pembimbing->detailPeserta('105')
 7 SYSTEMPATH\CodeIgniter.php(457): CodeIgniter\CodeIgniter->runController(Object(App\Controllers\Pembimbing))
 8 SYSTEMPATH\CodeIgniter.php(340): CodeIgniter\CodeIgniter->handleRequest(null, Object(Config\Cache), false)
 9 FCPATH\index.php(67): CodeIgniter\CodeIgniter->run()
10 SYSTEMPATH\Commands\Server\rewrite.php(46): require_once('FCPATH\\index.php')
CRITICAL - 2023-01-10 18:43:26 --> Trying to access array offset on value of type null
in APPPATH\Views\pembimbing\detailpeserta.php on line 27.
 1 APPPATH\Views\pembimbing\detailpeserta.php(27): CodeIgniter\Debug\Exceptions->errorHandler(2, 'Trying to access array offset on value of type null', 'APPPATH\\Views\\pembimbing\\detailpeserta.php', 27)
 2 SYSTEMPATH\View\View.php(213): include('APPPATH\\Views\\pembimbing\\detailpeserta.php')
 3 SYSTEMPATH\View\View.php(216): CodeIgniter\View\View->CodeIgniter\View\{closure}()
 4 SYSTEMPATH\Common.php(1142): CodeIgniter\View\View->render('pembimbing/detailpeserta', [], true)
 5 APPPATH\Controllers\Pembimbing.php(133): view('pembimbing/detailpeserta', [...])
 6 SYSTEMPATH\CodeIgniter.php(902): App\Controllers\Pembimbing->detailPeserta('105')
 7 SYSTEMPATH\CodeIgniter.php(457): CodeIgniter\CodeIgniter->runController(Object(App\Controllers\Pembimbing))
 8 SYSTEMPATH\CodeIgniter.php(340): CodeIgniter\CodeIgniter->handleRequest(null, Object(Config\Cache), false)
 9 FCPATH\index.php(67): CodeIgniter\CodeIgniter->run()
10 SYSTEMPATH\Commands\Server\rewrite.php(46): require_once('FCPATH\\index.php')
ERROR - 2023-01-10 22:37:13 --> mysqli_sql_exception: Unknown column 'divisi.id as divisi_id user.id' in 'field list' in C:\Dev\simag-new-main\vendor\codeigniter4\framework\system\Database\MySQLi\Connection.php:292
Stack trace:
#0 C:\Dev\simag-new-main\vendor\codeigniter4\framework\system\Database\MySQLi\Connection.php(292): mysqli->query('SELECT `user`.*...', 0)
#1 C:\Dev\simag-new-main\vendor\codeigniter4\framework\system\Database\BaseConnection.php(693): CodeIgniter\Database\MySQLi\Connection->execute('SELECT `user`.*...')
#2 C:\Dev\simag-new-main\vendor\codeigniter4\framework\system\Database\BaseConnection.php(620): CodeIgniter\Database\BaseConnection->simpleQuery('SELECT `user`.*...')
#3 C:\Dev\simag-new-main\vendor\codeigniter4\framework\system\Database\BaseBuilder.php(1585): CodeIgniter\Database\BaseConnection->query('SELECT `user`.*...', Array, false)
#4 C:\Dev\simag-new-main\app\Models\Divisi.php(64): CodeIgniter\Database\BaseBuilder->get()
#5 C:\Dev\simag-new-main\app\Controllers\TU.php(15): App\Models\Divisi->getDivisiWithUser()
#6 C:\Dev\simag-new-main\vendor\codeigniter4\framework\system\CodeIgniter.php(902): App\Controllers\TU->index()
#7 C:\Dev\simag-new-main\vendor\codeigniter4\framework\system\CodeIgniter.php(457): CodeIgniter\CodeIgniter->runController(Object(App\Controllers\TU))
#8 C:\Dev\simag-new-main\vendor\codeigniter4\framework\system\CodeIgniter.php(340): CodeIgniter\CodeIgniter->handleRequest(NULL, Object(Config\Cache), false)
#9 C:\Dev\simag-new-main\public\index.php(67): CodeIgniter\CodeIgniter->run()
#10 C:\Dev\simag-new-main\vendor\codeigniter4\framework\system\Commands\Server\rewrite.php(46): require_once('C:\\Dev\\simag-ne...')
#11 {main}
CRITICAL - 2023-01-10 22:37:13 --> Unknown column 'divisi.id as divisi_id user.id' in 'field list'
in SYSTEMPATH\Database\MySQLi\Connection.php on line 292.
 1 SYSTEMPATH\Database\MySQLi\Connection.php(292): mysqli->query('SELECT `user`.*, `divisi`.*, `divisi`.`id as divisi_id user`.`id` as `id`
FROM `divisi`
JOIN `user` ON `divisi`.`pembimbing` = `user`.`id`', 0)
 2 SYSTEMPATH\Database\BaseConnection.php(693): CodeIgniter\Database\MySQLi\Connection->execute('SELECT `user`.*, `divisi`.*, `divisi`.`id as divisi_id user`.`id` as `id`
FROM `divisi`
JOIN `user` ON `divisi`.`pembimbing` = `user`.`id`')
 3 SYSTEMPATH\Database\BaseConnection.php(620): CodeIgniter\Database\BaseConnection->simpleQuery('SELECT `user`.*, `divisi`.*, `divisi`.`id as divisi_id user`.`id` as `id`
FROM `divisi`
JOIN `user` ON `divisi`.`pembimbing` = `user`.`id`')
 4 SYSTEMPATH\Database\BaseBuilder.php(1585): CodeIgniter\Database\BaseConnection->query('SELECT `user`.*, `divisi`.*, `divisi`.`id as divisi_id user`.`id` as `id`
FROM `divisi`
JOIN `user` ON `divisi`.`pembimbing` = `user`.`id`', [], false)
 5 APPPATH\Models\Divisi.php(64): CodeIgniter\Database\BaseBuilder->get()
 6 APPPATH\Controllers\TU.php(15): App\Models\Divisi->getDivisiWithUser()
 7 SYSTEMPATH\CodeIgniter.php(902): App\Controllers\TU->index()
 8 SYSTEMPATH\CodeIgniter.php(457): CodeIgniter\CodeIgniter->runController(Object(App\Controllers\TU))
 9 SYSTEMPATH\CodeIgniter.php(340): CodeIgniter\CodeIgniter->handleRequest(null, Object(Config\Cache), false)
10 FCPATH\index.php(67): CodeIgniter\CodeIgniter->run()
11 SYSTEMPATH\Commands\Server\rewrite.php(46): require_once('FCPATH\\index.php')
CRITICAL - 2023-01-10 22:47:05 --> whereIn() expects $values to be of type array or closure
in SYSTEMPATH\Database\BaseBuilder.php on line 907.
 1 SYSTEMPATH\Database\BaseBuilder.php(789): CodeIgniter\Database\BaseBuilder->_whereIn('user.id', Object(App\Models\UserModel), false, 'AND ', null)
 2 SYSTEMPATH\Model.php(330): CodeIgniter\Database\BaseBuilder->whereIn('user.id', Object(App\Models\UserModel))
 3 SYSTEMPATH\BaseModel.php(885): CodeIgniter\Model->doUpdate(Object(App\Models\UserModel), [...])
 4 SYSTEMPATH\Model.php(693): CodeIgniter\BaseModel->update(Object(App\Models\UserModel), [...])
 5 APPPATH\Controllers\TU.php(201): CodeIgniter\Model->update(Object(App\Models\UserModel), [...])
 6 SYSTEMPATH\CodeIgniter.php(902): App\Controllers\TU->delete('10', Object(App\Models\UserModel))
 7 SYSTEMPATH\CodeIgniter.php(457): CodeIgniter\CodeIgniter->runController(Object(App\Controllers\TU))
 8 SYSTEMPATH\CodeIgniter.php(340): CodeIgniter\CodeIgniter->handleRequest(null, Object(Config\Cache), false)
 9 FCPATH\index.php(67): CodeIgniter\CodeIgniter->run()
10 SYSTEMPATH\Commands\Server\rewrite.php(46): require_once('FCPATH\\index.php')
CRITICAL - 2023-01-10 22:49:35 --> Undefined variable $content
in APPPATH\Views\spadmin\divisi\add.php on line 36.
 1 APPPATH\Views\spadmin\divisi\add.php(36): CodeIgniter\Debug\Exceptions->errorHandler(2, 'Undefined variable $content', 'APPPATH\\Views\\spadmin\\divisi\\add.php', 36)
 2 SYSTEMPATH\View\View.php(213): include('APPPATH\\Views\\spadmin\\divisi\\add.php')
 3 SYSTEMPATH\View\View.php(216): CodeIgniter\View\View->CodeIgniter\View\{closure}()
 4 SYSTEMPATH\Common.php(1142): CodeIgniter\View\View->render('spadmin/divisi/add', [], true)
 5 APPPATH\Controllers\TU.php(56): view('spadmin/divisi/add')
 6 SYSTEMPATH\CodeIgniter.php(902): App\Controllers\TU->insert()
 7 SYSTEMPATH\CodeIgniter.php(457): CodeIgniter\CodeIgniter->runController(Object(App\Controllers\TU))
 8 SYSTEMPATH\CodeIgniter.php(340): CodeIgniter\CodeIgniter->handleRequest(null, Object(Config\Cache), false)
 9 FCPATH\index.php(67): CodeIgniter\CodeIgniter->run()
10 SYSTEMPATH\Commands\Server\rewrite.php(46): require_once('FCPATH\\index.php')
CRITICAL - 2023-01-10 23:07:29 --> Undefined variable $user
in APPPATH\Views\pembimbing\datapeserta.php on line 53.
 1 APPPATH\Views\pembimbing\datapeserta.php(53): CodeIgniter\Debug\Exceptions->errorHandler(2, 'Undefined variable $user', 'APPPATH\\Views\\pembimbing\\datapeserta.php', 53)
 2 SYSTEMPATH\View\View.php(213): include('APPPATH\\Views\\pembimbing\\datapeserta.php')
 3 SYSTEMPATH\View\View.php(216): CodeIgniter\View\View->CodeIgniter\View\{closure}()
 4 SYSTEMPATH\Common.php(1142): CodeIgniter\View\View->render('pembimbing/datapeserta.php', [], true)
 5 APPPATH\Controllers\Pembimbing.php(78): view('pembimbing/datapeserta.php', [...])
 6 SYSTEMPATH\CodeIgniter.php(902): App\Controllers\Pembimbing->dataPeserta()
 7 SYSTEMPATH\CodeIgniter.php(457): CodeIgniter\CodeIgniter->runController(Object(App\Controllers\Pembimbing))
 8 SYSTEMPATH\CodeIgniter.php(340): CodeIgniter\CodeIgniter->handleRequest(null, Object(Config\Cache), false)
 9 FCPATH\index.php(67): CodeIgniter\CodeIgniter->run()
10 SYSTEMPATH\Commands\Server\rewrite.php(46): require_once('FCPATH\\index.php')
CRITICAL - 2023-01-10 23:33:57 --> Object of class App\Models\Divisi could not be converted to string
in SYSTEMPATH\Database\Query.php on line 335.
 1 SYSTEMPATH\Database\Query.php(335): strtr('SELECT *
FROM `divisi`
WHERE `name` = :name:
 LIMIT 1', [...])
 2 SYSTEMPATH\Database\Query.php(310): CodeIgniter\Database\Query->matchNamedBinds('SELECT *
FROM `divisi`
WHERE `name` = :name:
 LIMIT 1', [...])
 3 SYSTEMPATH\Database\Query.php(159): CodeIgniter\Database\Query->compileBinds()
 4 SYSTEMPATH\Database\BaseConnection.php(620): CodeIgniter\Database\Query->getQuery()
 5 SYSTEMPATH\Database\BaseBuilder.php(1585): CodeIgniter\Database\BaseConnection->query('SELECT *
FROM `divisi`
WHERE `name` = :name:
 LIMIT 1', [...], false)
 6 SYSTEMPATH\Model.php(250): CodeIgniter\Database\BaseBuilder->get()
 7 SYSTEMPATH\BaseModel.php(622): CodeIgniter\Model->doFirst()
 8 APPPATH\Controllers\Pembimbing.php(146): CodeIgniter\BaseModel->first()
 9 SYSTEMPATH\CodeIgniter.php(902): App\Controllers\Pembimbing->myDivision(Object(App\Models\Divisi), '113')
10 SYSTEMPATH\CodeIgniter.php(457): CodeIgniter\CodeIgniter->runController(Object(App\Controllers\Pembimbing))
11 SYSTEMPATH\CodeIgniter.php(340): CodeIgniter\CodeIgniter->handleRequest(null, Object(Config\Cache), false)
12 FCPATH\index.php(67): CodeIgniter\CodeIgniter->run()
13 SYSTEMPATH\Commands\Server\rewrite.php(46): require_once('FCPATH\\index.php')
ERROR - 2023-01-10 23:35:49 --> mysqli_sql_exception: Operand should contain 1 column(s) in C:\Dev\simag-new-main\vendor\codeigniter4\framework\system\Database\MySQLi\Connection.php:292
Stack trace:
#0 C:\Dev\simag-new-main\vendor\codeigniter4\framework\system\Database\MySQLi\Connection.php(292): mysqli->query('SELECT *\nFROM `...', 0)
#1 C:\Dev\simag-new-main\vendor\codeigniter4\framework\system\Database\BaseConnection.php(693): CodeIgniter\Database\MySQLi\Connection->execute('SELECT *\nFROM `...')
#2 C:\Dev\simag-new-main\vendor\codeigniter4\framework\system\Database\BaseConnection.php(620): CodeIgniter\Database\BaseConnection->simpleQuery('SELECT *\nFROM `...')
#3 C:\Dev\simag-new-main\vendor\codeigniter4\framework\system\Database\BaseBuilder.php(1585): CodeIgniter\Database\BaseConnection->query('SELECT *\nFROM `...', Array, false)
#4 C:\Dev\simag-new-main\vendor\codeigniter4\framework\system\Model.php(250): CodeIgniter\Database\BaseBuilder->get()
#5 C:\Dev\simag-new-main\vendor\codeigniter4\framework\system\BaseModel.php(622): CodeIgniter\Model->doFirst()
#6 C:\Dev\simag-new-main\app\Controllers\Pembimbing.php(148): CodeIgniter\BaseModel->first()
#7 C:\Dev\simag-new-main\vendor\codeigniter4\framework\system\CodeIgniter.php(902): App\Controllers\Pembimbing->myDivision('Test 2', '113')
#8 C:\Dev\simag-new-main\vendor\codeigniter4\framework\system\CodeIgniter.php(457): CodeIgniter\CodeIgniter->runController(Object(App\Controllers\Pembimbing))
#9 C:\Dev\simag-new-main\vendor\codeigniter4\framework\system\CodeIgniter.php(340): CodeIgniter\CodeIgniter->handleRequest(NULL, Object(Config\Cache), false)
#10 C:\Dev\simag-new-main\public\index.php(67): CodeIgniter\CodeIgniter->run()
#11 C:\Dev\simag-new-main\vendor\codeigniter4\framework\system\Commands\Server\rewrite.php(46): require_once('C:\\Dev\\simag-ne...')
#12 {main}
CRITICAL - 2023-01-10 23:35:49 --> Operand should contain 1 column(s)
in SYSTEMPATH\Database\MySQLi\Connection.php on line 292.
 1 SYSTEMPATH\Database\MySQLi\Connection.php(292): mysqli->query('SELECT *
FROM `user`
WHERE `divisi` = (\'19\',\'Test 2\',\'22\',\'113\',\'2023-01-11 12:31:32\',\'2023-01-11 12:31:32\')
 LIMIT 1', 0)
 2 SYSTEMPATH\Database\BaseConnection.php(693): CodeIgniter\Database\MySQLi\Connection->execute('SELECT *
FROM `user`
WHERE `divisi` = (\'19\',\'Test 2\',\'22\',\'113\',\'2023-01-11 12:31:32\',\'2023-01-11 12:31:32\')
 LIMIT 1')
 3 SYSTEMPATH\Database\BaseConnection.php(620): CodeIgniter\Database\BaseConnection->simpleQuery('SELECT *
FROM `user`
WHERE `divisi` = (\'19\',\'Test 2\',\'22\',\'113\',\'2023-01-11 12:31:32\',\'2023-01-11 12:31:32\')
 LIMIT 1')
 4 SYSTEMPATH\Database\BaseBuilder.php(1585): CodeIgniter\Database\BaseConnection->query('SELECT *
FROM `user`
WHERE `divisi` = :divisi:
 LIMIT 1', [...], false)
 5 SYSTEMPATH\Model.php(250): CodeIgniter\Database\BaseBuilder->get()
 6 SYSTEMPATH\BaseModel.php(622): CodeIgniter\Model->doFirst()
 7 APPPATH\Controllers\Pembimbing.php(148): CodeIgniter\BaseModel->first()
 8 SYSTEMPATH\CodeIgniter.php(902): App\Controllers\Pembimbing->myDivision('Test 2', '113')
 9 SYSTEMPATH\CodeIgniter.php(457): CodeIgniter\CodeIgniter->runController(Object(App\Controllers\Pembimbing))
10 SYSTEMPATH\CodeIgniter.php(340): CodeIgniter\CodeIgniter->handleRequest(null, Object(Config\Cache), false)
11 FCPATH\index.php(67): CodeIgniter\CodeIgniter->run()
12 SYSTEMPATH\Commands\Server\rewrite.php(46): require_once('FCPATH\\index.php')
ERROR - 2023-01-10 23:36:04 --> mysqli_sql_exception: Operand should contain 1 column(s) in C:\Dev\simag-new-main\vendor\codeigniter4\framework\system\Database\MySQLi\Connection.php:292
Stack trace:
#0 C:\Dev\simag-new-main\vendor\codeigniter4\framework\system\Database\MySQLi\Connection.php(292): mysqli->query('SELECT *\nFROM `...', 0)
#1 C:\Dev\simag-new-main\vendor\codeigniter4\framework\system\Database\BaseConnection.php(693): CodeIgniter\Database\MySQLi\Connection->execute('SELECT *\nFROM `...')
#2 C:\Dev\simag-new-main\vendor\codeigniter4\framework\system\Database\BaseConnection.php(620): CodeIgniter\Database\BaseConnection->simpleQuery('SELECT *\nFROM `...')
#3 C:\Dev\simag-new-main\vendor\codeigniter4\framework\system\Database\BaseBuilder.php(1585): CodeIgniter\Database\BaseConnection->query('SELECT *\nFROM `...', Array, false)
#4 C:\Dev\simag-new-main\vendor\codeigniter4\framework\system\Model.php(250): CodeIgniter\Database\BaseBuilder->get()
#5 C:\Dev\simag-new-main\vendor\codeigniter4\framework\system\BaseModel.php(622): CodeIgniter\Model->doFirst()
#6 C:\Dev\simag-new-main\app\Controllers\Pembimbing.php(148): CodeIgniter\BaseModel->first()
#7 C:\Dev\simag-new-main\vendor\codeigniter4\framework\system\CodeIgniter.php(902): App\Controllers\Pembimbing->myDivision('Test 2', '113')
#8 C:\Dev\simag-new-main\vendor\codeigniter4\framework\system\CodeIgniter.php(457): CodeIgniter\CodeIgniter->runController(Object(App\Controllers\Pembimbing))
#9 C:\Dev\simag-new-main\vendor\codeigniter4\framework\system\CodeIgniter.php(340): CodeIgniter\CodeIgniter->handleRequest(NULL, Object(Config\Cache), false)
#10 C:\Dev\simag-new-main\public\index.php(67): CodeIgniter\CodeIgniter->run()
#11 C:\Dev\simag-new-main\vendor\codeigniter4\framework\system\Commands\Server\rewrite.php(46): require_once('C:\\Dev\\simag-ne...')
#12 {main}
CRITICAL - 2023-01-10 23:36:04 --> Operand should contain 1 column(s)
in SYSTEMPATH\Database\MySQLi\Connection.php on line 292.
 1 SYSTEMPATH\Database\MySQLi\Connection.php(292): mysqli->query('SELECT *
FROM `user`
WHERE `divisi` = (\'19\',\'Test 2\',\'22\',\'113\',\'2023-01-11 12:31:32\',\'2023-01-11 12:31:32\')
 LIMIT 1', 0)
 2 SYSTEMPATH\Database\BaseConnection.php(693): CodeIgniter\Database\MySQLi\Connection->execute('SELECT *
FROM `user`
WHERE `divisi` = (\'19\',\'Test 2\',\'22\',\'113\',\'2023-01-11 12:31:32\',\'2023-01-11 12:31:32\')
 LIMIT 1')
 3 SYSTEMPATH\Database\BaseConnection.php(620): CodeIgniter\Database\BaseConnection->simpleQuery('SELECT *
FROM `user`
WHERE `divisi` = (\'19\',\'Test 2\',\'22\',\'113\',\'2023-01-11 12:31:32\',\'2023-01-11 12:31:32\')
 LIMIT 1')
 4 SYSTEMPATH\Database\BaseBuilder.php(1585): CodeIgniter\Database\BaseConnection->query('SELECT *
FROM `user`
WHERE `divisi` = :divisi:
 LIMIT 1', [...], false)
 5 SYSTEMPATH\Model.php(250): CodeIgniter\Database\BaseBuilder->get()
 6 SYSTEMPATH\BaseModel.php(622): CodeIgniter\Model->doFirst()
 7 APPPATH\Controllers\Pembimbing.php(148): CodeIgniter\BaseModel->first()
 8 SYSTEMPATH\CodeIgniter.php(902): App\Controllers\Pembimbing->myDivision('Test 2', '113')
 9 SYSTEMPATH\CodeIgniter.php(457): CodeIgniter\CodeIgniter->runController(Object(App\Controllers\Pembimbing))
10 SYSTEMPATH\CodeIgniter.php(340): CodeIgniter\CodeIgniter->handleRequest(null, Object(Config\Cache), false)
11 FCPATH\index.php(67): CodeIgniter\CodeIgniter->run()
12 SYSTEMPATH\Commands\Server\rewrite.php(46): require_once('FCPATH\\index.php')
CRITICAL - 2023-01-10 23:49:36 --> Attempt to read property "name" on array
in APPPATH\Views\pembimbing\divisi.php on line 17.
 1 APPPATH\Views\pembimbing\divisi.php(17): CodeIgniter\Debug\Exceptions->errorHandler(2, 'Attempt to read property "name" on array', 'APPPATH\\Views\\pembimbing\\divisi.php', 17)
 2 SYSTEMPATH\View\View.php(213): include('APPPATH\\Views\\pembimbing\\divisi.php')
 3 SYSTEMPATH\View\View.php(216): CodeIgniter\View\View->CodeIgniter\View\{closure}()
 4 SYSTEMPATH\Common.php(1142): CodeIgniter\View\View->render('pembimbing/divisi', [], true)
 5 APPPATH\Controllers\Pembimbing.php(155): view('pembimbing/divisi', [...])
 6 SYSTEMPATH\CodeIgniter.php(902): App\Controllers\Pembimbing->myDivision('Test 2', '113')
 7 SYSTEMPATH\CodeIgniter.php(457): CodeIgniter\CodeIgniter->runController(Object(App\Controllers\Pembimbing))
 8 SYSTEMPATH\CodeIgniter.php(340): CodeIgniter\CodeIgniter->handleRequest(null, Object(Config\Cache), false)
 9 FCPATH\index.php(67): CodeIgniter\CodeIgniter->run()
10 SYSTEMPATH\Commands\Server\rewrite.php(46): require_once('FCPATH\\index.php')
CRITICAL - 2023-01-10 23:49:44 --> Undefined array key "name"
in APPPATH\Views\pembimbing\divisi.php on line 17.
 1 APPPATH\Views\pembimbing\divisi.php(17): CodeIgniter\Debug\Exceptions->errorHandler(2, 'Undefined array key "name"', 'APPPATH\\Views\\pembimbing\\divisi.php', 17)
 2 SYSTEMPATH\View\View.php(213): include('APPPATH\\Views\\pembimbing\\divisi.php')
 3 SYSTEMPATH\View\View.php(216): CodeIgniter\View\View->CodeIgniter\View\{closure}()
 4 SYSTEMPATH\Common.php(1142): CodeIgniter\View\View->render('pembimbing/divisi', [], true)
 5 APPPATH\Controllers\Pembimbing.php(155): view('pembimbing/divisi', [...])
 6 SYSTEMPATH\CodeIgniter.php(902): App\Controllers\Pembimbing->myDivision('Test 2', '113')
 7 SYSTEMPATH\CodeIgniter.php(457): CodeIgniter\CodeIgniter->runController(Object(App\Controllers\Pembimbing))
 8 SYSTEMPATH\CodeIgniter.php(340): CodeIgniter\CodeIgniter->handleRequest(null, Object(Config\Cache), false)
 9 FCPATH\index.php(67): CodeIgniter\CodeIgniter->run()
10 SYSTEMPATH\Commands\Server\rewrite.php(46): require_once('FCPATH\\index.php')
CRITICAL - 2023-01-10 23:49:56 --> Undefined array key 0
in APPPATH\Views\pembimbing\divisi.php on line 17.
 1 APPPATH\Views\pembimbing\divisi.php(17): CodeIgniter\Debug\Exceptions->errorHandler(2, 'Undefined array key 0', 'APPPATH\\Views\\pembimbing\\divisi.php', 17)
 2 SYSTEMPATH\View\View.php(213): include('APPPATH\\Views\\pembimbing\\divisi.php')
 3 SYSTEMPATH\View\View.php(216): CodeIgniter\View\View->CodeIgniter\View\{closure}()
 4 SYSTEMPATH\Common.php(1142): CodeIgniter\View\View->render('pembimbing/divisi', [], true)
 5 APPPATH\Controllers\Pembimbing.php(155): view('pembimbing/divisi', [...])
 6 SYSTEMPATH\CodeIgniter.php(902): App\Controllers\Pembimbing->myDivision('Test 2', '113')
 7 SYSTEMPATH\CodeIgniter.php(457): CodeIgniter\CodeIgniter->runController(Object(App\Controllers\Pembimbing))
 8 SYSTEMPATH\CodeIgniter.php(340): CodeIgniter\CodeIgniter->handleRequest(null, Object(Config\Cache), false)
 9 FCPATH\index.php(67): CodeIgniter\CodeIgniter->run()
10 SYSTEMPATH\Commands\Server\rewrite.php(46): require_once('FCPATH\\index.php')
CRITICAL - 2023-01-10 23:50:19 --> Undefined array key "name"
in APPPATH\Views\pembimbing\divisi.php on line 17.
 1 APPPATH\Views\pembimbing\divisi.php(17): CodeIgniter\Debug\Exceptions->errorHandler(2, 'Undefined array key "name"', 'APPPATH\\Views\\pembimbing\\divisi.php', 17)
 2 SYSTEMPATH\View\View.php(213): include('APPPATH\\Views\\pembimbing\\divisi.php')
 3 SYSTEMPATH\View\View.php(216): CodeIgniter\View\View->CodeIgniter\View\{closure}()
 4 SYSTEMPATH\Common.php(1142): CodeIgniter\View\View->render('pembimbing/divisi', [], true)
 5 APPPATH\Controllers\Pembimbing.php(155): view('pembimbing/divisi', [...])
 6 SYSTEMPATH\CodeIgniter.php(902): App\Controllers\Pembimbing->myDivision('Test 2', '113')
 7 SYSTEMPATH\CodeIgniter.php(457): CodeIgniter\CodeIgniter->runController(Object(App\Controllers\Pembimbing))
 8 SYSTEMPATH\CodeIgniter.php(340): CodeIgniter\CodeIgniter->handleRequest(null, Object(Config\Cache), false)
 9 FCPATH\index.php(67): CodeIgniter\CodeIgniter->run()
10 SYSTEMPATH\Commands\Server\rewrite.php(46): require_once('FCPATH\\index.php')
CRITICAL - 2023-01-10 23:50:28 --> Cannot use object of type stdClass as array
in APPPATH\Views\pembimbing\divisi.php on line 17.
 1 SYSTEMPATH\View\View.php(213): include()
 2 SYSTEMPATH\View\View.php(216): CodeIgniter\View\View->CodeIgniter\View\{closure}()
 3 SYSTEMPATH\Common.php(1142): CodeIgniter\View\View->render('pembimbing/divisi', [], true)
 4 APPPATH\Controllers\Pembimbing.php(155): view('pembimbing/divisi', [...])
 5 SYSTEMPATH\CodeIgniter.php(902): App\Controllers\Pembimbing->myDivision('Test 2', '113')
 6 SYSTEMPATH\CodeIgniter.php(457): CodeIgniter\CodeIgniter->runController(Object(App\Controllers\Pembimbing))
 7 SYSTEMPATH\CodeIgniter.php(340): CodeIgniter\CodeIgniter->handleRequest(null, Object(Config\Cache), false)
 8 FCPATH\index.php(67): CodeIgniter\CodeIgniter->run()
 9 SYSTEMPATH\Commands\Server\rewrite.php(46): require_once('FCPATH\\index.php')
