ERROR - 2022-10-29 07:24:25 --> mysqli_sql_exception: Column 'userId' cannot be null in C:\xampp\htdocs\simag\vendor\codeigniter4\framework\system\Database\MySQLi\Connection.php:292
Stack trace:
#0 C:\xampp\htdocs\simag\vendor\codeigniter4\framework\system\Database\MySQLi\Connection.php(292): mysqli->query('INSERT INTO `ak...', 0)
#1 C:\xampp\htdocs\simag\vendor\codeigniter4\framework\system\Database\BaseConnection.php(693): CodeIgniter\Database\MySQLi\Connection->execute('INSERT INTO `ak...')
#2 C:\xampp\htdocs\simag\vendor\codeigniter4\framework\system\Database\BaseConnection.php(620): CodeIgniter\Database\BaseConnection->simpleQuery('INSERT INTO `ak...')
#3 C:\xampp\htdocs\simag\vendor\codeigniter4\framework\system\Database\BaseBuilder.php(1916): CodeIgniter\Database\BaseConnection->query('INSERT INTO `ak...', Array, false)
#4 C:\xampp\htdocs\simag\vendor\codeigniter4\framework\system\Model.php(279): CodeIgniter\Database\BaseBuilder->insert()
#5 C:\xampp\htdocs\simag\vendor\codeigniter4\framework\system\BaseModel.php(748): CodeIgniter\Model->doInsert(Array)
#6 C:\xampp\htdocs\simag\vendor\codeigniter4\framework\system\Model.php(667): CodeIgniter\BaseModel->insert(Array, false)
#7 C:\xampp\htdocs\simag\vendor\codeigniter4\framework\system\BaseModel.php(658): CodeIgniter\Model->insert(Array, false)
#8 C:\xampp\htdocs\simag\app\Controllers\Peserta.php(247): CodeIgniter\BaseModel->save(Array)
#9 C:\xampp\htdocs\simag\vendor\codeigniter4\framework\system\CodeIgniter.php(902): App\Controllers\Peserta->tambahAktivitas()
#10 C:\xampp\htdocs\simag\vendor\codeigniter4\framework\system\CodeIgniter.php(457): CodeIgniter\CodeIgniter->runController(Object(App\Controllers\Peserta))
#11 C:\xampp\htdocs\simag\vendor\codeigniter4\framework\system\CodeIgniter.php(340): CodeIgniter\CodeIgniter->handleRequest(NULL, Object(Config\Cache), false)
#12 C:\xampp\htdocs\simag\public\index.php(67): CodeIgniter\CodeIgniter->run()
#13 C:\xampp\htdocs\simag\vendor\codeigniter4\framework\system\Commands\Server\rewrite.php(46): require_once('C:\\xampp\\htdocs...')
#14 {main}
CRITICAL - 2022-10-29 07:24:25 --> Column 'userId' cannot be null
in SYSTEMPATH\Database\MySQLi\Connection.php on line 292.
 1 SYSTEMPATH\Database\MySQLi\Connection.php(292): mysqli->query('INSERT INTO `aktivitas` (`userId`, `date`, `mulai`, `selesai`, `keterangan`, `status`, `created_at`, `updated_at`) VALUES (NULL, \'2022-10-29\', \'19:24\', \'20:24\', \'tidur\', 0, \'2022-10-29 07:24:25\', \'2022-10-29 07:24:25\')', 0)
 2 SYSTEMPATH\Database\BaseConnection.php(693): CodeIgniter\Database\MySQLi\Connection->execute('INSERT INTO `aktivitas` (`userId`, `date`, `mulai`, `selesai`, `keterangan`, `status`, `created_at`, `updated_at`) VALUES (NULL, \'2022-10-29\', \'19:24\', \'20:24\', \'tidur\', 0, \'2022-10-29 07:24:25\', \'2022-10-29 07:24:25\')')
 3 SYSTEMPATH\Database\BaseConnection.php(620): CodeIgniter\Database\BaseConnection->simpleQuery('INSERT INTO `aktivitas` (`userId`, `date`, `mulai`, `selesai`, `keterangan`, `status`, `created_at`, `updated_at`) VALUES (NULL, \'2022-10-29\', \'19:24\', \'20:24\', \'tidur\', 0, \'2022-10-29 07:24:25\', \'2022-10-29 07:24:25\')')
 4 SYSTEMPATH\Database\BaseBuilder.php(1916): CodeIgniter\Database\BaseConnection->query('INSERT INTO `aktivitas` (`userId`, `date`, `mulai`, `selesai`, `keterangan`, `status`, `created_at`, `updated_at`) VALUES (:userId:, :date:, :mulai:, :selesai:, :keterangan:, :status:, :created_at:, :updated_at:)', [...], false)
 5 SYSTEMPATH\Model.php(279): CodeIgniter\Database\BaseBuilder->insert()
 6 SYSTEMPATH\BaseModel.php(748): CodeIgniter\Model->doInsert([...])
 7 SYSTEMPATH\Model.php(667): CodeIgniter\BaseModel->insert([...], false)
 8 SYSTEMPATH\BaseModel.php(658): CodeIgniter\Model->insert([...], false)
 9 APPPATH\Controllers\Peserta.php(247): CodeIgniter\BaseModel->save([...])
10 SYSTEMPATH\CodeIgniter.php(902): App\Controllers\Peserta->tambahAktivitas()
11 SYSTEMPATH\CodeIgniter.php(457): CodeIgniter\CodeIgniter->runController(Object(App\Controllers\Peserta))
12 SYSTEMPATH\CodeIgniter.php(340): CodeIgniter\CodeIgniter->handleRequest(null, Object(Config\Cache), false)
13 FCPATH\index.php(67): CodeIgniter\CodeIgniter->run()
14 SYSTEMPATH\Commands\Server\rewrite.php(46): require_once('FCPATH\\index.php')
ERROR - 2022-10-29 07:31:49 --> mysqli_sql_exception: Column 'userId' cannot be null in C:\xampp\htdocs\simag\vendor\codeigniter4\framework\system\Database\MySQLi\Connection.php:292
Stack trace:
#0 C:\xampp\htdocs\simag\vendor\codeigniter4\framework\system\Database\MySQLi\Connection.php(292): mysqli->query('INSERT INTO `ak...', 0)
#1 C:\xampp\htdocs\simag\vendor\codeigniter4\framework\system\Database\BaseConnection.php(693): CodeIgniter\Database\MySQLi\Connection->execute('INSERT INTO `ak...')
#2 C:\xampp\htdocs\simag\vendor\codeigniter4\framework\system\Database\BaseConnection.php(620): CodeIgniter\Database\BaseConnection->simpleQuery('INSERT INTO `ak...')
#3 C:\xampp\htdocs\simag\vendor\codeigniter4\framework\system\Database\BaseBuilder.php(1916): CodeIgniter\Database\BaseConnection->query('INSERT INTO `ak...', Array, false)
#4 C:\xampp\htdocs\simag\vendor\codeigniter4\framework\system\Model.php(279): CodeIgniter\Database\BaseBuilder->insert()
#5 C:\xampp\htdocs\simag\vendor\codeigniter4\framework\system\BaseModel.php(748): CodeIgniter\Model->doInsert(Array)
#6 C:\xampp\htdocs\simag\vendor\codeigniter4\framework\system\Model.php(667): CodeIgniter\BaseModel->insert(Array, false)
#7 C:\xampp\htdocs\simag\vendor\codeigniter4\framework\system\BaseModel.php(658): CodeIgniter\Model->insert(Array, false)
#8 C:\xampp\htdocs\simag\app\Controllers\Peserta.php(247): CodeIgniter\BaseModel->save(Array)
#9 C:\xampp\htdocs\simag\vendor\codeigniter4\framework\system\CodeIgniter.php(902): App\Controllers\Peserta->tambahAktivitas()
#10 C:\xampp\htdocs\simag\vendor\codeigniter4\framework\system\CodeIgniter.php(457): CodeIgniter\CodeIgniter->runController(Object(App\Controllers\Peserta))
#11 C:\xampp\htdocs\simag\vendor\codeigniter4\framework\system\CodeIgniter.php(340): CodeIgniter\CodeIgniter->handleRequest(NULL, Object(Config\Cache), false)
#12 C:\xampp\htdocs\simag\public\index.php(67): CodeIgniter\CodeIgniter->run()
#13 C:\xampp\htdocs\simag\vendor\codeigniter4\framework\system\Commands\Server\rewrite.php(46): require_once('C:\\xampp\\htdocs...')
#14 {main}
CRITICAL - 2022-10-29 07:31:49 --> Column 'userId' cannot be null
in SYSTEMPATH\Database\MySQLi\Connection.php on line 292.
 1 SYSTEMPATH\Database\MySQLi\Connection.php(292): mysqli->query('INSERT INTO `aktivitas` (`userId`, `date`, `mulai`, `selesai`, `keterangan`, `status`, `created_at`, `updated_at`) VALUES (NULL, \'2022-10-29\', \'19:24\', \'20:24\', \'tidur\', 0, \'2022-10-29 07:31:49\', \'2022-10-29 07:31:49\')', 0)
 2 SYSTEMPATH\Database\BaseConnection.php(693): CodeIgniter\Database\MySQLi\Connection->execute('INSERT INTO `aktivitas` (`userId`, `date`, `mulai`, `selesai`, `keterangan`, `status`, `created_at`, `updated_at`) VALUES (NULL, \'2022-10-29\', \'19:24\', \'20:24\', \'tidur\', 0, \'2022-10-29 07:31:49\', \'2022-10-29 07:31:49\')')
 3 SYSTEMPATH\Database\BaseConnection.php(620): CodeIgniter\Database\BaseConnection->simpleQuery('INSERT INTO `aktivitas` (`userId`, `date`, `mulai`, `selesai`, `keterangan`, `status`, `created_at`, `updated_at`) VALUES (NULL, \'2022-10-29\', \'19:24\', \'20:24\', \'tidur\', 0, \'2022-10-29 07:31:49\', \'2022-10-29 07:31:49\')')
 4 SYSTEMPATH\Database\BaseBuilder.php(1916): CodeIgniter\Database\BaseConnection->query('INSERT INTO `aktivitas` (`userId`, `date`, `mulai`, `selesai`, `keterangan`, `status`, `created_at`, `updated_at`) VALUES (:userId:, :date:, :mulai:, :selesai:, :keterangan:, :status:, :created_at:, :updated_at:)', [...], false)
 5 SYSTEMPATH\Model.php(279): CodeIgniter\Database\BaseBuilder->insert()
 6 SYSTEMPATH\BaseModel.php(748): CodeIgniter\Model->doInsert([...])
 7 SYSTEMPATH\Model.php(667): CodeIgniter\BaseModel->insert([...], false)
 8 SYSTEMPATH\BaseModel.php(658): CodeIgniter\Model->insert([...], false)
 9 APPPATH\Controllers\Peserta.php(247): CodeIgniter\BaseModel->save([...])
10 SYSTEMPATH\CodeIgniter.php(902): App\Controllers\Peserta->tambahAktivitas()
11 SYSTEMPATH\CodeIgniter.php(457): CodeIgniter\CodeIgniter->runController(Object(App\Controllers\Peserta))
12 SYSTEMPATH\CodeIgniter.php(340): CodeIgniter\CodeIgniter->handleRequest(null, Object(Config\Cache), false)
13 FCPATH\index.php(67): CodeIgniter\CodeIgniter->run()
14 SYSTEMPATH\Commands\Server\rewrite.php(46): require_once('FCPATH\\index.php')
ERROR - 2022-10-29 08:06:07 --> mysqli_sql_exception: Column 'userId' cannot be null in C:\xampp\htdocs\simag\vendor\codeigniter4\framework\system\Database\MySQLi\Connection.php:292
Stack trace:
#0 C:\xampp\htdocs\simag\vendor\codeigniter4\framework\system\Database\MySQLi\Connection.php(292): mysqli->query('INSERT INTO `ak...', 0)
#1 C:\xampp\htdocs\simag\vendor\codeigniter4\framework\system\Database\BaseConnection.php(693): CodeIgniter\Database\MySQLi\Connection->execute('INSERT INTO `ak...')
#2 C:\xampp\htdocs\simag\vendor\codeigniter4\framework\system\Database\BaseConnection.php(620): CodeIgniter\Database\BaseConnection->simpleQuery('INSERT INTO `ak...')
#3 C:\xampp\htdocs\simag\vendor\codeigniter4\framework\system\Database\BaseBuilder.php(1916): CodeIgniter\Database\BaseConnection->query('INSERT INTO `ak...', Array, false)
#4 C:\xampp\htdocs\simag\vendor\codeigniter4\framework\system\Model.php(279): CodeIgniter\Database\BaseBuilder->insert()
#5 C:\xampp\htdocs\simag\vendor\codeigniter4\framework\system\BaseModel.php(748): CodeIgniter\Model->doInsert(Array)
#6 C:\xampp\htdocs\simag\vendor\codeigniter4\framework\system\Model.php(667): CodeIgniter\BaseModel->insert(Array, false)
#7 C:\xampp\htdocs\simag\vendor\codeigniter4\framework\system\BaseModel.php(658): CodeIgniter\Model->insert(Array, false)
#8 C:\xampp\htdocs\simag\app\Controllers\Peserta.php(247): CodeIgniter\BaseModel->save(Array)
#9 C:\xampp\htdocs\simag\vendor\codeigniter4\framework\system\CodeIgniter.php(902): App\Controllers\Peserta->tambahAktivitas()
#10 C:\xampp\htdocs\simag\vendor\codeigniter4\framework\system\CodeIgniter.php(457): CodeIgniter\CodeIgniter->runController(Object(App\Controllers\Peserta))
#11 C:\xampp\htdocs\simag\vendor\codeigniter4\framework\system\CodeIgniter.php(340): CodeIgniter\CodeIgniter->handleRequest(NULL, Object(Config\Cache), false)
#12 C:\xampp\htdocs\simag\public\index.php(67): CodeIgniter\CodeIgniter->run()
#13 C:\xampp\htdocs\simag\vendor\codeigniter4\framework\system\Commands\Server\rewrite.php(46): require_once('C:\\xampp\\htdocs...')
#14 {main}
CRITICAL - 2022-10-29 08:06:07 --> Column 'userId' cannot be null
in SYSTEMPATH\Database\MySQLi\Connection.php on line 292.
 1 SYSTEMPATH\Database\MySQLi\Connection.php(292): mysqli->query('INSERT INTO `aktivitas` (`userId`, `date`, `mulai`, `selesai`, `keterangan`, `status`, `created_at`, `updated_at`) VALUES (NULL, \'2022-10-29\', \'19:24\', \'20:24\', \'tidur\', 0, \'2022-10-29 08:06:07\', \'2022-10-29 08:06:07\')', 0)
 2 SYSTEMPATH\Database\BaseConnection.php(693): CodeIgniter\Database\MySQLi\Connection->execute('INSERT INTO `aktivitas` (`userId`, `date`, `mulai`, `selesai`, `keterangan`, `status`, `created_at`, `updated_at`) VALUES (NULL, \'2022-10-29\', \'19:24\', \'20:24\', \'tidur\', 0, \'2022-10-29 08:06:07\', \'2022-10-29 08:06:07\')')
 3 SYSTEMPATH\Database\BaseConnection.php(620): CodeIgniter\Database\BaseConnection->simpleQuery('INSERT INTO `aktivitas` (`userId`, `date`, `mulai`, `selesai`, `keterangan`, `status`, `created_at`, `updated_at`) VALUES (NULL, \'2022-10-29\', \'19:24\', \'20:24\', \'tidur\', 0, \'2022-10-29 08:06:07\', \'2022-10-29 08:06:07\')')
 4 SYSTEMPATH\Database\BaseBuilder.php(1916): CodeIgniter\Database\BaseConnection->query('INSERT INTO `aktivitas` (`userId`, `date`, `mulai`, `selesai`, `keterangan`, `status`, `created_at`, `updated_at`) VALUES (:userId:, :date:, :mulai:, :selesai:, :keterangan:, :status:, :created_at:, :updated_at:)', [...], false)
 5 SYSTEMPATH\Model.php(279): CodeIgniter\Database\BaseBuilder->insert()
 6 SYSTEMPATH\BaseModel.php(748): CodeIgniter\Model->doInsert([...])
 7 SYSTEMPATH\Model.php(667): CodeIgniter\BaseModel->insert([...], false)
 8 SYSTEMPATH\BaseModel.php(658): CodeIgniter\Model->insert([...], false)
 9 APPPATH\Controllers\Peserta.php(247): CodeIgniter\BaseModel->save([...])
10 SYSTEMPATH\CodeIgniter.php(902): App\Controllers\Peserta->tambahAktivitas()
11 SYSTEMPATH\CodeIgniter.php(457): CodeIgniter\CodeIgniter->runController(Object(App\Controllers\Peserta))
12 SYSTEMPATH\CodeIgniter.php(340): CodeIgniter\CodeIgniter->handleRequest(null, Object(Config\Cache), false)
13 FCPATH\index.php(67): CodeIgniter\CodeIgniter->run()
14 SYSTEMPATH\Commands\Server\rewrite.php(46): require_once('FCPATH\\index.php')
