CRITICAL - 2022-11-17 01:23:22 --> Undefined variable $data
in APPPATH\Views\spadmin\kasubagtu.php on line 32.
 1 APPPATH\Views\spadmin\kasubagtu.php(32): CodeIgniter\Debug\Exceptions->errorHandler(2, 'Undefined variable $data', 'APPPATH\\Views\\spadmin\\kasubagtu.php', 32)
 2 SYSTEMPATH\View\View.php(213): include('APPPATH\\Views\\spadmin\\kasubagtu.php')
 3 SYSTEMPATH\View\View.php(216): CodeIgniter\View\View->CodeIgniter\View\{closure}()
 4 SYSTEMPATH\Common.php(1142): CodeIgniter\View\View->render('spadmin/kasubagtu', [], true)
 5 APPPATH\Controllers\TU.php(104): view('spadmin/kasubagtu')
 6 SYSTEMPATH\CodeIgniter.php(902): App\Controllers\TU->updatekuota('1')
 7 SYSTEMPATH\CodeIgniter.php(457): CodeIgniter\CodeIgniter->runController(Object(App\Controllers\TU))
 8 SYSTEMPATH\CodeIgniter.php(340): CodeIgniter\CodeIgniter->handleRequest(null, Object(Config\Cache), false)
 9 FCPATH\index.php(67): CodeIgniter\CodeIgniter->run()
10 SYSTEMPATH\Commands\Server\rewrite.php(46): require_once('FCPATH\\index.php')
ERROR - 2022-11-17 07:15:59 --> mysqli_sql_exception: Unknown column 'updated_at' in 'field list' in C:\xampp\htdocs\simag\vendor\codeigniter4\framework\system\Database\MySQLi\Connection.php:292
Stack trace:
#0 C:\xampp\htdocs\simag\vendor\codeigniter4\framework\system\Database\MySQLi\Connection.php(292): mysqli->query('INSERT INTO `pe...', 0)
#1 C:\xampp\htdocs\simag\vendor\codeigniter4\framework\system\Database\BaseConnection.php(693): CodeIgniter\Database\MySQLi\Connection->execute('INSERT INTO `pe...')
#2 C:\xampp\htdocs\simag\vendor\codeigniter4\framework\system\Database\BaseConnection.php(620): CodeIgniter\Database\BaseConnection->simpleQuery('INSERT INTO `pe...')
#3 C:\xampp\htdocs\simag\vendor\codeigniter4\framework\system\Database\BaseBuilder.php(1916): CodeIgniter\Database\BaseConnection->query('INSERT INTO `pe...', Array, false)
#4 C:\xampp\htdocs\simag\vendor\codeigniter4\framework\system\Model.php(279): CodeIgniter\Database\BaseBuilder->insert()
#5 C:\xampp\htdocs\simag\vendor\codeigniter4\framework\system\BaseModel.php(748): CodeIgniter\Model->doInsert(Array)
#6 C:\xampp\htdocs\simag\vendor\codeigniter4\framework\system\Model.php(667): CodeIgniter\BaseModel->insert(Array, false)
#7 C:\xampp\htdocs\simag\vendor\codeigniter4\framework\system\BaseModel.php(658): CodeIgniter\Model->insert(Array, false)
#8 C:\xampp\htdocs\simag\app\Controllers\TU.php(174): CodeIgniter\BaseModel->save(Array)
#9 C:\xampp\htdocs\simag\vendor\codeigniter4\framework\system\CodeIgniter.php(902): App\Controllers\TU->ajukan()
#10 C:\xampp\htdocs\simag\vendor\codeigniter4\framework\system\CodeIgniter.php(457): CodeIgniter\CodeIgniter->runController(Object(App\Controllers\TU))
#11 C:\xampp\htdocs\simag\vendor\codeigniter4\framework\system\CodeIgniter.php(340): CodeIgniter\CodeIgniter->handleRequest(NULL, Object(Config\Cache), false)
#12 C:\xampp\htdocs\simag\public\index.php(67): CodeIgniter\CodeIgniter->run()
#13 C:\xampp\htdocs\simag\vendor\codeigniter4\framework\system\Commands\Server\rewrite.php(46): require_once('C:\\xampp\\htdocs...')
#14 {main}
CRITICAL - 2022-11-17 07:15:59 --> Unknown column 'updated_at' in 'field list'
in SYSTEMPATH\Database\MySQLi\Connection.php on line 292.
 1 SYSTEMPATH\Database\MySQLi\Connection.php(292): mysqli->query('INSERT INTO `pengajuan` (`nama`, `jenisKelamin`, `tglLahir`, `email`, `role`, `status`, `created_at`, `updated_at`) VALUES (\'icak\', \'1\', \'2022-11-17\', \'vrizchaulia182@gmail.com\', 3, 0, \'2022-11-17 07:15:59\', \'2022-11-17 07:15:59\')', 0)
 2 SYSTEMPATH\Database\BaseConnection.php(693): CodeIgniter\Database\MySQLi\Connection->execute('INSERT INTO `pengajuan` (`nama`, `jenisKelamin`, `tglLahir`, `email`, `role`, `status`, `created_at`, `updated_at`) VALUES (\'icak\', \'1\', \'2022-11-17\', \'vrizchaulia182@gmail.com\', 3, 0, \'2022-11-17 07:15:59\', \'2022-11-17 07:15:59\')')
 3 SYSTEMPATH\Database\BaseConnection.php(620): CodeIgniter\Database\BaseConnection->simpleQuery('INSERT INTO `pengajuan` (`nama`, `jenisKelamin`, `tglLahir`, `email`, `role`, `status`, `created_at`, `updated_at`) VALUES (\'icak\', \'1\', \'2022-11-17\', \'vrizchaulia182@gmail.com\', 3, 0, \'2022-11-17 07:15:59\', \'2022-11-17 07:15:59\')')
 4 SYSTEMPATH\Database\BaseBuilder.php(1916): CodeIgniter\Database\BaseConnection->query('INSERT INTO `pengajuan` (`nama`, `jenisKelamin`, `tglLahir`, `email`, `role`, `status`, `created_at`, `updated_at`) VALUES (:nama:, :jenisKelamin:, :tglLahir:, :email:, :role:, :status:, :created_at:, :updated_at:)', [...], false)
 5 SYSTEMPATH\Model.php(279): CodeIgniter\Database\BaseBuilder->insert()
 6 SYSTEMPATH\BaseModel.php(748): CodeIgniter\Model->doInsert([...])
 7 SYSTEMPATH\Model.php(667): CodeIgniter\BaseModel->insert([...], false)
 8 SYSTEMPATH\BaseModel.php(658): CodeIgniter\Model->insert([...], false)
 9 APPPATH\Controllers\TU.php(174): CodeIgniter\BaseModel->save([...])
10 SYSTEMPATH\CodeIgniter.php(902): App\Controllers\TU->ajukan()
11 SYSTEMPATH\CodeIgniter.php(457): CodeIgniter\CodeIgniter->runController(Object(App\Controllers\TU))
12 SYSTEMPATH\CodeIgniter.php(340): CodeIgniter\CodeIgniter->handleRequest(null, Object(Config\Cache), false)
13 FCPATH\index.php(67): CodeIgniter\CodeIgniter->run()
14 SYSTEMPATH\Commands\Server\rewrite.php(46): require_once('FCPATH\\index.php')
ERROR - 2022-11-17 07:17:06 --> mysqli_sql_exception: Cannot add or update a child row: a foreign key constraint fails (`simag`.`pengajuan`, CONSTRAINT `pengajuan_ibfk_1` FOREIGN KEY (`iduser`) REFERENCES `user` (`id`)) in C:\xampp\htdocs\simag\vendor\codeigniter4\framework\system\Database\MySQLi\Connection.php:292
Stack trace:
#0 C:\xampp\htdocs\simag\vendor\codeigniter4\framework\system\Database\MySQLi\Connection.php(292): mysqli->query('INSERT INTO `pe...', 0)
#1 C:\xampp\htdocs\simag\vendor\codeigniter4\framework\system\Database\BaseConnection.php(693): CodeIgniter\Database\MySQLi\Connection->execute('INSERT INTO `pe...')
#2 C:\xampp\htdocs\simag\vendor\codeigniter4\framework\system\Database\BaseConnection.php(620): CodeIgniter\Database\BaseConnection->simpleQuery('INSERT INTO `pe...')
#3 C:\xampp\htdocs\simag\vendor\codeigniter4\framework\system\Database\BaseBuilder.php(1916): CodeIgniter\Database\BaseConnection->query('INSERT INTO `pe...', Array, false)
#4 C:\xampp\htdocs\simag\vendor\codeigniter4\framework\system\Model.php(279): CodeIgniter\Database\BaseBuilder->insert()
#5 C:\xampp\htdocs\simag\vendor\codeigniter4\framework\system\BaseModel.php(748): CodeIgniter\Model->doInsert(Array)
#6 C:\xampp\htdocs\simag\vendor\codeigniter4\framework\system\Model.php(667): CodeIgniter\BaseModel->insert(Array, false)
#7 C:\xampp\htdocs\simag\vendor\codeigniter4\framework\system\BaseModel.php(658): CodeIgniter\Model->insert(Array, false)
#8 C:\xampp\htdocs\simag\app\Controllers\TU.php(174): CodeIgniter\BaseModel->save(Array)
#9 C:\xampp\htdocs\simag\vendor\codeigniter4\framework\system\CodeIgniter.php(902): App\Controllers\TU->ajukan()
#10 C:\xampp\htdocs\simag\vendor\codeigniter4\framework\system\CodeIgniter.php(457): CodeIgniter\CodeIgniter->runController(Object(App\Controllers\TU))
#11 C:\xampp\htdocs\simag\vendor\codeigniter4\framework\system\CodeIgniter.php(340): CodeIgniter\CodeIgniter->handleRequest(NULL, Object(Config\Cache), false)
#12 C:\xampp\htdocs\simag\public\index.php(67): CodeIgniter\CodeIgniter->run()
#13 C:\xampp\htdocs\simag\vendor\codeigniter4\framework\system\Commands\Server\rewrite.php(46): require_once('C:\\xampp\\htdocs...')
#14 {main}
CRITICAL - 2022-11-17 07:17:06 --> Cannot add or update a child row: a foreign key constraint fails (`simag`.`pengajuan`, CONSTRAINT `pengajuan_ibfk_1` FOREIGN KEY (`iduser`) REFERENCES `user` (`id`))
in SYSTEMPATH\Database\MySQLi\Connection.php on line 292.
 1 SYSTEMPATH\Database\MySQLi\Connection.php(292): mysqli->query('INSERT INTO `pengajuan` (`nama`, `jenisKelamin`, `tglLahir`, `email`, `role`, `status`, `created_at`, `updated_at`) VALUES (\'icak\', \'1\', \'2022-11-17\', \'vrizchaulia182@gmail.com\', 3, 0, \'2022-11-17 07:17:06\', \'2022-11-17 07:17:06\')', 0)
 2 SYSTEMPATH\Database\BaseConnection.php(693): CodeIgniter\Database\MySQLi\Connection->execute('INSERT INTO `pengajuan` (`nama`, `jenisKelamin`, `tglLahir`, `email`, `role`, `status`, `created_at`, `updated_at`) VALUES (\'icak\', \'1\', \'2022-11-17\', \'vrizchaulia182@gmail.com\', 3, 0, \'2022-11-17 07:17:06\', \'2022-11-17 07:17:06\')')
 3 SYSTEMPATH\Database\BaseConnection.php(620): CodeIgniter\Database\BaseConnection->simpleQuery('INSERT INTO `pengajuan` (`nama`, `jenisKelamin`, `tglLahir`, `email`, `role`, `status`, `created_at`, `updated_at`) VALUES (\'icak\', \'1\', \'2022-11-17\', \'vrizchaulia182@gmail.com\', 3, 0, \'2022-11-17 07:17:06\', \'2022-11-17 07:17:06\')')
 4 SYSTEMPATH\Database\BaseBuilder.php(1916): CodeIgniter\Database\BaseConnection->query('INSERT INTO `pengajuan` (`nama`, `jenisKelamin`, `tglLahir`, `email`, `role`, `status`, `created_at`, `updated_at`) VALUES (:nama:, :jenisKelamin:, :tglLahir:, :email:, :role:, :status:, :created_at:, :updated_at:)', [...], false)
 5 SYSTEMPATH\Model.php(279): CodeIgniter\Database\BaseBuilder->insert()
 6 SYSTEMPATH\BaseModel.php(748): CodeIgniter\Model->doInsert([...])
 7 SYSTEMPATH\Model.php(667): CodeIgniter\BaseModel->insert([...], false)
 8 SYSTEMPATH\BaseModel.php(658): CodeIgniter\Model->insert([...], false)
 9 APPPATH\Controllers\TU.php(174): CodeIgniter\BaseModel->save([...])
10 SYSTEMPATH\CodeIgniter.php(902): App\Controllers\TU->ajukan()
11 SYSTEMPATH\CodeIgniter.php(457): CodeIgniter\CodeIgniter->runController(Object(App\Controllers\TU))
12 SYSTEMPATH\CodeIgniter.php(340): CodeIgniter\CodeIgniter->handleRequest(null, Object(Config\Cache), false)
13 FCPATH\index.php(67): CodeIgniter\CodeIgniter->run()
14 SYSTEMPATH\Commands\Server\rewrite.php(46): require_once('FCPATH\\index.php')
ERROR - 2022-11-17 07:20:35 --> mysqli_sql_exception: Cannot add or update a child row: a foreign key constraint fails (`simag`.`pengajuan`, CONSTRAINT `pengajuan_ibfk_1` FOREIGN KEY (`iduser`) REFERENCES `user` (`id`)) in C:\xampp\htdocs\simag\vendor\codeigniter4\framework\system\Database\MySQLi\Connection.php:292
Stack trace:
#0 C:\xampp\htdocs\simag\vendor\codeigniter4\framework\system\Database\MySQLi\Connection.php(292): mysqli->query('INSERT INTO `pe...', 0)
#1 C:\xampp\htdocs\simag\vendor\codeigniter4\framework\system\Database\BaseConnection.php(693): CodeIgniter\Database\MySQLi\Connection->execute('INSERT INTO `pe...')
#2 C:\xampp\htdocs\simag\vendor\codeigniter4\framework\system\Database\BaseConnection.php(620): CodeIgniter\Database\BaseConnection->simpleQuery('INSERT INTO `pe...')
#3 C:\xampp\htdocs\simag\vendor\codeigniter4\framework\system\Database\BaseBuilder.php(1916): CodeIgniter\Database\BaseConnection->query('INSERT INTO `pe...', Array, false)
#4 C:\xampp\htdocs\simag\vendor\codeigniter4\framework\system\Model.php(279): CodeIgniter\Database\BaseBuilder->insert()
#5 C:\xampp\htdocs\simag\vendor\codeigniter4\framework\system\BaseModel.php(748): CodeIgniter\Model->doInsert(Array)
#6 C:\xampp\htdocs\simag\vendor\codeigniter4\framework\system\Model.php(667): CodeIgniter\BaseModel->insert(Array, false)
#7 C:\xampp\htdocs\simag\vendor\codeigniter4\framework\system\BaseModel.php(658): CodeIgniter\Model->insert(Array, false)
#8 C:\xampp\htdocs\simag\app\Controllers\TU.php(174): CodeIgniter\BaseModel->save(Array)
#9 C:\xampp\htdocs\simag\vendor\codeigniter4\framework\system\CodeIgniter.php(902): App\Controllers\TU->ajukan()
#10 C:\xampp\htdocs\simag\vendor\codeigniter4\framework\system\CodeIgniter.php(457): CodeIgniter\CodeIgniter->runController(Object(App\Controllers\TU))
#11 C:\xampp\htdocs\simag\vendor\codeigniter4\framework\system\CodeIgniter.php(340): CodeIgniter\CodeIgniter->handleRequest(NULL, Object(Config\Cache), false)
#12 C:\xampp\htdocs\simag\public\index.php(67): CodeIgniter\CodeIgniter->run()
#13 C:\xampp\htdocs\simag\vendor\codeigniter4\framework\system\Commands\Server\rewrite.php(46): require_once('C:\\xampp\\htdocs...')
#14 {main}
CRITICAL - 2022-11-17 07:20:35 --> Cannot add or update a child row: a foreign key constraint fails (`simag`.`pengajuan`, CONSTRAINT `pengajuan_ibfk_1` FOREIGN KEY (`iduser`) REFERENCES `user` (`id`))
in SYSTEMPATH\Database\MySQLi\Connection.php on line 292.
 1 SYSTEMPATH\Database\MySQLi\Connection.php(292): mysqli->query('INSERT INTO `pengajuan` (`nama`, `jenisKelamin`, `tglLahir`, `email`, `role`, `status`, `created_at`, `updated_at`) VALUES (\'icak\', \'1\', \'2022-11-17\', \'vrizchaulia182@gmail.com\', 3, 0, \'2022-11-17 07:20:35\', \'2022-11-17 07:20:35\')', 0)
 2 SYSTEMPATH\Database\BaseConnection.php(693): CodeIgniter\Database\MySQLi\Connection->execute('INSERT INTO `pengajuan` (`nama`, `jenisKelamin`, `tglLahir`, `email`, `role`, `status`, `created_at`, `updated_at`) VALUES (\'icak\', \'1\', \'2022-11-17\', \'vrizchaulia182@gmail.com\', 3, 0, \'2022-11-17 07:20:35\', \'2022-11-17 07:20:35\')')
 3 SYSTEMPATH\Database\BaseConnection.php(620): CodeIgniter\Database\BaseConnection->simpleQuery('INSERT INTO `pengajuan` (`nama`, `jenisKelamin`, `tglLahir`, `email`, `role`, `status`, `created_at`, `updated_at`) VALUES (\'icak\', \'1\', \'2022-11-17\', \'vrizchaulia182@gmail.com\', 3, 0, \'2022-11-17 07:20:35\', \'2022-11-17 07:20:35\')')
 4 SYSTEMPATH\Database\BaseBuilder.php(1916): CodeIgniter\Database\BaseConnection->query('INSERT INTO `pengajuan` (`nama`, `jenisKelamin`, `tglLahir`, `email`, `role`, `status`, `created_at`, `updated_at`) VALUES (:nama:, :jenisKelamin:, :tglLahir:, :email:, :role:, :status:, :created_at:, :updated_at:)', [...], false)
 5 SYSTEMPATH\Model.php(279): CodeIgniter\Database\BaseBuilder->insert()
 6 SYSTEMPATH\BaseModel.php(748): CodeIgniter\Model->doInsert([...])
 7 SYSTEMPATH\Model.php(667): CodeIgniter\BaseModel->insert([...], false)
 8 SYSTEMPATH\BaseModel.php(658): CodeIgniter\Model->insert([...], false)
 9 APPPATH\Controllers\TU.php(174): CodeIgniter\BaseModel->save([...])
10 SYSTEMPATH\CodeIgniter.php(902): App\Controllers\TU->ajukan()
11 SYSTEMPATH\CodeIgniter.php(457): CodeIgniter\CodeIgniter->runController(Object(App\Controllers\TU))
12 SYSTEMPATH\CodeIgniter.php(340): CodeIgniter\CodeIgniter->handleRequest(null, Object(Config\Cache), false)
13 FCPATH\index.php(67): CodeIgniter\CodeIgniter->run()
14 SYSTEMPATH\Commands\Server\rewrite.php(46): require_once('FCPATH\\index.php')
ERROR - 2022-11-17 07:20:55 --> mysqli_sql_exception: Cannot add or update a child row: a foreign key constraint fails (`simag`.`info_peserta`, CONSTRAINT `info_peserta_ibfk_1` FOREIGN KEY (`userId`) REFERENCES `user` (`id`) ON DELETE CASCADE ON UPDATE CASCADE) in C:\xampp\htdocs\simag\vendor\codeigniter4\framework\system\Database\MySQLi\Connection.php:292
Stack trace:
#0 C:\xampp\htdocs\simag\vendor\codeigniter4\framework\system\Database\MySQLi\Connection.php(292): mysqli->query('INSERT INTO `in...', 0)
#1 C:\xampp\htdocs\simag\vendor\codeigniter4\framework\system\Database\BaseConnection.php(693): CodeIgniter\Database\MySQLi\Connection->execute('INSERT INTO `in...')
#2 C:\xampp\htdocs\simag\vendor\codeigniter4\framework\system\Database\BaseConnection.php(620): CodeIgniter\Database\BaseConnection->simpleQuery('INSERT INTO `in...')
#3 C:\xampp\htdocs\simag\vendor\codeigniter4\framework\system\Database\BaseBuilder.php(1916): CodeIgniter\Database\BaseConnection->query('INSERT INTO `in...', Array, false)
#4 C:\xampp\htdocs\simag\vendor\codeigniter4\framework\system\Model.php(279): CodeIgniter\Database\BaseBuilder->insert()
#5 C:\xampp\htdocs\simag\vendor\codeigniter4\framework\system\BaseModel.php(748): CodeIgniter\Model->doInsert(Array)
#6 C:\xampp\htdocs\simag\vendor\codeigniter4\framework\system\Model.php(667): CodeIgniter\BaseModel->insert(Array, false)
#7 C:\xampp\htdocs\simag\vendor\codeigniter4\framework\system\BaseModel.php(658): CodeIgniter\Model->insert(Array, false)
#8 C:\xampp\htdocs\simag\app\Controllers\TU.php(194): CodeIgniter\BaseModel->save(Array)
#9 C:\xampp\htdocs\simag\vendor\codeigniter4\framework\system\CodeIgniter.php(902): App\Controllers\TU->ajukan()
#10 C:\xampp\htdocs\simag\vendor\codeigniter4\framework\system\CodeIgniter.php(457): CodeIgniter\CodeIgniter->runController(Object(App\Controllers\TU))
#11 C:\xampp\htdocs\simag\vendor\codeigniter4\framework\system\CodeIgniter.php(340): CodeIgniter\CodeIgniter->handleRequest(NULL, Object(Config\Cache), false)
#12 C:\xampp\htdocs\simag\public\index.php(67): CodeIgniter\CodeIgniter->run()
#13 C:\xampp\htdocs\simag\vendor\codeigniter4\framework\system\Commands\Server\rewrite.php(46): require_once('C:\\xampp\\htdocs...')
#14 {main}
CRITICAL - 2022-11-17 07:20:55 --> Cannot add or update a child row: a foreign key constraint fails (`simag`.`info_peserta`, CONSTRAINT `info_peserta_ibfk_1` FOREIGN KEY (`userId`) REFERENCES `user` (`id`) ON DELETE CASCADE ON UPDATE CASCADE)
in SYSTEMPATH\Database\MySQLi\Connection.php on line 292.
 1 SYSTEMPATH\Database\MySQLi\Connection.php(292): mysqli->query('INSERT INTO `info_peserta` (`instansi`, `startDate`, `endDate`, `pengantar`, `proposal`, `created_at`, `updated_at`) VALUES (\'polihe\', \'2022-11-17\', \'2022-11-28\', \'/assets/dokumen pengantar/3/LINK PRODUK & DESKRIPSI.pdf\', \'/assets/dokumen proposal/3/LINK PRODUK & DESKRIPSI.pdf\', \'2022-11-17 07:20:55\', \'2022-11-17 07:20:55\')', 0)
 2 SYSTEMPATH\Database\BaseConnection.php(693): CodeIgniter\Database\MySQLi\Connection->execute('INSERT INTO `info_peserta` (`instansi`, `startDate`, `endDate`, `pengantar`, `proposal`, `created_at`, `updated_at`) VALUES (\'polihe\', \'2022-11-17\', \'2022-11-28\', \'/assets/dokumen pengantar/3/LINK PRODUK & DESKRIPSI.pdf\', \'/assets/dokumen proposal/3/LINK PRODUK & DESKRIPSI.pdf\', \'2022-11-17 07:20:55\', \'2022-11-17 07:20:55\')')
 3 SYSTEMPATH\Database\BaseConnection.php(620): CodeIgniter\Database\BaseConnection->simpleQuery('INSERT INTO `info_peserta` (`instansi`, `startDate`, `endDate`, `pengantar`, `proposal`, `created_at`, `updated_at`) VALUES (\'polihe\', \'2022-11-17\', \'2022-11-28\', \'/assets/dokumen pengantar/3/LINK PRODUK & DESKRIPSI.pdf\', \'/assets/dokumen proposal/3/LINK PRODUK & DESKRIPSI.pdf\', \'2022-11-17 07:20:55\', \'2022-11-17 07:20:55\')')
 4 SYSTEMPATH\Database\BaseBuilder.php(1916): CodeIgniter\Database\BaseConnection->query('INSERT INTO `info_peserta` (`instansi`, `startDate`, `endDate`, `pengantar`, `proposal`, `created_at`, `updated_at`) VALUES (:instansi:, :startDate:, :endDate:, :pengantar:, :proposal:, :created_at:, :updated_at:)', [...], false)
 5 SYSTEMPATH\Model.php(279): CodeIgniter\Database\BaseBuilder->insert()
 6 SYSTEMPATH\BaseModel.php(748): CodeIgniter\Model->doInsert([...])
 7 SYSTEMPATH\Model.php(667): CodeIgniter\BaseModel->insert([...], false)
 8 SYSTEMPATH\BaseModel.php(658): CodeIgniter\Model->insert([...], false)
 9 APPPATH\Controllers\TU.php(194): CodeIgniter\BaseModel->save([...])
10 SYSTEMPATH\CodeIgniter.php(902): App\Controllers\TU->ajukan()
11 SYSTEMPATH\CodeIgniter.php(457): CodeIgniter\CodeIgniter->runController(Object(App\Controllers\TU))
12 SYSTEMPATH\CodeIgniter.php(340): CodeIgniter\CodeIgniter->handleRequest(null, Object(Config\Cache), false)
13 FCPATH\index.php(67): CodeIgniter\CodeIgniter->run()
14 SYSTEMPATH\Commands\Server\rewrite.php(46): require_once('FCPATH\\index.php')
ERROR - 2022-11-17 07:24:14 --> mysqli_sql_exception: Cannot add or update a child row: a foreign key constraint fails (`simag`.`info_peserta`, CONSTRAINT `info_peserta_ibfk_1` FOREIGN KEY (`userId`) REFERENCES `user` (`id`) ON DELETE CASCADE ON UPDATE CASCADE) in C:\xampp\htdocs\simag\vendor\codeigniter4\framework\system\Database\MySQLi\Connection.php:292
Stack trace:
#0 C:\xampp\htdocs\simag\vendor\codeigniter4\framework\system\Database\MySQLi\Connection.php(292): mysqli->query('INSERT INTO `in...', 0)
#1 C:\xampp\htdocs\simag\vendor\codeigniter4\framework\system\Database\BaseConnection.php(693): CodeIgniter\Database\MySQLi\Connection->execute('INSERT INTO `in...')
#2 C:\xampp\htdocs\simag\vendor\codeigniter4\framework\system\Database\BaseConnection.php(620): CodeIgniter\Database\BaseConnection->simpleQuery('INSERT INTO `in...')
#3 C:\xampp\htdocs\simag\vendor\codeigniter4\framework\system\Database\BaseBuilder.php(1916): CodeIgniter\Database\BaseConnection->query('INSERT INTO `in...', Array, false)
#4 C:\xampp\htdocs\simag\vendor\codeigniter4\framework\system\Model.php(279): CodeIgniter\Database\BaseBuilder->insert()
#5 C:\xampp\htdocs\simag\vendor\codeigniter4\framework\system\BaseModel.php(748): CodeIgniter\Model->doInsert(Array)
#6 C:\xampp\htdocs\simag\vendor\codeigniter4\framework\system\Model.php(667): CodeIgniter\BaseModel->insert(Array, false)
#7 C:\xampp\htdocs\simag\vendor\codeigniter4\framework\system\BaseModel.php(658): CodeIgniter\Model->insert(Array, false)
#8 C:\xampp\htdocs\simag\app\Controllers\TU.php(195): CodeIgniter\BaseModel->save(Array)
#9 C:\xampp\htdocs\simag\vendor\codeigniter4\framework\system\CodeIgniter.php(902): App\Controllers\TU->ajukan()
#10 C:\xampp\htdocs\simag\vendor\codeigniter4\framework\system\CodeIgniter.php(457): CodeIgniter\CodeIgniter->runController(Object(App\Controllers\TU))
#11 C:\xampp\htdocs\simag\vendor\codeigniter4\framework\system\CodeIgniter.php(340): CodeIgniter\CodeIgniter->handleRequest(NULL, Object(Config\Cache), false)
#12 C:\xampp\htdocs\simag\public\index.php(67): CodeIgniter\CodeIgniter->run()
#13 C:\xampp\htdocs\simag\vendor\codeigniter4\framework\system\Commands\Server\rewrite.php(46): require_once('C:\\xampp\\htdocs...')
#14 {main}
CRITICAL - 2022-11-17 07:24:14 --> Cannot add or update a child row: a foreign key constraint fails (`simag`.`info_peserta`, CONSTRAINT `info_peserta_ibfk_1` FOREIGN KEY (`userId`) REFERENCES `user` (`id`) ON DELETE CASCADE ON UPDATE CASCADE)
in SYSTEMPATH\Database\MySQLi\Connection.php on line 292.
 1 SYSTEMPATH\Database\MySQLi\Connection.php(292): mysqli->query('INSERT INTO `info_peserta` (`instansi`, `startDate`, `endDate`, `pengantar`, `proposal`, `created_at`, `updated_at`) VALUES (\'polihe\', \'2022-11-17\', \'2022-11-28\', \'/assets/dokumen pengantar/4/LINK PRODUK & DESKRIPSI.pdf\', \'/assets/dokumen proposal/4/LINK PRODUK & DESKRIPSI.pdf\', \'2022-11-17 07:24:14\', \'2022-11-17 07:24:14\')', 0)
 2 SYSTEMPATH\Database\BaseConnection.php(693): CodeIgniter\Database\MySQLi\Connection->execute('INSERT INTO `info_peserta` (`instansi`, `startDate`, `endDate`, `pengantar`, `proposal`, `created_at`, `updated_at`) VALUES (\'polihe\', \'2022-11-17\', \'2022-11-28\', \'/assets/dokumen pengantar/4/LINK PRODUK & DESKRIPSI.pdf\', \'/assets/dokumen proposal/4/LINK PRODUK & DESKRIPSI.pdf\', \'2022-11-17 07:24:14\', \'2022-11-17 07:24:14\')')
 3 SYSTEMPATH\Database\BaseConnection.php(620): CodeIgniter\Database\BaseConnection->simpleQuery('INSERT INTO `info_peserta` (`instansi`, `startDate`, `endDate`, `pengantar`, `proposal`, `created_at`, `updated_at`) VALUES (\'polihe\', \'2022-11-17\', \'2022-11-28\', \'/assets/dokumen pengantar/4/LINK PRODUK & DESKRIPSI.pdf\', \'/assets/dokumen proposal/4/LINK PRODUK & DESKRIPSI.pdf\', \'2022-11-17 07:24:14\', \'2022-11-17 07:24:14\')')
 4 SYSTEMPATH\Database\BaseBuilder.php(1916): CodeIgniter\Database\BaseConnection->query('INSERT INTO `info_peserta` (`instansi`, `startDate`, `endDate`, `pengantar`, `proposal`, `created_at`, `updated_at`) VALUES (:instansi:, :startDate:, :endDate:, :pengantar:, :proposal:, :created_at:, :updated_at:)', [...], false)
 5 SYSTEMPATH\Model.php(279): CodeIgniter\Database\BaseBuilder->insert()
 6 SYSTEMPATH\BaseModel.php(748): CodeIgniter\Model->doInsert([...])
 7 SYSTEMPATH\Model.php(667): CodeIgniter\BaseModel->insert([...], false)
 8 SYSTEMPATH\BaseModel.php(658): CodeIgniter\Model->insert([...], false)
 9 APPPATH\Controllers\TU.php(195): CodeIgniter\BaseModel->save([...])
10 SYSTEMPATH\CodeIgniter.php(902): App\Controllers\TU->ajukan()
11 SYSTEMPATH\CodeIgniter.php(457): CodeIgniter\CodeIgniter->runController(Object(App\Controllers\TU))
12 SYSTEMPATH\CodeIgniter.php(340): CodeIgniter\CodeIgniter->handleRequest(null, Object(Config\Cache), false)
13 FCPATH\index.php(67): CodeIgniter\CodeIgniter->run()
14 SYSTEMPATH\Commands\Server\rewrite.php(46): require_once('FCPATH\\index.php')
ERROR - 2022-11-17 07:26:04 --> mysqli_sql_exception: Cannot add or update a child row: a foreign key constraint fails (`simag`.`info_peserta`, CONSTRAINT `info_peserta_ibfk_1` FOREIGN KEY (`userId`) REFERENCES `user` (`id`) ON DELETE CASCADE ON UPDATE CASCADE) in C:\xampp\htdocs\simag\vendor\codeigniter4\framework\system\Database\MySQLi\Connection.php:292
Stack trace:
#0 C:\xampp\htdocs\simag\vendor\codeigniter4\framework\system\Database\MySQLi\Connection.php(292): mysqli->query('INSERT INTO `in...', 0)
#1 C:\xampp\htdocs\simag\vendor\codeigniter4\framework\system\Database\BaseConnection.php(693): CodeIgniter\Database\MySQLi\Connection->execute('INSERT INTO `in...')
#2 C:\xampp\htdocs\simag\vendor\codeigniter4\framework\system\Database\BaseConnection.php(620): CodeIgniter\Database\BaseConnection->simpleQuery('INSERT INTO `in...')
#3 C:\xampp\htdocs\simag\vendor\codeigniter4\framework\system\Database\BaseBuilder.php(1916): CodeIgniter\Database\BaseConnection->query('INSERT INTO `in...', Array, false)
#4 C:\xampp\htdocs\simag\vendor\codeigniter4\framework\system\Model.php(279): CodeIgniter\Database\BaseBuilder->insert()
#5 C:\xampp\htdocs\simag\vendor\codeigniter4\framework\system\BaseModel.php(748): CodeIgniter\Model->doInsert(Array)
#6 C:\xampp\htdocs\simag\vendor\codeigniter4\framework\system\Model.php(667): CodeIgniter\BaseModel->insert(Array, false)
#7 C:\xampp\htdocs\simag\vendor\codeigniter4\framework\system\BaseModel.php(658): CodeIgniter\Model->insert(Array, false)
#8 C:\xampp\htdocs\simag\app\Controllers\TU.php(195): CodeIgniter\BaseModel->save(Array)
#9 C:\xampp\htdocs\simag\vendor\codeigniter4\framework\system\CodeIgniter.php(902): App\Controllers\TU->ajukan()
#10 C:\xampp\htdocs\simag\vendor\codeigniter4\framework\system\CodeIgniter.php(457): CodeIgniter\CodeIgniter->runController(Object(App\Controllers\TU))
#11 C:\xampp\htdocs\simag\vendor\codeigniter4\framework\system\CodeIgniter.php(340): CodeIgniter\CodeIgniter->handleRequest(NULL, Object(Config\Cache), false)
#12 C:\xampp\htdocs\simag\public\index.php(67): CodeIgniter\CodeIgniter->run()
#13 C:\xampp\htdocs\simag\vendor\codeigniter4\framework\system\Commands\Server\rewrite.php(46): require_once('C:\\xampp\\htdocs...')
#14 {main}
CRITICAL - 2022-11-17 07:26:04 --> Cannot add or update a child row: a foreign key constraint fails (`simag`.`info_peserta`, CONSTRAINT `info_peserta_ibfk_1` FOREIGN KEY (`userId`) REFERENCES `user` (`id`) ON DELETE CASCADE ON UPDATE CASCADE)
in SYSTEMPATH\Database\MySQLi\Connection.php on line 292.
 1 SYSTEMPATH\Database\MySQLi\Connection.php(292): mysqli->query('INSERT INTO `info_peserta` (`instansi`, `startDate`, `endDate`, `pengantar`, `proposal`, `created_at`, `updated_at`) VALUES (\'polihe\', \'2022-11-17\', \'2022-11-28\', \'/assets/dokumen pengantar/5/LINK PRODUK & DESKRIPSI.pdf\', \'/assets/dokumen proposal/5/LINK PRODUK & DESKRIPSI.pdf\', \'2022-11-17 07:26:04\', \'2022-11-17 07:26:04\')', 0)
 2 SYSTEMPATH\Database\BaseConnection.php(693): CodeIgniter\Database\MySQLi\Connection->execute('INSERT INTO `info_peserta` (`instansi`, `startDate`, `endDate`, `pengantar`, `proposal`, `created_at`, `updated_at`) VALUES (\'polihe\', \'2022-11-17\', \'2022-11-28\', \'/assets/dokumen pengantar/5/LINK PRODUK & DESKRIPSI.pdf\', \'/assets/dokumen proposal/5/LINK PRODUK & DESKRIPSI.pdf\', \'2022-11-17 07:26:04\', \'2022-11-17 07:26:04\')')
 3 SYSTEMPATH\Database\BaseConnection.php(620): CodeIgniter\Database\BaseConnection->simpleQuery('INSERT INTO `info_peserta` (`instansi`, `startDate`, `endDate`, `pengantar`, `proposal`, `created_at`, `updated_at`) VALUES (\'polihe\', \'2022-11-17\', \'2022-11-28\', \'/assets/dokumen pengantar/5/LINK PRODUK & DESKRIPSI.pdf\', \'/assets/dokumen proposal/5/LINK PRODUK & DESKRIPSI.pdf\', \'2022-11-17 07:26:04\', \'2022-11-17 07:26:04\')')
 4 SYSTEMPATH\Database\BaseBuilder.php(1916): CodeIgniter\Database\BaseConnection->query('INSERT INTO `info_peserta` (`instansi`, `startDate`, `endDate`, `pengantar`, `proposal`, `created_at`, `updated_at`) VALUES (:instansi:, :startDate:, :endDate:, :pengantar:, :proposal:, :created_at:, :updated_at:)', [...], false)
 5 SYSTEMPATH\Model.php(279): CodeIgniter\Database\BaseBuilder->insert()
 6 SYSTEMPATH\BaseModel.php(748): CodeIgniter\Model->doInsert([...])
 7 SYSTEMPATH\Model.php(667): CodeIgniter\BaseModel->insert([...], false)
 8 SYSTEMPATH\BaseModel.php(658): CodeIgniter\Model->insert([...], false)
 9 APPPATH\Controllers\TU.php(195): CodeIgniter\BaseModel->save([...])
10 SYSTEMPATH\CodeIgniter.php(902): App\Controllers\TU->ajukan()
11 SYSTEMPATH\CodeIgniter.php(457): CodeIgniter\CodeIgniter->runController(Object(App\Controllers\TU))
12 SYSTEMPATH\CodeIgniter.php(340): CodeIgniter\CodeIgniter->handleRequest(null, Object(Config\Cache), false)
13 FCPATH\index.php(67): CodeIgniter\CodeIgniter->run()
14 SYSTEMPATH\Commands\Server\rewrite.php(46): require_once('FCPATH\\index.php')
ERROR - 2022-11-17 07:27:07 --> mysqli_sql_exception: Cannot add or update a child row: a foreign key constraint fails (`simag`.`info_peserta`, CONSTRAINT `info_peserta_ibfk_1` FOREIGN KEY (`userId`) REFERENCES `user` (`id`) ON DELETE CASCADE ON UPDATE CASCADE) in C:\xampp\htdocs\simag\vendor\codeigniter4\framework\system\Database\MySQLi\Connection.php:292
Stack trace:
#0 C:\xampp\htdocs\simag\vendor\codeigniter4\framework\system\Database\MySQLi\Connection.php(292): mysqli->query('INSERT INTO `in...', 0)
#1 C:\xampp\htdocs\simag\vendor\codeigniter4\framework\system\Database\BaseConnection.php(693): CodeIgniter\Database\MySQLi\Connection->execute('INSERT INTO `in...')
#2 C:\xampp\htdocs\simag\vendor\codeigniter4\framework\system\Database\BaseConnection.php(620): CodeIgniter\Database\BaseConnection->simpleQuery('INSERT INTO `in...')
#3 C:\xampp\htdocs\simag\vendor\codeigniter4\framework\system\Database\BaseBuilder.php(1916): CodeIgniter\Database\BaseConnection->query('INSERT INTO `in...', Array, false)
#4 C:\xampp\htdocs\simag\vendor\codeigniter4\framework\system\Model.php(279): CodeIgniter\Database\BaseBuilder->insert()
#5 C:\xampp\htdocs\simag\vendor\codeigniter4\framework\system\BaseModel.php(748): CodeIgniter\Model->doInsert(Array)
#6 C:\xampp\htdocs\simag\vendor\codeigniter4\framework\system\Model.php(667): CodeIgniter\BaseModel->insert(Array, false)
#7 C:\xampp\htdocs\simag\vendor\codeigniter4\framework\system\BaseModel.php(658): CodeIgniter\Model->insert(Array, false)
#8 C:\xampp\htdocs\simag\app\Controllers\TU.php(195): CodeIgniter\BaseModel->save(Array)
#9 C:\xampp\htdocs\simag\vendor\codeigniter4\framework\system\CodeIgniter.php(902): App\Controllers\TU->ajukan()
#10 C:\xampp\htdocs\simag\vendor\codeigniter4\framework\system\CodeIgniter.php(457): CodeIgniter\CodeIgniter->runController(Object(App\Controllers\TU))
#11 C:\xampp\htdocs\simag\vendor\codeigniter4\framework\system\CodeIgniter.php(340): CodeIgniter\CodeIgniter->handleRequest(NULL, Object(Config\Cache), false)
#12 C:\xampp\htdocs\simag\public\index.php(67): CodeIgniter\CodeIgniter->run()
#13 C:\xampp\htdocs\simag\vendor\codeigniter4\framework\system\Commands\Server\rewrite.php(46): require_once('C:\\xampp\\htdocs...')
#14 {main}
CRITICAL - 2022-11-17 07:27:07 --> Cannot add or update a child row: a foreign key constraint fails (`simag`.`info_peserta`, CONSTRAINT `info_peserta_ibfk_1` FOREIGN KEY (`userId`) REFERENCES `user` (`id`) ON DELETE CASCADE ON UPDATE CASCADE)
in SYSTEMPATH\Database\MySQLi\Connection.php on line 292.
 1 SYSTEMPATH\Database\MySQLi\Connection.php(292): mysqli->query('INSERT INTO `info_peserta` (`instansi`, `startDate`, `endDate`, `pengantar`, `proposal`, `created_at`, `updated_at`) VALUES (\'polihe\', \'2022-11-17\', \'2022-11-20\', \'/assets/dokumen pengantar/6/LINK PRODUK & DESKRIPSI.pdf\', \'/assets/dokumen proposal/6/LINK PRODUK & DESKRIPSI.pdf\', \'2022-11-17 07:27:06\', \'2022-11-17 07:27:06\')', 0)
 2 SYSTEMPATH\Database\BaseConnection.php(693): CodeIgniter\Database\MySQLi\Connection->execute('INSERT INTO `info_peserta` (`instansi`, `startDate`, `endDate`, `pengantar`, `proposal`, `created_at`, `updated_at`) VALUES (\'polihe\', \'2022-11-17\', \'2022-11-20\', \'/assets/dokumen pengantar/6/LINK PRODUK & DESKRIPSI.pdf\', \'/assets/dokumen proposal/6/LINK PRODUK & DESKRIPSI.pdf\', \'2022-11-17 07:27:06\', \'2022-11-17 07:27:06\')')
 3 SYSTEMPATH\Database\BaseConnection.php(620): CodeIgniter\Database\BaseConnection->simpleQuery('INSERT INTO `info_peserta` (`instansi`, `startDate`, `endDate`, `pengantar`, `proposal`, `created_at`, `updated_at`) VALUES (\'polihe\', \'2022-11-17\', \'2022-11-20\', \'/assets/dokumen pengantar/6/LINK PRODUK & DESKRIPSI.pdf\', \'/assets/dokumen proposal/6/LINK PRODUK & DESKRIPSI.pdf\', \'2022-11-17 07:27:06\', \'2022-11-17 07:27:06\')')
 4 SYSTEMPATH\Database\BaseBuilder.php(1916): CodeIgniter\Database\BaseConnection->query('INSERT INTO `info_peserta` (`instansi`, `startDate`, `endDate`, `pengantar`, `proposal`, `created_at`, `updated_at`) VALUES (:instansi:, :startDate:, :endDate:, :pengantar:, :proposal:, :created_at:, :updated_at:)', [...], false)
 5 SYSTEMPATH\Model.php(279): CodeIgniter\Database\BaseBuilder->insert()
 6 SYSTEMPATH\BaseModel.php(748): CodeIgniter\Model->doInsert([...])
 7 SYSTEMPATH\Model.php(667): CodeIgniter\BaseModel->insert([...], false)
 8 SYSTEMPATH\BaseModel.php(658): CodeIgniter\Model->insert([...], false)
 9 APPPATH\Controllers\TU.php(195): CodeIgniter\BaseModel->save([...])
10 SYSTEMPATH\CodeIgniter.php(902): App\Controllers\TU->ajukan()
11 SYSTEMPATH\CodeIgniter.php(457): CodeIgniter\CodeIgniter->runController(Object(App\Controllers\TU))
12 SYSTEMPATH\CodeIgniter.php(340): CodeIgniter\CodeIgniter->handleRequest(null, Object(Config\Cache), false)
13 FCPATH\index.php(67): CodeIgniter\CodeIgniter->run()
14 SYSTEMPATH\Commands\Server\rewrite.php(46): require_once('FCPATH\\index.php')
CRITICAL - 2022-11-17 07:34:13 --> Call to undefined method App\Models\AjuanModel::getInsertuserid
in SYSTEMPATH\Model.php on line 774.
 1 APPPATH\Controllers\TU.php(176): CodeIgniter\Model->__call('getInsertuserid', [])
 2 SYSTEMPATH\CodeIgniter.php(902): App\Controllers\TU->ajukan()
 3 SYSTEMPATH\CodeIgniter.php(457): CodeIgniter\CodeIgniter->runController(Object(App\Controllers\TU))
 4 SYSTEMPATH\CodeIgniter.php(340): CodeIgniter\CodeIgniter->handleRequest(null, Object(Config\Cache), false)
 5 FCPATH\index.php(67): CodeIgniter\CodeIgniter->run()
 6 SYSTEMPATH\Commands\Server\rewrite.php(46): require_once('FCPATH\\index.php')
ERROR - 2022-11-17 07:34:57 --> mysqli_sql_exception: Cannot add or update a child row: a foreign key constraint fails (`simag`.`info_peserta`, CONSTRAINT `info_peserta_ibfk_1` FOREIGN KEY (`userId`) REFERENCES `user` (`id`) ON DELETE CASCADE ON UPDATE CASCADE) in C:\xampp\htdocs\simag\vendor\codeigniter4\framework\system\Database\MySQLi\Connection.php:292
Stack trace:
#0 C:\xampp\htdocs\simag\vendor\codeigniter4\framework\system\Database\MySQLi\Connection.php(292): mysqli->query('INSERT INTO `in...', 0)
#1 C:\xampp\htdocs\simag\vendor\codeigniter4\framework\system\Database\BaseConnection.php(693): CodeIgniter\Database\MySQLi\Connection->execute('INSERT INTO `in...')
#2 C:\xampp\htdocs\simag\vendor\codeigniter4\framework\system\Database\BaseConnection.php(620): CodeIgniter\Database\BaseConnection->simpleQuery('INSERT INTO `in...')
#3 C:\xampp\htdocs\simag\vendor\codeigniter4\framework\system\Database\BaseBuilder.php(1916): CodeIgniter\Database\BaseConnection->query('INSERT INTO `in...', Array, false)
#4 C:\xampp\htdocs\simag\vendor\codeigniter4\framework\system\Model.php(279): CodeIgniter\Database\BaseBuilder->insert()
#5 C:\xampp\htdocs\simag\vendor\codeigniter4\framework\system\BaseModel.php(748): CodeIgniter\Model->doInsert(Array)
#6 C:\xampp\htdocs\simag\vendor\codeigniter4\framework\system\Model.php(667): CodeIgniter\BaseModel->insert(Array, false)
#7 C:\xampp\htdocs\simag\vendor\codeigniter4\framework\system\BaseModel.php(658): CodeIgniter\Model->insert(Array, false)
#8 C:\xampp\htdocs\simag\app\Controllers\TU.php(195): CodeIgniter\BaseModel->save(Array)
#9 C:\xampp\htdocs\simag\vendor\codeigniter4\framework\system\CodeIgniter.php(902): App\Controllers\TU->ajukan()
#10 C:\xampp\htdocs\simag\vendor\codeigniter4\framework\system\CodeIgniter.php(457): CodeIgniter\CodeIgniter->runController(Object(App\Controllers\TU))
#11 C:\xampp\htdocs\simag\vendor\codeigniter4\framework\system\CodeIgniter.php(340): CodeIgniter\CodeIgniter->handleRequest(NULL, Object(Config\Cache), false)
#12 C:\xampp\htdocs\simag\public\index.php(67): CodeIgniter\CodeIgniter->run()
#13 C:\xampp\htdocs\simag\vendor\codeigniter4\framework\system\Commands\Server\rewrite.php(46): require_once('C:\\xampp\\htdocs...')
#14 {main}
CRITICAL - 2022-11-17 07:34:57 --> Cannot add or update a child row: a foreign key constraint fails (`simag`.`info_peserta`, CONSTRAINT `info_peserta_ibfk_1` FOREIGN KEY (`userId`) REFERENCES `user` (`id`) ON DELETE CASCADE ON UPDATE CASCADE)
in SYSTEMPATH\Database\MySQLi\Connection.php on line 292.
 1 SYSTEMPATH\Database\MySQLi\Connection.php(292): mysqli->query('INSERT INTO `info_peserta` (`instansi`, `startDate`, `endDate`, `pengantar`, `proposal`, `created_at`, `updated_at`) VALUES (\'polihe\', \'2022-11-17\', \'2022-11-20\', \'/assets/dokumen pengantar/8/LINK PRODUK & DESKRIPSI.pdf\', \'/assets/dokumen proposal/8/LINK PRODUK & DESKRIPSI.pdf\', \'2022-11-17 07:34:57\', \'2022-11-17 07:34:57\')', 0)
 2 SYSTEMPATH\Database\BaseConnection.php(693): CodeIgniter\Database\MySQLi\Connection->execute('INSERT INTO `info_peserta` (`instansi`, `startDate`, `endDate`, `pengantar`, `proposal`, `created_at`, `updated_at`) VALUES (\'polihe\', \'2022-11-17\', \'2022-11-20\', \'/assets/dokumen pengantar/8/LINK PRODUK & DESKRIPSI.pdf\', \'/assets/dokumen proposal/8/LINK PRODUK & DESKRIPSI.pdf\', \'2022-11-17 07:34:57\', \'2022-11-17 07:34:57\')')
 3 SYSTEMPATH\Database\BaseConnection.php(620): CodeIgniter\Database\BaseConnection->simpleQuery('INSERT INTO `info_peserta` (`instansi`, `startDate`, `endDate`, `pengantar`, `proposal`, `created_at`, `updated_at`) VALUES (\'polihe\', \'2022-11-17\', \'2022-11-20\', \'/assets/dokumen pengantar/8/LINK PRODUK & DESKRIPSI.pdf\', \'/assets/dokumen proposal/8/LINK PRODUK & DESKRIPSI.pdf\', \'2022-11-17 07:34:57\', \'2022-11-17 07:34:57\')')
 4 SYSTEMPATH\Database\BaseBuilder.php(1916): CodeIgniter\Database\BaseConnection->query('INSERT INTO `info_peserta` (`instansi`, `startDate`, `endDate`, `pengantar`, `proposal`, `created_at`, `updated_at`) VALUES (:instansi:, :startDate:, :endDate:, :pengantar:, :proposal:, :created_at:, :updated_at:)', [...], false)
 5 SYSTEMPATH\Model.php(279): CodeIgniter\Database\BaseBuilder->insert()
 6 SYSTEMPATH\BaseModel.php(748): CodeIgniter\Model->doInsert([...])
 7 SYSTEMPATH\Model.php(667): CodeIgniter\BaseModel->insert([...], false)
 8 SYSTEMPATH\BaseModel.php(658): CodeIgniter\Model->insert([...], false)
 9 APPPATH\Controllers\TU.php(195): CodeIgniter\BaseModel->save([...])
10 SYSTEMPATH\CodeIgniter.php(902): App\Controllers\TU->ajukan()
11 SYSTEMPATH\CodeIgniter.php(457): CodeIgniter\CodeIgniter->runController(Object(App\Controllers\TU))
12 SYSTEMPATH\CodeIgniter.php(340): CodeIgniter\CodeIgniter->handleRequest(null, Object(Config\Cache), false)
13 FCPATH\index.php(67): CodeIgniter\CodeIgniter->run()
14 SYSTEMPATH\Commands\Server\rewrite.php(46): require_once('FCPATH\\index.php')
CRITICAL - 2022-11-17 21:38:22 --> Undefined array key "userId"
in APPPATH\Views\pembimbing\datapeserta.php on line 41.
 1 APPPATH\Views\pembimbing\datapeserta.php(41): CodeIgniter\Debug\Exceptions->errorHandler(2, 'Undefined array key "userId"', 'APPPATH\\Views\\pembimbing\\datapeserta.php', 41)
 2 SYSTEMPATH\View\View.php(213): include('APPPATH\\Views\\pembimbing\\datapeserta.php')
 3 SYSTEMPATH\View\View.php(216): CodeIgniter\View\View->CodeIgniter\View\{closure}()
 4 SYSTEMPATH\Common.php(1142): CodeIgniter\View\View->render('pembimbing/datapeserta.php', [], true)
 5 APPPATH\Controllers\Pembimbing.php(78): view('pembimbing/datapeserta.php')
 6 SYSTEMPATH\CodeIgniter.php(902): App\Controllers\Pembimbing->dataPeserta()
 7 SYSTEMPATH\CodeIgniter.php(457): CodeIgniter\CodeIgniter->runController(Object(App\Controllers\Pembimbing))
 8 SYSTEMPATH\CodeIgniter.php(340): CodeIgniter\CodeIgniter->handleRequest(null, Object(Config\Cache), false)
 9 FCPATH\index.php(67): CodeIgniter\CodeIgniter->run()
10 SYSTEMPATH\Commands\Server\rewrite.php(46): require_once('FCPATH\\index.php')
CRITICAL - 2022-11-17 21:39:42 --> Undefined array key "instansi"
in APPPATH\Views\pembimbing\datapeserta.php on line 42.
 1 APPPATH\Views\pembimbing\datapeserta.php(42): CodeIgniter\Debug\Exceptions->errorHandler(2, 'Undefined array key "instansi"', 'APPPATH\\Views\\pembimbing\\datapeserta.php', 42)
 2 SYSTEMPATH\View\View.php(213): include('APPPATH\\Views\\pembimbing\\datapeserta.php')
 3 SYSTEMPATH\View\View.php(216): CodeIgniter\View\View->CodeIgniter\View\{closure}()
 4 SYSTEMPATH\Common.php(1142): CodeIgniter\View\View->render('pembimbing/datapeserta.php', [], true)
 5 APPPATH\Controllers\Pembimbing.php(78): view('pembimbing/datapeserta.php')
 6 SYSTEMPATH\CodeIgniter.php(902): App\Controllers\Pembimbing->dataPeserta()
 7 SYSTEMPATH\CodeIgniter.php(457): CodeIgniter\CodeIgniter->runController(Object(App\Controllers\Pembimbing))
 8 SYSTEMPATH\CodeIgniter.php(340): CodeIgniter\CodeIgniter->handleRequest(null, Object(Config\Cache), false)
 9 FCPATH\index.php(67): CodeIgniter\CodeIgniter->run()
10 SYSTEMPATH\Commands\Server\rewrite.php(46): require_once('FCPATH\\index.php')
CRITICAL - 2022-11-17 21:42:08 --> Undefined array key "instansi"
in APPPATH\Views\pembimbing\datapeserta.php on line 42.
 1 APPPATH\Views\pembimbing\datapeserta.php(42): CodeIgniter\Debug\Exceptions->errorHandler(2, 'Undefined array key "instansi"', 'APPPATH\\Views\\pembimbing\\datapeserta.php', 42)
 2 SYSTEMPATH\View\View.php(213): include('APPPATH\\Views\\pembimbing\\datapeserta.php')
 3 SYSTEMPATH\View\View.php(216): CodeIgniter\View\View->CodeIgniter\View\{closure}()
 4 SYSTEMPATH\Common.php(1142): CodeIgniter\View\View->render('pembimbing/datapeserta.php', [], true)
 5 APPPATH\Controllers\Pembimbing.php(78): view('pembimbing/datapeserta.php')
 6 SYSTEMPATH\CodeIgniter.php(902): App\Controllers\Pembimbing->dataPeserta()
 7 SYSTEMPATH\CodeIgniter.php(457): CodeIgniter\CodeIgniter->runController(Object(App\Controllers\Pembimbing))
 8 SYSTEMPATH\CodeIgniter.php(340): CodeIgniter\CodeIgniter->handleRequest(null, Object(Config\Cache), false)
 9 FCPATH\index.php(67): CodeIgniter\CodeIgniter->run()
10 SYSTEMPATH\Commands\Server\rewrite.php(46): require_once('FCPATH\\index.php')
CRITICAL - 2022-11-17 21:43:46 --> Undefined array key "startDate"
in APPPATH\Views\pembimbing\datapeserta.php on line 44.
 1 APPPATH\Views\pembimbing\datapeserta.php(44): CodeIgniter\Debug\Exceptions->errorHandler(2, 'Undefined array key "startDate"', 'APPPATH\\Views\\pembimbing\\datapeserta.php', 44)
 2 SYSTEMPATH\View\View.php(213): include('APPPATH\\Views\\pembimbing\\datapeserta.php')
 3 SYSTEMPATH\View\View.php(216): CodeIgniter\View\View->CodeIgniter\View\{closure}()
 4 SYSTEMPATH\Common.php(1142): CodeIgniter\View\View->render('pembimbing/datapeserta.php', [], true)
 5 APPPATH\Controllers\Pembimbing.php(78): view('pembimbing/datapeserta.php')
 6 SYSTEMPATH\CodeIgniter.php(902): App\Controllers\Pembimbing->dataPeserta()
 7 SYSTEMPATH\CodeIgniter.php(457): CodeIgniter\CodeIgniter->runController(Object(App\Controllers\Pembimbing))
 8 SYSTEMPATH\CodeIgniter.php(340): CodeIgniter\CodeIgniter->handleRequest(null, Object(Config\Cache), false)
 9 FCPATH\index.php(67): CodeIgniter\CodeIgniter->run()
10 SYSTEMPATH\Commands\Server\rewrite.php(46): require_once('FCPATH\\index.php')
CRITICAL - 2022-11-17 21:44:28 --> Undefined array key "userId"
in APPPATH\Views\pembimbing\datapeserta.php on line 47.
 1 APPPATH\Views\pembimbing\datapeserta.php(47): CodeIgniter\Debug\Exceptions->errorHandler(2, 'Undefined array key "userId"', 'APPPATH\\Views\\pembimbing\\datapeserta.php', 47)
 2 SYSTEMPATH\View\View.php(213): include('APPPATH\\Views\\pembimbing\\datapeserta.php')
 3 SYSTEMPATH\View\View.php(216): CodeIgniter\View\View->CodeIgniter\View\{closure}()
 4 SYSTEMPATH\Common.php(1142): CodeIgniter\View\View->render('pembimbing/datapeserta.php', [], true)
 5 APPPATH\Controllers\Pembimbing.php(78): view('pembimbing/datapeserta.php')
 6 SYSTEMPATH\CodeIgniter.php(902): App\Controllers\Pembimbing->dataPeserta()
 7 SYSTEMPATH\CodeIgniter.php(457): CodeIgniter\CodeIgniter->runController(Object(App\Controllers\Pembimbing))
 8 SYSTEMPATH\CodeIgniter.php(340): CodeIgniter\CodeIgniter->handleRequest(null, Object(Config\Cache), false)
 9 FCPATH\index.php(67): CodeIgniter\CodeIgniter->run()
10 SYSTEMPATH\Commands\Server\rewrite.php(46): require_once('FCPATH\\index.php')
ERROR - 2022-11-17 21:47:06 --> mysqli_sql_exception: Unknown column 'info_peserta.endDate' in 'where clause' in C:\xampp\htdocs\simag\vendor\codeigniter4\framework\system\Database\MySQLi\Connection.php:292
Stack trace:
#0 C:\xampp\htdocs\simag\vendor\codeigniter4\framework\system\Database\MySQLi\Connection.php(292): mysqli->query('SELECT *\nFROM `...', 0)
#1 C:\xampp\htdocs\simag\vendor\codeigniter4\framework\system\Database\BaseConnection.php(693): CodeIgniter\Database\MySQLi\Connection->execute('SELECT *\nFROM `...')
#2 C:\xampp\htdocs\simag\vendor\codeigniter4\framework\system\Database\BaseConnection.php(620): CodeIgniter\Database\BaseConnection->simpleQuery('SELECT *\nFROM `...')
#3 C:\xampp\htdocs\simag\vendor\codeigniter4\framework\system\Database\BaseBuilder.php(1585): CodeIgniter\Database\BaseConnection->query('SELECT *\nFROM `...', Array, false)
#4 C:\xampp\htdocs\simag\vendor\codeigniter4\framework\system\Model.php(772): CodeIgniter\Database\BaseBuilder->get()
#5 C:\xampp\htdocs\simag\app\Controllers\Pembimbing.php(63): CodeIgniter\Model->__call('get', Array)
#6 C:\xampp\htdocs\simag\vendor\codeigniter4\framework\system\CodeIgniter.php(902): App\Controllers\Pembimbing->dataPeserta()
#7 C:\xampp\htdocs\simag\vendor\codeigniter4\framework\system\CodeIgniter.php(457): CodeIgniter\CodeIgniter->runController(Object(App\Controllers\Pembimbing))
#8 C:\xampp\htdocs\simag\vendor\codeigniter4\framework\system\CodeIgniter.php(340): CodeIgniter\CodeIgniter->handleRequest(NULL, Object(Config\Cache), false)
#9 C:\xampp\htdocs\simag\public\index.php(67): CodeIgniter\CodeIgniter->run()
#10 C:\xampp\htdocs\simag\vendor\codeigniter4\framework\system\Commands\Server\rewrite.php(46): require_once('C:\\xampp\\htdocs...')
#11 {main}
CRITICAL - 2022-11-17 21:47:06 --> Unknown column 'info_peserta.endDate' in 'where clause'
in SYSTEMPATH\Database\MySQLi\Connection.php on line 292.
 1 SYSTEMPATH\Database\MySQLi\Connection.php(292): mysqli->query('SELECT *
FROM `user`
WHERE `role` = 3
AND `status` = 2
AND `info_peserta`.`endDate` > \'2022-11-17\'', 0)
 2 SYSTEMPATH\Database\BaseConnection.php(693): CodeIgniter\Database\MySQLi\Connection->execute('SELECT *
FROM `user`
WHERE `role` = 3
AND `status` = 2
AND `info_peserta`.`endDate` > \'2022-11-17\'')
 3 SYSTEMPATH\Database\BaseConnection.php(620): CodeIgniter\Database\BaseConnection->simpleQuery('SELECT *
FROM `user`
WHERE `role` = 3
AND `status` = 2
AND `info_peserta`.`endDate` > \'2022-11-17\'')
 4 SYSTEMPATH\Database\BaseBuilder.php(1585): CodeIgniter\Database\BaseConnection->query('SELECT *
FROM `user`
WHERE `role` = :role:
AND `status` = :status:
AND `info_peserta`.`endDate` > :info_peserta.endDate:', [...], false)
 5 SYSTEMPATH\Model.php(772): CodeIgniter\Database\BaseBuilder->get()
 6 APPPATH\Controllers\Pembimbing.php(63): CodeIgniter\Model->__call('get', [])
 7 SYSTEMPATH\CodeIgniter.php(902): App\Controllers\Pembimbing->dataPeserta()
 8 SYSTEMPATH\CodeIgniter.php(457): CodeIgniter\CodeIgniter->runController(Object(App\Controllers\Pembimbing))
 9 SYSTEMPATH\CodeIgniter.php(340): CodeIgniter\CodeIgniter->handleRequest(null, Object(Config\Cache), false)
10 FCPATH\index.php(67): CodeIgniter\CodeIgniter->run()
11 SYSTEMPATH\Commands\Server\rewrite.php(46): require_once('FCPATH\\index.php')
CRITICAL - 2022-11-17 21:48:08 --> Undefined array key "userId"
in APPPATH\Views\pembimbing\datapeserta.php on line 47.
 1 APPPATH\Views\pembimbing\datapeserta.php(47): CodeIgniter\Debug\Exceptions->errorHandler(2, 'Undefined array key "userId"', 'APPPATH\\Views\\pembimbing\\datapeserta.php', 47)
 2 SYSTEMPATH\View\View.php(213): include('APPPATH\\Views\\pembimbing\\datapeserta.php')
 3 SYSTEMPATH\View\View.php(216): CodeIgniter\View\View->CodeIgniter\View\{closure}()
 4 SYSTEMPATH\Common.php(1142): CodeIgniter\View\View->render('pembimbing/datapeserta.php', [], true)
 5 APPPATH\Controllers\Pembimbing.php(76): view('pembimbing/datapeserta.php')
 6 SYSTEMPATH\CodeIgniter.php(902): App\Controllers\Pembimbing->dataPeserta()
 7 SYSTEMPATH\CodeIgniter.php(457): CodeIgniter\CodeIgniter->runController(Object(App\Controllers\Pembimbing))
 8 SYSTEMPATH\CodeIgniter.php(340): CodeIgniter\CodeIgniter->handleRequest(null, Object(Config\Cache), false)
 9 FCPATH\index.php(67): CodeIgniter\CodeIgniter->run()
10 SYSTEMPATH\Commands\Server\rewrite.php(46): require_once('FCPATH\\index.php')
CRITICAL - 2022-11-17 21:49:18 --> Undefined array key "userId"
in APPPATH\Views\pembimbing\datapeserta.php on line 74.
 1 APPPATH\Views\pembimbing\datapeserta.php(74): CodeIgniter\Debug\Exceptions->errorHandler(2, 'Undefined array key "userId"', 'APPPATH\\Views\\pembimbing\\datapeserta.php', 74)
 2 SYSTEMPATH\View\View.php(213): include('APPPATH\\Views\\pembimbing\\datapeserta.php')
 3 SYSTEMPATH\View\View.php(216): CodeIgniter\View\View->CodeIgniter\View\{closure}()
 4 SYSTEMPATH\Common.php(1142): CodeIgniter\View\View->render('pembimbing/datapeserta.php', [], true)
 5 APPPATH\Controllers\Pembimbing.php(76): view('pembimbing/datapeserta.php')
 6 SYSTEMPATH\CodeIgniter.php(902): App\Controllers\Pembimbing->dataPeserta()
 7 SYSTEMPATH\CodeIgniter.php(457): CodeIgniter\CodeIgniter->runController(Object(App\Controllers\Pembimbing))
 8 SYSTEMPATH\CodeIgniter.php(340): CodeIgniter\CodeIgniter->handleRequest(null, Object(Config\Cache), false)
 9 FCPATH\index.php(67): CodeIgniter\CodeIgniter->run()
10 SYSTEMPATH\Commands\Server\rewrite.php(46): require_once('FCPATH\\index.php')
ERROR - 2022-11-17 22:31:23 --> mysqli_sql_exception: Unknown column 'created_at' in 'field list' in C:\xampp\htdocs\simag\vendor\codeigniter4\framework\system\Database\MySQLi\Connection.php:292
Stack trace:
#0 C:\xampp\htdocs\simag\vendor\codeigniter4\framework\system\Database\MySQLi\Connection.php(292): mysqli->query('INSERT INTO `us...', 0)
#1 C:\xampp\htdocs\simag\vendor\codeigniter4\framework\system\Database\BaseConnection.php(693): CodeIgniter\Database\MySQLi\Connection->execute('INSERT INTO `us...')
#2 C:\xampp\htdocs\simag\vendor\codeigniter4\framework\system\Database\BaseConnection.php(620): CodeIgniter\Database\BaseConnection->simpleQuery('INSERT INTO `us...')
#3 C:\xampp\htdocs\simag\vendor\codeigniter4\framework\system\Database\BaseBuilder.php(1916): CodeIgniter\Database\BaseConnection->query('INSERT INTO `us...', Array, false)
#4 C:\xampp\htdocs\simag\vendor\codeigniter4\framework\system\Model.php(279): CodeIgniter\Database\BaseBuilder->insert()
#5 C:\xampp\htdocs\simag\vendor\codeigniter4\framework\system\BaseModel.php(748): CodeIgniter\Model->doInsert(Array)
#6 C:\xampp\htdocs\simag\vendor\codeigniter4\framework\system\Model.php(667): CodeIgniter\BaseModel->insert(Array, false)
#7 C:\xampp\htdocs\simag\vendor\codeigniter4\framework\system\BaseModel.php(658): CodeIgniter\Model->insert(Array, false)
#8 C:\xampp\htdocs\simag\app\Controllers\Registrasi.php(49): CodeIgniter\BaseModel->save(Array)
#9 C:\xampp\htdocs\simag\vendor\codeigniter4\framework\system\CodeIgniter.php(902): App\Controllers\Registrasi->index()
#10 C:\xampp\htdocs\simag\vendor\codeigniter4\framework\system\CodeIgniter.php(457): CodeIgniter\CodeIgniter->runController(Object(App\Controllers\Registrasi))
#11 C:\xampp\htdocs\simag\vendor\codeigniter4\framework\system\CodeIgniter.php(340): CodeIgniter\CodeIgniter->handleRequest(NULL, Object(Config\Cache), false)
#12 C:\xampp\htdocs\simag\public\index.php(67): CodeIgniter\CodeIgniter->run()
#13 C:\xampp\htdocs\simag\vendor\codeigniter4\framework\system\Commands\Server\rewrite.php(46): require_once('C:\\xampp\\htdocs...')
#14 {main}
CRITICAL - 2022-11-17 22:31:23 --> Unknown column 'created_at' in 'field list'
in SYSTEMPATH\Database\MySQLi\Connection.php on line 292.
 1 SYSTEMPATH\Database\MySQLi\Connection.php(292): mysqli->query('INSERT INTO `user` (`nama`, `jenisKelamin`, `tglLahir`, `email`, `role`, `status`, `created_at`, `updated_at`) VALUES (\'FIRDA ULFA UNSILAH\', \'1\', \'2022-11-18\', \'firdaunsilah1206@gmail.com\', 3, 0, \'2022-11-17 22:31:23\', \'2022-11-17 22:31:23\')', 0)
 2 SYSTEMPATH\Database\BaseConnection.php(693): CodeIgniter\Database\MySQLi\Connection->execute('INSERT INTO `user` (`nama`, `jenisKelamin`, `tglLahir`, `email`, `role`, `status`, `created_at`, `updated_at`) VALUES (\'FIRDA ULFA UNSILAH\', \'1\', \'2022-11-18\', \'firdaunsilah1206@gmail.com\', 3, 0, \'2022-11-17 22:31:23\', \'2022-11-17 22:31:23\')')
 3 SYSTEMPATH\Database\BaseConnection.php(620): CodeIgniter\Database\BaseConnection->simpleQuery('INSERT INTO `user` (`nama`, `jenisKelamin`, `tglLahir`, `email`, `role`, `status`, `created_at`, `updated_at`) VALUES (\'FIRDA ULFA UNSILAH\', \'1\', \'2022-11-18\', \'firdaunsilah1206@gmail.com\', 3, 0, \'2022-11-17 22:31:23\', \'2022-11-17 22:31:23\')')
 4 SYSTEMPATH\Database\BaseBuilder.php(1916): CodeIgniter\Database\BaseConnection->query('INSERT INTO `user` (`nama`, `jenisKelamin`, `tglLahir`, `email`, `role`, `status`, `created_at`, `updated_at`) VALUES (:nama:, :jenisKelamin:, :tglLahir:, :email:, :role:, :status:, :created_at:, :updated_at:)', [...], false)
 5 SYSTEMPATH\Model.php(279): CodeIgniter\Database\BaseBuilder->insert()
 6 SYSTEMPATH\BaseModel.php(748): CodeIgniter\Model->doInsert([...])
 7 SYSTEMPATH\Model.php(667): CodeIgniter\BaseModel->insert([...], false)
 8 SYSTEMPATH\BaseModel.php(658): CodeIgniter\Model->insert([...], false)
 9 APPPATH\Controllers\Registrasi.php(49): CodeIgniter\BaseModel->save([...])
10 SYSTEMPATH\CodeIgniter.php(902): App\Controllers\Registrasi->index()
11 SYSTEMPATH\CodeIgniter.php(457): CodeIgniter\CodeIgniter->runController(Object(App\Controllers\Registrasi))
12 SYSTEMPATH\CodeIgniter.php(340): CodeIgniter\CodeIgniter->handleRequest(null, Object(Config\Cache), false)
13 FCPATH\index.php(67): CodeIgniter\CodeIgniter->run()
14 SYSTEMPATH\Commands\Server\rewrite.php(46): require_once('FCPATH\\index.php')
ERROR - 2022-11-17 22:34:00 --> mysqli_sql_exception: Unknown column 'created_at' in 'field list' in C:\xampp\htdocs\simag\vendor\codeigniter4\framework\system\Database\MySQLi\Connection.php:292
Stack trace:
#0 C:\xampp\htdocs\simag\vendor\codeigniter4\framework\system\Database\MySQLi\Connection.php(292): mysqli->query('INSERT INTO `us...', 0)
#1 C:\xampp\htdocs\simag\vendor\codeigniter4\framework\system\Database\BaseConnection.php(693): CodeIgniter\Database\MySQLi\Connection->execute('INSERT INTO `us...')
#2 C:\xampp\htdocs\simag\vendor\codeigniter4\framework\system\Database\BaseConnection.php(620): CodeIgniter\Database\BaseConnection->simpleQuery('INSERT INTO `us...')
#3 C:\xampp\htdocs\simag\vendor\codeigniter4\framework\system\Database\BaseBuilder.php(1916): CodeIgniter\Database\BaseConnection->query('INSERT INTO `us...', Array, false)
#4 C:\xampp\htdocs\simag\vendor\codeigniter4\framework\system\Model.php(279): CodeIgniter\Database\BaseBuilder->insert()
#5 C:\xampp\htdocs\simag\vendor\codeigniter4\framework\system\BaseModel.php(748): CodeIgniter\Model->doInsert(Array)
#6 C:\xampp\htdocs\simag\vendor\codeigniter4\framework\system\Model.php(667): CodeIgniter\BaseModel->insert(Array, false)
#7 C:\xampp\htdocs\simag\vendor\codeigniter4\framework\system\BaseModel.php(658): CodeIgniter\Model->insert(Array, false)
#8 C:\xampp\htdocs\simag\app\Controllers\Registrasi.php(49): CodeIgniter\BaseModel->save(Array)
#9 C:\xampp\htdocs\simag\vendor\codeigniter4\framework\system\CodeIgniter.php(902): App\Controllers\Registrasi->index()
#10 C:\xampp\htdocs\simag\vendor\codeigniter4\framework\system\CodeIgniter.php(457): CodeIgniter\CodeIgniter->runController(Object(App\Controllers\Registrasi))
#11 C:\xampp\htdocs\simag\vendor\codeigniter4\framework\system\CodeIgniter.php(340): CodeIgniter\CodeIgniter->handleRequest(NULL, Object(Config\Cache), false)
#12 C:\xampp\htdocs\simag\public\index.php(67): CodeIgniter\CodeIgniter->run()
#13 C:\xampp\htdocs\simag\vendor\codeigniter4\framework\system\Commands\Server\rewrite.php(46): require_once('C:\\xampp\\htdocs...')
#14 {main}
CRITICAL - 2022-11-17 22:34:00 --> Unknown column 'created_at' in 'field list'
in SYSTEMPATH\Database\MySQLi\Connection.php on line 292.
 1 SYSTEMPATH\Database\MySQLi\Connection.php(292): mysqli->query('INSERT INTO `user` (`nama`, `jenisKelamin`, `tglLahir`, `email`, `role`, `status`, `created_at`, `updated_at`) VALUES (\'FIRDA ULFA UNSILAH\', \'1\', \'2022-11-18\', \'firdaunsilah1206@gmail.com\', 3, 0, \'2022-11-17 22:34:00\', \'2022-11-17 22:34:00\')', 0)
 2 SYSTEMPATH\Database\BaseConnection.php(693): CodeIgniter\Database\MySQLi\Connection->execute('INSERT INTO `user` (`nama`, `jenisKelamin`, `tglLahir`, `email`, `role`, `status`, `created_at`, `updated_at`) VALUES (\'FIRDA ULFA UNSILAH\', \'1\', \'2022-11-18\', \'firdaunsilah1206@gmail.com\', 3, 0, \'2022-11-17 22:34:00\', \'2022-11-17 22:34:00\')')
 3 SYSTEMPATH\Database\BaseConnection.php(620): CodeIgniter\Database\BaseConnection->simpleQuery('INSERT INTO `user` (`nama`, `jenisKelamin`, `tglLahir`, `email`, `role`, `status`, `created_at`, `updated_at`) VALUES (\'FIRDA ULFA UNSILAH\', \'1\', \'2022-11-18\', \'firdaunsilah1206@gmail.com\', 3, 0, \'2022-11-17 22:34:00\', \'2022-11-17 22:34:00\')')
 4 SYSTEMPATH\Database\BaseBuilder.php(1916): CodeIgniter\Database\BaseConnection->query('INSERT INTO `user` (`nama`, `jenisKelamin`, `tglLahir`, `email`, `role`, `status`, `created_at`, `updated_at`) VALUES (:nama:, :jenisKelamin:, :tglLahir:, :email:, :role:, :status:, :created_at:, :updated_at:)', [...], false)
 5 SYSTEMPATH\Model.php(279): CodeIgniter\Database\BaseBuilder->insert()
 6 SYSTEMPATH\BaseModel.php(748): CodeIgniter\Model->doInsert([...])
 7 SYSTEMPATH\Model.php(667): CodeIgniter\BaseModel->insert([...], false)
 8 SYSTEMPATH\BaseModel.php(658): CodeIgniter\Model->insert([...], false)
 9 APPPATH\Controllers\Registrasi.php(49): CodeIgniter\BaseModel->save([...])
10 SYSTEMPATH\CodeIgniter.php(902): App\Controllers\Registrasi->index()
11 SYSTEMPATH\CodeIgniter.php(457): CodeIgniter\CodeIgniter->runController(Object(App\Controllers\Registrasi))
12 SYSTEMPATH\CodeIgniter.php(340): CodeIgniter\CodeIgniter->handleRequest(null, Object(Config\Cache), false)
13 FCPATH\index.php(67): CodeIgniter\CodeIgniter->run()
14 SYSTEMPATH\Commands\Server\rewrite.php(46): require_once('FCPATH\\index.php')
ERROR - 2022-11-17 22:45:03 --> mysqli_sql_exception: Cannot add or update a child row: a foreign key constraint fails (`simag`.`info_peserta`, CONSTRAINT `info_peserta_ibfk_1` FOREIGN KEY (`userId`) REFERENCES `user` (`id`) ON DELETE CASCADE ON UPDATE CASCADE) in C:\xampp\htdocs\simag\vendor\codeigniter4\framework\system\Database\MySQLi\Connection.php:292
Stack trace:
#0 C:\xampp\htdocs\simag\vendor\codeigniter4\framework\system\Database\MySQLi\Connection.php(292): mysqli->query('INSERT INTO `in...', 0)
#1 C:\xampp\htdocs\simag\vendor\codeigniter4\framework\system\Database\BaseConnection.php(693): CodeIgniter\Database\MySQLi\Connection->execute('INSERT INTO `in...')
#2 C:\xampp\htdocs\simag\vendor\codeigniter4\framework\system\Database\BaseConnection.php(620): CodeIgniter\Database\BaseConnection->simpleQuery('INSERT INTO `in...')
#3 C:\xampp\htdocs\simag\vendor\codeigniter4\framework\system\Database\BaseBuilder.php(1916): CodeIgniter\Database\BaseConnection->query('INSERT INTO `in...', Array, false)
#4 C:\xampp\htdocs\simag\vendor\codeigniter4\framework\system\Model.php(279): CodeIgniter\Database\BaseBuilder->insert()
#5 C:\xampp\htdocs\simag\vendor\codeigniter4\framework\system\BaseModel.php(748): CodeIgniter\Model->doInsert(Array)
#6 C:\xampp\htdocs\simag\vendor\codeigniter4\framework\system\Model.php(667): CodeIgniter\BaseModel->insert(Array, false)
#7 C:\xampp\htdocs\simag\vendor\codeigniter4\framework\system\BaseModel.php(658): CodeIgniter\Model->insert(Array, false)
#8 C:\xampp\htdocs\simag\app\Controllers\Notif.php(93): CodeIgniter\BaseModel->save(Array)
#9 C:\xampp\htdocs\simag\vendor\codeigniter4\framework\system\CodeIgniter.php(902): App\Controllers\Notif->ajukan()
#10 C:\xampp\htdocs\simag\vendor\codeigniter4\framework\system\CodeIgniter.php(457): CodeIgniter\CodeIgniter->runController(Object(App\Controllers\Notif))
#11 C:\xampp\htdocs\simag\vendor\codeigniter4\framework\system\CodeIgniter.php(340): CodeIgniter\CodeIgniter->handleRequest(NULL, Object(Config\Cache), false)
#12 C:\xampp\htdocs\simag\public\index.php(67): CodeIgniter\CodeIgniter->run()
#13 C:\xampp\htdocs\simag\vendor\codeigniter4\framework\system\Commands\Server\rewrite.php(46): require_once('C:\\xampp\\htdocs...')
#14 {main}
CRITICAL - 2022-11-17 22:45:03 --> Cannot add or update a child row: a foreign key constraint fails (`simag`.`info_peserta`, CONSTRAINT `info_peserta_ibfk_1` FOREIGN KEY (`userId`) REFERENCES `user` (`id`) ON DELETE CASCADE ON UPDATE CASCADE)
in SYSTEMPATH\Database\MySQLi\Connection.php on line 292.
 1 SYSTEMPATH\Database\MySQLi\Connection.php(292): mysqli->query('INSERT INTO `info_peserta` (`instansi`, `startDate`, `endDate`, `userId`, `pengantar`, `proposal`, `created_at`, `updated_at`) VALUES (\'POLIJE\', \'2022-11-18\', \'2022-12-01\', 0, \'/assets/dokumen pengantar/0/LINK PRODUK & DESKRIPSI.pdf\', \'/assets/dokumen proposal/0/LINK PRODUK & DESKRIPSI.pdf\', \'2022-11-17 22:45:03\', \'2022-11-17 22:45:03\')', 0)
 2 SYSTEMPATH\Database\BaseConnection.php(693): CodeIgniter\Database\MySQLi\Connection->execute('INSERT INTO `info_peserta` (`instansi`, `startDate`, `endDate`, `userId`, `pengantar`, `proposal`, `created_at`, `updated_at`) VALUES (\'POLIJE\', \'2022-11-18\', \'2022-12-01\', 0, \'/assets/dokumen pengantar/0/LINK PRODUK & DESKRIPSI.pdf\', \'/assets/dokumen proposal/0/LINK PRODUK & DESKRIPSI.pdf\', \'2022-11-17 22:45:03\', \'2022-11-17 22:45:03\')')
 3 SYSTEMPATH\Database\BaseConnection.php(620): CodeIgniter\Database\BaseConnection->simpleQuery('INSERT INTO `info_peserta` (`instansi`, `startDate`, `endDate`, `userId`, `pengantar`, `proposal`, `created_at`, `updated_at`) VALUES (\'POLIJE\', \'2022-11-18\', \'2022-12-01\', 0, \'/assets/dokumen pengantar/0/LINK PRODUK & DESKRIPSI.pdf\', \'/assets/dokumen proposal/0/LINK PRODUK & DESKRIPSI.pdf\', \'2022-11-17 22:45:03\', \'2022-11-17 22:45:03\')')
 4 SYSTEMPATH\Database\BaseBuilder.php(1916): CodeIgniter\Database\BaseConnection->query('INSERT INTO `info_peserta` (`instansi`, `startDate`, `endDate`, `userId`, `pengantar`, `proposal`, `created_at`, `updated_at`) VALUES (:instansi:, :startDate:, :endDate:, :userId:, :pengantar:, :proposal:, :created_at:, :updated_at:)', [...], false)
 5 SYSTEMPATH\Model.php(279): CodeIgniter\Database\BaseBuilder->insert()
 6 SYSTEMPATH\BaseModel.php(748): CodeIgniter\Model->doInsert([...])
 7 SYSTEMPATH\Model.php(667): CodeIgniter\BaseModel->insert([...], false)
 8 SYSTEMPATH\BaseModel.php(658): CodeIgniter\Model->insert([...], false)
 9 APPPATH\Controllers\Notif.php(93): CodeIgniter\BaseModel->save([...])
10 SYSTEMPATH\CodeIgniter.php(902): App\Controllers\Notif->ajukan()
11 SYSTEMPATH\CodeIgniter.php(457): CodeIgniter\CodeIgniter->runController(Object(App\Controllers\Notif))
12 SYSTEMPATH\CodeIgniter.php(340): CodeIgniter\CodeIgniter->handleRequest(null, Object(Config\Cache), false)
13 FCPATH\index.php(67): CodeIgniter\CodeIgniter->run()
14 SYSTEMPATH\Commands\Server\rewrite.php(46): require_once('FCPATH\\index.php')
ERROR - 2022-11-17 22:45:30 --> mysqli_sql_exception: Cannot add or update a child row: a foreign key constraint fails (`simag`.`info_peserta`, CONSTRAINT `info_peserta_ibfk_1` FOREIGN KEY (`userId`) REFERENCES `user` (`id`) ON DELETE CASCADE ON UPDATE CASCADE) in C:\xampp\htdocs\simag\vendor\codeigniter4\framework\system\Database\MySQLi\Connection.php:292
Stack trace:
#0 C:\xampp\htdocs\simag\vendor\codeigniter4\framework\system\Database\MySQLi\Connection.php(292): mysqli->query('INSERT INTO `in...', 0)
#1 C:\xampp\htdocs\simag\vendor\codeigniter4\framework\system\Database\BaseConnection.php(693): CodeIgniter\Database\MySQLi\Connection->execute('INSERT INTO `in...')
#2 C:\xampp\htdocs\simag\vendor\codeigniter4\framework\system\Database\BaseConnection.php(620): CodeIgniter\Database\BaseConnection->simpleQuery('INSERT INTO `in...')
#3 C:\xampp\htdocs\simag\vendor\codeigniter4\framework\system\Database\BaseBuilder.php(1916): CodeIgniter\Database\BaseConnection->query('INSERT INTO `in...', Array, false)
#4 C:\xampp\htdocs\simag\vendor\codeigniter4\framework\system\Model.php(279): CodeIgniter\Database\BaseBuilder->insert()
#5 C:\xampp\htdocs\simag\vendor\codeigniter4\framework\system\BaseModel.php(748): CodeIgniter\Model->doInsert(Array)
#6 C:\xampp\htdocs\simag\vendor\codeigniter4\framework\system\Model.php(667): CodeIgniter\BaseModel->insert(Array, false)
#7 C:\xampp\htdocs\simag\vendor\codeigniter4\framework\system\BaseModel.php(658): CodeIgniter\Model->insert(Array, false)
#8 C:\xampp\htdocs\simag\app\Controllers\Notif.php(93): CodeIgniter\BaseModel->save(Array)
#9 C:\xampp\htdocs\simag\vendor\codeigniter4\framework\system\CodeIgniter.php(902): App\Controllers\Notif->ajukan()
#10 C:\xampp\htdocs\simag\vendor\codeigniter4\framework\system\CodeIgniter.php(457): CodeIgniter\CodeIgniter->runController(Object(App\Controllers\Notif))
#11 C:\xampp\htdocs\simag\vendor\codeigniter4\framework\system\CodeIgniter.php(340): CodeIgniter\CodeIgniter->handleRequest(NULL, Object(Config\Cache), false)
#12 C:\xampp\htdocs\simag\public\index.php(67): CodeIgniter\CodeIgniter->run()
#13 C:\xampp\htdocs\simag\vendor\codeigniter4\framework\system\Commands\Server\rewrite.php(46): require_once('C:\\xampp\\htdocs...')
#14 {main}
CRITICAL - 2022-11-17 22:45:30 --> Cannot add or update a child row: a foreign key constraint fails (`simag`.`info_peserta`, CONSTRAINT `info_peserta_ibfk_1` FOREIGN KEY (`userId`) REFERENCES `user` (`id`) ON DELETE CASCADE ON UPDATE CASCADE)
in SYSTEMPATH\Database\MySQLi\Connection.php on line 292.
 1 SYSTEMPATH\Database\MySQLi\Connection.php(292): mysqli->query('INSERT INTO `info_peserta` (`instansi`, `startDate`, `endDate`, `userId`, `pengantar`, `proposal`) VALUES (\'POLIJE\', \'2022-11-18\', \'2022-12-01\', 0, \'/assets/dokumen pengantar/0/LINK PRODUK & DESKRIPSI.pdf\', \'/assets/dokumen proposal/0/LINK PRODUK & DESKRIPSI.pdf\')', 0)
 2 SYSTEMPATH\Database\BaseConnection.php(693): CodeIgniter\Database\MySQLi\Connection->execute('INSERT INTO `info_peserta` (`instansi`, `startDate`, `endDate`, `userId`, `pengantar`, `proposal`) VALUES (\'POLIJE\', \'2022-11-18\', \'2022-12-01\', 0, \'/assets/dokumen pengantar/0/LINK PRODUK & DESKRIPSI.pdf\', \'/assets/dokumen proposal/0/LINK PRODUK & DESKRIPSI.pdf\')')
 3 SYSTEMPATH\Database\BaseConnection.php(620): CodeIgniter\Database\BaseConnection->simpleQuery('INSERT INTO `info_peserta` (`instansi`, `startDate`, `endDate`, `userId`, `pengantar`, `proposal`) VALUES (\'POLIJE\', \'2022-11-18\', \'2022-12-01\', 0, \'/assets/dokumen pengantar/0/LINK PRODUK & DESKRIPSI.pdf\', \'/assets/dokumen proposal/0/LINK PRODUK & DESKRIPSI.pdf\')')
 4 SYSTEMPATH\Database\BaseBuilder.php(1916): CodeIgniter\Database\BaseConnection->query('INSERT INTO `info_peserta` (`instansi`, `startDate`, `endDate`, `userId`, `pengantar`, `proposal`) VALUES (:instansi:, :startDate:, :endDate:, :userId:, :pengantar:, :proposal:)', [...], false)
 5 SYSTEMPATH\Model.php(279): CodeIgniter\Database\BaseBuilder->insert()
 6 SYSTEMPATH\BaseModel.php(748): CodeIgniter\Model->doInsert([...])
 7 SYSTEMPATH\Model.php(667): CodeIgniter\BaseModel->insert([...], false)
 8 SYSTEMPATH\BaseModel.php(658): CodeIgniter\Model->insert([...], false)
 9 APPPATH\Controllers\Notif.php(93): CodeIgniter\BaseModel->save([...])
10 SYSTEMPATH\CodeIgniter.php(902): App\Controllers\Notif->ajukan()
11 SYSTEMPATH\CodeIgniter.php(457): CodeIgniter\CodeIgniter->runController(Object(App\Controllers\Notif))
12 SYSTEMPATH\CodeIgniter.php(340): CodeIgniter\CodeIgniter->handleRequest(null, Object(Config\Cache), false)
13 FCPATH\index.php(67): CodeIgniter\CodeIgniter->run()
14 SYSTEMPATH\Commands\Server\rewrite.php(46): require_once('FCPATH\\index.php')
ERROR - 2022-11-17 22:46:48 --> mysqli_sql_exception: Cannot add or update a child row: a foreign key constraint fails (`simag`.`info_peserta`, CONSTRAINT `info_peserta_ibfk_1` FOREIGN KEY (`userId`) REFERENCES `user` (`id`) ON DELETE CASCADE ON UPDATE CASCADE) in C:\xampp\htdocs\simag\vendor\codeigniter4\framework\system\Database\MySQLi\Connection.php:292
Stack trace:
#0 C:\xampp\htdocs\simag\vendor\codeigniter4\framework\system\Database\MySQLi\Connection.php(292): mysqli->query('INSERT INTO `in...', 0)
#1 C:\xampp\htdocs\simag\vendor\codeigniter4\framework\system\Database\BaseConnection.php(693): CodeIgniter\Database\MySQLi\Connection->execute('INSERT INTO `in...')
#2 C:\xampp\htdocs\simag\vendor\codeigniter4\framework\system\Database\BaseConnection.php(620): CodeIgniter\Database\BaseConnection->simpleQuery('INSERT INTO `in...')
#3 C:\xampp\htdocs\simag\vendor\codeigniter4\framework\system\Database\BaseBuilder.php(1916): CodeIgniter\Database\BaseConnection->query('INSERT INTO `in...', Array, false)
#4 C:\xampp\htdocs\simag\vendor\codeigniter4\framework\system\Model.php(279): CodeIgniter\Database\BaseBuilder->insert()
#5 C:\xampp\htdocs\simag\vendor\codeigniter4\framework\system\BaseModel.php(748): CodeIgniter\Model->doInsert(Array)
#6 C:\xampp\htdocs\simag\vendor\codeigniter4\framework\system\Model.php(667): CodeIgniter\BaseModel->insert(Array, false)
#7 C:\xampp\htdocs\simag\vendor\codeigniter4\framework\system\BaseModel.php(658): CodeIgniter\Model->insert(Array, false)
#8 C:\xampp\htdocs\simag\app\Controllers\Notif.php(93): CodeIgniter\BaseModel->save(Array)
#9 C:\xampp\htdocs\simag\vendor\codeigniter4\framework\system\CodeIgniter.php(902): App\Controllers\Notif->ajukan()
#10 C:\xampp\htdocs\simag\vendor\codeigniter4\framework\system\CodeIgniter.php(457): CodeIgniter\CodeIgniter->runController(Object(App\Controllers\Notif))
#11 C:\xampp\htdocs\simag\vendor\codeigniter4\framework\system\CodeIgniter.php(340): CodeIgniter\CodeIgniter->handleRequest(NULL, Object(Config\Cache), false)
#12 C:\xampp\htdocs\simag\public\index.php(67): CodeIgniter\CodeIgniter->run()
#13 C:\xampp\htdocs\simag\vendor\codeigniter4\framework\system\Commands\Server\rewrite.php(46): require_once('C:\\xampp\\htdocs...')
#14 {main}
CRITICAL - 2022-11-17 22:46:48 --> Cannot add or update a child row: a foreign key constraint fails (`simag`.`info_peserta`, CONSTRAINT `info_peserta_ibfk_1` FOREIGN KEY (`userId`) REFERENCES `user` (`id`) ON DELETE CASCADE ON UPDATE CASCADE)
in SYSTEMPATH\Database\MySQLi\Connection.php on line 292.
 1 SYSTEMPATH\Database\MySQLi\Connection.php(292): mysqli->query('INSERT INTO `info_peserta` (`instansi`, `startDate`, `endDate`, `userId`, `pengantar`, `proposal`) VALUES (\'POLIJE\', \'2022-11-18\', \'2022-12-01\', 0, \'/assets/dokumen pengantar/0/LINK PRODUK & DESKRIPSI.pdf\', \'/assets/dokumen proposal/0/LINK PRODUK & DESKRIPSI.pdf\')', 0)
 2 SYSTEMPATH\Database\BaseConnection.php(693): CodeIgniter\Database\MySQLi\Connection->execute('INSERT INTO `info_peserta` (`instansi`, `startDate`, `endDate`, `userId`, `pengantar`, `proposal`) VALUES (\'POLIJE\', \'2022-11-18\', \'2022-12-01\', 0, \'/assets/dokumen pengantar/0/LINK PRODUK & DESKRIPSI.pdf\', \'/assets/dokumen proposal/0/LINK PRODUK & DESKRIPSI.pdf\')')
 3 SYSTEMPATH\Database\BaseConnection.php(620): CodeIgniter\Database\BaseConnection->simpleQuery('INSERT INTO `info_peserta` (`instansi`, `startDate`, `endDate`, `userId`, `pengantar`, `proposal`) VALUES (\'POLIJE\', \'2022-11-18\', \'2022-12-01\', 0, \'/assets/dokumen pengantar/0/LINK PRODUK & DESKRIPSI.pdf\', \'/assets/dokumen proposal/0/LINK PRODUK & DESKRIPSI.pdf\')')
 4 SYSTEMPATH\Database\BaseBuilder.php(1916): CodeIgniter\Database\BaseConnection->query('INSERT INTO `info_peserta` (`instansi`, `startDate`, `endDate`, `userId`, `pengantar`, `proposal`) VALUES (:instansi:, :startDate:, :endDate:, :userId:, :pengantar:, :proposal:)', [...], false)
 5 SYSTEMPATH\Model.php(279): CodeIgniter\Database\BaseBuilder->insert()
 6 SYSTEMPATH\BaseModel.php(748): CodeIgniter\Model->doInsert([...])
 7 SYSTEMPATH\Model.php(667): CodeIgniter\BaseModel->insert([...], false)
 8 SYSTEMPATH\BaseModel.php(658): CodeIgniter\Model->insert([...], false)
 9 APPPATH\Controllers\Notif.php(93): CodeIgniter\BaseModel->save([...])
10 SYSTEMPATH\CodeIgniter.php(902): App\Controllers\Notif->ajukan()
11 SYSTEMPATH\CodeIgniter.php(457): CodeIgniter\CodeIgniter->runController(Object(App\Controllers\Notif))
12 SYSTEMPATH\CodeIgniter.php(340): CodeIgniter\CodeIgniter->handleRequest(null, Object(Config\Cache), false)
13 FCPATH\index.php(67): CodeIgniter\CodeIgniter->run()
14 SYSTEMPATH\Commands\Server\rewrite.php(46): require_once('FCPATH\\index.php')
