ERROR - 2022-11-25 00:18:04 --> mysqli_sql_exception: Not unique table/alias: 'user' in D:\SIMAG-2.0\vendor\codeigniter4\framework\system\Database\MySQLi\Connection.php:292
Stack trace:
#0 D:\SIMAG-2.0\vendor\codeigniter4\framework\system\Database\MySQLi\Connection.php(292): mysqli->query('SELECT `info_pe...', 0)
#1 D:\SIMAG-2.0\vendor\codeigniter4\framework\system\Database\BaseConnection.php(693): CodeIgniter\Database\MySQLi\Connection->execute('SELECT `info_pe...')
#2 D:\SIMAG-2.0\vendor\codeigniter4\framework\system\Database\BaseConnection.php(620): CodeIgniter\Database\BaseConnection->simpleQuery('SELECT `info_pe...')
#3 D:\SIMAG-2.0\vendor\codeigniter4\framework\system\Database\BaseBuilder.php(1585): CodeIgniter\Database\BaseConnection->query('SELECT `info_pe...', Array, false)
#4 D:\SIMAG-2.0\vendor\codeigniter4\framework\system\Model.php(772): CodeIgniter\Database\BaseBuilder->get()
#5 D:\SIMAG-2.0\app\Controllers\Notif.php(122): CodeIgniter\Model->__call('get', Array)
#6 D:\SIMAG-2.0\vendor\codeigniter4\framework\system\CodeIgniter.php(902): App\Controllers\Notif->pesanAdmin('102')
#7 D:\SIMAG-2.0\vendor\codeigniter4\framework\system\CodeIgniter.php(457): CodeIgniter\CodeIgniter->runController(Object(App\Controllers\Notif))
#8 D:\SIMAG-2.0\vendor\codeigniter4\framework\system\CodeIgniter.php(340): CodeIgniter\CodeIgniter->handleRequest(NULL, Object(Config\Cache), false)
#9 D:\SIMAG-2.0\public\index.php(67): CodeIgniter\CodeIgniter->run()
#10 D:\SIMAG-2.0\vendor\codeigniter4\framework\system\Commands\Server\rewrite.php(46): require_once('D:\\SIMAG-2.0\\pu...')
#11 {main}
CRITICAL - 2022-11-25 00:18:04 --> Not unique table/alias: 'user'
in SYSTEMPATH\Database\MySQLi\Connection.php on line 292.
 1 SYSTEMPATH\Database\MySQLi\Connection.php(292): mysqli->query('SELECT `info_peserta`.`id` as `acid`, `info_peserta`.*, `user`.*
FROM `user`
JOIN `user` ON `info_peserta`.`userId`=`user`.`id`
WHERE `userId` = \'102\'', 0)
 2 SYSTEMPATH\Database\BaseConnection.php(693): CodeIgniter\Database\MySQLi\Connection->execute('SELECT `info_peserta`.`id` as `acid`, `info_peserta`.*, `user`.*
FROM `user`
JOIN `user` ON `info_peserta`.`userId`=`user`.`id`
WHERE `userId` = \'102\'')
 3 SYSTEMPATH\Database\BaseConnection.php(620): CodeIgniter\Database\BaseConnection->simpleQuery('SELECT `info_peserta`.`id` as `acid`, `info_peserta`.*, `user`.*
FROM `user`
JOIN `user` ON `info_peserta`.`userId`=`user`.`id`
WHERE `userId` = \'102\'')
 4 SYSTEMPATH\Database\BaseBuilder.php(1585): CodeIgniter\Database\BaseConnection->query('SELECT `info_peserta`.`id` as `acid`, `info_peserta`.*, `user`.*
FROM `user`
JOIN `user` ON `info_peserta`.`userId`=`user`.`id`
WHERE `userId` = :userId:', [...], false)
 5 SYSTEMPATH\Model.php(772): CodeIgniter\Database\BaseBuilder->get()
 6 APPPATH\Controllers\Notif.php(122): CodeIgniter\Model->__call('get', [])
 7 SYSTEMPATH\CodeIgniter.php(902): App\Controllers\Notif->pesanAdmin('102')
 8 SYSTEMPATH\CodeIgniter.php(457): CodeIgniter\CodeIgniter->runController(Object(App\Controllers\Notif))
 9 SYSTEMPATH\CodeIgniter.php(340): CodeIgniter\CodeIgniter->handleRequest(null, Object(Config\Cache), false)
10 FCPATH\index.php(67): CodeIgniter\CodeIgniter->run()
11 SYSTEMPATH\Commands\Server\rewrite.php(46): require_once('FCPATH\\index.php')
ERROR - 2022-11-25 00:18:31 --> mysqli_sql_exception: Not unique table/alias: 'user' in D:\SIMAG-2.0\vendor\codeigniter4\framework\system\Database\MySQLi\Connection.php:292
Stack trace:
#0 D:\SIMAG-2.0\vendor\codeigniter4\framework\system\Database\MySQLi\Connection.php(292): mysqli->query('SELECT `info_pe...', 0)
#1 D:\SIMAG-2.0\vendor\codeigniter4\framework\system\Database\BaseConnection.php(693): CodeIgniter\Database\MySQLi\Connection->execute('SELECT `info_pe...')
#2 D:\SIMAG-2.0\vendor\codeigniter4\framework\system\Database\BaseConnection.php(620): CodeIgniter\Database\BaseConnection->simpleQuery('SELECT `info_pe...')
#3 D:\SIMAG-2.0\vendor\codeigniter4\framework\system\Database\BaseBuilder.php(1585): CodeIgniter\Database\BaseConnection->query('SELECT `info_pe...', Array, false)
#4 D:\SIMAG-2.0\vendor\codeigniter4\framework\system\Model.php(772): CodeIgniter\Database\BaseBuilder->get()
#5 D:\SIMAG-2.0\app\Controllers\Notif.php(123): CodeIgniter\Model->__call('get', Array)
#6 D:\SIMAG-2.0\vendor\codeigniter4\framework\system\CodeIgniter.php(902): App\Controllers\Notif->pesanAdmin('102')
#7 D:\SIMAG-2.0\vendor\codeigniter4\framework\system\CodeIgniter.php(457): CodeIgniter\CodeIgniter->runController(Object(App\Controllers\Notif))
#8 D:\SIMAG-2.0\vendor\codeigniter4\framework\system\CodeIgniter.php(340): CodeIgniter\CodeIgniter->handleRequest(NULL, Object(Config\Cache), false)
#9 D:\SIMAG-2.0\public\index.php(67): CodeIgniter\CodeIgniter->run()
#10 D:\SIMAG-2.0\vendor\codeigniter4\framework\system\Commands\Server\rewrite.php(46): require_once('D:\\SIMAG-2.0\\pu...')
#11 {main}
CRITICAL - 2022-11-25 00:18:31 --> Not unique table/alias: 'user'
in SYSTEMPATH\Database\MySQLi\Connection.php on line 292.
 1 SYSTEMPATH\Database\MySQLi\Connection.php(292): mysqli->query('SELECT `info_peserta`.`id` as `acid`, `info_peserta`.*, `user`.*
FROM `user`
JOIN `user` ON `info_peserta`.`userId`=`user`.`id`
WHERE `userId` = \'102\'', 0)
 2 SYSTEMPATH\Database\BaseConnection.php(693): CodeIgniter\Database\MySQLi\Connection->execute('SELECT `info_peserta`.`id` as `acid`, `info_peserta`.*, `user`.*
FROM `user`
JOIN `user` ON `info_peserta`.`userId`=`user`.`id`
WHERE `userId` = \'102\'')
 3 SYSTEMPATH\Database\BaseConnection.php(620): CodeIgniter\Database\BaseConnection->simpleQuery('SELECT `info_peserta`.`id` as `acid`, `info_peserta`.*, `user`.*
FROM `user`
JOIN `user` ON `info_peserta`.`userId`=`user`.`id`
WHERE `userId` = \'102\'')
 4 SYSTEMPATH\Database\BaseBuilder.php(1585): CodeIgniter\Database\BaseConnection->query('SELECT `info_peserta`.`id` as `acid`, `info_peserta`.*, `user`.*
FROM `user`
JOIN `user` ON `info_peserta`.`userId`=`user`.`id`
WHERE `userId` = :userId:', [...], false)
 5 SYSTEMPATH\Model.php(772): CodeIgniter\Database\BaseBuilder->get()
 6 APPPATH\Controllers\Notif.php(123): CodeIgniter\Model->__call('get', [])
 7 SYSTEMPATH\CodeIgniter.php(902): App\Controllers\Notif->pesanAdmin('102')
 8 SYSTEMPATH\CodeIgniter.php(457): CodeIgniter\CodeIgniter->runController(Object(App\Controllers\Notif))
 9 SYSTEMPATH\CodeIgniter.php(340): CodeIgniter\CodeIgniter->handleRequest(null, Object(Config\Cache), false)
10 FCPATH\index.php(67): CodeIgniter\CodeIgniter->run()
11 SYSTEMPATH\Commands\Server\rewrite.php(46): require_once('FCPATH\\index.php')
CRITICAL - 2022-11-25 00:19:42 --> Undefined variable $id
in APPPATH\Views\spadmin\pesan.php on line 18.
 1 APPPATH\Views\spadmin\pesan.php(18): CodeIgniter\Debug\Exceptions->errorHandler(2, 'Undefined variable $id', 'APPPATH\\Views\\spadmin\\pesan.php', 18)
 2 SYSTEMPATH\View\View.php(213): include('APPPATH\\Views\\spadmin\\pesan.php')
 3 SYSTEMPATH\View\View.php(216): CodeIgniter\View\View->CodeIgniter\View\{closure}()
 4 SYSTEMPATH\Common.php(1142): CodeIgniter\View\View->render('spadmin/pesan.php', [], true)
 5 APPPATH\Controllers\Notif.php(129): view('spadmin/pesan.php', [...])
 6 SYSTEMPATH\CodeIgniter.php(902): App\Controllers\Notif->pesanAdmin('102')
 7 SYSTEMPATH\CodeIgniter.php(457): CodeIgniter\CodeIgniter->runController(Object(App\Controllers\Notif))
 8 SYSTEMPATH\CodeIgniter.php(340): CodeIgniter\CodeIgniter->handleRequest(null, Object(Config\Cache), false)
 9 FCPATH\index.php(67): CodeIgniter\CodeIgniter->run()
10 SYSTEMPATH\Commands\Server\rewrite.php(46): require_once('FCPATH\\index.php')
CRITICAL - 2022-11-25 00:23:29 --> Undefined variable $id
in APPPATH\Views\spadmin\pesan.php on line 18.
 1 APPPATH\Views\spadmin\pesan.php(18): CodeIgniter\Debug\Exceptions->errorHandler(2, 'Undefined variable $id', 'APPPATH\\Views\\spadmin\\pesan.php', 18)
 2 SYSTEMPATH\View\View.php(213): include('APPPATH\\Views\\spadmin\\pesan.php')
 3 SYSTEMPATH\View\View.php(216): CodeIgniter\View\View->CodeIgniter\View\{closure}()
 4 SYSTEMPATH\Common.php(1142): CodeIgniter\View\View->render('spadmin/pesan.php', [], true)
 5 APPPATH\Controllers\Notif.php(129): view('spadmin/pesan.php', [...])
 6 SYSTEMPATH\CodeIgniter.php(902): App\Controllers\Notif->pesanAdmin('102')
 7 SYSTEMPATH\CodeIgniter.php(457): CodeIgniter\CodeIgniter->runController(Object(App\Controllers\Notif))
 8 SYSTEMPATH\CodeIgniter.php(340): CodeIgniter\CodeIgniter->handleRequest(null, Object(Config\Cache), false)
 9 FCPATH\index.php(67): CodeIgniter\CodeIgniter->run()
10 SYSTEMPATH\Commands\Server\rewrite.php(46): require_once('FCPATH\\index.php')
CRITICAL - 2022-11-25 00:24:54 --> Undefined variable $id
in APPPATH\Views\spadmin\pesan.php on line 18.
 1 APPPATH\Views\spadmin\pesan.php(18): CodeIgniter\Debug\Exceptions->errorHandler(2, 'Undefined variable $id', 'APPPATH\\Views\\spadmin\\pesan.php', 18)
 2 SYSTEMPATH\View\View.php(213): include('APPPATH\\Views\\spadmin\\pesan.php')
 3 SYSTEMPATH\View\View.php(216): CodeIgniter\View\View->CodeIgniter\View\{closure}()
 4 SYSTEMPATH\Common.php(1142): CodeIgniter\View\View->render('spadmin/pesan.php', [], true)
 5 APPPATH\Controllers\Notif.php(129): view('spadmin/pesan.php', [...])
 6 SYSTEMPATH\CodeIgniter.php(902): App\Controllers\Notif->pesanAdmin('102')
 7 SYSTEMPATH\CodeIgniter.php(457): CodeIgniter\CodeIgniter->runController(Object(App\Controllers\Notif))
 8 SYSTEMPATH\CodeIgniter.php(340): CodeIgniter\CodeIgniter->handleRequest(null, Object(Config\Cache), false)
 9 FCPATH\index.php(67): CodeIgniter\CodeIgniter->run()
10 SYSTEMPATH\Commands\Server\rewrite.php(46): require_once('FCPATH\\index.php')
CRITICAL - 2022-11-25 00:25:05 --> Array to string conversion
in APPPATH\Views\peserta\pesan.php on line 12.
 1 APPPATH\Views\peserta\pesan.php(12): CodeIgniter\Debug\Exceptions->errorHandler(2, 'Array to string conversion', 'APPPATH\\Views\\peserta\\pesan.php', 12)
 2 SYSTEMPATH\View\View.php(213): include('APPPATH\\Views\\peserta\\pesan.php')
 3 SYSTEMPATH\View\View.php(216): CodeIgniter\View\View->CodeIgniter\View\{closure}()
 4 SYSTEMPATH\Common.php(1142): CodeIgniter\View\View->render('peserta/pesan.php', [], true)
 5 APPPATH\Controllers\Notif.php(129): view('peserta/pesan.php', [...])
 6 SYSTEMPATH\CodeIgniter.php(902): App\Controllers\Notif->pesanAdmin('102')
 7 SYSTEMPATH\CodeIgniter.php(457): CodeIgniter\CodeIgniter->runController(Object(App\Controllers\Notif))
 8 SYSTEMPATH\CodeIgniter.php(340): CodeIgniter\CodeIgniter->handleRequest(null, Object(Config\Cache), false)
 9 FCPATH\index.php(67): CodeIgniter\CodeIgniter->run()
10 SYSTEMPATH\Commands\Server\rewrite.php(46): require_once('FCPATH\\index.php')
CRITICAL - 2022-11-25 00:25:38 --> Undefined variable $data
in APPPATH\Views\peserta\pesan.php on line 12.
 1 APPPATH\Views\peserta\pesan.php(12): CodeIgniter\Debug\Exceptions->errorHandler(2, 'Undefined variable $data', 'APPPATH\\Views\\peserta\\pesan.php', 12)
 2 SYSTEMPATH\View\View.php(213): include('APPPATH\\Views\\peserta\\pesan.php')
 3 SYSTEMPATH\View\View.php(216): CodeIgniter\View\View->CodeIgniter\View\{closure}()
 4 SYSTEMPATH\Common.php(1142): CodeIgniter\View\View->render('peserta/pesan.php', [], true)
 5 APPPATH\Controllers\Notif.php(129): view('peserta/pesan.php', [...])
 6 SYSTEMPATH\CodeIgniter.php(902): App\Controllers\Notif->pesanAdmin('102')
 7 SYSTEMPATH\CodeIgniter.php(457): CodeIgniter\CodeIgniter->runController(Object(App\Controllers\Notif))
 8 SYSTEMPATH\CodeIgniter.php(340): CodeIgniter\CodeIgniter->handleRequest(null, Object(Config\Cache), false)
 9 FCPATH\index.php(67): CodeIgniter\CodeIgniter->run()
10 SYSTEMPATH\Commands\Server\rewrite.php(46): require_once('FCPATH\\index.php')
CRITICAL - 2022-11-25 00:25:48 --> Undefined variable $data
in APPPATH\Views\peserta\pesan.php on line 12.
 1 APPPATH\Views\peserta\pesan.php(12): CodeIgniter\Debug\Exceptions->errorHandler(2, 'Undefined variable $data', 'APPPATH\\Views\\peserta\\pesan.php', 12)
 2 SYSTEMPATH\View\View.php(213): include('APPPATH\\Views\\peserta\\pesan.php')
 3 SYSTEMPATH\View\View.php(216): CodeIgniter\View\View->CodeIgniter\View\{closure}()
 4 SYSTEMPATH\Common.php(1142): CodeIgniter\View\View->render('peserta/pesan.php', [], true)
 5 APPPATH\Controllers\Notif.php(129): view('peserta/pesan.php', [...])
 6 SYSTEMPATH\CodeIgniter.php(902): App\Controllers\Notif->pesanAdmin('102')
 7 SYSTEMPATH\CodeIgniter.php(457): CodeIgniter\CodeIgniter->runController(Object(App\Controllers\Notif))
 8 SYSTEMPATH\CodeIgniter.php(340): CodeIgniter\CodeIgniter->handleRequest(null, Object(Config\Cache), false)
 9 FCPATH\index.php(67): CodeIgniter\CodeIgniter->run()
10 SYSTEMPATH\Commands\Server\rewrite.php(46): require_once('FCPATH\\index.php')
CRITICAL - 2022-11-25 00:27:22 --> Undefined variable $aktif
in APPPATH\Views\peserta\pesan.php on line 12.
 1 APPPATH\Views\peserta\pesan.php(12): CodeIgniter\Debug\Exceptions->errorHandler(2, 'Undefined variable $aktif', 'APPPATH\\Views\\peserta\\pesan.php', 12)
 2 SYSTEMPATH\View\View.php(213): include('APPPATH\\Views\\peserta\\pesan.php')
 3 SYSTEMPATH\View\View.php(216): CodeIgniter\View\View->CodeIgniter\View\{closure}()
 4 SYSTEMPATH\Common.php(1142): CodeIgniter\View\View->render('peserta/pesan.php', [], true)
 5 APPPATH\Controllers\Notif.php(129): view('peserta/pesan.php', [...])
 6 SYSTEMPATH\CodeIgniter.php(902): App\Controllers\Notif->pesanAdmin('102')
 7 SYSTEMPATH\CodeIgniter.php(457): CodeIgniter\CodeIgniter->runController(Object(App\Controllers\Notif))
 8 SYSTEMPATH\CodeIgniter.php(340): CodeIgniter\CodeIgniter->handleRequest(null, Object(Config\Cache), false)
 9 FCPATH\index.php(67): CodeIgniter\CodeIgniter->run()
10 SYSTEMPATH\Commands\Server\rewrite.php(46): require_once('FCPATH\\index.php')
CRITICAL - 2022-11-25 00:27:40 --> Undefined array key "ket"
in APPPATH\Views\peserta\pesan.php on line 12.
 1 APPPATH\Views\peserta\pesan.php(12): CodeIgniter\Debug\Exceptions->errorHandler(2, 'Undefined array key "ket"', 'APPPATH\\Views\\peserta\\pesan.php', 12)
 2 SYSTEMPATH\View\View.php(213): include('APPPATH\\Views\\peserta\\pesan.php')
 3 SYSTEMPATH\View\View.php(216): CodeIgniter\View\View->CodeIgniter\View\{closure}()
 4 SYSTEMPATH\Common.php(1142): CodeIgniter\View\View->render('peserta/pesan.php', [], true)
 5 APPPATH\Controllers\Notif.php(129): view('peserta/pesan.php', [...])
 6 SYSTEMPATH\CodeIgniter.php(902): App\Controllers\Notif->pesanAdmin('102')
 7 SYSTEMPATH\CodeIgniter.php(457): CodeIgniter\CodeIgniter->runController(Object(App\Controllers\Notif))
 8 SYSTEMPATH\CodeIgniter.php(340): CodeIgniter\CodeIgniter->handleRequest(null, Object(Config\Cache), false)
 9 FCPATH\index.php(67): CodeIgniter\CodeIgniter->run()
10 SYSTEMPATH\Commands\Server\rewrite.php(46): require_once('FCPATH\\index.php')
CRITICAL - 2022-11-25 00:32:10 --> Undefined array key "ket"
in APPPATH\Views\peserta\pesan.php on line 12.
 1 APPPATH\Views\peserta\pesan.php(12): CodeIgniter\Debug\Exceptions->errorHandler(2, 'Undefined array key "ket"', 'APPPATH\\Views\\peserta\\pesan.php', 12)
 2 SYSTEMPATH\View\View.php(213): include('APPPATH\\Views\\peserta\\pesan.php')
 3 SYSTEMPATH\View\View.php(216): CodeIgniter\View\View->CodeIgniter\View\{closure}()
 4 SYSTEMPATH\Common.php(1142): CodeIgniter\View\View->render('peserta/pesan.php', [], true)
 5 APPPATH\Controllers\Notif.php(131): view('peserta/pesan.php', [...])
 6 SYSTEMPATH\CodeIgniter.php(902): App\Controllers\Notif->pesanAdmin('102')
 7 SYSTEMPATH\CodeIgniter.php(457): CodeIgniter\CodeIgniter->runController(Object(App\Controllers\Notif))
 8 SYSTEMPATH\CodeIgniter.php(340): CodeIgniter\CodeIgniter->handleRequest(null, Object(Config\Cache), false)
 9 FCPATH\index.php(67): CodeIgniter\CodeIgniter->run()
10 SYSTEMPATH\Commands\Server\rewrite.php(46): require_once('FCPATH\\index.php')
CRITICAL - 2022-11-25 00:32:37 --> Array to string conversion
in APPPATH\Views\peserta\pesan.php on line 12.
 1 APPPATH\Views\peserta\pesan.php(12): CodeIgniter\Debug\Exceptions->errorHandler(2, 'Array to string conversion', 'APPPATH\\Views\\peserta\\pesan.php', 12)
 2 SYSTEMPATH\View\View.php(213): include('APPPATH\\Views\\peserta\\pesan.php')
 3 SYSTEMPATH\View\View.php(216): CodeIgniter\View\View->CodeIgniter\View\{closure}()
 4 SYSTEMPATH\Common.php(1142): CodeIgniter\View\View->render('peserta/pesan.php', [], true)
 5 APPPATH\Controllers\Notif.php(131): view('peserta/pesan.php', [...])
 6 SYSTEMPATH\CodeIgniter.php(902): App\Controllers\Notif->pesanAdmin('102')
 7 SYSTEMPATH\CodeIgniter.php(457): CodeIgniter\CodeIgniter->runController(Object(App\Controllers\Notif))
 8 SYSTEMPATH\CodeIgniter.php(340): CodeIgniter\CodeIgniter->handleRequest(null, Object(Config\Cache), false)
 9 FCPATH\index.php(67): CodeIgniter\CodeIgniter->run()
10 SYSTEMPATH\Commands\Server\rewrite.php(46): require_once('FCPATH\\index.php')
CRITICAL - 2022-11-25 00:32:49 --> Undefined array key "id"
in APPPATH\Views\peserta\pesan.php on line 12.
 1 APPPATH\Views\peserta\pesan.php(12): CodeIgniter\Debug\Exceptions->errorHandler(2, 'Undefined array key "id"', 'APPPATH\\Views\\peserta\\pesan.php', 12)
 2 SYSTEMPATH\View\View.php(213): include('APPPATH\\Views\\peserta\\pesan.php')
 3 SYSTEMPATH\View\View.php(216): CodeIgniter\View\View->CodeIgniter\View\{closure}()
 4 SYSTEMPATH\Common.php(1142): CodeIgniter\View\View->render('peserta/pesan.php', [], true)
 5 APPPATH\Controllers\Notif.php(131): view('peserta/pesan.php', [...])
 6 SYSTEMPATH\CodeIgniter.php(902): App\Controllers\Notif->pesanAdmin('102')
 7 SYSTEMPATH\CodeIgniter.php(457): CodeIgniter\CodeIgniter->runController(Object(App\Controllers\Notif))
 8 SYSTEMPATH\CodeIgniter.php(340): CodeIgniter\CodeIgniter->handleRequest(null, Object(Config\Cache), false)
 9 FCPATH\index.php(67): CodeIgniter\CodeIgniter->run()
10 SYSTEMPATH\Commands\Server\rewrite.php(46): require_once('FCPATH\\index.php')
CRITICAL - 2022-11-25 00:32:54 --> Undefined array key "foto"
in APPPATH\Views\peserta\pesan.php on line 12.
 1 APPPATH\Views\peserta\pesan.php(12): CodeIgniter\Debug\Exceptions->errorHandler(2, 'Undefined array key "foto"', 'APPPATH\\Views\\peserta\\pesan.php', 12)
 2 SYSTEMPATH\View\View.php(213): include('APPPATH\\Views\\peserta\\pesan.php')
 3 SYSTEMPATH\View\View.php(216): CodeIgniter\View\View->CodeIgniter\View\{closure}()
 4 SYSTEMPATH\Common.php(1142): CodeIgniter\View\View->render('peserta/pesan.php', [], true)
 5 APPPATH\Controllers\Notif.php(131): view('peserta/pesan.php', [...])
 6 SYSTEMPATH\CodeIgniter.php(902): App\Controllers\Notif->pesanAdmin('102')
 7 SYSTEMPATH\CodeIgniter.php(457): CodeIgniter\CodeIgniter->runController(Object(App\Controllers\Notif))
 8 SYSTEMPATH\CodeIgniter.php(340): CodeIgniter\CodeIgniter->handleRequest(null, Object(Config\Cache), false)
 9 FCPATH\index.php(67): CodeIgniter\CodeIgniter->run()
10 SYSTEMPATH\Commands\Server\rewrite.php(46): require_once('FCPATH\\index.php')
CRITICAL - 2022-11-25 00:43:37 --> Undefined array key "instasi"
in APPPATH\Views\peserta\statuspengajuan.php on line 12.
 1 APPPATH\Views\peserta\statuspengajuan.php(12): CodeIgniter\Debug\Exceptions->errorHandler(2, 'Undefined array key "instasi"', 'APPPATH\\Views\\peserta\\statuspengajuan.php', 12)
 2 SYSTEMPATH\View\View.php(213): include('APPPATH\\Views\\peserta\\statuspengajuan.php')
 3 SYSTEMPATH\View\View.php(216): CodeIgniter\View\View->CodeIgniter\View\{closure}()
 4 SYSTEMPATH\Common.php(1142): CodeIgniter\View\View->render('peserta/statuspengajuan.php', [], true)
 5 APPPATH\Controllers\Notif.php(113): view('peserta/statuspengajuan.php', [...])
 6 SYSTEMPATH\CodeIgniter.php(902): App\Controllers\Notif->dataPengajuan('102')
 7 SYSTEMPATH\CodeIgniter.php(457): CodeIgniter\CodeIgniter->runController(Object(App\Controllers\Notif))
 8 SYSTEMPATH\CodeIgniter.php(340): CodeIgniter\CodeIgniter->handleRequest(null, Object(Config\Cache), false)
 9 FCPATH\index.php(67): CodeIgniter\CodeIgniter->run()
10 SYSTEMPATH\Commands\Server\rewrite.php(46): require_once('FCPATH\\index.php')
CRITICAL - 2022-11-25 00:43:54 --> Undefined array key "keterangan"
in APPPATH\Views\peserta\statuspengajuan.php on line 13.
 1 APPPATH\Views\peserta\statuspengajuan.php(13): CodeIgniter\Debug\Exceptions->errorHandler(2, 'Undefined array key "keterangan"', 'APPPATH\\Views\\peserta\\statuspengajuan.php', 13)
 2 SYSTEMPATH\View\View.php(213): include('APPPATH\\Views\\peserta\\statuspengajuan.php')
 3 SYSTEMPATH\View\View.php(216): CodeIgniter\View\View->CodeIgniter\View\{closure}()
 4 SYSTEMPATH\Common.php(1142): CodeIgniter\View\View->render('peserta/statuspengajuan.php', [], true)
 5 APPPATH\Controllers\Notif.php(113): view('peserta/statuspengajuan.php', [...])
 6 SYSTEMPATH\CodeIgniter.php(902): App\Controllers\Notif->dataPengajuan('102')
 7 SYSTEMPATH\CodeIgniter.php(457): CodeIgniter\CodeIgniter->runController(Object(App\Controllers\Notif))
 8 SYSTEMPATH\CodeIgniter.php(340): CodeIgniter\CodeIgniter->handleRequest(null, Object(Config\Cache), false)
 9 FCPATH\index.php(67): CodeIgniter\CodeIgniter->run()
10 SYSTEMPATH\Commands\Server\rewrite.php(46): require_once('FCPATH\\index.php')
