CRITICAL - 2022-11-27 21:03:20 --> view(): Argument #2 ($data) must be of type array, CodeIgniter\Database\MySQLi\Result given, called in D:\SIMAG-2.0\app\Controllers\DivisiController.php on line 18
in SYSTEMPATH\Common.php on line 1128.
 1 APPPATH\Controllers\DivisiController.php(18): view('pembimbing/divisi/index', Object(CodeIgniter\Database\MySQLi\Result))
 2 SYSTEMPATH\CodeIgniter.php(902): App\Controllers\DivisiController->index()
 3 SYSTEMPATH\CodeIgniter.php(457): CodeIgniter\CodeIgniter->runController(Object(App\Controllers\DivisiController))
 4 SYSTEMPATH\CodeIgniter.php(340): CodeIgniter\CodeIgniter->handleRequest(null, Object(Config\Cache), false)
 5 FCPATH\index.php(67): CodeIgniter\CodeIgniter->run()
 6 SYSTEMPATH\Commands\Server\rewrite.php(46): require_once('FCPATH\\index.php')
CRITICAL - 2022-11-27 21:03:38 --> Call to undefined method CodeIgniter\Database\MySQLi\Result::get()
in APPPATH\Controllers\DivisiController.php on line 13.
 1 SYSTEMPATH\CodeIgniter.php(902): App\Controllers\DivisiController->index()
 2 SYSTEMPATH\CodeIgniter.php(457): CodeIgniter\CodeIgniter->runController(Object(App\Controllers\DivisiController))
 3 SYSTEMPATH\CodeIgniter.php(340): CodeIgniter\CodeIgniter->handleRequest(null, Object(Config\Cache), false)
 4 FCPATH\index.php(67): CodeIgniter\CodeIgniter->run()
 5 SYSTEMPATH\Commands\Server\rewrite.php(46): require_once('FCPATH\\index.php')
CRITICAL - 2022-11-27 21:03:50 --> Undefined variable $data
in APPPATH\Views\pembimbing\divisi\index.php on line 22.
 1 APPPATH\Views\pembimbing\divisi\index.php(22): CodeIgniter\Debug\Exceptions->errorHandler(2, 'Undefined variable $data', 'APPPATH\\Views\\pembimbing\\divisi\\index.php', 22)
 2 SYSTEMPATH\View\View.php(213): include('APPPATH\\Views\\pembimbing\\divisi\\index.php')
 3 SYSTEMPATH\View\View.php(216): CodeIgniter\View\View->CodeIgniter\View\{closure}()
 4 SYSTEMPATH\Common.php(1142): CodeIgniter\View\View->render('pembimbing/divisi/index', [], true)
 5 APPPATH\Controllers\DivisiController.php(18): view('pembimbing/divisi/index', [])
 6 SYSTEMPATH\CodeIgniter.php(902): App\Controllers\DivisiController->index()
 7 SYSTEMPATH\CodeIgniter.php(457): CodeIgniter\CodeIgniter->runController(Object(App\Controllers\DivisiController))
 8 SYSTEMPATH\CodeIgniter.php(340): CodeIgniter\CodeIgniter->handleRequest(null, Object(Config\Cache), false)
 9 FCPATH\index.php(67): CodeIgniter\CodeIgniter->run()
10 SYSTEMPATH\Commands\Server\rewrite.php(46): require_once('FCPATH\\index.php')
CRITICAL - 2022-11-27 21:04:28 --> Undefined variable $data
in APPPATH\Views\pembimbing\divisi\index.php on line 22.
 1 APPPATH\Views\pembimbing\divisi\index.php(22): CodeIgniter\Debug\Exceptions->errorHandler(2, 'Undefined variable $data', 'APPPATH\\Views\\pembimbing\\divisi\\index.php', 22)
 2 SYSTEMPATH\View\View.php(213): include('APPPATH\\Views\\pembimbing\\divisi\\index.php')
 3 SYSTEMPATH\View\View.php(216): CodeIgniter\View\View->CodeIgniter\View\{closure}()
 4 SYSTEMPATH\Common.php(1142): CodeIgniter\View\View->render('pembimbing/divisi/index', [], true)
 5 APPPATH\Controllers\DivisiController.php(19): view('pembimbing/divisi/index', [...])
 6 SYSTEMPATH\CodeIgniter.php(902): App\Controllers\DivisiController->index()
 7 SYSTEMPATH\CodeIgniter.php(457): CodeIgniter\CodeIgniter->runController(Object(App\Controllers\DivisiController))
 8 SYSTEMPATH\CodeIgniter.php(340): CodeIgniter\CodeIgniter->handleRequest(null, Object(Config\Cache), false)
 9 FCPATH\index.php(67): CodeIgniter\CodeIgniter->run()
10 SYSTEMPATH\Commands\Server\rewrite.php(46): require_once('FCPATH\\index.php')
CRITICAL - 2022-11-27 21:07:17 --> Undefined variable $value
in APPPATH\Views\pembimbing\divisi\index.php on line 9.
 1 APPPATH\Views\pembimbing\divisi\index.php(9): CodeIgniter\Debug\Exceptions->errorHandler(2, 'Undefined variable $value', 'APPPATH\\Views\\pembimbing\\divisi\\index.php', 9)
 2 SYSTEMPATH\View\View.php(213): include('APPPATH\\Views\\pembimbing\\divisi\\index.php')
 3 SYSTEMPATH\View\View.php(216): CodeIgniter\View\View->CodeIgniter\View\{closure}()
 4 SYSTEMPATH\Common.php(1142): CodeIgniter\View\View->render('pembimbing/divisi/index', [], true)
 5 APPPATH\Controllers\DivisiController.php(19): view('pembimbing/divisi/index', [...])
 6 SYSTEMPATH\CodeIgniter.php(902): App\Controllers\DivisiController->index()
 7 SYSTEMPATH\CodeIgniter.php(457): CodeIgniter\CodeIgniter->runController(Object(App\Controllers\DivisiController))
 8 SYSTEMPATH\CodeIgniter.php(340): CodeIgniter\CodeIgniter->handleRequest(null, Object(Config\Cache), false)
 9 FCPATH\index.php(67): CodeIgniter\CodeIgniter->run()
10 SYSTEMPATH\Commands\Server\rewrite.php(46): require_once('FCPATH\\index.php')
CRITICAL - 2022-11-27 21:11:41 --> Invalid file: .php
in SYSTEMPATH\Exceptions\FrameworkException.php on line 33.
 1 SYSTEMPATH\View\View.php(201): CodeIgniter\Exceptions\FrameworkException::forInvalidFile('.php')
 2 SYSTEMPATH\Common.php(1142): CodeIgniter\View\View->render('ROOTPATH\\public', [], true)
 3 APPPATH\Controllers\DivisiController.php(35): view('ROOTPATH\\public')
 4 SYSTEMPATH\CodeIgniter.php(902): App\Controllers\DivisiController->insert()
 5 SYSTEMPATH\CodeIgniter.php(457): CodeIgniter\CodeIgniter->runController(Object(App\Controllers\DivisiController))
 6 SYSTEMPATH\CodeIgniter.php(340): CodeIgniter\CodeIgniter->handleRequest(null, Object(Config\Cache), false)
 7 FCPATH\index.php(67): CodeIgniter\CodeIgniter->run()
 8 SYSTEMPATH\Commands\Server\rewrite.php(46): require_once('FCPATH\\index.php')
CRITICAL - 2022-11-27 21:12:23 --> Invalid file: .php
in SYSTEMPATH\Exceptions\FrameworkException.php on line 33.
 1 SYSTEMPATH\View\View.php(201): CodeIgniter\Exceptions\FrameworkException::forInvalidFile('.php')
 2 SYSTEMPATH\Common.php(1142): CodeIgniter\View\View->render('ROOTPATH\\public', [], true)
 3 APPPATH\Controllers\DivisiController.php(35): view('ROOTPATH\\public')
 4 SYSTEMPATH\CodeIgniter.php(902): App\Controllers\DivisiController->insert()
 5 SYSTEMPATH\CodeIgniter.php(457): CodeIgniter\CodeIgniter->runController(Object(App\Controllers\DivisiController))
 6 SYSTEMPATH\CodeIgniter.php(340): CodeIgniter\CodeIgniter->handleRequest(null, Object(Config\Cache), false)
 7 FCPATH\index.php(67): CodeIgniter\CodeIgniter->run()
 8 SYSTEMPATH\Commands\Server\rewrite.php(46): require_once('FCPATH\\index.php')
CRITICAL - 2022-11-27 21:13:16 --> Undefined variable $data
in APPPATH\Controllers\DivisiController.php on line 38.
 1 APPPATH\Controllers\DivisiController.php(38): CodeIgniter\Debug\Exceptions->errorHandler(2, 'Undefined variable $data', 'APPPATH\\Controllers\\DivisiController.php', 38)
 2 SYSTEMPATH\CodeIgniter.php(902): App\Controllers\DivisiController->insert()
 3 SYSTEMPATH\CodeIgniter.php(457): CodeIgniter\CodeIgniter->runController(Object(App\Controllers\DivisiController))
 4 SYSTEMPATH\CodeIgniter.php(340): CodeIgniter\CodeIgniter->handleRequest(null, Object(Config\Cache), false)
 5 FCPATH\index.php(67): CodeIgniter\CodeIgniter->run()
 6 SYSTEMPATH\Commands\Server\rewrite.php(46): require_once('FCPATH\\index.php')
CRITICAL - 2022-11-27 21:16:12 --> Cannot use object of type stdClass as array
in APPPATH\Views\pembimbing\divisi\index.php on line 27.
 1 SYSTEMPATH\View\View.php(213): include()
 2 SYSTEMPATH\View\View.php(216): CodeIgniter\View\View->CodeIgniter\View\{closure}()
 3 SYSTEMPATH\Common.php(1142): CodeIgniter\View\View->render('pembimbing/divisi/index', [], true)
 4 APPPATH\Controllers\DivisiController.php(19): view('pembimbing/divisi/index', [...])
 5 SYSTEMPATH\CodeIgniter.php(902): App\Controllers\DivisiController->index()
 6 SYSTEMPATH\CodeIgniter.php(457): CodeIgniter\CodeIgniter->runController(Object(App\Controllers\DivisiController))
 7 SYSTEMPATH\CodeIgniter.php(340): CodeIgniter\CodeIgniter->handleRequest(null, Object(Config\Cache), false)
 8 FCPATH\index.php(67): CodeIgniter\CodeIgniter->run()
 9 SYSTEMPATH\Commands\Server\rewrite.php(46): require_once('FCPATH\\index.php')
CRITICAL - 2022-11-27 21:18:23 --> Call to undefined function App\Controllers\isser()
in APPPATH\Controllers\DivisiController.php on line 44.
 1 SYSTEMPATH\CodeIgniter.php(902): App\Controllers\DivisiController->update('1')
 2 SYSTEMPATH\CodeIgniter.php(457): CodeIgniter\CodeIgniter->runController(Object(App\Controllers\DivisiController))
 3 SYSTEMPATH\CodeIgniter.php(340): CodeIgniter\CodeIgniter->handleRequest(null, Object(Config\Cache), false)
 4 FCPATH\index.php(67): CodeIgniter\CodeIgniter->run()
 5 SYSTEMPATH\Commands\Server\rewrite.php(46): require_once('FCPATH\\index.php')
CRITICAL - 2022-11-27 21:37:54 --> syntax error, unexpected token "]", expecting identifier or variable or "{" or "$"
in APPPATH\Controllers\DivisiController.php on line 87.
 1 SYSTEMPATH\Autoloader\Autoloader.php(259): CodeIgniter\Autoloader\Autoloader->includeFile('APPPATH\\Controllers\\DivisiController.php')
 2 SYSTEMPATH\Autoloader\Autoloader.php(237): CodeIgniter\Autoloader\Autoloader->loadInNamespace('App\\Controllers\\DivisiController')
 3 [internal function]: CodeIgniter\Autoloader\Autoloader->loadClass('App\\Controllers\\DivisiController')
 4 SYSTEMPATH\CodeIgniter.php(852): class_exists('\\App\\Controllers\\DivisiController', true)
 5 SYSTEMPATH\CodeIgniter.php(444): CodeIgniter\CodeIgniter->startController()
 6 SYSTEMPATH\CodeIgniter.php(340): CodeIgniter\CodeIgniter->handleRequest(null, Object(Config\Cache), false)
 7 FCPATH\index.php(67): CodeIgniter\CodeIgniter->run()
 8 SYSTEMPATH\Commands\Server\rewrite.php(46): require_once('FCPATH\\index.php')
CRITICAL - 2022-11-27 21:38:13 --> Undefined property: mysqli::$name
in APPPATH\Views\pembimbing\divisi\index.php on line 27.
 1 APPPATH\Views\pembimbing\divisi\index.php(27): CodeIgniter\Debug\Exceptions->errorHandler(2, 'Undefined property: mysqli::$name', 'APPPATH\\Views\\pembimbing\\divisi\\index.php', 27)
 2 SYSTEMPATH\View\View.php(213): include('APPPATH\\Views\\pembimbing\\divisi\\index.php')
 3 SYSTEMPATH\View\View.php(216): CodeIgniter\View\View->CodeIgniter\View\{closure}()
 4 SYSTEMPATH\Common.php(1142): CodeIgniter\View\View->render('pembimbing/divisi/index', [], true)
 5 APPPATH\Controllers\DivisiController.php(19): view('pembimbing/divisi/index', [...])
 6 SYSTEMPATH\CodeIgniter.php(902): App\Controllers\DivisiController->index()
 7 SYSTEMPATH\CodeIgniter.php(457): CodeIgniter\CodeIgniter->runController(Object(App\Controllers\DivisiController))
 8 SYSTEMPATH\CodeIgniter.php(340): CodeIgniter\CodeIgniter->handleRequest(null, Object(Config\Cache), false)
 9 FCPATH\index.php(67): CodeIgniter\CodeIgniter->run()
10 SYSTEMPATH\Commands\Server\rewrite.php(46): require_once('FCPATH\\index.php')
CRITICAL - 2022-11-27 22:17:20 --> Undefined property: mysqli::$name
in APPPATH\Views\pembimbing\divisi\index.php on line 27.
 1 APPPATH\Views\pembimbing\divisi\index.php(27): CodeIgniter\Debug\Exceptions->errorHandler(2, 'Undefined property: mysqli::$name', 'APPPATH\\Views\\pembimbing\\divisi\\index.php', 27)
 2 SYSTEMPATH\View\View.php(213): include('APPPATH\\Views\\pembimbing\\divisi\\index.php')
 3 SYSTEMPATH\View\View.php(216): CodeIgniter\View\View->CodeIgniter\View\{closure}()
 4 SYSTEMPATH\Common.php(1142): CodeIgniter\View\View->render('pembimbing/divisi/index', [], true)
 5 APPPATH\Controllers\DivisiController.php(19): view('pembimbing/divisi/index', [...])
 6 SYSTEMPATH\CodeIgniter.php(902): App\Controllers\DivisiController->index()
 7 SYSTEMPATH\CodeIgniter.php(457): CodeIgniter\CodeIgniter->runController(Object(App\Controllers\DivisiController))
 8 SYSTEMPATH\CodeIgniter.php(340): CodeIgniter\CodeIgniter->handleRequest(null, Object(Config\Cache), false)
 9 FCPATH\index.php(67): CodeIgniter\CodeIgniter->run()
10 SYSTEMPATH\Commands\Server\rewrite.php(46): require_once('FCPATH\\index.php')
