CRITICAL - 2022-11-18 03:44:27 --> Undefined array key "access_token"
in APPPATH\Controllers\AuthGoogle.php on line 32.
 1 APPPATH\Controllers\AuthGoogle.php(32): CodeIgniter\Debug\Exceptions->errorHandler(2, 'Undefined array key "access_token"', 'APPPATH\\Controllers\\AuthGoogle.php', 32)
 2 SYSTEMPATH\CodeIgniter.php(902): App\Controllers\AuthGoogle->index()
 3 SYSTEMPATH\CodeIgniter.php(457): CodeIgniter\CodeIgniter->runController(Object(App\Controllers\AuthGoogle))
 4 SYSTEMPATH\CodeIgniter.php(340): CodeIgniter\CodeIgniter->handleRequest(null, Object(Config\Cache), false)
 5 FCPATH\index.php(67): CodeIgniter\CodeIgniter->run()
 6 SYSTEMPATH\Commands\Server\rewrite.php(46): require_once('FCPATH\\index.php')
CRITICAL - 2022-11-18 03:47:21 --> syntax error, unexpected token "public"
in APPPATH\Controllers\AuthGoogle.php on line 80.
 1 SYSTEMPATH\Router\Router.php(499): CodeIgniter\Router\AutoRouter->getRoute('AuthGoogle')
 2 SYSTEMPATH\Router\Router.php(205): CodeIgniter\Router\Router->autoRoute('AuthGoogle')
 3 SYSTEMPATH\CodeIgniter.php(777): CodeIgniter\Router\Router->handle('AuthGoogle')
 4 SYSTEMPATH\CodeIgniter.php(406): CodeIgniter\CodeIgniter->tryToRouteIt(Object(CodeIgniter\Router\RouteCollection))
 5 SYSTEMPATH\CodeIgniter.php(340): CodeIgniter\CodeIgniter->handleRequest(null, Object(Config\Cache), false)
 6 FCPATH\index.php(67): CodeIgniter\CodeIgniter->run()
 7 SYSTEMPATH\Commands\Server\rewrite.php(46): require_once('FCPATH\\index.php')
CRITICAL - 2022-11-18 03:50:45 --> Undefined array key "access_token"
in APPPATH\Controllers\AuthGoogle.php on line 32.
 1 APPPATH\Controllers\AuthGoogle.php(32): CodeIgniter\Debug\Exceptions->errorHandler(2, 'Undefined array key "access_token"', 'APPPATH\\Controllers\\AuthGoogle.php', 32)
 2 SYSTEMPATH\CodeIgniter.php(902): App\Controllers\AuthGoogle->index()
 3 SYSTEMPATH\CodeIgniter.php(457): CodeIgniter\CodeIgniter->runController(Object(App\Controllers\AuthGoogle))
 4 SYSTEMPATH\CodeIgniter.php(340): CodeIgniter\CodeIgniter->handleRequest(null, Object(Config\Cache), false)
 5 FCPATH\index.php(67): CodeIgniter\CodeIgniter->run()
 6 SYSTEMPATH\Commands\Server\rewrite.php(46): require_once('FCPATH\\index.php')
ERROR - 2022-11-18 03:54:31 --> mysqli_sql_exception: Cannot add or update a child row: a foreign key constraint fails (`simag`.`info_peserta`, CONSTRAINT `info_peserta_ibfk_1` FOREIGN KEY (`userId`) REFERENCES `user` (`id`) ON DELETE CASCADE ON UPDATE CASCADE) in C:\xampp\htdocs\simag\vendor\codeigniter4\framework\system\Database\MySQLi\Connection.php:292
Stack trace:
#0 C:\xampp\htdocs\simag\vendor\codeigniter4\framework\system\Database\MySQLi\Connection.php(292): mysqli->query('INSERT INTO `in...', 0)
#1 C:\xampp\htdocs\simag\vendor\codeigniter4\framework\system\Database\BaseConnection.php(693): CodeIgniter\Database\MySQLi\Connection->execute('INSERT INTO `in...')
#2 C:\xampp\htdocs\simag\vendor\codeigniter4\framework\system\Database\BaseConnection.php(620): CodeIgniter\Database\BaseConnection->simpleQuery('INSERT INTO `in...')
#3 C:\xampp\htdocs\simag\vendor\codeigniter4\framework\system\Database\BaseBuilder.php(1916): CodeIgniter\Database\BaseConnection->query('INSERT INTO `in...', Array, false)
#4 C:\xampp\htdocs\simag\vendor\codeigniter4\framework\system\Model.php(279): CodeIgniter\Database\BaseBuilder->insert()
#5 C:\xampp\htdocs\simag\vendor\codeigniter4\framework\system\BaseModel.php(748): CodeIgniter\Model->doInsert(Array)
#6 C:\xampp\htdocs\simag\vendor\codeigniter4\framework\system\Model.php(667): CodeIgniter\BaseModel->insert(Array, false)
#7 C:\xampp\htdocs\simag\vendor\codeigniter4\framework\system\BaseModel.php(658): CodeIgniter\Model->insert(Array, false)
#8 C:\xampp\htdocs\simag\app\Controllers\Notif.php(93): CodeIgniter\BaseModel->save(Array)
#9 C:\xampp\htdocs\simag\vendor\codeigniter4\framework\system\CodeIgniter.php(902): App\Controllers\Notif->ajukan()
#10 C:\xampp\htdocs\simag\vendor\codeigniter4\framework\system\CodeIgniter.php(457): CodeIgniter\CodeIgniter->runController(Object(App\Controllers\Notif))
#11 C:\xampp\htdocs\simag\vendor\codeigniter4\framework\system\CodeIgniter.php(340): CodeIgniter\CodeIgniter->handleRequest(NULL, Object(Config\Cache), false)
#12 C:\xampp\htdocs\simag\public\index.php(67): CodeIgniter\CodeIgniter->run()
#13 C:\xampp\htdocs\simag\vendor\codeigniter4\framework\system\Commands\Server\rewrite.php(46): require_once('C:\\xampp\\htdocs...')
#14 {main}
CRITICAL - 2022-11-18 03:54:31 --> Cannot add or update a child row: a foreign key constraint fails (`simag`.`info_peserta`, CONSTRAINT `info_peserta_ibfk_1` FOREIGN KEY (`userId`) REFERENCES `user` (`id`) ON DELETE CASCADE ON UPDATE CASCADE)
in SYSTEMPATH\Database\MySQLi\Connection.php on line 292.
 1 SYSTEMPATH\Database\MySQLi\Connection.php(292): mysqli->query('INSERT INTO `info_peserta` (`instansi`, `startDate`, `endDate`, `userId`, `pengantar`, `proposal`) VALUES (\'polije\', \'2022-11-18\', \'2022-11-21\', 0, \'/assets/dokumen pengantar/0/LINK PRODUK & DESKRIPSI.pdf\', \'/assets/dokumen proposal/0/LINK PRODUK & DESKRIPSI.pdf\')', 0)
 2 SYSTEMPATH\Database\BaseConnection.php(693): CodeIgniter\Database\MySQLi\Connection->execute('INSERT INTO `info_peserta` (`instansi`, `startDate`, `endDate`, `userId`, `pengantar`, `proposal`) VALUES (\'polije\', \'2022-11-18\', \'2022-11-21\', 0, \'/assets/dokumen pengantar/0/LINK PRODUK & DESKRIPSI.pdf\', \'/assets/dokumen proposal/0/LINK PRODUK & DESKRIPSI.pdf\')')
 3 SYSTEMPATH\Database\BaseConnection.php(620): CodeIgniter\Database\BaseConnection->simpleQuery('INSERT INTO `info_peserta` (`instansi`, `startDate`, `endDate`, `userId`, `pengantar`, `proposal`) VALUES (\'polije\', \'2022-11-18\', \'2022-11-21\', 0, \'/assets/dokumen pengantar/0/LINK PRODUK & DESKRIPSI.pdf\', \'/assets/dokumen proposal/0/LINK PRODUK & DESKRIPSI.pdf\')')
 4 SYSTEMPATH\Database\BaseBuilder.php(1916): CodeIgniter\Database\BaseConnection->query('INSERT INTO `info_peserta` (`instansi`, `startDate`, `endDate`, `userId`, `pengantar`, `proposal`) VALUES (:instansi:, :startDate:, :endDate:, :userId:, :pengantar:, :proposal:)', [...], false)
 5 SYSTEMPATH\Model.php(279): CodeIgniter\Database\BaseBuilder->insert()
 6 SYSTEMPATH\BaseModel.php(748): CodeIgniter\Model->doInsert([...])
 7 SYSTEMPATH\Model.php(667): CodeIgniter\BaseModel->insert([...], false)
 8 SYSTEMPATH\BaseModel.php(658): CodeIgniter\Model->insert([...], false)
 9 APPPATH\Controllers\Notif.php(93): CodeIgniter\BaseModel->save([...])
10 SYSTEMPATH\CodeIgniter.php(902): App\Controllers\Notif->ajukan()
11 SYSTEMPATH\CodeIgniter.php(457): CodeIgniter\CodeIgniter->runController(Object(App\Controllers\Notif))
12 SYSTEMPATH\CodeIgniter.php(340): CodeIgniter\CodeIgniter->handleRequest(null, Object(Config\Cache), false)
13 FCPATH\index.php(67): CodeIgniter\CodeIgniter->run()
14 SYSTEMPATH\Commands\Server\rewrite.php(46): require_once('FCPATH\\index.php')
CRITICAL - 2022-11-18 04:06:27 --> Undefined array key "access_token"
in APPPATH\Controllers\AuthGoogle.php on line 32.
 1 APPPATH\Controllers\AuthGoogle.php(32): CodeIgniter\Debug\Exceptions->errorHandler(2, 'Undefined array key "access_token"', 'APPPATH\\Controllers\\AuthGoogle.php', 32)
 2 SYSTEMPATH\CodeIgniter.php(902): App\Controllers\AuthGoogle->index()
 3 SYSTEMPATH\CodeIgniter.php(457): CodeIgniter\CodeIgniter->runController(Object(App\Controllers\AuthGoogle))
 4 SYSTEMPATH\CodeIgniter.php(340): CodeIgniter\CodeIgniter->handleRequest(null, Object(Config\Cache), false)
 5 FCPATH\index.php(67): CodeIgniter\CodeIgniter->run()
 6 SYSTEMPATH\Commands\Server\rewrite.php(46): require_once('FCPATH\\index.php')
CRITICAL - 2022-11-18 19:03:41 --> Namespace declaration statement has to be the very first statement or after any declare call in the script
in APPPATH\Controllers\BaseController.php on line 4.
 1 [internal function]: CodeIgniter\Debug\Exceptions->shutdownHandler()
CRITICAL - 2022-11-18 19:04:56 --> Namespace declaration statement has to be the very first statement or after any declare call in the script
in APPPATH\Controllers\BaseController.php on line 4.
 1 [internal function]: CodeIgniter\Debug\Exceptions->shutdownHandler()
CRITICAL - 2022-11-18 19:05:53 --> Namespace declaration statement has to be the very first statement or after any declare call in the script
in APPPATH\Controllers\BaseController.php on line 4.
 1 [internal function]: CodeIgniter\Debug\Exceptions->shutdownHandler()
CRITICAL - 2022-11-18 19:06:01 --> Namespace declaration statement has to be the very first statement or after any declare call in the script
in APPPATH\Controllers\BaseController.php on line 4.
 1 [internal function]: CodeIgniter\Debug\Exceptions->shutdownHandler()
CRITICAL - 2022-11-18 19:06:32 --> Namespace declaration statement has to be the very first statement or after any declare call in the script
in APPPATH\Controllers\BaseController.php on line 4.
 1 [internal function]: CodeIgniter\Debug\Exceptions->shutdownHandler()
CRITICAL - 2022-11-18 19:06:37 --> Namespace declaration statement has to be the very first statement or after any declare call in the script
in APPPATH\Controllers\BaseController.php on line 4.
 1 [internal function]: CodeIgniter\Debug\Exceptions->shutdownHandler()
CRITICAL - 2022-11-18 19:07:09 --> Namespace declaration statement has to be the very first statement or after any declare call in the script
in APPPATH\Controllers\BaseController.php on line 4.
 1 [internal function]: CodeIgniter\Debug\Exceptions->shutdownHandler()
CRITICAL - 2022-11-18 19:08:24 --> Namespace declaration statement has to be the very first statement or after any declare call in the script
in APPPATH\Controllers\BaseController.php on line 4.
 1 [internal function]: CodeIgniter\Debug\Exceptions->shutdownHandler()
ERROR - 2022-11-18 19:42:56 --> mysqli_sql_exception: Column 'userId' cannot be null in C:\xampp\htdocs\simag\vendor\codeigniter4\framework\system\Database\MySQLi\Connection.php:292
Stack trace:
#0 C:\xampp\htdocs\simag\vendor\codeigniter4\framework\system\Database\MySQLi\Connection.php(292): mysqli->query('INSERT INTO `in...', 0)
#1 C:\xampp\htdocs\simag\vendor\codeigniter4\framework\system\Database\BaseConnection.php(693): CodeIgniter\Database\MySQLi\Connection->execute('INSERT INTO `in...')
#2 C:\xampp\htdocs\simag\vendor\codeigniter4\framework\system\Database\BaseConnection.php(620): CodeIgniter\Database\BaseConnection->simpleQuery('INSERT INTO `in...')
#3 C:\xampp\htdocs\simag\vendor\codeigniter4\framework\system\Database\BaseBuilder.php(1916): CodeIgniter\Database\BaseConnection->query('INSERT INTO `in...', Array, false)
#4 C:\xampp\htdocs\simag\vendor\codeigniter4\framework\system\Model.php(279): CodeIgniter\Database\BaseBuilder->insert()
#5 C:\xampp\htdocs\simag\vendor\codeigniter4\framework\system\BaseModel.php(748): CodeIgniter\Model->doInsert(Array)
#6 C:\xampp\htdocs\simag\vendor\codeigniter4\framework\system\Model.php(667): CodeIgniter\BaseModel->insert(Array, false)
#7 C:\xampp\htdocs\simag\vendor\codeigniter4\framework\system\BaseModel.php(658): CodeIgniter\Model->insert(Array, false)
#8 C:\xampp\htdocs\simag\app\Controllers\Notif.php(93): CodeIgniter\BaseModel->save(Array)
#9 C:\xampp\htdocs\simag\vendor\codeigniter4\framework\system\CodeIgniter.php(902): App\Controllers\Notif->ajukan()
#10 C:\xampp\htdocs\simag\vendor\codeigniter4\framework\system\CodeIgniter.php(457): CodeIgniter\CodeIgniter->runController(Object(App\Controllers\Notif))
#11 C:\xampp\htdocs\simag\vendor\codeigniter4\framework\system\CodeIgniter.php(340): CodeIgniter\CodeIgniter->handleRequest(NULL, Object(Config\Cache), false)
#12 C:\xampp\htdocs\simag\public\index.php(67): CodeIgniter\CodeIgniter->run()
#13 C:\xampp\htdocs\simag\vendor\codeigniter4\framework\system\Commands\Server\rewrite.php(46): require_once('C:\\xampp\\htdocs...')
#14 {main}
CRITICAL - 2022-11-18 19:42:56 --> Column 'userId' cannot be null
in SYSTEMPATH\Database\MySQLi\Connection.php on line 292.
 1 SYSTEMPATH\Database\MySQLi\Connection.php(292): mysqli->query('INSERT INTO `info_peserta` (`instansi`, `startDate`, `endDate`, `userId`, `pengantar`, `proposal`) VALUES (\'polije\', \'2022-11-01\', \'2022-11-24\', NULL, \'/assets/dokumen pengantar/0/LINK PRODUK & DESKRIPSI.pdf\', \'/assets/dokumen proposal/0/LINK PRODUK & DESKRIPSI.pdf\')', 0)
 2 SYSTEMPATH\Database\BaseConnection.php(693): CodeIgniter\Database\MySQLi\Connection->execute('INSERT INTO `info_peserta` (`instansi`, `startDate`, `endDate`, `userId`, `pengantar`, `proposal`) VALUES (\'polije\', \'2022-11-01\', \'2022-11-24\', NULL, \'/assets/dokumen pengantar/0/LINK PRODUK & DESKRIPSI.pdf\', \'/assets/dokumen proposal/0/LINK PRODUK & DESKRIPSI.pdf\')')
 3 SYSTEMPATH\Database\BaseConnection.php(620): CodeIgniter\Database\BaseConnection->simpleQuery('INSERT INTO `info_peserta` (`instansi`, `startDate`, `endDate`, `userId`, `pengantar`, `proposal`) VALUES (\'polije\', \'2022-11-01\', \'2022-11-24\', NULL, \'/assets/dokumen pengantar/0/LINK PRODUK & DESKRIPSI.pdf\', \'/assets/dokumen proposal/0/LINK PRODUK & DESKRIPSI.pdf\')')
 4 SYSTEMPATH\Database\BaseBuilder.php(1916): CodeIgniter\Database\BaseConnection->query('INSERT INTO `info_peserta` (`instansi`, `startDate`, `endDate`, `userId`, `pengantar`, `proposal`) VALUES (:instansi:, :startDate:, :endDate:, :userId:, :pengantar:, :proposal:)', [...], false)
 5 SYSTEMPATH\Model.php(279): CodeIgniter\Database\BaseBuilder->insert()
 6 SYSTEMPATH\BaseModel.php(748): CodeIgniter\Model->doInsert([...])
 7 SYSTEMPATH\Model.php(667): CodeIgniter\BaseModel->insert([...], false)
 8 SYSTEMPATH\BaseModel.php(658): CodeIgniter\Model->insert([...], false)
 9 APPPATH\Controllers\Notif.php(93): CodeIgniter\BaseModel->save([...])
10 SYSTEMPATH\CodeIgniter.php(902): App\Controllers\Notif->ajukan()
11 SYSTEMPATH\CodeIgniter.php(457): CodeIgniter\CodeIgniter->runController(Object(App\Controllers\Notif))
12 SYSTEMPATH\CodeIgniter.php(340): CodeIgniter\CodeIgniter->handleRequest(null, Object(Config\Cache), false)
13 FCPATH\index.php(67): CodeIgniter\CodeIgniter->run()
14 SYSTEMPATH\Commands\Server\rewrite.php(46): require_once('FCPATH\\index.php')
ERROR - 2022-11-18 19:46:01 --> mysqli_sql_exception: Column 'userId' cannot be null in C:\xampp\htdocs\simag\vendor\codeigniter4\framework\system\Database\MySQLi\Connection.php:292
Stack trace:
#0 C:\xampp\htdocs\simag\vendor\codeigniter4\framework\system\Database\MySQLi\Connection.php(292): mysqli->query('INSERT INTO `in...', 0)
#1 C:\xampp\htdocs\simag\vendor\codeigniter4\framework\system\Database\BaseConnection.php(693): CodeIgniter\Database\MySQLi\Connection->execute('INSERT INTO `in...')
#2 C:\xampp\htdocs\simag\vendor\codeigniter4\framework\system\Database\BaseConnection.php(620): CodeIgniter\Database\BaseConnection->simpleQuery('INSERT INTO `in...')
#3 C:\xampp\htdocs\simag\vendor\codeigniter4\framework\system\Database\BaseBuilder.php(1916): CodeIgniter\Database\BaseConnection->query('INSERT INTO `in...', Array, false)
#4 C:\xampp\htdocs\simag\vendor\codeigniter4\framework\system\Model.php(279): CodeIgniter\Database\BaseBuilder->insert()
#5 C:\xampp\htdocs\simag\vendor\codeigniter4\framework\system\BaseModel.php(748): CodeIgniter\Model->doInsert(Array)
#6 C:\xampp\htdocs\simag\vendor\codeigniter4\framework\system\Model.php(667): CodeIgniter\BaseModel->insert(Array, false)
#7 C:\xampp\htdocs\simag\vendor\codeigniter4\framework\system\BaseModel.php(658): CodeIgniter\Model->insert(Array, false)
#8 C:\xampp\htdocs\simag\app\Controllers\Notif.php(93): CodeIgniter\BaseModel->save(Array)
#9 C:\xampp\htdocs\simag\vendor\codeigniter4\framework\system\CodeIgniter.php(902): App\Controllers\Notif->ajukan()
#10 C:\xampp\htdocs\simag\vendor\codeigniter4\framework\system\CodeIgniter.php(457): CodeIgniter\CodeIgniter->runController(Object(App\Controllers\Notif))
#11 C:\xampp\htdocs\simag\vendor\codeigniter4\framework\system\CodeIgniter.php(340): CodeIgniter\CodeIgniter->handleRequest(NULL, Object(Config\Cache), false)
#12 C:\xampp\htdocs\simag\public\index.php(67): CodeIgniter\CodeIgniter->run()
#13 C:\xampp\htdocs\simag\vendor\codeigniter4\framework\system\Commands\Server\rewrite.php(46): require_once('C:\\xampp\\htdocs...')
#14 {main}
CRITICAL - 2022-11-18 19:46:01 --> Column 'userId' cannot be null
in SYSTEMPATH\Database\MySQLi\Connection.php on line 292.
 1 SYSTEMPATH\Database\MySQLi\Connection.php(292): mysqli->query('INSERT INTO `info_peserta` (`instansi`, `startDate`, `endDate`, `userId`, `pengantar`, `proposal`) VALUES (\'polije\', \'2022-11-01\', \'2022-11-24\', NULL, \'/assets/dokumen pengantar/0/LINK PRODUK & DESKRIPSI.pdf\', \'/assets/dokumen proposal/0/LINK PRODUK & DESKRIPSI.pdf\')', 0)
 2 SYSTEMPATH\Database\BaseConnection.php(693): CodeIgniter\Database\MySQLi\Connection->execute('INSERT INTO `info_peserta` (`instansi`, `startDate`, `endDate`, `userId`, `pengantar`, `proposal`) VALUES (\'polije\', \'2022-11-01\', \'2022-11-24\', NULL, \'/assets/dokumen pengantar/0/LINK PRODUK & DESKRIPSI.pdf\', \'/assets/dokumen proposal/0/LINK PRODUK & DESKRIPSI.pdf\')')
 3 SYSTEMPATH\Database\BaseConnection.php(620): CodeIgniter\Database\BaseConnection->simpleQuery('INSERT INTO `info_peserta` (`instansi`, `startDate`, `endDate`, `userId`, `pengantar`, `proposal`) VALUES (\'polije\', \'2022-11-01\', \'2022-11-24\', NULL, \'/assets/dokumen pengantar/0/LINK PRODUK & DESKRIPSI.pdf\', \'/assets/dokumen proposal/0/LINK PRODUK & DESKRIPSI.pdf\')')
 4 SYSTEMPATH\Database\BaseBuilder.php(1916): CodeIgniter\Database\BaseConnection->query('INSERT INTO `info_peserta` (`instansi`, `startDate`, `endDate`, `userId`, `pengantar`, `proposal`) VALUES (:instansi:, :startDate:, :endDate:, :userId:, :pengantar:, :proposal:)', [...], false)
 5 SYSTEMPATH\Model.php(279): CodeIgniter\Database\BaseBuilder->insert()
 6 SYSTEMPATH\BaseModel.php(748): CodeIgniter\Model->doInsert([...])
 7 SYSTEMPATH\Model.php(667): CodeIgniter\BaseModel->insert([...], false)
 8 SYSTEMPATH\BaseModel.php(658): CodeIgniter\Model->insert([...], false)
 9 APPPATH\Controllers\Notif.php(93): CodeIgniter\BaseModel->save([...])
10 SYSTEMPATH\CodeIgniter.php(902): App\Controllers\Notif->ajukan()
11 SYSTEMPATH\CodeIgniter.php(457): CodeIgniter\CodeIgniter->runController(Object(App\Controllers\Notif))
12 SYSTEMPATH\CodeIgniter.php(340): CodeIgniter\CodeIgniter->handleRequest(null, Object(Config\Cache), false)
13 FCPATH\index.php(67): CodeIgniter\CodeIgniter->run()
14 SYSTEMPATH\Commands\Server\rewrite.php(46): require_once('FCPATH\\index.php')
ERROR - 2022-11-18 19:55:53 --> mysqli_sql_exception: Column 'userId' cannot be null in C:\xampp\htdocs\simag\vendor\codeigniter4\framework\system\Database\MySQLi\Connection.php:292
Stack trace:
#0 C:\xampp\htdocs\simag\vendor\codeigniter4\framework\system\Database\MySQLi\Connection.php(292): mysqli->query('INSERT INTO `in...', 0)
#1 C:\xampp\htdocs\simag\vendor\codeigniter4\framework\system\Database\BaseConnection.php(693): CodeIgniter\Database\MySQLi\Connection->execute('INSERT INTO `in...')
#2 C:\xampp\htdocs\simag\vendor\codeigniter4\framework\system\Database\BaseConnection.php(620): CodeIgniter\Database\BaseConnection->simpleQuery('INSERT INTO `in...')
#3 C:\xampp\htdocs\simag\vendor\codeigniter4\framework\system\Database\BaseBuilder.php(1916): CodeIgniter\Database\BaseConnection->query('INSERT INTO `in...', Array, false)
#4 C:\xampp\htdocs\simag\vendor\codeigniter4\framework\system\Model.php(279): CodeIgniter\Database\BaseBuilder->insert()
#5 C:\xampp\htdocs\simag\vendor\codeigniter4\framework\system\BaseModel.php(748): CodeIgniter\Model->doInsert(Array)
#6 C:\xampp\htdocs\simag\vendor\codeigniter4\framework\system\Model.php(667): CodeIgniter\BaseModel->insert(Array, false)
#7 C:\xampp\htdocs\simag\vendor\codeigniter4\framework\system\BaseModel.php(658): CodeIgniter\Model->insert(Array, false)
#8 C:\xampp\htdocs\simag\app\Controllers\Notif.php(94): CodeIgniter\BaseModel->save(Array)
#9 C:\xampp\htdocs\simag\vendor\codeigniter4\framework\system\CodeIgniter.php(902): App\Controllers\Notif->ajukan()
#10 C:\xampp\htdocs\simag\vendor\codeigniter4\framework\system\CodeIgniter.php(457): CodeIgniter\CodeIgniter->runController(Object(App\Controllers\Notif))
#11 C:\xampp\htdocs\simag\vendor\codeigniter4\framework\system\CodeIgniter.php(340): CodeIgniter\CodeIgniter->handleRequest(NULL, Object(Config\Cache), false)
#12 C:\xampp\htdocs\simag\public\index.php(67): CodeIgniter\CodeIgniter->run()
#13 C:\xampp\htdocs\simag\vendor\codeigniter4\framework\system\Commands\Server\rewrite.php(46): require_once('C:\\xampp\\htdocs...')
#14 {main}
CRITICAL - 2022-11-18 19:55:53 --> Column 'userId' cannot be null
in SYSTEMPATH\Database\MySQLi\Connection.php on line 292.
 1 SYSTEMPATH\Database\MySQLi\Connection.php(292): mysqli->query('INSERT INTO `info_peserta` (`instansi`, `startDate`, `endDate`, `userId`, `pengantar`, `proposal`) VALUES (\'polije\', \'2022-11-19\', \'2022-11-22\', NULL, \'/assets/dokumen pengantar/0/LINK PRODUK & DESKRIPSI.pdf\', \'/assets/dokumen proposal/0/LINK PRODUK & DESKRIPSI.pdf\')', 0)
 2 SYSTEMPATH\Database\BaseConnection.php(693): CodeIgniter\Database\MySQLi\Connection->execute('INSERT INTO `info_peserta` (`instansi`, `startDate`, `endDate`, `userId`, `pengantar`, `proposal`) VALUES (\'polije\', \'2022-11-19\', \'2022-11-22\', NULL, \'/assets/dokumen pengantar/0/LINK PRODUK & DESKRIPSI.pdf\', \'/assets/dokumen proposal/0/LINK PRODUK & DESKRIPSI.pdf\')')
 3 SYSTEMPATH\Database\BaseConnection.php(620): CodeIgniter\Database\BaseConnection->simpleQuery('INSERT INTO `info_peserta` (`instansi`, `startDate`, `endDate`, `userId`, `pengantar`, `proposal`) VALUES (\'polije\', \'2022-11-19\', \'2022-11-22\', NULL, \'/assets/dokumen pengantar/0/LINK PRODUK & DESKRIPSI.pdf\', \'/assets/dokumen proposal/0/LINK PRODUK & DESKRIPSI.pdf\')')
 4 SYSTEMPATH\Database\BaseBuilder.php(1916): CodeIgniter\Database\BaseConnection->query('INSERT INTO `info_peserta` (`instansi`, `startDate`, `endDate`, `userId`, `pengantar`, `proposal`) VALUES (:instansi:, :startDate:, :endDate:, :userId:, :pengantar:, :proposal:)', [...], false)
 5 SYSTEMPATH\Model.php(279): CodeIgniter\Database\BaseBuilder->insert()
 6 SYSTEMPATH\BaseModel.php(748): CodeIgniter\Model->doInsert([...])
 7 SYSTEMPATH\Model.php(667): CodeIgniter\BaseModel->insert([...], false)
 8 SYSTEMPATH\BaseModel.php(658): CodeIgniter\Model->insert([...], false)
 9 APPPATH\Controllers\Notif.php(94): CodeIgniter\BaseModel->save([...])
10 SYSTEMPATH\CodeIgniter.php(902): App\Controllers\Notif->ajukan()
11 SYSTEMPATH\CodeIgniter.php(457): CodeIgniter\CodeIgniter->runController(Object(App\Controllers\Notif))
12 SYSTEMPATH\CodeIgniter.php(340): CodeIgniter\CodeIgniter->handleRequest(null, Object(Config\Cache), false)
13 FCPATH\index.php(67): CodeIgniter\CodeIgniter->run()
14 SYSTEMPATH\Commands\Server\rewrite.php(46): require_once('FCPATH\\index.php')
CRITICAL - 2022-11-18 19:56:24 --> Undefined variable $user
in APPPATH\Controllers\Notif.php on line 87.
 1 APPPATH\Controllers\Notif.php(87): CodeIgniter\Debug\Exceptions->errorHandler(2, 'Undefined variable $user', 'APPPATH\\Controllers\\Notif.php', 87)
 2 SYSTEMPATH\CodeIgniter.php(902): App\Controllers\Notif->ajukan()
 3 SYSTEMPATH\CodeIgniter.php(457): CodeIgniter\CodeIgniter->runController(Object(App\Controllers\Notif))
 4 SYSTEMPATH\CodeIgniter.php(340): CodeIgniter\CodeIgniter->handleRequest(null, Object(Config\Cache), false)
 5 FCPATH\index.php(67): CodeIgniter\CodeIgniter->run()
 6 SYSTEMPATH\Commands\Server\rewrite.php(46): require_once('FCPATH\\index.php')
ERROR - 2022-11-18 20:20:16 --> mysqli_sql_exception: Column 'userId' cannot be null in C:\xampp\htdocs\simag\vendor\codeigniter4\framework\system\Database\MySQLi\Connection.php:292
Stack trace:
#0 C:\xampp\htdocs\simag\vendor\codeigniter4\framework\system\Database\MySQLi\Connection.php(292): mysqli->query('INSERT INTO `in...', 0)
#1 C:\xampp\htdocs\simag\vendor\codeigniter4\framework\system\Database\BaseConnection.php(693): CodeIgniter\Database\MySQLi\Connection->execute('INSERT INTO `in...')
#2 C:\xampp\htdocs\simag\vendor\codeigniter4\framework\system\Database\BaseConnection.php(620): CodeIgniter\Database\BaseConnection->simpleQuery('INSERT INTO `in...')
#3 C:\xampp\htdocs\simag\vendor\codeigniter4\framework\system\Database\BaseBuilder.php(1916): CodeIgniter\Database\BaseConnection->query('INSERT INTO `in...', Array, false)
#4 C:\xampp\htdocs\simag\vendor\codeigniter4\framework\system\Model.php(279): CodeIgniter\Database\BaseBuilder->insert()
#5 C:\xampp\htdocs\simag\vendor\codeigniter4\framework\system\BaseModel.php(748): CodeIgniter\Model->doInsert(Array)
#6 C:\xampp\htdocs\simag\vendor\codeigniter4\framework\system\Model.php(667): CodeIgniter\BaseModel->insert(Array, false)
#7 C:\xampp\htdocs\simag\vendor\codeigniter4\framework\system\BaseModel.php(658): CodeIgniter\Model->insert(Array, false)
#8 C:\xampp\htdocs\simag\app\Controllers\Notif.php(93): CodeIgniter\BaseModel->save(Array)
#9 C:\xampp\htdocs\simag\vendor\codeigniter4\framework\system\CodeIgniter.php(902): App\Controllers\Notif->ajukan()
#10 C:\xampp\htdocs\simag\vendor\codeigniter4\framework\system\CodeIgniter.php(457): CodeIgniter\CodeIgniter->runController(Object(App\Controllers\Notif))
#11 C:\xampp\htdocs\simag\vendor\codeigniter4\framework\system\CodeIgniter.php(340): CodeIgniter\CodeIgniter->handleRequest(NULL, Object(Config\Cache), false)
#12 C:\xampp\htdocs\simag\public\index.php(67): CodeIgniter\CodeIgniter->run()
#13 C:\xampp\htdocs\simag\vendor\codeigniter4\framework\system\Commands\Server\rewrite.php(46): require_once('C:\\xampp\\htdocs...')
#14 {main}
CRITICAL - 2022-11-18 20:20:16 --> Column 'userId' cannot be null
in SYSTEMPATH\Database\MySQLi\Connection.php on line 292.
 1 SYSTEMPATH\Database\MySQLi\Connection.php(292): mysqli->query('INSERT INTO `info_peserta` (`instansi`, `startDate`, `endDate`, `userId`, `pengantar`, `proposal`, `created_at`, `updated_at`) VALUES (\'polije\', \'2022-11-19\', \'2022-11-22\', NULL, \'/assets/dokumen pengantar/0/LINK PRODUK & DESKRIPSI.pdf\', \'/assets/dokumen proposal/0/LINK PRODUK & DESKRIPSI.pdf\', \'2022-11-18 20:20:16\', \'2022-11-18 20:20:16\')', 0)
 2 SYSTEMPATH\Database\BaseConnection.php(693): CodeIgniter\Database\MySQLi\Connection->execute('INSERT INTO `info_peserta` (`instansi`, `startDate`, `endDate`, `userId`, `pengantar`, `proposal`, `created_at`, `updated_at`) VALUES (\'polije\', \'2022-11-19\', \'2022-11-22\', NULL, \'/assets/dokumen pengantar/0/LINK PRODUK & DESKRIPSI.pdf\', \'/assets/dokumen proposal/0/LINK PRODUK & DESKRIPSI.pdf\', \'2022-11-18 20:20:16\', \'2022-11-18 20:20:16\')')
 3 SYSTEMPATH\Database\BaseConnection.php(620): CodeIgniter\Database\BaseConnection->simpleQuery('INSERT INTO `info_peserta` (`instansi`, `startDate`, `endDate`, `userId`, `pengantar`, `proposal`, `created_at`, `updated_at`) VALUES (\'polije\', \'2022-11-19\', \'2022-11-22\', NULL, \'/assets/dokumen pengantar/0/LINK PRODUK & DESKRIPSI.pdf\', \'/assets/dokumen proposal/0/LINK PRODUK & DESKRIPSI.pdf\', \'2022-11-18 20:20:16\', \'2022-11-18 20:20:16\')')
 4 SYSTEMPATH\Database\BaseBuilder.php(1916): CodeIgniter\Database\BaseConnection->query('INSERT INTO `info_peserta` (`instansi`, `startDate`, `endDate`, `userId`, `pengantar`, `proposal`, `created_at`, `updated_at`) VALUES (:instansi:, :startDate:, :endDate:, :userId:, :pengantar:, :proposal:, :created_at:, :updated_at:)', [...], false)
 5 SYSTEMPATH\Model.php(279): CodeIgniter\Database\BaseBuilder->insert()
 6 SYSTEMPATH\BaseModel.php(748): CodeIgniter\Model->doInsert([...])
 7 SYSTEMPATH\Model.php(667): CodeIgniter\BaseModel->insert([...], false)
 8 SYSTEMPATH\BaseModel.php(658): CodeIgniter\Model->insert([...], false)
 9 APPPATH\Controllers\Notif.php(93): CodeIgniter\BaseModel->save([...])
10 SYSTEMPATH\CodeIgniter.php(902): App\Controllers\Notif->ajukan()
11 SYSTEMPATH\CodeIgniter.php(457): CodeIgniter\CodeIgniter->runController(Object(App\Controllers\Notif))
12 SYSTEMPATH\CodeIgniter.php(340): CodeIgniter\CodeIgniter->handleRequest(null, Object(Config\Cache), false)
13 FCPATH\index.php(67): CodeIgniter\CodeIgniter->run()
14 SYSTEMPATH\Commands\Server\rewrite.php(46): require_once('FCPATH\\index.php')
ERROR - 2022-11-18 20:21:05 --> mysqli_sql_exception: Cannot add or update a child row: a foreign key constraint fails (`simag`.`info_peserta`, CONSTRAINT `info_peserta_ibfk_1` FOREIGN KEY (`userId`) REFERENCES `user` (`id`) ON DELETE CASCADE ON UPDATE CASCADE) in C:\xampp\htdocs\simag\vendor\codeigniter4\framework\system\Database\MySQLi\Connection.php:292
Stack trace:
#0 C:\xampp\htdocs\simag\vendor\codeigniter4\framework\system\Database\MySQLi\Connection.php(292): mysqli->query('INSERT INTO `in...', 0)
#1 C:\xampp\htdocs\simag\vendor\codeigniter4\framework\system\Database\BaseConnection.php(693): CodeIgniter\Database\MySQLi\Connection->execute('INSERT INTO `in...')
#2 C:\xampp\htdocs\simag\vendor\codeigniter4\framework\system\Database\BaseConnection.php(620): CodeIgniter\Database\BaseConnection->simpleQuery('INSERT INTO `in...')
#3 C:\xampp\htdocs\simag\vendor\codeigniter4\framework\system\Database\BaseBuilder.php(1916): CodeIgniter\Database\BaseConnection->query('INSERT INTO `in...', Array, false)
#4 C:\xampp\htdocs\simag\vendor\codeigniter4\framework\system\Model.php(279): CodeIgniter\Database\BaseBuilder->insert()
#5 C:\xampp\htdocs\simag\vendor\codeigniter4\framework\system\BaseModel.php(748): CodeIgniter\Model->doInsert(Array)
#6 C:\xampp\htdocs\simag\vendor\codeigniter4\framework\system\Model.php(667): CodeIgniter\BaseModel->insert(Array, false)
#7 C:\xampp\htdocs\simag\vendor\codeigniter4\framework\system\BaseModel.php(658): CodeIgniter\Model->insert(Array, false)
#8 C:\xampp\htdocs\simag\app\Controllers\Notif.php(93): CodeIgniter\BaseModel->save(Array)
#9 C:\xampp\htdocs\simag\vendor\codeigniter4\framework\system\CodeIgniter.php(902): App\Controllers\Notif->ajukan()
#10 C:\xampp\htdocs\simag\vendor\codeigniter4\framework\system\CodeIgniter.php(457): CodeIgniter\CodeIgniter->runController(Object(App\Controllers\Notif))
#11 C:\xampp\htdocs\simag\vendor\codeigniter4\framework\system\CodeIgniter.php(340): CodeIgniter\CodeIgniter->handleRequest(NULL, Object(Config\Cache), false)
#12 C:\xampp\htdocs\simag\public\index.php(67): CodeIgniter\CodeIgniter->run()
#13 C:\xampp\htdocs\simag\vendor\codeigniter4\framework\system\Commands\Server\rewrite.php(46): require_once('C:\\xampp\\htdocs...')
#14 {main}
CRITICAL - 2022-11-18 20:21:05 --> Cannot add or update a child row: a foreign key constraint fails (`simag`.`info_peserta`, CONSTRAINT `info_peserta_ibfk_1` FOREIGN KEY (`userId`) REFERENCES `user` (`id`) ON DELETE CASCADE ON UPDATE CASCADE)
in SYSTEMPATH\Database\MySQLi\Connection.php on line 292.
 1 SYSTEMPATH\Database\MySQLi\Connection.php(292): mysqli->query('INSERT INTO `info_peserta` (`instansi`, `startDate`, `endDate`, `userId`, `pengantar`, `proposal`, `created_at`, `updated_at`) VALUES (\'polije\', \'2022-11-19\', \'2022-11-22\', 0, \'/assets/dokumen pengantar/0/LINK PRODUK & DESKRIPSI.pdf\', \'/assets/dokumen proposal/0/LINK PRODUK & DESKRIPSI.pdf\', \'2022-11-18 20:21:05\', \'2022-11-18 20:21:05\')', 0)
 2 SYSTEMPATH\Database\BaseConnection.php(693): CodeIgniter\Database\MySQLi\Connection->execute('INSERT INTO `info_peserta` (`instansi`, `startDate`, `endDate`, `userId`, `pengantar`, `proposal`, `created_at`, `updated_at`) VALUES (\'polije\', \'2022-11-19\', \'2022-11-22\', 0, \'/assets/dokumen pengantar/0/LINK PRODUK & DESKRIPSI.pdf\', \'/assets/dokumen proposal/0/LINK PRODUK & DESKRIPSI.pdf\', \'2022-11-18 20:21:05\', \'2022-11-18 20:21:05\')')
 3 SYSTEMPATH\Database\BaseConnection.php(620): CodeIgniter\Database\BaseConnection->simpleQuery('INSERT INTO `info_peserta` (`instansi`, `startDate`, `endDate`, `userId`, `pengantar`, `proposal`, `created_at`, `updated_at`) VALUES (\'polije\', \'2022-11-19\', \'2022-11-22\', 0, \'/assets/dokumen pengantar/0/LINK PRODUK & DESKRIPSI.pdf\', \'/assets/dokumen proposal/0/LINK PRODUK & DESKRIPSI.pdf\', \'2022-11-18 20:21:05\', \'2022-11-18 20:21:05\')')
 4 SYSTEMPATH\Database\BaseBuilder.php(1916): CodeIgniter\Database\BaseConnection->query('INSERT INTO `info_peserta` (`instansi`, `startDate`, `endDate`, `userId`, `pengantar`, `proposal`, `created_at`, `updated_at`) VALUES (:instansi:, :startDate:, :endDate:, :userId:, :pengantar:, :proposal:, :created_at:, :updated_at:)', [...], false)
 5 SYSTEMPATH\Model.php(279): CodeIgniter\Database\BaseBuilder->insert()
 6 SYSTEMPATH\BaseModel.php(748): CodeIgniter\Model->doInsert([...])
 7 SYSTEMPATH\Model.php(667): CodeIgniter\BaseModel->insert([...], false)
 8 SYSTEMPATH\BaseModel.php(658): CodeIgniter\Model->insert([...], false)
 9 APPPATH\Controllers\Notif.php(93): CodeIgniter\BaseModel->save([...])
10 SYSTEMPATH\CodeIgniter.php(902): App\Controllers\Notif->ajukan()
11 SYSTEMPATH\CodeIgniter.php(457): CodeIgniter\CodeIgniter->runController(Object(App\Controllers\Notif))
12 SYSTEMPATH\CodeIgniter.php(340): CodeIgniter\CodeIgniter->handleRequest(null, Object(Config\Cache), false)
13 FCPATH\index.php(67): CodeIgniter\CodeIgniter->run()
14 SYSTEMPATH\Commands\Server\rewrite.php(46): require_once('FCPATH\\index.php')
ERROR - 2022-11-18 20:25:52 --> mysqli_sql_exception: Cannot add or update a child row: a foreign key constraint fails (`simag`.`info_peserta`, CONSTRAINT `info_peserta_ibfk_1` FOREIGN KEY (`userId`) REFERENCES `user` (`id`) ON DELETE CASCADE ON UPDATE CASCADE) in C:\xampp\htdocs\simag\vendor\codeigniter4\framework\system\Database\MySQLi\Connection.php:292
Stack trace:
#0 C:\xampp\htdocs\simag\vendor\codeigniter4\framework\system\Database\MySQLi\Connection.php(292): mysqli->query('INSERT INTO `in...', 0)
#1 C:\xampp\htdocs\simag\vendor\codeigniter4\framework\system\Database\BaseConnection.php(693): CodeIgniter\Database\MySQLi\Connection->execute('INSERT INTO `in...')
#2 C:\xampp\htdocs\simag\vendor\codeigniter4\framework\system\Database\BaseConnection.php(620): CodeIgniter\Database\BaseConnection->simpleQuery('INSERT INTO `in...')
#3 C:\xampp\htdocs\simag\vendor\codeigniter4\framework\system\Database\BaseBuilder.php(1916): CodeIgniter\Database\BaseConnection->query('INSERT INTO `in...', Array, false)
#4 C:\xampp\htdocs\simag\vendor\codeigniter4\framework\system\Model.php(279): CodeIgniter\Database\BaseBuilder->insert()
#5 C:\xampp\htdocs\simag\vendor\codeigniter4\framework\system\BaseModel.php(748): CodeIgniter\Model->doInsert(Array)
#6 C:\xampp\htdocs\simag\vendor\codeigniter4\framework\system\Model.php(667): CodeIgniter\BaseModel->insert(Array, false)
#7 C:\xampp\htdocs\simag\vendor\codeigniter4\framework\system\BaseModel.php(658): CodeIgniter\Model->insert(Array, false)
#8 C:\xampp\htdocs\simag\app\Controllers\Notif.php(93): CodeIgniter\BaseModel->save(Array)
#9 C:\xampp\htdocs\simag\vendor\codeigniter4\framework\system\CodeIgniter.php(902): App\Controllers\Notif->ajukan()
#10 C:\xampp\htdocs\simag\vendor\codeigniter4\framework\system\CodeIgniter.php(457): CodeIgniter\CodeIgniter->runController(Object(App\Controllers\Notif))
#11 C:\xampp\htdocs\simag\vendor\codeigniter4\framework\system\CodeIgniter.php(340): CodeIgniter\CodeIgniter->handleRequest(NULL, Object(Config\Cache), false)
#12 C:\xampp\htdocs\simag\public\index.php(67): CodeIgniter\CodeIgniter->run()
#13 C:\xampp\htdocs\simag\vendor\codeigniter4\framework\system\Commands\Server\rewrite.php(46): require_once('C:\\xampp\\htdocs...')
#14 {main}
CRITICAL - 2022-11-18 20:25:52 --> Cannot add or update a child row: a foreign key constraint fails (`simag`.`info_peserta`, CONSTRAINT `info_peserta_ibfk_1` FOREIGN KEY (`userId`) REFERENCES `user` (`id`) ON DELETE CASCADE ON UPDATE CASCADE)
in SYSTEMPATH\Database\MySQLi\Connection.php on line 292.
 1 SYSTEMPATH\Database\MySQLi\Connection.php(292): mysqli->query('INSERT INTO `info_peserta` (`instansi`, `startDate`, `endDate`, `userId`, `pengantar`, `proposal`, `created_at`, `updated_at`) VALUES (\'polije\', \'2022-11-19\', \'2022-11-22\', 0, \'/assets/dokumen pengantar/0/LINK PRODUK & DESKRIPSI.pdf\', \'/assets/dokumen proposal/0/LINK PRODUK & DESKRIPSI.pdf\', \'2022-11-18 20:25:51\', \'2022-11-18 20:25:51\')', 0)
 2 SYSTEMPATH\Database\BaseConnection.php(693): CodeIgniter\Database\MySQLi\Connection->execute('INSERT INTO `info_peserta` (`instansi`, `startDate`, `endDate`, `userId`, `pengantar`, `proposal`, `created_at`, `updated_at`) VALUES (\'polije\', \'2022-11-19\', \'2022-11-22\', 0, \'/assets/dokumen pengantar/0/LINK PRODUK & DESKRIPSI.pdf\', \'/assets/dokumen proposal/0/LINK PRODUK & DESKRIPSI.pdf\', \'2022-11-18 20:25:51\', \'2022-11-18 20:25:51\')')
 3 SYSTEMPATH\Database\BaseConnection.php(620): CodeIgniter\Database\BaseConnection->simpleQuery('INSERT INTO `info_peserta` (`instansi`, `startDate`, `endDate`, `userId`, `pengantar`, `proposal`, `created_at`, `updated_at`) VALUES (\'polije\', \'2022-11-19\', \'2022-11-22\', 0, \'/assets/dokumen pengantar/0/LINK PRODUK & DESKRIPSI.pdf\', \'/assets/dokumen proposal/0/LINK PRODUK & DESKRIPSI.pdf\', \'2022-11-18 20:25:51\', \'2022-11-18 20:25:51\')')
 4 SYSTEMPATH\Database\BaseBuilder.php(1916): CodeIgniter\Database\BaseConnection->query('INSERT INTO `info_peserta` (`instansi`, `startDate`, `endDate`, `userId`, `pengantar`, `proposal`, `created_at`, `updated_at`) VALUES (:instansi:, :startDate:, :endDate:, :userId:, :pengantar:, :proposal:, :created_at:, :updated_at:)', [...], false)
 5 SYSTEMPATH\Model.php(279): CodeIgniter\Database\BaseBuilder->insert()
 6 SYSTEMPATH\BaseModel.php(748): CodeIgniter\Model->doInsert([...])
 7 SYSTEMPATH\Model.php(667): CodeIgniter\BaseModel->insert([...], false)
 8 SYSTEMPATH\BaseModel.php(658): CodeIgniter\Model->insert([...], false)
 9 APPPATH\Controllers\Notif.php(93): CodeIgniter\BaseModel->save([...])
10 SYSTEMPATH\CodeIgniter.php(902): App\Controllers\Notif->ajukan()
11 SYSTEMPATH\CodeIgniter.php(457): CodeIgniter\CodeIgniter->runController(Object(App\Controllers\Notif))
12 SYSTEMPATH\CodeIgniter.php(340): CodeIgniter\CodeIgniter->handleRequest(null, Object(Config\Cache), false)
13 FCPATH\index.php(67): CodeIgniter\CodeIgniter->run()
14 SYSTEMPATH\Commands\Server\rewrite.php(46): require_once('FCPATH\\index.php')
CRITICAL - 2022-11-18 20:26:45 --> Trying to access array offset on value of type null
in APPPATH\Views\peserta\profil.php on line 28.
 1 APPPATH\Views\peserta\profil.php(28): CodeIgniter\Debug\Exceptions->errorHandler(2, 'Trying to access array offset on value of type null', 'APPPATH\\Views\\peserta\\profil.php', 28)
 2 SYSTEMPATH\View\View.php(213): include('APPPATH\\Views\\peserta\\profil.php')
 3 SYSTEMPATH\View\View.php(216): CodeIgniter\View\View->CodeIgniter\View\{closure}()
 4 SYSTEMPATH\Common.php(1142): CodeIgniter\View\View->render('peserta/profil', [], true)
 5 APPPATH\Controllers\Peserta.php(346): view('peserta/profil')
 6 SYSTEMPATH\CodeIgniter.php(902): App\Controllers\Peserta->Profil()
 7 SYSTEMPATH\CodeIgniter.php(457): CodeIgniter\CodeIgniter->runController(Object(App\Controllers\Peserta))
 8 SYSTEMPATH\CodeIgniter.php(340): CodeIgniter\CodeIgniter->handleRequest(null, Object(Config\Cache), false)
 9 FCPATH\index.php(67): CodeIgniter\CodeIgniter->run()
10 SYSTEMPATH\Commands\Server\rewrite.php(46): require_once('FCPATH\\index.php')
CRITICAL - 2022-11-18 20:27:21 --> Trying to access array offset on value of type null
in APPPATH\Views\peserta\profil.php on line 28.
 1 APPPATH\Views\peserta\profil.php(28): CodeIgniter\Debug\Exceptions->errorHandler(2, 'Trying to access array offset on value of type null', 'APPPATH\\Views\\peserta\\profil.php', 28)
 2 SYSTEMPATH\View\View.php(213): include('APPPATH\\Views\\peserta\\profil.php')
 3 SYSTEMPATH\View\View.php(216): CodeIgniter\View\View->CodeIgniter\View\{closure}()
 4 SYSTEMPATH\Common.php(1142): CodeIgniter\View\View->render('peserta/profil', [], true)
 5 APPPATH\Controllers\Peserta.php(346): view('peserta/profil')
 6 SYSTEMPATH\CodeIgniter.php(902): App\Controllers\Peserta->Profil()
 7 SYSTEMPATH\CodeIgniter.php(457): CodeIgniter\CodeIgniter->runController(Object(App\Controllers\Peserta))
 8 SYSTEMPATH\CodeIgniter.php(340): CodeIgniter\CodeIgniter->handleRequest(null, Object(Config\Cache), false)
 9 FCPATH\index.php(67): CodeIgniter\CodeIgniter->run()
10 SYSTEMPATH\Commands\Server\rewrite.php(46): require_once('FCPATH\\index.php')
CRITICAL - 2022-11-18 20:28:40 --> Trying to access array offset on value of type null
in APPPATH\Views\peserta\profil.php on line 28.
 1 APPPATH\Views\peserta\profil.php(28): CodeIgniter\Debug\Exceptions->errorHandler(2, 'Trying to access array offset on value of type null', 'APPPATH\\Views\\peserta\\profil.php', 28)
 2 SYSTEMPATH\View\View.php(213): include('APPPATH\\Views\\peserta\\profil.php')
 3 SYSTEMPATH\View\View.php(216): CodeIgniter\View\View->CodeIgniter\View\{closure}()
 4 SYSTEMPATH\Common.php(1142): CodeIgniter\View\View->render('peserta/profil', [], true)
 5 APPPATH\Controllers\Peserta.php(346): view('peserta/profil')
 6 SYSTEMPATH\CodeIgniter.php(902): App\Controllers\Peserta->Profil()
 7 SYSTEMPATH\CodeIgniter.php(457): CodeIgniter\CodeIgniter->runController(Object(App\Controllers\Peserta))
 8 SYSTEMPATH\CodeIgniter.php(340): CodeIgniter\CodeIgniter->handleRequest(null, Object(Config\Cache), false)
 9 FCPATH\index.php(67): CodeIgniter\CodeIgniter->run()
10 SYSTEMPATH\Commands\Server\rewrite.php(46): require_once('FCPATH\\index.php')
ERROR - 2022-11-18 20:30:20 --> mysqli_sql_exception: Cannot add or update a child row: a foreign key constraint fails (`simag`.`info_peserta`, CONSTRAINT `info_peserta_ibfk_1` FOREIGN KEY (`userId`) REFERENCES `user` (`id`) ON DELETE CASCADE ON UPDATE CASCADE) in C:\xampp\htdocs\simag\vendor\codeigniter4\framework\system\Database\MySQLi\Connection.php:292
Stack trace:
#0 C:\xampp\htdocs\simag\vendor\codeigniter4\framework\system\Database\MySQLi\Connection.php(292): mysqli->query('INSERT INTO `in...', 0)
#1 C:\xampp\htdocs\simag\vendor\codeigniter4\framework\system\Database\BaseConnection.php(693): CodeIgniter\Database\MySQLi\Connection->execute('INSERT INTO `in...')
#2 C:\xampp\htdocs\simag\vendor\codeigniter4\framework\system\Database\BaseConnection.php(620): CodeIgniter\Database\BaseConnection->simpleQuery('INSERT INTO `in...')
#3 C:\xampp\htdocs\simag\vendor\codeigniter4\framework\system\Database\BaseBuilder.php(1916): CodeIgniter\Database\BaseConnection->query('INSERT INTO `in...', Array, false)
#4 C:\xampp\htdocs\simag\vendor\codeigniter4\framework\system\Model.php(279): CodeIgniter\Database\BaseBuilder->insert()
#5 C:\xampp\htdocs\simag\vendor\codeigniter4\framework\system\BaseModel.php(748): CodeIgniter\Model->doInsert(Array)
#6 C:\xampp\htdocs\simag\vendor\codeigniter4\framework\system\Model.php(667): CodeIgniter\BaseModel->insert(Array, false)
#7 C:\xampp\htdocs\simag\vendor\codeigniter4\framework\system\BaseModel.php(658): CodeIgniter\Model->insert(Array, false)
#8 C:\xampp\htdocs\simag\app\Controllers\Notif.php(93): CodeIgniter\BaseModel->save(Array)
#9 C:\xampp\htdocs\simag\vendor\codeigniter4\framework\system\CodeIgniter.php(902): App\Controllers\Notif->ajukan()
#10 C:\xampp\htdocs\simag\vendor\codeigniter4\framework\system\CodeIgniter.php(457): CodeIgniter\CodeIgniter->runController(Object(App\Controllers\Notif))
#11 C:\xampp\htdocs\simag\vendor\codeigniter4\framework\system\CodeIgniter.php(340): CodeIgniter\CodeIgniter->handleRequest(NULL, Object(Config\Cache), false)
#12 C:\xampp\htdocs\simag\public\index.php(67): CodeIgniter\CodeIgniter->run()
#13 C:\xampp\htdocs\simag\vendor\codeigniter4\framework\system\Commands\Server\rewrite.php(46): require_once('C:\\xampp\\htdocs...')
#14 {main}
CRITICAL - 2022-11-18 20:30:20 --> Cannot add or update a child row: a foreign key constraint fails (`simag`.`info_peserta`, CONSTRAINT `info_peserta_ibfk_1` FOREIGN KEY (`userId`) REFERENCES `user` (`id`) ON DELETE CASCADE ON UPDATE CASCADE)
in SYSTEMPATH\Database\MySQLi\Connection.php on line 292.
 1 SYSTEMPATH\Database\MySQLi\Connection.php(292): mysqli->query('INSERT INTO `info_peserta` (`instansi`, `startDate`, `endDate`, `userId`, `pengantar`, `proposal`, `created_at`, `updated_at`) VALUES (\'polije\', \'2022-11-19\', \'2022-11-28\', 0, \'/assets/dokumen pengantar/0/LINK PRODUK & DESKRIPSI.pdf\', \'/assets/dokumen proposal/0/LINK PRODUK & DESKRIPSI.pdf\', \'2022-11-18 20:30:19\', \'2022-11-18 20:30:19\')', 0)
 2 SYSTEMPATH\Database\BaseConnection.php(693): CodeIgniter\Database\MySQLi\Connection->execute('INSERT INTO `info_peserta` (`instansi`, `startDate`, `endDate`, `userId`, `pengantar`, `proposal`, `created_at`, `updated_at`) VALUES (\'polije\', \'2022-11-19\', \'2022-11-28\', 0, \'/assets/dokumen pengantar/0/LINK PRODUK & DESKRIPSI.pdf\', \'/assets/dokumen proposal/0/LINK PRODUK & DESKRIPSI.pdf\', \'2022-11-18 20:30:19\', \'2022-11-18 20:30:19\')')
 3 SYSTEMPATH\Database\BaseConnection.php(620): CodeIgniter\Database\BaseConnection->simpleQuery('INSERT INTO `info_peserta` (`instansi`, `startDate`, `endDate`, `userId`, `pengantar`, `proposal`, `created_at`, `updated_at`) VALUES (\'polije\', \'2022-11-19\', \'2022-11-28\', 0, \'/assets/dokumen pengantar/0/LINK PRODUK & DESKRIPSI.pdf\', \'/assets/dokumen proposal/0/LINK PRODUK & DESKRIPSI.pdf\', \'2022-11-18 20:30:19\', \'2022-11-18 20:30:19\')')
 4 SYSTEMPATH\Database\BaseBuilder.php(1916): CodeIgniter\Database\BaseConnection->query('INSERT INTO `info_peserta` (`instansi`, `startDate`, `endDate`, `userId`, `pengantar`, `proposal`, `created_at`, `updated_at`) VALUES (:instansi:, :startDate:, :endDate:, :userId:, :pengantar:, :proposal:, :created_at:, :updated_at:)', [...], false)
 5 SYSTEMPATH\Model.php(279): CodeIgniter\Database\BaseBuilder->insert()
 6 SYSTEMPATH\BaseModel.php(748): CodeIgniter\Model->doInsert([...])
 7 SYSTEMPATH\Model.php(667): CodeIgniter\BaseModel->insert([...], false)
 8 SYSTEMPATH\BaseModel.php(658): CodeIgniter\Model->insert([...], false)
 9 APPPATH\Controllers\Notif.php(93): CodeIgniter\BaseModel->save([...])
10 SYSTEMPATH\CodeIgniter.php(902): App\Controllers\Notif->ajukan()
11 SYSTEMPATH\CodeIgniter.php(457): CodeIgniter\CodeIgniter->runController(Object(App\Controllers\Notif))
12 SYSTEMPATH\CodeIgniter.php(340): CodeIgniter\CodeIgniter->handleRequest(null, Object(Config\Cache), false)
13 FCPATH\index.php(67): CodeIgniter\CodeIgniter->run()
14 SYSTEMPATH\Commands\Server\rewrite.php(46): require_once('FCPATH\\index.php')
ERROR - 2022-11-18 20:44:22 --> mysqli_sql_exception: Cannot add or update a child row: a foreign key constraint fails (`simag`.`info_peserta`, CONSTRAINT `info_peserta_ibfk_1` FOREIGN KEY (`userId`) REFERENCES `user` (`id`) ON DELETE CASCADE ON UPDATE CASCADE) in C:\xampp\htdocs\simag\vendor\codeigniter4\framework\system\Database\MySQLi\Connection.php:292
Stack trace:
#0 C:\xampp\htdocs\simag\vendor\codeigniter4\framework\system\Database\MySQLi\Connection.php(292): mysqli->query('INSERT INTO `in...', 0)
#1 C:\xampp\htdocs\simag\vendor\codeigniter4\framework\system\Database\BaseConnection.php(693): CodeIgniter\Database\MySQLi\Connection->execute('INSERT INTO `in...')
#2 C:\xampp\htdocs\simag\vendor\codeigniter4\framework\system\Database\BaseConnection.php(620): CodeIgniter\Database\BaseConnection->simpleQuery('INSERT INTO `in...')
#3 C:\xampp\htdocs\simag\vendor\codeigniter4\framework\system\Database\BaseBuilder.php(1916): CodeIgniter\Database\BaseConnection->query('INSERT INTO `in...', Array, false)
#4 C:\xampp\htdocs\simag\vendor\codeigniter4\framework\system\Model.php(279): CodeIgniter\Database\BaseBuilder->insert()
#5 C:\xampp\htdocs\simag\vendor\codeigniter4\framework\system\BaseModel.php(748): CodeIgniter\Model->doInsert(Array)
#6 C:\xampp\htdocs\simag\vendor\codeigniter4\framework\system\Model.php(667): CodeIgniter\BaseModel->insert(Array, false)
#7 C:\xampp\htdocs\simag\vendor\codeigniter4\framework\system\BaseModel.php(658): CodeIgniter\Model->insert(Array, false)
#8 C:\xampp\htdocs\simag\app\Controllers\Notif.php(93): CodeIgniter\BaseModel->save(Array)
#9 C:\xampp\htdocs\simag\vendor\codeigniter4\framework\system\CodeIgniter.php(902): App\Controllers\Notif->ajukan()
#10 C:\xampp\htdocs\simag\vendor\codeigniter4\framework\system\CodeIgniter.php(457): CodeIgniter\CodeIgniter->runController(Object(App\Controllers\Notif))
#11 C:\xampp\htdocs\simag\vendor\codeigniter4\framework\system\CodeIgniter.php(340): CodeIgniter\CodeIgniter->handleRequest(NULL, Object(Config\Cache), false)
#12 C:\xampp\htdocs\simag\public\index.php(67): CodeIgniter\CodeIgniter->run()
#13 C:\xampp\htdocs\simag\vendor\codeigniter4\framework\system\Commands\Server\rewrite.php(46): require_once('C:\\xampp\\htdocs...')
#14 {main}
CRITICAL - 2022-11-18 20:44:22 --> Cannot add or update a child row: a foreign key constraint fails (`simag`.`info_peserta`, CONSTRAINT `info_peserta_ibfk_1` FOREIGN KEY (`userId`) REFERENCES `user` (`id`) ON DELETE CASCADE ON UPDATE CASCADE)
in SYSTEMPATH\Database\MySQLi\Connection.php on line 292.
 1 SYSTEMPATH\Database\MySQLi\Connection.php(292): mysqli->query('INSERT INTO `info_peserta` (`instansi`, `startDate`, `endDate`, `userId`, `pengantar`, `proposal`, `created_at`, `updated_at`) VALUES (\'polije\', \'2022-11-19\', \'2022-11-28\', 0, \'/assets/dokumen pengantar/0/LINK PRODUK & DESKRIPSI.pdf\', \'/assets/dokumen proposal/0/LINK PRODUK & DESKRIPSI.pdf\', \'2022-11-18 20:44:22\', \'2022-11-18 20:44:22\')', 0)
 2 SYSTEMPATH\Database\BaseConnection.php(693): CodeIgniter\Database\MySQLi\Connection->execute('INSERT INTO `info_peserta` (`instansi`, `startDate`, `endDate`, `userId`, `pengantar`, `proposal`, `created_at`, `updated_at`) VALUES (\'polije\', \'2022-11-19\', \'2022-11-28\', 0, \'/assets/dokumen pengantar/0/LINK PRODUK & DESKRIPSI.pdf\', \'/assets/dokumen proposal/0/LINK PRODUK & DESKRIPSI.pdf\', \'2022-11-18 20:44:22\', \'2022-11-18 20:44:22\')')
 3 SYSTEMPATH\Database\BaseConnection.php(620): CodeIgniter\Database\BaseConnection->simpleQuery('INSERT INTO `info_peserta` (`instansi`, `startDate`, `endDate`, `userId`, `pengantar`, `proposal`, `created_at`, `updated_at`) VALUES (\'polije\', \'2022-11-19\', \'2022-11-28\', 0, \'/assets/dokumen pengantar/0/LINK PRODUK & DESKRIPSI.pdf\', \'/assets/dokumen proposal/0/LINK PRODUK & DESKRIPSI.pdf\', \'2022-11-18 20:44:22\', \'2022-11-18 20:44:22\')')
 4 SYSTEMPATH\Database\BaseBuilder.php(1916): CodeIgniter\Database\BaseConnection->query('INSERT INTO `info_peserta` (`instansi`, `startDate`, `endDate`, `userId`, `pengantar`, `proposal`, `created_at`, `updated_at`) VALUES (:instansi:, :startDate:, :endDate:, :userId:, :pengantar:, :proposal:, :created_at:, :updated_at:)', [...], false)
 5 SYSTEMPATH\Model.php(279): CodeIgniter\Database\BaseBuilder->insert()
 6 SYSTEMPATH\BaseModel.php(748): CodeIgniter\Model->doInsert([...])
 7 SYSTEMPATH\Model.php(667): CodeIgniter\BaseModel->insert([...], false)
 8 SYSTEMPATH\BaseModel.php(658): CodeIgniter\Model->insert([...], false)
 9 APPPATH\Controllers\Notif.php(93): CodeIgniter\BaseModel->save([...])
10 SYSTEMPATH\CodeIgniter.php(902): App\Controllers\Notif->ajukan()
11 SYSTEMPATH\CodeIgniter.php(457): CodeIgniter\CodeIgniter->runController(Object(App\Controllers\Notif))
12 SYSTEMPATH\CodeIgniter.php(340): CodeIgniter\CodeIgniter->handleRequest(null, Object(Config\Cache), false)
13 FCPATH\index.php(67): CodeIgniter\CodeIgniter->run()
14 SYSTEMPATH\Commands\Server\rewrite.php(46): require_once('FCPATH\\index.php')
ERROR - 2022-11-18 20:52:20 --> mysqli_sql_exception: Column 'userId' cannot be null in C:\xampp\htdocs\simag\vendor\codeigniter4\framework\system\Database\MySQLi\Connection.php:292
Stack trace:
#0 C:\xampp\htdocs\simag\vendor\codeigniter4\framework\system\Database\MySQLi\Connection.php(292): mysqli->query('INSERT INTO `in...', 0)
#1 C:\xampp\htdocs\simag\vendor\codeigniter4\framework\system\Database\BaseConnection.php(693): CodeIgniter\Database\MySQLi\Connection->execute('INSERT INTO `in...')
#2 C:\xampp\htdocs\simag\vendor\codeigniter4\framework\system\Database\BaseConnection.php(620): CodeIgniter\Database\BaseConnection->simpleQuery('INSERT INTO `in...')
#3 C:\xampp\htdocs\simag\vendor\codeigniter4\framework\system\Database\BaseBuilder.php(1916): CodeIgniter\Database\BaseConnection->query('INSERT INTO `in...', Array, false)
#4 C:\xampp\htdocs\simag\vendor\codeigniter4\framework\system\Model.php(279): CodeIgniter\Database\BaseBuilder->insert()
#5 C:\xampp\htdocs\simag\vendor\codeigniter4\framework\system\BaseModel.php(748): CodeIgniter\Model->doInsert(Array)
#6 C:\xampp\htdocs\simag\vendor\codeigniter4\framework\system\Model.php(667): CodeIgniter\BaseModel->insert(Array, false)
#7 C:\xampp\htdocs\simag\vendor\codeigniter4\framework\system\BaseModel.php(658): CodeIgniter\Model->insert(Array, false)
#8 C:\xampp\htdocs\simag\app\Controllers\Notif.php(90): CodeIgniter\BaseModel->save(Array)
#9 C:\xampp\htdocs\simag\vendor\codeigniter4\framework\system\CodeIgniter.php(902): App\Controllers\Notif->ajukan()
#10 C:\xampp\htdocs\simag\vendor\codeigniter4\framework\system\CodeIgniter.php(457): CodeIgniter\CodeIgniter->runController(Object(App\Controllers\Notif))
#11 C:\xampp\htdocs\simag\vendor\codeigniter4\framework\system\CodeIgniter.php(340): CodeIgniter\CodeIgniter->handleRequest(NULL, Object(Config\Cache), false)
#12 C:\xampp\htdocs\simag\public\index.php(67): CodeIgniter\CodeIgniter->run()
#13 C:\xampp\htdocs\simag\vendor\codeigniter4\framework\system\Commands\Server\rewrite.php(46): require_once('C:\\xampp\\htdocs...')
#14 {main}
CRITICAL - 2022-11-18 20:52:20 --> Column 'userId' cannot be null
in SYSTEMPATH\Database\MySQLi\Connection.php on line 292.
 1 SYSTEMPATH\Database\MySQLi\Connection.php(292): mysqli->query('INSERT INTO `info_peserta` (`instansi`, `startDate`, `endDate`, `userId`, `pengantar`, `proposal`, `created_at`, `updated_at`) VALUES (\'polije\', \'2022-11-19\', \'2022-11-28\', NULL, \'/assets/dokumen pengantar//LINK PRODUK & DESKRIPSI.pdf\', \'/assets/dokumen proposal//LINK PRODUK & DESKRIPSI.pdf\', \'2022-11-18 20:52:19\', \'2022-11-18 20:52:19\')', 0)
 2 SYSTEMPATH\Database\BaseConnection.php(693): CodeIgniter\Database\MySQLi\Connection->execute('INSERT INTO `info_peserta` (`instansi`, `startDate`, `endDate`, `userId`, `pengantar`, `proposal`, `created_at`, `updated_at`) VALUES (\'polije\', \'2022-11-19\', \'2022-11-28\', NULL, \'/assets/dokumen pengantar//LINK PRODUK & DESKRIPSI.pdf\', \'/assets/dokumen proposal//LINK PRODUK & DESKRIPSI.pdf\', \'2022-11-18 20:52:19\', \'2022-11-18 20:52:19\')')
 3 SYSTEMPATH\Database\BaseConnection.php(620): CodeIgniter\Database\BaseConnection->simpleQuery('INSERT INTO `info_peserta` (`instansi`, `startDate`, `endDate`, `userId`, `pengantar`, `proposal`, `created_at`, `updated_at`) VALUES (\'polije\', \'2022-11-19\', \'2022-11-28\', NULL, \'/assets/dokumen pengantar//LINK PRODUK & DESKRIPSI.pdf\', \'/assets/dokumen proposal//LINK PRODUK & DESKRIPSI.pdf\', \'2022-11-18 20:52:19\', \'2022-11-18 20:52:19\')')
 4 SYSTEMPATH\Database\BaseBuilder.php(1916): CodeIgniter\Database\BaseConnection->query('INSERT INTO `info_peserta` (`instansi`, `startDate`, `endDate`, `userId`, `pengantar`, `proposal`, `created_at`, `updated_at`) VALUES (:instansi:, :startDate:, :endDate:, :userId:, :pengantar:, :proposal:, :created_at:, :updated_at:)', [...], false)
 5 SYSTEMPATH\Model.php(279): CodeIgniter\Database\BaseBuilder->insert()
 6 SYSTEMPATH\BaseModel.php(748): CodeIgniter\Model->doInsert([...])
 7 SYSTEMPATH\Model.php(667): CodeIgniter\BaseModel->insert([...], false)
 8 SYSTEMPATH\BaseModel.php(658): CodeIgniter\Model->insert([...], false)
 9 APPPATH\Controllers\Notif.php(90): CodeIgniter\BaseModel->save([...])
10 SYSTEMPATH\CodeIgniter.php(902): App\Controllers\Notif->ajukan()
11 SYSTEMPATH\CodeIgniter.php(457): CodeIgniter\CodeIgniter->runController(Object(App\Controllers\Notif))
12 SYSTEMPATH\CodeIgniter.php(340): CodeIgniter\CodeIgniter->handleRequest(null, Object(Config\Cache), false)
13 FCPATH\index.php(67): CodeIgniter\CodeIgniter->run()
14 SYSTEMPATH\Commands\Server\rewrite.php(46): require_once('FCPATH\\index.php')
ERROR - 2022-11-18 20:54:31 --> mysqli_sql_exception: Column 'userId' cannot be null in C:\xampp\htdocs\simag\vendor\codeigniter4\framework\system\Database\MySQLi\Connection.php:292
Stack trace:
#0 C:\xampp\htdocs\simag\vendor\codeigniter4\framework\system\Database\MySQLi\Connection.php(292): mysqli->query('INSERT INTO `in...', 0)
#1 C:\xampp\htdocs\simag\vendor\codeigniter4\framework\system\Database\BaseConnection.php(693): CodeIgniter\Database\MySQLi\Connection->execute('INSERT INTO `in...')
#2 C:\xampp\htdocs\simag\vendor\codeigniter4\framework\system\Database\BaseConnection.php(620): CodeIgniter\Database\BaseConnection->simpleQuery('INSERT INTO `in...')
#3 C:\xampp\htdocs\simag\vendor\codeigniter4\framework\system\Database\BaseBuilder.php(1916): CodeIgniter\Database\BaseConnection->query('INSERT INTO `in...', Array, false)
#4 C:\xampp\htdocs\simag\vendor\codeigniter4\framework\system\Model.php(279): CodeIgniter\Database\BaseBuilder->insert()
#5 C:\xampp\htdocs\simag\vendor\codeigniter4\framework\system\BaseModel.php(748): CodeIgniter\Model->doInsert(Array)
#6 C:\xampp\htdocs\simag\vendor\codeigniter4\framework\system\Model.php(667): CodeIgniter\BaseModel->insert(Array, false)
#7 C:\xampp\htdocs\simag\vendor\codeigniter4\framework\system\BaseModel.php(658): CodeIgniter\Model->insert(Array, false)
#8 C:\xampp\htdocs\simag\app\Controllers\Notif.php(90): CodeIgniter\BaseModel->save(Array)
#9 C:\xampp\htdocs\simag\vendor\codeigniter4\framework\system\CodeIgniter.php(902): App\Controllers\Notif->ajukan()
#10 C:\xampp\htdocs\simag\vendor\codeigniter4\framework\system\CodeIgniter.php(457): CodeIgniter\CodeIgniter->runController(Object(App\Controllers\Notif))
#11 C:\xampp\htdocs\simag\vendor\codeigniter4\framework\system\CodeIgniter.php(340): CodeIgniter\CodeIgniter->handleRequest(NULL, Object(Config\Cache), false)
#12 C:\xampp\htdocs\simag\public\index.php(67): CodeIgniter\CodeIgniter->run()
#13 C:\xampp\htdocs\simag\vendor\codeigniter4\framework\system\Commands\Server\rewrite.php(46): require_once('C:\\xampp\\htdocs...')
#14 {main}
CRITICAL - 2022-11-18 20:54:31 --> Column 'userId' cannot be null
in SYSTEMPATH\Database\MySQLi\Connection.php on line 292.
 1 SYSTEMPATH\Database\MySQLi\Connection.php(292): mysqli->query('INSERT INTO `info_peserta` (`instansi`, `startDate`, `endDate`, `userId`, `pengantar`, `proposal`, `created_at`, `updated_at`) VALUES (\'polije\', \'2022-11-19\', \'2022-11-29\', NULL, \'/assets/dokumen pengantar//LINK PRODUK & DESKRIPSI.pdf\', \'/assets/dokumen proposal//LINK PRODUK & DESKRIPSI.pdf\', \'2022-11-18 20:54:31\', \'2022-11-18 20:54:31\')', 0)
 2 SYSTEMPATH\Database\BaseConnection.php(693): CodeIgniter\Database\MySQLi\Connection->execute('INSERT INTO `info_peserta` (`instansi`, `startDate`, `endDate`, `userId`, `pengantar`, `proposal`, `created_at`, `updated_at`) VALUES (\'polije\', \'2022-11-19\', \'2022-11-29\', NULL, \'/assets/dokumen pengantar//LINK PRODUK & DESKRIPSI.pdf\', \'/assets/dokumen proposal//LINK PRODUK & DESKRIPSI.pdf\', \'2022-11-18 20:54:31\', \'2022-11-18 20:54:31\')')
 3 SYSTEMPATH\Database\BaseConnection.php(620): CodeIgniter\Database\BaseConnection->simpleQuery('INSERT INTO `info_peserta` (`instansi`, `startDate`, `endDate`, `userId`, `pengantar`, `proposal`, `created_at`, `updated_at`) VALUES (\'polije\', \'2022-11-19\', \'2022-11-29\', NULL, \'/assets/dokumen pengantar//LINK PRODUK & DESKRIPSI.pdf\', \'/assets/dokumen proposal//LINK PRODUK & DESKRIPSI.pdf\', \'2022-11-18 20:54:31\', \'2022-11-18 20:54:31\')')
 4 SYSTEMPATH\Database\BaseBuilder.php(1916): CodeIgniter\Database\BaseConnection->query('INSERT INTO `info_peserta` (`instansi`, `startDate`, `endDate`, `userId`, `pengantar`, `proposal`, `created_at`, `updated_at`) VALUES (:instansi:, :startDate:, :endDate:, :userId:, :pengantar:, :proposal:, :created_at:, :updated_at:)', [...], false)
 5 SYSTEMPATH\Model.php(279): CodeIgniter\Database\BaseBuilder->insert()
 6 SYSTEMPATH\BaseModel.php(748): CodeIgniter\Model->doInsert([...])
 7 SYSTEMPATH\Model.php(667): CodeIgniter\BaseModel->insert([...], false)
 8 SYSTEMPATH\BaseModel.php(658): CodeIgniter\Model->insert([...], false)
 9 APPPATH\Controllers\Notif.php(90): CodeIgniter\BaseModel->save([...])
10 SYSTEMPATH\CodeIgniter.php(902): App\Controllers\Notif->ajukan()
11 SYSTEMPATH\CodeIgniter.php(457): CodeIgniter\CodeIgniter->runController(Object(App\Controllers\Notif))
12 SYSTEMPATH\CodeIgniter.php(340): CodeIgniter\CodeIgniter->handleRequest(null, Object(Config\Cache), false)
13 FCPATH\index.php(67): CodeIgniter\CodeIgniter->run()
14 SYSTEMPATH\Commands\Server\rewrite.php(46): require_once('FCPATH\\index.php')
ERROR - 2022-11-18 23:07:36 --> mysqli_sql_exception: Column 'userId' cannot be null in C:\xampp\htdocs\simag\vendor\codeigniter4\framework\system\Database\MySQLi\Connection.php:292
Stack trace:
#0 C:\xampp\htdocs\simag\vendor\codeigniter4\framework\system\Database\MySQLi\Connection.php(292): mysqli->query('INSERT INTO `in...', 0)
#1 C:\xampp\htdocs\simag\vendor\codeigniter4\framework\system\Database\BaseConnection.php(693): CodeIgniter\Database\MySQLi\Connection->execute('INSERT INTO `in...')
#2 C:\xampp\htdocs\simag\vendor\codeigniter4\framework\system\Database\BaseConnection.php(620): CodeIgniter\Database\BaseConnection->simpleQuery('INSERT INTO `in...')
#3 C:\xampp\htdocs\simag\vendor\codeigniter4\framework\system\Database\BaseBuilder.php(1916): CodeIgniter\Database\BaseConnection->query('INSERT INTO `in...', Array, false)
#4 C:\xampp\htdocs\simag\vendor\codeigniter4\framework\system\Model.php(279): CodeIgniter\Database\BaseBuilder->insert()
#5 C:\xampp\htdocs\simag\vendor\codeigniter4\framework\system\BaseModel.php(748): CodeIgniter\Model->doInsert(Array)
#6 C:\xampp\htdocs\simag\vendor\codeigniter4\framework\system\Model.php(667): CodeIgniter\BaseModel->insert(Array, false)
#7 C:\xampp\htdocs\simag\vendor\codeigniter4\framework\system\BaseModel.php(658): CodeIgniter\Model->insert(Array, false)
#8 C:\xampp\htdocs\simag\app\Controllers\Notif.php(90): CodeIgniter\BaseModel->save(Array)
#9 C:\xampp\htdocs\simag\vendor\codeigniter4\framework\system\CodeIgniter.php(902): App\Controllers\Notif->ajukan()
#10 C:\xampp\htdocs\simag\vendor\codeigniter4\framework\system\CodeIgniter.php(457): CodeIgniter\CodeIgniter->runController(Object(App\Controllers\Notif))
#11 C:\xampp\htdocs\simag\vendor\codeigniter4\framework\system\CodeIgniter.php(340): CodeIgniter\CodeIgniter->handleRequest(NULL, Object(Config\Cache), false)
#12 C:\xampp\htdocs\simag\public\index.php(67): CodeIgniter\CodeIgniter->run()
#13 C:\xampp\htdocs\simag\vendor\codeigniter4\framework\system\Commands\Server\rewrite.php(46): require_once('C:\\xampp\\htdocs...')
#14 {main}
CRITICAL - 2022-11-18 23:07:36 --> Column 'userId' cannot be null
in SYSTEMPATH\Database\MySQLi\Connection.php on line 292.
 1 SYSTEMPATH\Database\MySQLi\Connection.php(292): mysqli->query('INSERT INTO `info_peserta` (`instansi`, `startDate`, `endDate`, `userId`, `pengantar`, `proposal`, `created_at`, `updated_at`) VALUES (\'polijedjjsaj\', \'2022-11-19\', \'2022-11-29\', NULL, \'/assets/dokumen pengantar//LINK PRODUK & DESKRIPSI.pdf\', \'/assets/dokumen proposal//LINK PRODUK & DESKRIPSI.pdf\', \'2022-11-18 23:07:36\', \'2022-11-18 23:07:36\')', 0)
 2 SYSTEMPATH\Database\BaseConnection.php(693): CodeIgniter\Database\MySQLi\Connection->execute('INSERT INTO `info_peserta` (`instansi`, `startDate`, `endDate`, `userId`, `pengantar`, `proposal`, `created_at`, `updated_at`) VALUES (\'polijedjjsaj\', \'2022-11-19\', \'2022-11-29\', NULL, \'/assets/dokumen pengantar//LINK PRODUK & DESKRIPSI.pdf\', \'/assets/dokumen proposal//LINK PRODUK & DESKRIPSI.pdf\', \'2022-11-18 23:07:36\', \'2022-11-18 23:07:36\')')
 3 SYSTEMPATH\Database\BaseConnection.php(620): CodeIgniter\Database\BaseConnection->simpleQuery('INSERT INTO `info_peserta` (`instansi`, `startDate`, `endDate`, `userId`, `pengantar`, `proposal`, `created_at`, `updated_at`) VALUES (\'polijedjjsaj\', \'2022-11-19\', \'2022-11-29\', NULL, \'/assets/dokumen pengantar//LINK PRODUK & DESKRIPSI.pdf\', \'/assets/dokumen proposal//LINK PRODUK & DESKRIPSI.pdf\', \'2022-11-18 23:07:36\', \'2022-11-18 23:07:36\')')
 4 SYSTEMPATH\Database\BaseBuilder.php(1916): CodeIgniter\Database\BaseConnection->query('INSERT INTO `info_peserta` (`instansi`, `startDate`, `endDate`, `userId`, `pengantar`, `proposal`, `created_at`, `updated_at`) VALUES (:instansi:, :startDate:, :endDate:, :userId:, :pengantar:, :proposal:, :created_at:, :updated_at:)', [...], false)
 5 SYSTEMPATH\Model.php(279): CodeIgniter\Database\BaseBuilder->insert()
 6 SYSTEMPATH\BaseModel.php(748): CodeIgniter\Model->doInsert([...])
 7 SYSTEMPATH\Model.php(667): CodeIgniter\BaseModel->insert([...], false)
 8 SYSTEMPATH\BaseModel.php(658): CodeIgniter\Model->insert([...], false)
 9 APPPATH\Controllers\Notif.php(90): CodeIgniter\BaseModel->save([...])
10 SYSTEMPATH\CodeIgniter.php(902): App\Controllers\Notif->ajukan()
11 SYSTEMPATH\CodeIgniter.php(457): CodeIgniter\CodeIgniter->runController(Object(App\Controllers\Notif))
12 SYSTEMPATH\CodeIgniter.php(340): CodeIgniter\CodeIgniter->handleRequest(null, Object(Config\Cache), false)
13 FCPATH\index.php(67): CodeIgniter\CodeIgniter->run()
14 SYSTEMPATH\Commands\Server\rewrite.php(46): require_once('FCPATH\\index.php')
ERROR - 2022-11-18 23:11:14 --> mysqli_sql_exception: Column 'userId' cannot be null in C:\xampp\htdocs\simag\vendor\codeigniter4\framework\system\Database\MySQLi\Connection.php:292
Stack trace:
#0 C:\xampp\htdocs\simag\vendor\codeigniter4\framework\system\Database\MySQLi\Connection.php(292): mysqli->query('INSERT INTO `in...', 0)
#1 C:\xampp\htdocs\simag\vendor\codeigniter4\framework\system\Database\BaseConnection.php(693): CodeIgniter\Database\MySQLi\Connection->execute('INSERT INTO `in...')
#2 C:\xampp\htdocs\simag\vendor\codeigniter4\framework\system\Database\BaseConnection.php(620): CodeIgniter\Database\BaseConnection->simpleQuery('INSERT INTO `in...')
#3 C:\xampp\htdocs\simag\vendor\codeigniter4\framework\system\Database\BaseBuilder.php(1916): CodeIgniter\Database\BaseConnection->query('INSERT INTO `in...', Array, false)
#4 C:\xampp\htdocs\simag\vendor\codeigniter4\framework\system\Model.php(279): CodeIgniter\Database\BaseBuilder->insert()
#5 C:\xampp\htdocs\simag\vendor\codeigniter4\framework\system\BaseModel.php(748): CodeIgniter\Model->doInsert(Array)
#6 C:\xampp\htdocs\simag\vendor\codeigniter4\framework\system\Model.php(667): CodeIgniter\BaseModel->insert(Array, false)
#7 C:\xampp\htdocs\simag\vendor\codeigniter4\framework\system\BaseModel.php(658): CodeIgniter\Model->insert(Array, false)
#8 C:\xampp\htdocs\simag\app\Controllers\Notif.php(90): CodeIgniter\BaseModel->save(Array)
#9 C:\xampp\htdocs\simag\vendor\codeigniter4\framework\system\CodeIgniter.php(902): App\Controllers\Notif->ajukan()
#10 C:\xampp\htdocs\simag\vendor\codeigniter4\framework\system\CodeIgniter.php(457): CodeIgniter\CodeIgniter->runController(Object(App\Controllers\Notif))
#11 C:\xampp\htdocs\simag\vendor\codeigniter4\framework\system\CodeIgniter.php(340): CodeIgniter\CodeIgniter->handleRequest(NULL, Object(Config\Cache), false)
#12 C:\xampp\htdocs\simag\public\index.php(67): CodeIgniter\CodeIgniter->run()
#13 C:\xampp\htdocs\simag\vendor\codeigniter4\framework\system\Commands\Server\rewrite.php(46): require_once('C:\\xampp\\htdocs...')
#14 {main}
CRITICAL - 2022-11-18 23:11:14 --> Column 'userId' cannot be null
in SYSTEMPATH\Database\MySQLi\Connection.php on line 292.
 1 SYSTEMPATH\Database\MySQLi\Connection.php(292): mysqli->query('INSERT INTO `info_peserta` (`instansi`, `startDate`, `endDate`, `userId`, `pengantar`, `proposal`, `created_at`, `updated_at`) VALUES (\'polijedjjsaj\', \'2022-11-19\', \'2022-11-29\', NULL, \'/assets/dokumen pengantar//LINK PRODUK & DESKRIPSI.pdf\', \'/assets/dokumen proposal//LINK PRODUK & DESKRIPSI.pdf\', \'2022-11-18 23:11:14\', \'2022-11-18 23:11:14\')', 0)
 2 SYSTEMPATH\Database\BaseConnection.php(693): CodeIgniter\Database\MySQLi\Connection->execute('INSERT INTO `info_peserta` (`instansi`, `startDate`, `endDate`, `userId`, `pengantar`, `proposal`, `created_at`, `updated_at`) VALUES (\'polijedjjsaj\', \'2022-11-19\', \'2022-11-29\', NULL, \'/assets/dokumen pengantar//LINK PRODUK & DESKRIPSI.pdf\', \'/assets/dokumen proposal//LINK PRODUK & DESKRIPSI.pdf\', \'2022-11-18 23:11:14\', \'2022-11-18 23:11:14\')')
 3 SYSTEMPATH\Database\BaseConnection.php(620): CodeIgniter\Database\BaseConnection->simpleQuery('INSERT INTO `info_peserta` (`instansi`, `startDate`, `endDate`, `userId`, `pengantar`, `proposal`, `created_at`, `updated_at`) VALUES (\'polijedjjsaj\', \'2022-11-19\', \'2022-11-29\', NULL, \'/assets/dokumen pengantar//LINK PRODUK & DESKRIPSI.pdf\', \'/assets/dokumen proposal//LINK PRODUK & DESKRIPSI.pdf\', \'2022-11-18 23:11:14\', \'2022-11-18 23:11:14\')')
 4 SYSTEMPATH\Database\BaseBuilder.php(1916): CodeIgniter\Database\BaseConnection->query('INSERT INTO `info_peserta` (`instansi`, `startDate`, `endDate`, `userId`, `pengantar`, `proposal`, `created_at`, `updated_at`) VALUES (:instansi:, :startDate:, :endDate:, :userId:, :pengantar:, :proposal:, :created_at:, :updated_at:)', [...], false)
 5 SYSTEMPATH\Model.php(279): CodeIgniter\Database\BaseBuilder->insert()
 6 SYSTEMPATH\BaseModel.php(748): CodeIgniter\Model->doInsert([...])
 7 SYSTEMPATH\Model.php(667): CodeIgniter\BaseModel->insert([...], false)
 8 SYSTEMPATH\BaseModel.php(658): CodeIgniter\Model->insert([...], false)
 9 APPPATH\Controllers\Notif.php(90): CodeIgniter\BaseModel->save([...])
10 SYSTEMPATH\CodeIgniter.php(902): App\Controllers\Notif->ajukan()
11 SYSTEMPATH\CodeIgniter.php(457): CodeIgniter\CodeIgniter->runController(Object(App\Controllers\Notif))
12 SYSTEMPATH\CodeIgniter.php(340): CodeIgniter\CodeIgniter->handleRequest(null, Object(Config\Cache), false)
13 FCPATH\index.php(67): CodeIgniter\CodeIgniter->run()
14 SYSTEMPATH\Commands\Server\rewrite.php(46): require_once('FCPATH\\index.php')
ERROR - 2022-11-18 23:12:32 --> mysqli_sql_exception: Column 'userId' cannot be null in C:\xampp\htdocs\simag\vendor\codeigniter4\framework\system\Database\MySQLi\Connection.php:292
Stack trace:
#0 C:\xampp\htdocs\simag\vendor\codeigniter4\framework\system\Database\MySQLi\Connection.php(292): mysqli->query('INSERT INTO `in...', 0)
#1 C:\xampp\htdocs\simag\vendor\codeigniter4\framework\system\Database\BaseConnection.php(693): CodeIgniter\Database\MySQLi\Connection->execute('INSERT INTO `in...')
#2 C:\xampp\htdocs\simag\vendor\codeigniter4\framework\system\Database\BaseConnection.php(620): CodeIgniter\Database\BaseConnection->simpleQuery('INSERT INTO `in...')
#3 C:\xampp\htdocs\simag\vendor\codeigniter4\framework\system\Database\BaseBuilder.php(1916): CodeIgniter\Database\BaseConnection->query('INSERT INTO `in...', Array, false)
#4 C:\xampp\htdocs\simag\vendor\codeigniter4\framework\system\Model.php(279): CodeIgniter\Database\BaseBuilder->insert()
#5 C:\xampp\htdocs\simag\vendor\codeigniter4\framework\system\BaseModel.php(748): CodeIgniter\Model->doInsert(Array)
#6 C:\xampp\htdocs\simag\vendor\codeigniter4\framework\system\Model.php(667): CodeIgniter\BaseModel->insert(Array, false)
#7 C:\xampp\htdocs\simag\vendor\codeigniter4\framework\system\BaseModel.php(658): CodeIgniter\Model->insert(Array, false)
#8 C:\xampp\htdocs\simag\app\Controllers\Notif.php(90): CodeIgniter\BaseModel->save(Array)
#9 C:\xampp\htdocs\simag\vendor\codeigniter4\framework\system\CodeIgniter.php(902): App\Controllers\Notif->ajukan()
#10 C:\xampp\htdocs\simag\vendor\codeigniter4\framework\system\CodeIgniter.php(457): CodeIgniter\CodeIgniter->runController(Object(App\Controllers\Notif))
#11 C:\xampp\htdocs\simag\vendor\codeigniter4\framework\system\CodeIgniter.php(340): CodeIgniter\CodeIgniter->handleRequest(NULL, Object(Config\Cache), false)
#12 C:\xampp\htdocs\simag\public\index.php(67): CodeIgniter\CodeIgniter->run()
#13 C:\xampp\htdocs\simag\vendor\codeigniter4\framework\system\Commands\Server\rewrite.php(46): require_once('C:\\xampp\\htdocs...')
#14 {main}
CRITICAL - 2022-11-18 23:12:32 --> Column 'userId' cannot be null
in SYSTEMPATH\Database\MySQLi\Connection.php on line 292.
 1 SYSTEMPATH\Database\MySQLi\Connection.php(292): mysqli->query('INSERT INTO `info_peserta` (`instansi`, `startDate`, `endDate`, `userId`, `pengantar`, `proposal`, `created_at`, `updated_at`) VALUES (\'polijedjjsaj\', \'2022-11-02\', \'2022-12-02\', NULL, \'/assets/dokumen pengantar//LINK PRODUK & DESKRIPSI.pdf\', \'/assets/dokumen proposal//LINK PRODUK & DESKRIPSI.pdf\', \'2022-11-18 23:12:32\', \'2022-11-18 23:12:32\')', 0)
 2 SYSTEMPATH\Database\BaseConnection.php(693): CodeIgniter\Database\MySQLi\Connection->execute('INSERT INTO `info_peserta` (`instansi`, `startDate`, `endDate`, `userId`, `pengantar`, `proposal`, `created_at`, `updated_at`) VALUES (\'polijedjjsaj\', \'2022-11-02\', \'2022-12-02\', NULL, \'/assets/dokumen pengantar//LINK PRODUK & DESKRIPSI.pdf\', \'/assets/dokumen proposal//LINK PRODUK & DESKRIPSI.pdf\', \'2022-11-18 23:12:32\', \'2022-11-18 23:12:32\')')
 3 SYSTEMPATH\Database\BaseConnection.php(620): CodeIgniter\Database\BaseConnection->simpleQuery('INSERT INTO `info_peserta` (`instansi`, `startDate`, `endDate`, `userId`, `pengantar`, `proposal`, `created_at`, `updated_at`) VALUES (\'polijedjjsaj\', \'2022-11-02\', \'2022-12-02\', NULL, \'/assets/dokumen pengantar//LINK PRODUK & DESKRIPSI.pdf\', \'/assets/dokumen proposal//LINK PRODUK & DESKRIPSI.pdf\', \'2022-11-18 23:12:32\', \'2022-11-18 23:12:32\')')
 4 SYSTEMPATH\Database\BaseBuilder.php(1916): CodeIgniter\Database\BaseConnection->query('INSERT INTO `info_peserta` (`instansi`, `startDate`, `endDate`, `userId`, `pengantar`, `proposal`, `created_at`, `updated_at`) VALUES (:instansi:, :startDate:, :endDate:, :userId:, :pengantar:, :proposal:, :created_at:, :updated_at:)', [...], false)
 5 SYSTEMPATH\Model.php(279): CodeIgniter\Database\BaseBuilder->insert()
 6 SYSTEMPATH\BaseModel.php(748): CodeIgniter\Model->doInsert([...])
 7 SYSTEMPATH\Model.php(667): CodeIgniter\BaseModel->insert([...], false)
 8 SYSTEMPATH\BaseModel.php(658): CodeIgniter\Model->insert([...], false)
 9 APPPATH\Controllers\Notif.php(90): CodeIgniter\BaseModel->save([...])
10 SYSTEMPATH\CodeIgniter.php(902): App\Controllers\Notif->ajukan()
11 SYSTEMPATH\CodeIgniter.php(457): CodeIgniter\CodeIgniter->runController(Object(App\Controllers\Notif))
12 SYSTEMPATH\CodeIgniter.php(340): CodeIgniter\CodeIgniter->handleRequest(null, Object(Config\Cache), false)
13 FCPATH\index.php(67): CodeIgniter\CodeIgniter->run()
14 SYSTEMPATH\Commands\Server\rewrite.php(46): require_once('FCPATH\\index.php')
ERROR - 2022-11-18 23:16:20 --> mysqli_sql_exception: Cannot add or update a child row: a foreign key constraint fails (`simag`.`info_peserta`, CONSTRAINT `info_peserta_ibfk_1` FOREIGN KEY (`userId`) REFERENCES `user` (`id`) ON DELETE CASCADE ON UPDATE CASCADE) in C:\xampp\htdocs\simag\vendor\codeigniter4\framework\system\Database\MySQLi\Connection.php:292
Stack trace:
#0 C:\xampp\htdocs\simag\vendor\codeigniter4\framework\system\Database\MySQLi\Connection.php(292): mysqli->query('INSERT INTO `in...', 0)
#1 C:\xampp\htdocs\simag\vendor\codeigniter4\framework\system\Database\BaseConnection.php(693): CodeIgniter\Database\MySQLi\Connection->execute('INSERT INTO `in...')
#2 C:\xampp\htdocs\simag\vendor\codeigniter4\framework\system\Database\BaseConnection.php(620): CodeIgniter\Database\BaseConnection->simpleQuery('INSERT INTO `in...')
#3 C:\xampp\htdocs\simag\vendor\codeigniter4\framework\system\Database\BaseBuilder.php(1916): CodeIgniter\Database\BaseConnection->query('INSERT INTO `in...', Array, false)
#4 C:\xampp\htdocs\simag\vendor\codeigniter4\framework\system\Model.php(279): CodeIgniter\Database\BaseBuilder->insert()
#5 C:\xampp\htdocs\simag\vendor\codeigniter4\framework\system\BaseModel.php(748): CodeIgniter\Model->doInsert(Array)
#6 C:\xampp\htdocs\simag\vendor\codeigniter4\framework\system\Model.php(667): CodeIgniter\BaseModel->insert(Array, false)
#7 C:\xampp\htdocs\simag\vendor\codeigniter4\framework\system\BaseModel.php(658): CodeIgniter\Model->insert(Array, false)
#8 C:\xampp\htdocs\simag\app\Controllers\Notif.php(90): CodeIgniter\BaseModel->save(Array)
#9 C:\xampp\htdocs\simag\vendor\codeigniter4\framework\system\CodeIgniter.php(902): App\Controllers\Notif->ajukan()
#10 C:\xampp\htdocs\simag\vendor\codeigniter4\framework\system\CodeIgniter.php(457): CodeIgniter\CodeIgniter->runController(Object(App\Controllers\Notif))
#11 C:\xampp\htdocs\simag\vendor\codeigniter4\framework\system\CodeIgniter.php(340): CodeIgniter\CodeIgniter->handleRequest(NULL, Object(Config\Cache), false)
#12 C:\xampp\htdocs\simag\public\index.php(67): CodeIgniter\CodeIgniter->run()
#13 C:\xampp\htdocs\simag\vendor\codeigniter4\framework\system\Commands\Server\rewrite.php(46): require_once('C:\\xampp\\htdocs...')
#14 {main}
CRITICAL - 2022-11-18 23:16:20 --> Cannot add or update a child row: a foreign key constraint fails (`simag`.`info_peserta`, CONSTRAINT `info_peserta_ibfk_1` FOREIGN KEY (`userId`) REFERENCES `user` (`id`) ON DELETE CASCADE ON UPDATE CASCADE)
in SYSTEMPATH\Database\MySQLi\Connection.php on line 292.
 1 SYSTEMPATH\Database\MySQLi\Connection.php(292): mysqli->query('INSERT INTO `info_peserta` (`instansi`, `startDate`, `endDate`, `userId`, `pengantar`, `proposal`, `created_at`, `updated_at`) VALUES (\'polije\', \'2022-11-11\', \'2022-11-10\', 21, \'/assets/dokumen pengantar//LINK PRODUK & DESKRIPSI.pdf\', \'/assets/dokumen proposal//LINK PRODUK & DESKRIPSI.pdf\', \'2022-11-18 23:16:20\', \'2022-11-18 23:16:20\')', 0)
 2 SYSTEMPATH\Database\BaseConnection.php(693): CodeIgniter\Database\MySQLi\Connection->execute('INSERT INTO `info_peserta` (`instansi`, `startDate`, `endDate`, `userId`, `pengantar`, `proposal`, `created_at`, `updated_at`) VALUES (\'polije\', \'2022-11-11\', \'2022-11-10\', 21, \'/assets/dokumen pengantar//LINK PRODUK & DESKRIPSI.pdf\', \'/assets/dokumen proposal//LINK PRODUK & DESKRIPSI.pdf\', \'2022-11-18 23:16:20\', \'2022-11-18 23:16:20\')')
 3 SYSTEMPATH\Database\BaseConnection.php(620): CodeIgniter\Database\BaseConnection->simpleQuery('INSERT INTO `info_peserta` (`instansi`, `startDate`, `endDate`, `userId`, `pengantar`, `proposal`, `created_at`, `updated_at`) VALUES (\'polije\', \'2022-11-11\', \'2022-11-10\', 21, \'/assets/dokumen pengantar//LINK PRODUK & DESKRIPSI.pdf\', \'/assets/dokumen proposal//LINK PRODUK & DESKRIPSI.pdf\', \'2022-11-18 23:16:20\', \'2022-11-18 23:16:20\')')
 4 SYSTEMPATH\Database\BaseBuilder.php(1916): CodeIgniter\Database\BaseConnection->query('INSERT INTO `info_peserta` (`instansi`, `startDate`, `endDate`, `userId`, `pengantar`, `proposal`, `created_at`, `updated_at`) VALUES (:instansi:, :startDate:, :endDate:, :userId:, :pengantar:, :proposal:, :created_at:, :updated_at:)', [...], false)
 5 SYSTEMPATH\Model.php(279): CodeIgniter\Database\BaseBuilder->insert()
 6 SYSTEMPATH\BaseModel.php(748): CodeIgniter\Model->doInsert([...])
 7 SYSTEMPATH\Model.php(667): CodeIgniter\BaseModel->insert([...], false)
 8 SYSTEMPATH\BaseModel.php(658): CodeIgniter\Model->insert([...], false)
 9 APPPATH\Controllers\Notif.php(90): CodeIgniter\BaseModel->save([...])
10 SYSTEMPATH\CodeIgniter.php(902): App\Controllers\Notif->ajukan()
11 SYSTEMPATH\CodeIgniter.php(457): CodeIgniter\CodeIgniter->runController(Object(App\Controllers\Notif))
12 SYSTEMPATH\CodeIgniter.php(340): CodeIgniter\CodeIgniter->handleRequest(null, Object(Config\Cache), false)
13 FCPATH\index.php(67): CodeIgniter\CodeIgniter->run()
14 SYSTEMPATH\Commands\Server\rewrite.php(46): require_once('FCPATH\\index.php')
ERROR - 2022-11-18 23:27:29 --> mysqli_sql_exception: Column 'userId' cannot be null in C:\xampp\htdocs\simag\vendor\codeigniter4\framework\system\Database\MySQLi\Connection.php:292
Stack trace:
#0 C:\xampp\htdocs\simag\vendor\codeigniter4\framework\system\Database\MySQLi\Connection.php(292): mysqli->query('INSERT INTO `in...', 0)
#1 C:\xampp\htdocs\simag\vendor\codeigniter4\framework\system\Database\BaseConnection.php(693): CodeIgniter\Database\MySQLi\Connection->execute('INSERT INTO `in...')
#2 C:\xampp\htdocs\simag\vendor\codeigniter4\framework\system\Database\BaseConnection.php(620): CodeIgniter\Database\BaseConnection->simpleQuery('INSERT INTO `in...')
#3 C:\xampp\htdocs\simag\vendor\codeigniter4\framework\system\Database\BaseBuilder.php(1916): CodeIgniter\Database\BaseConnection->query('INSERT INTO `in...', Array, false)
#4 C:\xampp\htdocs\simag\vendor\codeigniter4\framework\system\Model.php(279): CodeIgniter\Database\BaseBuilder->insert()
#5 C:\xampp\htdocs\simag\vendor\codeigniter4\framework\system\BaseModel.php(748): CodeIgniter\Model->doInsert(Array)
#6 C:\xampp\htdocs\simag\vendor\codeigniter4\framework\system\Model.php(667): CodeIgniter\BaseModel->insert(Array, false)
#7 C:\xampp\htdocs\simag\vendor\codeigniter4\framework\system\BaseModel.php(658): CodeIgniter\Model->insert(Array, false)
#8 C:\xampp\htdocs\simag\app\Controllers\Notif.php(90): CodeIgniter\BaseModel->save(Array)
#9 C:\xampp\htdocs\simag\vendor\codeigniter4\framework\system\CodeIgniter.php(902): App\Controllers\Notif->ajukan()
#10 C:\xampp\htdocs\simag\vendor\codeigniter4\framework\system\CodeIgniter.php(457): CodeIgniter\CodeIgniter->runController(Object(App\Controllers\Notif))
#11 C:\xampp\htdocs\simag\vendor\codeigniter4\framework\system\CodeIgniter.php(340): CodeIgniter\CodeIgniter->handleRequest(NULL, Object(Config\Cache), false)
#12 C:\xampp\htdocs\simag\public\index.php(67): CodeIgniter\CodeIgniter->run()
#13 C:\xampp\htdocs\simag\vendor\codeigniter4\framework\system\Commands\Server\rewrite.php(46): require_once('C:\\xampp\\htdocs...')
#14 {main}
CRITICAL - 2022-11-18 23:27:29 --> Column 'userId' cannot be null
in SYSTEMPATH\Database\MySQLi\Connection.php on line 292.
 1 SYSTEMPATH\Database\MySQLi\Connection.php(292): mysqli->query('INSERT INTO `info_peserta` (`instansi`, `startDate`, `endDate`, `userId`, `pengantar`, `proposal`, `created_at`, `updated_at`) VALUES (\'polije\', \'2022-11-18\', \'2022-11-19\', NULL, \'/assets/dokumen pengantar//LINK PRODUK & DESKRIPSI.pdf\', \'/assets/dokumen proposal//LINK PRODUK & DESKRIPSI.pdf\', \'2022-11-18 23:27:29\', \'2022-11-18 23:27:29\')', 0)
 2 SYSTEMPATH\Database\BaseConnection.php(693): CodeIgniter\Database\MySQLi\Connection->execute('INSERT INTO `info_peserta` (`instansi`, `startDate`, `endDate`, `userId`, `pengantar`, `proposal`, `created_at`, `updated_at`) VALUES (\'polije\', \'2022-11-18\', \'2022-11-19\', NULL, \'/assets/dokumen pengantar//LINK PRODUK & DESKRIPSI.pdf\', \'/assets/dokumen proposal//LINK PRODUK & DESKRIPSI.pdf\', \'2022-11-18 23:27:29\', \'2022-11-18 23:27:29\')')
 3 SYSTEMPATH\Database\BaseConnection.php(620): CodeIgniter\Database\BaseConnection->simpleQuery('INSERT INTO `info_peserta` (`instansi`, `startDate`, `endDate`, `userId`, `pengantar`, `proposal`, `created_at`, `updated_at`) VALUES (\'polije\', \'2022-11-18\', \'2022-11-19\', NULL, \'/assets/dokumen pengantar//LINK PRODUK & DESKRIPSI.pdf\', \'/assets/dokumen proposal//LINK PRODUK & DESKRIPSI.pdf\', \'2022-11-18 23:27:29\', \'2022-11-18 23:27:29\')')
 4 SYSTEMPATH\Database\BaseBuilder.php(1916): CodeIgniter\Database\BaseConnection->query('INSERT INTO `info_peserta` (`instansi`, `startDate`, `endDate`, `userId`, `pengantar`, `proposal`, `created_at`, `updated_at`) VALUES (:instansi:, :startDate:, :endDate:, :userId:, :pengantar:, :proposal:, :created_at:, :updated_at:)', [...], false)
 5 SYSTEMPATH\Model.php(279): CodeIgniter\Database\BaseBuilder->insert()
 6 SYSTEMPATH\BaseModel.php(748): CodeIgniter\Model->doInsert([...])
 7 SYSTEMPATH\Model.php(667): CodeIgniter\BaseModel->insert([...], false)
 8 SYSTEMPATH\BaseModel.php(658): CodeIgniter\Model->insert([...], false)
 9 APPPATH\Controllers\Notif.php(90): CodeIgniter\BaseModel->save([...])
10 SYSTEMPATH\CodeIgniter.php(902): App\Controllers\Notif->ajukan()
11 SYSTEMPATH\CodeIgniter.php(457): CodeIgniter\CodeIgniter->runController(Object(App\Controllers\Notif))
12 SYSTEMPATH\CodeIgniter.php(340): CodeIgniter\CodeIgniter->handleRequest(null, Object(Config\Cache), false)
13 FCPATH\index.php(67): CodeIgniter\CodeIgniter->run()
14 SYSTEMPATH\Commands\Server\rewrite.php(46): require_once('FCPATH\\index.php')
ERROR - 2022-11-18 23:30:31 --> mysqli_sql_exception: Cannot add or update a child row: a foreign key constraint fails (`simag`.`info_peserta`, CONSTRAINT `info_peserta_ibfk_1` FOREIGN KEY (`userId`) REFERENCES `user` (`id`) ON DELETE CASCADE ON UPDATE CASCADE) in C:\xampp\htdocs\simag\vendor\codeigniter4\framework\system\Database\MySQLi\Connection.php:292
Stack trace:
#0 C:\xampp\htdocs\simag\vendor\codeigniter4\framework\system\Database\MySQLi\Connection.php(292): mysqli->query('INSERT INTO `in...', 0)
#1 C:\xampp\htdocs\simag\vendor\codeigniter4\framework\system\Database\BaseConnection.php(693): CodeIgniter\Database\MySQLi\Connection->execute('INSERT INTO `in...')
#2 C:\xampp\htdocs\simag\vendor\codeigniter4\framework\system\Database\BaseConnection.php(620): CodeIgniter\Database\BaseConnection->simpleQuery('INSERT INTO `in...')
#3 C:\xampp\htdocs\simag\vendor\codeigniter4\framework\system\Database\BaseBuilder.php(1916): CodeIgniter\Database\BaseConnection->query('INSERT INTO `in...', Array, false)
#4 C:\xampp\htdocs\simag\vendor\codeigniter4\framework\system\Model.php(279): CodeIgniter\Database\BaseBuilder->insert()
#5 C:\xampp\htdocs\simag\vendor\codeigniter4\framework\system\BaseModel.php(748): CodeIgniter\Model->doInsert(Array)
#6 C:\xampp\htdocs\simag\vendor\codeigniter4\framework\system\Model.php(667): CodeIgniter\BaseModel->insert(Array, false)
#7 C:\xampp\htdocs\simag\vendor\codeigniter4\framework\system\BaseModel.php(658): CodeIgniter\Model->insert(Array, false)
#8 C:\xampp\htdocs\simag\app\Controllers\Notif.php(90): CodeIgniter\BaseModel->save(Array)
#9 C:\xampp\htdocs\simag\vendor\codeigniter4\framework\system\CodeIgniter.php(902): App\Controllers\Notif->ajukan()
#10 C:\xampp\htdocs\simag\vendor\codeigniter4\framework\system\CodeIgniter.php(457): CodeIgniter\CodeIgniter->runController(Object(App\Controllers\Notif))
#11 C:\xampp\htdocs\simag\vendor\codeigniter4\framework\system\CodeIgniter.php(340): CodeIgniter\CodeIgniter->handleRequest(NULL, Object(Config\Cache), false)
#12 C:\xampp\htdocs\simag\public\index.php(67): CodeIgniter\CodeIgniter->run()
#13 C:\xampp\htdocs\simag\vendor\codeigniter4\framework\system\Commands\Server\rewrite.php(46): require_once('C:\\xampp\\htdocs...')
#14 {main}
CRITICAL - 2022-11-18 23:30:31 --> Cannot add or update a child row: a foreign key constraint fails (`simag`.`info_peserta`, CONSTRAINT `info_peserta_ibfk_1` FOREIGN KEY (`userId`) REFERENCES `user` (`id`) ON DELETE CASCADE ON UPDATE CASCADE)
in SYSTEMPATH\Database\MySQLi\Connection.php on line 292.
 1 SYSTEMPATH\Database\MySQLi\Connection.php(292): mysqli->query('INSERT INTO `info_peserta` (`instansi`, `startDate`, `endDate`, `userId`, `pengantar`, `proposal`, `created_at`, `updated_at`) VALUES (\'polije\', \'2022-11-19\', \'2022-12-10\', 20, \'/assets/dokumen pengantar//LINK PRODUK & DESKRIPSI.pdf\', \'/assets/dokumen proposal//LINK PRODUK & DESKRIPSI.pdf\', \'2022-11-18 23:30:31\', \'2022-11-18 23:30:31\')', 0)
 2 SYSTEMPATH\Database\BaseConnection.php(693): CodeIgniter\Database\MySQLi\Connection->execute('INSERT INTO `info_peserta` (`instansi`, `startDate`, `endDate`, `userId`, `pengantar`, `proposal`, `created_at`, `updated_at`) VALUES (\'polije\', \'2022-11-19\', \'2022-12-10\', 20, \'/assets/dokumen pengantar//LINK PRODUK & DESKRIPSI.pdf\', \'/assets/dokumen proposal//LINK PRODUK & DESKRIPSI.pdf\', \'2022-11-18 23:30:31\', \'2022-11-18 23:30:31\')')
 3 SYSTEMPATH\Database\BaseConnection.php(620): CodeIgniter\Database\BaseConnection->simpleQuery('INSERT INTO `info_peserta` (`instansi`, `startDate`, `endDate`, `userId`, `pengantar`, `proposal`, `created_at`, `updated_at`) VALUES (\'polije\', \'2022-11-19\', \'2022-12-10\', 20, \'/assets/dokumen pengantar//LINK PRODUK & DESKRIPSI.pdf\', \'/assets/dokumen proposal//LINK PRODUK & DESKRIPSI.pdf\', \'2022-11-18 23:30:31\', \'2022-11-18 23:30:31\')')
 4 SYSTEMPATH\Database\BaseBuilder.php(1916): CodeIgniter\Database\BaseConnection->query('INSERT INTO `info_peserta` (`instansi`, `startDate`, `endDate`, `userId`, `pengantar`, `proposal`, `created_at`, `updated_at`) VALUES (:instansi:, :startDate:, :endDate:, :userId:, :pengantar:, :proposal:, :created_at:, :updated_at:)', [...], false)
 5 SYSTEMPATH\Model.php(279): CodeIgniter\Database\BaseBuilder->insert()
 6 SYSTEMPATH\BaseModel.php(748): CodeIgniter\Model->doInsert([...])
 7 SYSTEMPATH\Model.php(667): CodeIgniter\BaseModel->insert([...], false)
 8 SYSTEMPATH\BaseModel.php(658): CodeIgniter\Model->insert([...], false)
 9 APPPATH\Controllers\Notif.php(90): CodeIgniter\BaseModel->save([...])
10 SYSTEMPATH\CodeIgniter.php(902): App\Controllers\Notif->ajukan()
11 SYSTEMPATH\CodeIgniter.php(457): CodeIgniter\CodeIgniter->runController(Object(App\Controllers\Notif))
12 SYSTEMPATH\CodeIgniter.php(340): CodeIgniter\CodeIgniter->handleRequest(null, Object(Config\Cache), false)
13 FCPATH\index.php(67): CodeIgniter\CodeIgniter->run()
14 SYSTEMPATH\Commands\Server\rewrite.php(46): require_once('FCPATH\\index.php')
ERROR - 2022-11-18 23:34:50 --> mysqli_sql_exception: Cannot add or update a child row: a foreign key constraint fails (`simag`.`info_peserta`, CONSTRAINT `info_peserta_ibfk_1` FOREIGN KEY (`userId`) REFERENCES `user` (`id`) ON DELETE CASCADE ON UPDATE CASCADE) in C:\xampp\htdocs\simag\vendor\codeigniter4\framework\system\Database\MySQLi\Connection.php:292
Stack trace:
#0 C:\xampp\htdocs\simag\vendor\codeigniter4\framework\system\Database\MySQLi\Connection.php(292): mysqli->query('INSERT INTO `in...', 0)
#1 C:\xampp\htdocs\simag\vendor\codeigniter4\framework\system\Database\BaseConnection.php(693): CodeIgniter\Database\MySQLi\Connection->execute('INSERT INTO `in...')
#2 C:\xampp\htdocs\simag\vendor\codeigniter4\framework\system\Database\BaseConnection.php(620): CodeIgniter\Database\BaseConnection->simpleQuery('INSERT INTO `in...')
#3 C:\xampp\htdocs\simag\vendor\codeigniter4\framework\system\Database\BaseBuilder.php(1916): CodeIgniter\Database\BaseConnection->query('INSERT INTO `in...', Array, false)
#4 C:\xampp\htdocs\simag\vendor\codeigniter4\framework\system\Model.php(279): CodeIgniter\Database\BaseBuilder->insert()
#5 C:\xampp\htdocs\simag\vendor\codeigniter4\framework\system\BaseModel.php(748): CodeIgniter\Model->doInsert(Array)
#6 C:\xampp\htdocs\simag\vendor\codeigniter4\framework\system\Model.php(667): CodeIgniter\BaseModel->insert(Array, false)
#7 C:\xampp\htdocs\simag\vendor\codeigniter4\framework\system\BaseModel.php(658): CodeIgniter\Model->insert(Array, false)
#8 C:\xampp\htdocs\simag\app\Controllers\Notif.php(90): CodeIgniter\BaseModel->save(Array)
#9 C:\xampp\htdocs\simag\vendor\codeigniter4\framework\system\CodeIgniter.php(902): App\Controllers\Notif->ajukan()
#10 C:\xampp\htdocs\simag\vendor\codeigniter4\framework\system\CodeIgniter.php(457): CodeIgniter\CodeIgniter->runController(Object(App\Controllers\Notif))
#11 C:\xampp\htdocs\simag\vendor\codeigniter4\framework\system\CodeIgniter.php(340): CodeIgniter\CodeIgniter->handleRequest(NULL, Object(Config\Cache), false)
#12 C:\xampp\htdocs\simag\public\index.php(67): CodeIgniter\CodeIgniter->run()
#13 C:\xampp\htdocs\simag\vendor\codeigniter4\framework\system\Commands\Server\rewrite.php(46): require_once('C:\\xampp\\htdocs...')
#14 {main}
CRITICAL - 2022-11-18 23:34:50 --> Cannot add or update a child row: a foreign key constraint fails (`simag`.`info_peserta`, CONSTRAINT `info_peserta_ibfk_1` FOREIGN KEY (`userId`) REFERENCES `user` (`id`) ON DELETE CASCADE ON UPDATE CASCADE)
in SYSTEMPATH\Database\MySQLi\Connection.php on line 292.
 1 SYSTEMPATH\Database\MySQLi\Connection.php(292): mysqli->query('INSERT INTO `info_peserta` (`instansi`, `startDate`, `endDate`, `userId`, `pengantar`, `proposal`, `created_at`, `updated_at`) VALUES (\'polije\', \'2022-11-12\', \'2022-11-18\', \'gomnho7hkd9ju3vs8v09liniqitnli2v\', \'/assets/dokumen pengantar/gomnho7hkd9ju3vs8v09liniqitnli2v/LINK PRODUK & DESKRIPSI.pdf\', \'/assets/dokumen proposal/gomnho7hkd9ju3vs8v09liniqitnli2v/LINK PRODUK & DESKRIPSI.pdf\', \'2022-11-18 23:34:50\', \'2022-11-18 23:34:50\')', 0)
 2 SYSTEMPATH\Database\BaseConnection.php(693): CodeIgniter\Database\MySQLi\Connection->execute('INSERT INTO `info_peserta` (`instansi`, `startDate`, `endDate`, `userId`, `pengantar`, `proposal`, `created_at`, `updated_at`) VALUES (\'polije\', \'2022-11-12\', \'2022-11-18\', \'gomnho7hkd9ju3vs8v09liniqitnli2v\', \'/assets/dokumen pengantar/gomnho7hkd9ju3vs8v09liniqitnli2v/LINK PRODUK & DESKRIPSI.pdf\', \'/assets/dokumen proposal/gomnho7hkd9ju3vs8v09liniqitnli2v/LINK PRODUK & DESKRIPSI.pdf\', \'2022-11-18 23:34:50\', \'2022-11-18 23:34:50\')')
 3 SYSTEMPATH\Database\BaseConnection.php(620): CodeIgniter\Database\BaseConnection->simpleQuery('INSERT INTO `info_peserta` (`instansi`, `startDate`, `endDate`, `userId`, `pengantar`, `proposal`, `created_at`, `updated_at`) VALUES (\'polije\', \'2022-11-12\', \'2022-11-18\', \'gomnho7hkd9ju3vs8v09liniqitnli2v\', \'/assets/dokumen pengantar/gomnho7hkd9ju3vs8v09liniqitnli2v/LINK PRODUK & DESKRIPSI.pdf\', \'/assets/dokumen proposal/gomnho7hkd9ju3vs8v09liniqitnli2v/LINK PRODUK & DESKRIPSI.pdf\', \'2022-11-18 23:34:50\', \'2022-11-18 23:34:50\')')
 4 SYSTEMPATH\Database\BaseBuilder.php(1916): CodeIgniter\Database\BaseConnection->query('INSERT INTO `info_peserta` (`instansi`, `startDate`, `endDate`, `userId`, `pengantar`, `proposal`, `created_at`, `updated_at`) VALUES (:instansi:, :startDate:, :endDate:, :userId:, :pengantar:, :proposal:, :created_at:, :updated_at:)', [...], false)
 5 SYSTEMPATH\Model.php(279): CodeIgniter\Database\BaseBuilder->insert()
 6 SYSTEMPATH\BaseModel.php(748): CodeIgniter\Model->doInsert([...])
 7 SYSTEMPATH\Model.php(667): CodeIgniter\BaseModel->insert([...], false)
 8 SYSTEMPATH\BaseModel.php(658): CodeIgniter\Model->insert([...], false)
 9 APPPATH\Controllers\Notif.php(90): CodeIgniter\BaseModel->save([...])
10 SYSTEMPATH\CodeIgniter.php(902): App\Controllers\Notif->ajukan()
11 SYSTEMPATH\CodeIgniter.php(457): CodeIgniter\CodeIgniter->runController(Object(App\Controllers\Notif))
12 SYSTEMPATH\CodeIgniter.php(340): CodeIgniter\CodeIgniter->handleRequest(null, Object(Config\Cache), false)
13 FCPATH\index.php(67): CodeIgniter\CodeIgniter->run()
14 SYSTEMPATH\Commands\Server\rewrite.php(46): require_once('FCPATH\\index.php')
CRITICAL - 2022-11-18 23:36:38 --> syntax error, unexpected token "(", expecting identifier or variable or "{" or "$"
in APPPATH\Controllers\Notif.php on line 30.
 1 SYSTEMPATH\Router\Router.php(499): CodeIgniter\Router\AutoRouter->getRoute('Notif/ajukan/')
 2 SYSTEMPATH\Router\Router.php(205): CodeIgniter\Router\Router->autoRoute('Notif/ajukan/')
 3 SYSTEMPATH\CodeIgniter.php(777): CodeIgniter\Router\Router->handle('Notif/ajukan/')
 4 SYSTEMPATH\CodeIgniter.php(406): CodeIgniter\CodeIgniter->tryToRouteIt(Object(CodeIgniter\Router\RouteCollection))
 5 SYSTEMPATH\CodeIgniter.php(340): CodeIgniter\CodeIgniter->handleRequest(null, Object(Config\Cache), false)
 6 FCPATH\index.php(67): CodeIgniter\CodeIgniter->run()
 7 SYSTEMPATH\Commands\Server\rewrite.php(46): require_once('FCPATH\\index.php')
CRITICAL - 2022-11-18 23:37:01 --> syntax error, unexpected token "(", expecting identifier or variable or "{" or "$"
in APPPATH\Controllers\Notif.php on line 30.
 1 SYSTEMPATH\Router\Router.php(499): CodeIgniter\Router\AutoRouter->getRoute('Notif/ajukan/')
 2 SYSTEMPATH\Router\Router.php(205): CodeIgniter\Router\Router->autoRoute('Notif/ajukan/')
 3 SYSTEMPATH\CodeIgniter.php(777): CodeIgniter\Router\Router->handle('Notif/ajukan/')
 4 SYSTEMPATH\CodeIgniter.php(406): CodeIgniter\CodeIgniter->tryToRouteIt(Object(CodeIgniter\Router\RouteCollection))
 5 SYSTEMPATH\CodeIgniter.php(340): CodeIgniter\CodeIgniter->handleRequest(null, Object(Config\Cache), false)
 6 FCPATH\index.php(67): CodeIgniter\CodeIgniter->run()
 7 SYSTEMPATH\Commands\Server\rewrite.php(46): require_once('FCPATH\\index.php')
CRITICAL - 2022-11-18 23:37:16 --> Undefined constant "App\Controllers\session"
in APPPATH\Controllers\Notif.php on line 30.
 1 SYSTEMPATH\CodeIgniter.php(902): App\Controllers\Notif->ajukan()
 2 SYSTEMPATH\CodeIgniter.php(457): CodeIgniter\CodeIgniter->runController(Object(App\Controllers\Notif))
 3 SYSTEMPATH\CodeIgniter.php(340): CodeIgniter\CodeIgniter->handleRequest(null, Object(Config\Cache), false)
 4 FCPATH\index.php(67): CodeIgniter\CodeIgniter->run()
 5 SYSTEMPATH\Commands\Server\rewrite.php(46): require_once('FCPATH\\index.php')
