ERROR - 2022-12-08 01:48:46 --> mysqli_sql_exception: Column 'status' in where clause is ambiguous in C:\xampp\htdocs\simag-new-main\vendor\codeigniter4\framework\system\Database\MySQLi\Connection.php:292
Stack trace:
#0 C:\xampp\htdocs\simag-new-main\vendor\codeigniter4\framework\system\Database\MySQLi\Connection.php(292): mysqli->query('SELECT *\nFROM `...', 0)
#1 C:\xampp\htdocs\simag-new-main\vendor\codeigniter4\framework\system\Database\BaseConnection.php(693): CodeIgniter\Database\MySQLi\Connection->execute('SELECT *\nFROM `...')
#2 C:\xampp\htdocs\simag-new-main\vendor\codeigniter4\framework\system\Database\BaseConnection.php(620): CodeIgniter\Database\BaseConnection->simpleQuery('SELECT *\nFROM `...')
#3 C:\xampp\htdocs\simag-new-main\vendor\codeigniter4\framework\system\Database\BaseBuilder.php(1585): CodeIgniter\Database\BaseConnection->query('SELECT *\nFROM `...', Array, false)
#4 C:\xampp\htdocs\simag-new-main\vendor\codeigniter4\framework\system\Model.php(772): CodeIgniter\Database\BaseBuilder->get()
#5 C:\xampp\htdocs\simag-new-main\app\Controllers\Pembimbing.php(349): CodeIgniter\Model->__call('get', Array)
#6 C:\xampp\htdocs\simag-new-main\vendor\codeigniter4\framework\system\CodeIgniter.php(902): App\Controllers\Pembimbing->dashboard()
#7 C:\xampp\htdocs\simag-new-main\vendor\codeigniter4\framework\system\CodeIgniter.php(457): CodeIgniter\CodeIgniter->runController(Object(App\Controllers\Pembimbing))
#8 C:\xampp\htdocs\simag-new-main\vendor\codeigniter4\framework\system\CodeIgniter.php(340): CodeIgniter\CodeIgniter->handleRequest(NULL, Object(Config\Cache), false)
#9 C:\xampp\htdocs\simag-new-main\public\index.php(67): CodeIgniter\CodeIgniter->run()
#10 C:\xampp\htdocs\simag-new-main\vendor\codeigniter4\framework\system\Commands\Server\rewrite.php(46): require_once('C:\\xampp\\htdocs...')
#11 {main}
CRITICAL - 2022-12-08 01:48:46 --> Column 'status' in where clause is ambiguous
in SYSTEMPATH\Database\MySQLi\Connection.php on line 292.
 1 SYSTEMPATH\Database\MySQLi\Connection.php(292): mysqli->query('SELECT *
FROM `user`
JOIN `info_peserta` ON `user`.`id`=`info_peserta`.`userId`
WHERE `role` = 3
AND `status` = 2
AND `info_peserta`.`endDate` > \'2022-12-08\'', 0)
 2 SYSTEMPATH\Database\BaseConnection.php(693): CodeIgniter\Database\MySQLi\Connection->execute('SELECT *
FROM `user`
JOIN `info_peserta` ON `user`.`id`=`info_peserta`.`userId`
WHERE `role` = 3
AND `status` = 2
AND `info_peserta`.`endDate` > \'2022-12-08\'')
 3 SYSTEMPATH\Database\BaseConnection.php(620): CodeIgniter\Database\BaseConnection->simpleQuery('SELECT *
FROM `user`
JOIN `info_peserta` ON `user`.`id`=`info_peserta`.`userId`
WHERE `role` = 3
AND `status` = 2
AND `info_peserta`.`endDate` > \'2022-12-08\'')
 4 SYSTEMPATH\Database\BaseBuilder.php(1585): CodeIgniter\Database\BaseConnection->query('SELECT *
FROM `user`
JOIN `info_peserta` ON `user`.`id`=`info_peserta`.`userId`
WHERE `role` = :role:
AND `status` = :status:
AND `info_peserta`.`endDate` > :info_peserta.endDate:', [...], false)
 5 SYSTEMPATH\Model.php(772): CodeIgniter\Database\BaseBuilder->get()
 6 APPPATH\Controllers\Pembimbing.php(349): CodeIgniter\Model->__call('get', [])
 7 SYSTEMPATH\CodeIgniter.php(902): App\Controllers\Pembimbing->dashboard()
 8 SYSTEMPATH\CodeIgniter.php(457): CodeIgniter\CodeIgniter->runController(Object(App\Controllers\Pembimbing))
 9 SYSTEMPATH\CodeIgniter.php(340): CodeIgniter\CodeIgniter->handleRequest(null, Object(Config\Cache), false)
10 FCPATH\index.php(67): CodeIgniter\CodeIgniter->run()
11 SYSTEMPATH\Commands\Server\rewrite.php(46): require_once('FCPATH\\index.php')
ERROR - 2022-12-08 02:55:36 --> mysqli_sql_exception: Column 'status' in where clause is ambiguous in C:\xampp\htdocs\simag-new-main\vendor\codeigniter4\framework\system\Database\MySQLi\Connection.php:292
Stack trace:
#0 C:\xampp\htdocs\simag-new-main\vendor\codeigniter4\framework\system\Database\MySQLi\Connection.php(292): mysqli->query('SELECT *\nFROM `...', 0)
#1 C:\xampp\htdocs\simag-new-main\vendor\codeigniter4\framework\system\Database\BaseConnection.php(693): CodeIgniter\Database\MySQLi\Connection->execute('SELECT *\nFROM `...')
#2 C:\xampp\htdocs\simag-new-main\vendor\codeigniter4\framework\system\Database\BaseConnection.php(620): CodeIgniter\Database\BaseConnection->simpleQuery('SELECT *\nFROM `...')
#3 C:\xampp\htdocs\simag-new-main\vendor\codeigniter4\framework\system\Database\BaseBuilder.php(1585): CodeIgniter\Database\BaseConnection->query('SELECT *\nFROM `...', Array, false)
#4 C:\xampp\htdocs\simag-new-main\vendor\codeigniter4\framework\system\Model.php(772): CodeIgniter\Database\BaseBuilder->get()
#5 C:\xampp\htdocs\simag-new-main\app\Controllers\Admin.php(401): CodeIgniter\Model->__call('get', Array)
#6 C:\xampp\htdocs\simag-new-main\vendor\codeigniter4\framework\system\CodeIgniter.php(902): App\Controllers\Admin->dashboard()
#7 C:\xampp\htdocs\simag-new-main\vendor\codeigniter4\framework\system\CodeIgniter.php(457): CodeIgniter\CodeIgniter->runController(Object(App\Controllers\Admin))
#8 C:\xampp\htdocs\simag-new-main\vendor\codeigniter4\framework\system\CodeIgniter.php(340): CodeIgniter\CodeIgniter->handleRequest(NULL, Object(Config\Cache), false)
#9 C:\xampp\htdocs\simag-new-main\public\index.php(67): CodeIgniter\CodeIgniter->run()
#10 C:\xampp\htdocs\simag-new-main\vendor\codeigniter4\framework\system\Commands\Server\rewrite.php(46): require_once('C:\\xampp\\htdocs...')
#11 {main}
CRITICAL - 2022-12-08 02:55:36 --> Column 'status' in where clause is ambiguous
in SYSTEMPATH\Database\MySQLi\Connection.php on line 292.
 1 SYSTEMPATH\Database\MySQLi\Connection.php(292): mysqli->query('SELECT *
FROM `user`
JOIN `info_peserta` ON `user`.`id`=`info_peserta`.`userId`
WHERE `role` = 3
AND `status` = 2
AND `info_peserta`.`endDate` > \'2022-12-08\'', 0)
 2 SYSTEMPATH\Database\BaseConnection.php(693): CodeIgniter\Database\MySQLi\Connection->execute('SELECT *
FROM `user`
JOIN `info_peserta` ON `user`.`id`=`info_peserta`.`userId`
WHERE `role` = 3
AND `status` = 2
AND `info_peserta`.`endDate` > \'2022-12-08\'')
 3 SYSTEMPATH\Database\BaseConnection.php(620): CodeIgniter\Database\BaseConnection->simpleQuery('SELECT *
FROM `user`
JOIN `info_peserta` ON `user`.`id`=`info_peserta`.`userId`
WHERE `role` = 3
AND `status` = 2
AND `info_peserta`.`endDate` > \'2022-12-08\'')
 4 SYSTEMPATH\Database\BaseBuilder.php(1585): CodeIgniter\Database\BaseConnection->query('SELECT *
FROM `user`
JOIN `info_peserta` ON `user`.`id`=`info_peserta`.`userId`
WHERE `role` = :role:
AND `status` = :status:
AND `info_peserta`.`endDate` > :info_peserta.endDate:', [...], false)
 5 SYSTEMPATH\Model.php(772): CodeIgniter\Database\BaseBuilder->get()
 6 APPPATH\Controllers\Admin.php(401): CodeIgniter\Model->__call('get', [])
 7 SYSTEMPATH\CodeIgniter.php(902): App\Controllers\Admin->dashboard()
 8 SYSTEMPATH\CodeIgniter.php(457): CodeIgniter\CodeIgniter->runController(Object(App\Controllers\Admin))
 9 SYSTEMPATH\CodeIgniter.php(340): CodeIgniter\CodeIgniter->handleRequest(null, Object(Config\Cache), false)
10 FCPATH\index.php(67): CodeIgniter\CodeIgniter->run()
11 SYSTEMPATH\Commands\Server\rewrite.php(46): require_once('FCPATH\\index.php')
