CRITICAL - 2022-12-13 02:02:07 --> Maximum execution time of 60 seconds exceeded
in VENDORPATH\guzzlehttp\guzzle\src\Handler\CurlFactory.php on line 563.
 1 [internal function]: CodeIgniter\Debug\Exceptions->shutdownHandler()
CRITICAL - 2022-12-13 02:03:23 --> Maximum execution time of 60 seconds exceeded
in VENDORPATH\guzzlehttp\guzzle\src\Handler\CurlHandler.php on line 45.
 1 [internal function]: CodeIgniter\Debug\Exceptions->shutdownHandler()
CRITICAL - 2022-12-13 09:31:43 --> Undefined variable $infoPesertaModel
in APPPATH\Controllers\Admin.php on line 318.
 1 APPPATH\Controllers\Admin.php(318): CodeIgniter\Debug\Exceptions->errorHandler(2, 'Undefined variable $infoPesertaModel', 'APPPATH\\Controllers\\Admin.php', 318)
 2 SYSTEMPATH\CodeIgniter.php(902): App\Controllers\Admin->pesan('82')
 3 SYSTEMPATH\CodeIgniter.php(457): CodeIgniter\CodeIgniter->runController(Object(App\Controllers\Admin))
 4 SYSTEMPATH\CodeIgniter.php(340): CodeIgniter\CodeIgniter->handleRequest(null, Object(Config\Cache), false)
 5 FCPATH\index.php(67): CodeIgniter\CodeIgniter->run()
 6 SYSTEMPATH\Commands\Server\rewrite.php(46): require_once('FCPATH\\index.php')
CRITICAL - 2022-12-13 09:32:30 --> CodeIgniter\BaseModel::transformDataToArray(): Return value must be of type array, string returned
in SYSTEMPATH\BaseModel.php on line 1623.
 1 SYSTEMPATH\BaseModel.php(852): CodeIgniter\BaseModel->transformDataToArray('2', 'update')
 2 SYSTEMPATH\Model.php(693): CodeIgniter\BaseModel->update([...], '2')
 3 APPPATH\Controllers\Admin.php(340): CodeIgniter\Model->update('111', '2')
 4 SYSTEMPATH\CodeIgniter.php(902): App\Controllers\Admin->pesan('82')
 5 SYSTEMPATH\CodeIgniter.php(457): CodeIgniter\CodeIgniter->runController(Object(App\Controllers\Admin))
 6 SYSTEMPATH\CodeIgniter.php(340): CodeIgniter\CodeIgniter->handleRequest(null, Object(Config\Cache), false)
 7 FCPATH\index.php(67): CodeIgniter\CodeIgniter->run()
 8 SYSTEMPATH\Commands\Server\rewrite.php(46): require_once('FCPATH\\index.php')
CRITICAL - 2022-12-13 09:34:08 --> syntax error, unexpected identifier "dd"
in APPPATH\Controllers\Admin.php on line 341.
 1 SYSTEMPATH\Autoloader\Autoloader.php(259): CodeIgniter\Autoloader\Autoloader->includeFile('APPPATH\\Controllers\\Admin.php')
 2 SYSTEMPATH\Autoloader\Autoloader.php(237): CodeIgniter\Autoloader\Autoloader->loadInNamespace('App\\Controllers\\Admin')
 3 [internal function]: CodeIgniter\Autoloader\Autoloader->loadClass('App\\Controllers\\Admin')
 4 SYSTEMPATH\CodeIgniter.php(852): class_exists('\\App\\Controllers\\Admin', true)
 5 SYSTEMPATH\CodeIgniter.php(444): CodeIgniter\CodeIgniter->startController()
 6 SYSTEMPATH\CodeIgniter.php(340): CodeIgniter\CodeIgniter->handleRequest(null, Object(Config\Cache), false)
 7 FCPATH\index.php(67): CodeIgniter\CodeIgniter->run()
 8 SYSTEMPATH\Commands\Server\rewrite.php(46): require_once('FCPATH\\index.php')
CRITICAL - 2022-12-13 09:34:36 --> Call to a member function update() on array
in APPPATH\Controllers\Admin.php on line 342.
 1 SYSTEMPATH\CodeIgniter.php(902): App\Controllers\Admin->pesan('82')
 2 SYSTEMPATH\CodeIgniter.php(457): CodeIgniter\CodeIgniter->runController(Object(App\Controllers\Admin))
 3 SYSTEMPATH\CodeIgniter.php(340): CodeIgniter\CodeIgniter->handleRequest(null, Object(Config\Cache), false)
 4 FCPATH\index.php(67): CodeIgniter\CodeIgniter->run()
 5 SYSTEMPATH\Commands\Server\rewrite.php(46): require_once('FCPATH\\index.php')
CRITICAL - 2022-12-13 09:35:20 --> Call to a member function update() on array
in APPPATH\Controllers\Admin.php on line 344.
 1 SYSTEMPATH\CodeIgniter.php(902): App\Controllers\Admin->pesan('82')
 2 SYSTEMPATH\CodeIgniter.php(457): CodeIgniter\CodeIgniter->runController(Object(App\Controllers\Admin))
 3 SYSTEMPATH\CodeIgniter.php(340): CodeIgniter\CodeIgniter->handleRequest(null, Object(Config\Cache), false)
 4 FCPATH\index.php(67): CodeIgniter\CodeIgniter->run()
 5 SYSTEMPATH\Commands\Server\rewrite.php(46): require_once('FCPATH\\index.php')
CRITICAL - 2022-12-13 09:36:33 --> Call to a member function update() on array
in APPPATH\Controllers\Admin.php on line 344.
 1 SYSTEMPATH\CodeIgniter.php(902): App\Controllers\Admin->pesan('82')
 2 SYSTEMPATH\CodeIgniter.php(457): CodeIgniter\CodeIgniter->runController(Object(App\Controllers\Admin))
 3 SYSTEMPATH\CodeIgniter.php(340): CodeIgniter\CodeIgniter->handleRequest(null, Object(Config\Cache), false)
 4 FCPATH\index.php(67): CodeIgniter\CodeIgniter->run()
 5 SYSTEMPATH\Commands\Server\rewrite.php(46): require_once('FCPATH\\index.php')
CRITICAL - 2022-12-13 09:38:32 --> Call to a member function update() on array
in APPPATH\Controllers\Admin.php on line 343.
 1 SYSTEMPATH\CodeIgniter.php(902): App\Controllers\Admin->pesan('82')
 2 SYSTEMPATH\CodeIgniter.php(457): CodeIgniter\CodeIgniter->runController(Object(App\Controllers\Admin))
 3 SYSTEMPATH\CodeIgniter.php(340): CodeIgniter\CodeIgniter->handleRequest(null, Object(Config\Cache), false)
 4 FCPATH\index.php(67): CodeIgniter\CodeIgniter->run()
 5 SYSTEMPATH\Commands\Server\rewrite.php(46): require_once('FCPATH\\index.php')
CRITICAL - 2022-12-13 09:39:47 --> Cannot use object of type App\Models\InfoPesertaModel as array
in APPPATH\Controllers\AuthGoogle.php on line 72.
 1 SYSTEMPATH\CodeIgniter.php(902): App\Controllers\AuthGoogle->index()
 2 SYSTEMPATH\CodeIgniter.php(457): CodeIgniter\CodeIgniter->runController(Object(App\Controllers\AuthGoogle))
 3 SYSTEMPATH\CodeIgniter.php(340): CodeIgniter\CodeIgniter->handleRequest(null, Object(Config\Cache), false)
 4 FCPATH\index.php(67): CodeIgniter\CodeIgniter->run()
 5 SYSTEMPATH\Commands\Server\rewrite.php(46): require_once('FCPATH\\index.php')
CRITICAL - 2022-12-13 09:40:25 --> Undefined array key "access_token"
in APPPATH\Controllers\AuthGoogle.php on line 33.
 1 APPPATH\Controllers\AuthGoogle.php(33): CodeIgniter\Debug\Exceptions->errorHandler(2, 'Undefined array key "access_token"', 'APPPATH\\Controllers\\AuthGoogle.php', 33)
 2 SYSTEMPATH\CodeIgniter.php(902): App\Controllers\AuthGoogle->index()
 3 SYSTEMPATH\CodeIgniter.php(457): CodeIgniter\CodeIgniter->runController(Object(App\Controllers\AuthGoogle))
 4 SYSTEMPATH\CodeIgniter.php(340): CodeIgniter\CodeIgniter->handleRequest(null, Object(Config\Cache), false)
 5 FCPATH\index.php(67): CodeIgniter\CodeIgniter->run()
 6 SYSTEMPATH\Commands\Server\rewrite.php(46): require_once('FCPATH\\index.php')
