CRITICAL - 2022-10-27 06:14:39 --> Undefined variable $data
in APPPATH\Views\spadmin\kasubagtu.php on line 32.
 1 APPPATH\Views\spadmin\kasubagtu.php(32): CodeIgniter\Debug\Exceptions->errorHandler(2, 'Undefined variable $data', 'APPPATH\\Views\\spadmin\\kasubagtu.php', 32)
 2 SYSTEMPATH\View\View.php(213): include('APPPATH\\Views\\spadmin\\kasubagtu.php')
 3 SYSTEMPATH\View\View.php(216): CodeIgniter\View\View->CodeIgniter\View\{closure}()
 4 SYSTEMPATH\Common.php(1142): CodeIgniter\View\View->render('spadmin/kasubagtu', [], true)
 5 APPPATH\Controllers\TU.php(99): view('spadmin/kasubagtu')
 6 SYSTEMPATH\CodeIgniter.php(902): App\Controllers\TU->updatekuota('1')
 7 SYSTEMPATH\CodeIgniter.php(457): CodeIgniter\CodeIgniter->runController(Object(App\Controllers\TU))
 8 SYSTEMPATH\CodeIgniter.php(340): CodeIgniter\CodeIgniter->handleRequest(null, Object(Config\Cache), false)
 9 FCPATH\index.php(67): CodeIgniter\CodeIgniter->run()
10 SYSTEMPATH\Commands\Server\rewrite.php(46): require_once('FCPATH\\index.php')
CRITICAL - 2022-10-27 06:14:49 --> Undefined variable $data
in APPPATH\Views\spadmin\kasubagtu.php on line 32.
 1 APPPATH\Views\spadmin\kasubagtu.php(32): CodeIgniter\Debug\Exceptions->errorHandler(2, 'Undefined variable $data', 'APPPATH\\Views\\spadmin\\kasubagtu.php', 32)
 2 SYSTEMPATH\View\View.php(213): include('APPPATH\\Views\\spadmin\\kasubagtu.php')
 3 SYSTEMPATH\View\View.php(216): CodeIgniter\View\View->CodeIgniter\View\{closure}()
 4 SYSTEMPATH\Common.php(1142): CodeIgniter\View\View->render('spadmin/kasubagtu', [], true)
 5 APPPATH\Controllers\TU.php(99): view('spadmin/kasubagtu')
 6 SYSTEMPATH\CodeIgniter.php(902): App\Controllers\TU->updatekuota('1')
 7 SYSTEMPATH\CodeIgniter.php(457): CodeIgniter\CodeIgniter->runController(Object(App\Controllers\TU))
 8 SYSTEMPATH\CodeIgniter.php(340): CodeIgniter\CodeIgniter->handleRequest(null, Object(Config\Cache), false)
 9 FCPATH\index.php(67): CodeIgniter\CodeIgniter->run()
10 SYSTEMPATH\Commands\Server\rewrite.php(46): require_once('FCPATH\\index.php')
CRITICAL - 2022-10-27 06:32:37 --> Undefined variable $data
in APPPATH\Views\spadmin\kasubagtu.php on line 32.
 1 APPPATH\Views\spadmin\kasubagtu.php(32): CodeIgniter\Debug\Exceptions->errorHandler(2, 'Undefined variable $data', 'APPPATH\\Views\\spadmin\\kasubagtu.php', 32)
 2 SYSTEMPATH\View\View.php(213): include('APPPATH\\Views\\spadmin\\kasubagtu.php')
 3 SYSTEMPATH\View\View.php(216): CodeIgniter\View\View->CodeIgniter\View\{closure}()
 4 SYSTEMPATH\Common.php(1142): CodeIgniter\View\View->render('spadmin/kasubagtu', [], true)
 5 APPPATH\Controllers\TU.php(100): view('spadmin/kasubagtu')
 6 SYSTEMPATH\CodeIgniter.php(902): App\Controllers\TU->updatekuota('1')
 7 SYSTEMPATH\CodeIgniter.php(457): CodeIgniter\CodeIgniter->runController(Object(App\Controllers\TU))
 8 SYSTEMPATH\CodeIgniter.php(340): CodeIgniter\CodeIgniter->handleRequest(null, Object(Config\Cache), false)
 9 FCPATH\index.php(67): CodeIgniter\CodeIgniter->run()
10 SYSTEMPATH\Commands\Server\rewrite.php(46): require_once('FCPATH\\index.php')
CRITICAL - 2022-10-27 06:32:47 --> Undefined variable $data
in APPPATH\Views\spadmin\kasubagtu.php on line 32.
 1 APPPATH\Views\spadmin\kasubagtu.php(32): CodeIgniter\Debug\Exceptions->errorHandler(2, 'Undefined variable $data', 'APPPATH\\Views\\spadmin\\kasubagtu.php', 32)
 2 SYSTEMPATH\View\View.php(213): include('APPPATH\\Views\\spadmin\\kasubagtu.php')
 3 SYSTEMPATH\View\View.php(216): CodeIgniter\View\View->CodeIgniter\View\{closure}()
 4 SYSTEMPATH\Common.php(1142): CodeIgniter\View\View->render('spadmin/kasubagtu', [], true)
 5 APPPATH\Controllers\TU.php(100): view('spadmin/kasubagtu')
 6 SYSTEMPATH\CodeIgniter.php(902): App\Controllers\TU->updatekuota('1')
 7 SYSTEMPATH\CodeIgniter.php(457): CodeIgniter\CodeIgniter->runController(Object(App\Controllers\TU))
 8 SYSTEMPATH\CodeIgniter.php(340): CodeIgniter\CodeIgniter->handleRequest(null, Object(Config\Cache), false)
 9 FCPATH\index.php(67): CodeIgniter\CodeIgniter->run()
10 SYSTEMPATH\Commands\Server\rewrite.php(46): require_once('FCPATH\\index.php')
CRITICAL - 2022-10-27 06:47:06 --> syntax error, unexpected single-quoted string "d_distribusi", expecting "]"
in APPPATH\Controllers\TU.php on line 35.
 1 SYSTEMPATH\Router\Router.php(499): CodeIgniter\Router\AutoRouter->getRoute('TU/admin')
 2 SYSTEMPATH\Router\Router.php(205): CodeIgniter\Router\Router->autoRoute('TU/admin')
 3 SYSTEMPATH\CodeIgniter.php(777): CodeIgniter\Router\Router->handle('TU/admin')
 4 SYSTEMPATH\CodeIgniter.php(406): CodeIgniter\CodeIgniter->tryToRouteIt(Object(CodeIgniter\Router\RouteCollection))
 5 SYSTEMPATH\CodeIgniter.php(340): CodeIgniter\CodeIgniter->handleRequest(null, Object(Config\Cache), false)
 6 FCPATH\index.php(67): CodeIgniter\CodeIgniter->run()
 7 SYSTEMPATH\Commands\Server\rewrite.php(46): require_once('FCPATH\\index.php')
CRITICAL - 2022-10-27 06:48:25 --> syntax error, unexpected single-quoted string "d_distribusi", expecting "]"
in APPPATH\Controllers\TU.php on line 35.
 1 SYSTEMPATH\Router\Router.php(499): CodeIgniter\Router\AutoRouter->getRoute('tu')
 2 SYSTEMPATH\Router\Router.php(205): CodeIgniter\Router\Router->autoRoute('tu')
 3 SYSTEMPATH\CodeIgniter.php(777): CodeIgniter\Router\Router->handle('tu')
 4 SYSTEMPATH\CodeIgniter.php(406): CodeIgniter\CodeIgniter->tryToRouteIt(Object(CodeIgniter\Router\RouteCollection))
 5 SYSTEMPATH\CodeIgniter.php(340): CodeIgniter\CodeIgniter->handleRequest(null, Object(Config\Cache), false)
 6 FCPATH\index.php(67): CodeIgniter\CodeIgniter->run()
 7 SYSTEMPATH\Commands\Server\rewrite.php(46): require_once('FCPATH\\index.php')
CRITICAL - 2022-10-27 06:53:03 --> Undefined variable $pembimbing
in APPPATH\Views\spadmin\tu.php on line 21.
 1 APPPATH\Views\spadmin\tu.php(21): CodeIgniter\Debug\Exceptions->errorHandler(2, 'Undefined variable $pembimbing', 'APPPATH\\Views\\spadmin\\tu.php', 21)
 2 SYSTEMPATH\View\View.php(213): include('APPPATH\\Views\\spadmin\\tu.php')
 3 SYSTEMPATH\View\View.php(216): CodeIgniter\View\View->CodeIgniter\View\{closure}()
 4 SYSTEMPATH\Common.php(1142): CodeIgniter\View\View->render('spadmin/tu.php', [], true)
 5 APPPATH\Controllers\TU.php(40): view('spadmin/tu.php')
 6 SYSTEMPATH\CodeIgniter.php(902): App\Controllers\TU->index()
 7 SYSTEMPATH\CodeIgniter.php(457): CodeIgniter\CodeIgniter->runController(Object(App\Controllers\TU))
 8 SYSTEMPATH\CodeIgniter.php(340): CodeIgniter\CodeIgniter->handleRequest(null, Object(Config\Cache), false)
 9 FCPATH\index.php(67): CodeIgniter\CodeIgniter->run()
10 SYSTEMPATH\Commands\Server\rewrite.php(46): require_once('FCPATH\\index.php')
CRITICAL - 2022-10-27 06:53:07 --> Undefined variable $pembimbing
in APPPATH\Views\spadmin\tu.php on line 21.
 1 APPPATH\Views\spadmin\tu.php(21): CodeIgniter\Debug\Exceptions->errorHandler(2, 'Undefined variable $pembimbing', 'APPPATH\\Views\\spadmin\\tu.php', 21)
 2 SYSTEMPATH\View\View.php(213): include('APPPATH\\Views\\spadmin\\tu.php')
 3 SYSTEMPATH\View\View.php(216): CodeIgniter\View\View->CodeIgniter\View\{closure}()
 4 SYSTEMPATH\Common.php(1142): CodeIgniter\View\View->render('spadmin/tu.php', [], true)
 5 APPPATH\Controllers\TU.php(40): view('spadmin/tu.php')
 6 SYSTEMPATH\CodeIgniter.php(902): App\Controllers\TU->index()
 7 SYSTEMPATH\CodeIgniter.php(457): CodeIgniter\CodeIgniter->runController(Object(App\Controllers\TU))
 8 SYSTEMPATH\CodeIgniter.php(340): CodeIgniter\CodeIgniter->handleRequest(null, Object(Config\Cache), false)
 9 FCPATH\index.php(67): CodeIgniter\CodeIgniter->run()
10 SYSTEMPATH\Commands\Server\rewrite.php(46): require_once('FCPATH\\index.php')
CRITICAL - 2022-10-27 06:54:40 --> Undefined variable $pembimbing
in APPPATH\Views\spadmin\tu.php on line 21.
 1 APPPATH\Views\spadmin\tu.php(21): CodeIgniter\Debug\Exceptions->errorHandler(2, 'Undefined variable $pembimbing', 'APPPATH\\Views\\spadmin\\tu.php', 21)
 2 SYSTEMPATH\View\View.php(213): include('APPPATH\\Views\\spadmin\\tu.php')
 3 SYSTEMPATH\View\View.php(216): CodeIgniter\View\View->CodeIgniter\View\{closure}()
 4 SYSTEMPATH\Common.php(1142): CodeIgniter\View\View->render('spadmin/tu.php', [], true)
 5 APPPATH\Controllers\TU.php(40): view('spadmin/tu.php')
 6 SYSTEMPATH\CodeIgniter.php(902): App\Controllers\TU->index()
 7 SYSTEMPATH\CodeIgniter.php(457): CodeIgniter\CodeIgniter->runController(Object(App\Controllers\TU))
 8 SYSTEMPATH\CodeIgniter.php(340): CodeIgniter\CodeIgniter->handleRequest(null, Object(Config\Cache), false)
 9 FCPATH\index.php(67): CodeIgniter\CodeIgniter->run()
10 SYSTEMPATH\Commands\Server\rewrite.php(46): require_once('FCPATH\\index.php')
CRITICAL - 2022-10-27 06:54:49 --> Undefined variable $pembimbing
in APPPATH\Views\spadmin\tu.php on line 21.
 1 APPPATH\Views\spadmin\tu.php(21): CodeIgniter\Debug\Exceptions->errorHandler(2, 'Undefined variable $pembimbing', 'APPPATH\\Views\\spadmin\\tu.php', 21)
 2 SYSTEMPATH\View\View.php(213): include('APPPATH\\Views\\spadmin\\tu.php')
 3 SYSTEMPATH\View\View.php(216): CodeIgniter\View\View->CodeIgniter\View\{closure}()
 4 SYSTEMPATH\Common.php(1142): CodeIgniter\View\View->render('spadmin/tu.php', [], true)
 5 APPPATH\Controllers\TU.php(40): view('spadmin/tu.php')
 6 SYSTEMPATH\CodeIgniter.php(902): App\Controllers\TU->index()
 7 SYSTEMPATH\CodeIgniter.php(457): CodeIgniter\CodeIgniter->runController(Object(App\Controllers\TU))
 8 SYSTEMPATH\CodeIgniter.php(340): CodeIgniter\CodeIgniter->handleRequest(null, Object(Config\Cache), false)
 9 FCPATH\index.php(67): CodeIgniter\CodeIgniter->run()
10 SYSTEMPATH\Commands\Server\rewrite.php(46): require_once('FCPATH\\index.php')
CRITICAL - 2022-10-27 06:55:09 --> Array to string conversion
in APPPATH\Views\spadmin\tu.php on line 23.
 1 APPPATH\Views\spadmin\tu.php(23): CodeIgniter\Debug\Exceptions->errorHandler(2, 'Array to string conversion', 'APPPATH\\Views\\spadmin\\tu.php', 23)
 2 SYSTEMPATH\View\View.php(213): include('APPPATH\\Views\\spadmin\\tu.php')
 3 SYSTEMPATH\View\View.php(216): CodeIgniter\View\View->CodeIgniter\View\{closure}()
 4 SYSTEMPATH\Common.php(1142): CodeIgniter\View\View->render('spadmin/tu.php', [], true)
 5 APPPATH\Controllers\TU.php(40): view('spadmin/tu.php')
 6 SYSTEMPATH\CodeIgniter.php(902): App\Controllers\TU->index()
 7 SYSTEMPATH\CodeIgniter.php(457): CodeIgniter\CodeIgniter->runController(Object(App\Controllers\TU))
 8 SYSTEMPATH\CodeIgniter.php(340): CodeIgniter\CodeIgniter->handleRequest(null, Object(Config\Cache), false)
 9 FCPATH\index.php(67): CodeIgniter\CodeIgniter->run()
10 SYSTEMPATH\Commands\Server\rewrite.php(46): require_once('FCPATH\\index.php')
CRITICAL - 2022-10-27 08:31:55 --> Undefined variable $pembimbing
in APPPATH\Views\spadmin\tu.php on line 21.
 1 APPPATH\Views\spadmin\tu.php(21): CodeIgniter\Debug\Exceptions->errorHandler(2, 'Undefined variable $pembimbing', 'APPPATH\\Views\\spadmin\\tu.php', 21)
 2 SYSTEMPATH\View\View.php(213): include('APPPATH\\Views\\spadmin\\tu.php')
 3 SYSTEMPATH\View\View.php(216): CodeIgniter\View\View->CodeIgniter\View\{closure}()
 4 SYSTEMPATH\Common.php(1142): CodeIgniter\View\View->render('spadmin/tu.php', [], true)
 5 APPPATH\Controllers\TU.php(40): view('spadmin/tu.php')
 6 SYSTEMPATH\CodeIgniter.php(902): App\Controllers\TU->index()
 7 SYSTEMPATH\CodeIgniter.php(457): CodeIgniter\CodeIgniter->runController(Object(App\Controllers\TU))
 8 SYSTEMPATH\CodeIgniter.php(340): CodeIgniter\CodeIgniter->handleRequest(null, Object(Config\Cache), false)
 9 FCPATH\index.php(67): CodeIgniter\CodeIgniter->run()
10 SYSTEMPATH\Commands\Server\rewrite.php(46): require_once('FCPATH\\index.php')
CRITICAL - 2022-10-27 08:32:16 --> Undefined variable $pembimbing
in APPPATH\Views\spadmin\tu.php on line 21.
 1 APPPATH\Views\spadmin\tu.php(21): CodeIgniter\Debug\Exceptions->errorHandler(2, 'Undefined variable $pembimbing', 'APPPATH\\Views\\spadmin\\tu.php', 21)
 2 SYSTEMPATH\View\View.php(213): include('APPPATH\\Views\\spadmin\\tu.php')
 3 SYSTEMPATH\View\View.php(216): CodeIgniter\View\View->CodeIgniter\View\{closure}()
 4 SYSTEMPATH\Common.php(1142): CodeIgniter\View\View->render('spadmin/tu.php', [], true)
 5 APPPATH\Controllers\TU.php(40): view('spadmin/tu.php')
 6 SYSTEMPATH\CodeIgniter.php(902): App\Controllers\TU->index()
 7 SYSTEMPATH\CodeIgniter.php(457): CodeIgniter\CodeIgniter->runController(Object(App\Controllers\TU))
 8 SYSTEMPATH\CodeIgniter.php(340): CodeIgniter\CodeIgniter->handleRequest(null, Object(Config\Cache), false)
 9 FCPATH\index.php(67): CodeIgniter\CodeIgniter->run()
10 SYSTEMPATH\Commands\Server\rewrite.php(46): require_once('FCPATH\\index.php')
CRITICAL - 2022-10-27 08:33:28 --> Undefined variable $data
in APPPATH\Views\spadmin\kasubagtu.php on line 32.
 1 APPPATH\Views\spadmin\kasubagtu.php(32): CodeIgniter\Debug\Exceptions->errorHandler(2, 'Undefined variable $data', 'APPPATH\\Views\\spadmin\\kasubagtu.php', 32)
 2 SYSTEMPATH\View\View.php(213): include('APPPATH\\Views\\spadmin\\kasubagtu.php')
 3 SYSTEMPATH\View\View.php(216): CodeIgniter\View\View->CodeIgniter\View\{closure}()
 4 SYSTEMPATH\Common.php(1142): CodeIgniter\View\View->render('spadmin/kasubagtu', [], true)
 5 APPPATH\Controllers\TU.php(106): view('spadmin/kasubagtu')
 6 SYSTEMPATH\CodeIgniter.php(902): App\Controllers\TU->updatekuota('1')
 7 SYSTEMPATH\CodeIgniter.php(457): CodeIgniter\CodeIgniter->runController(Object(App\Controllers\TU))
 8 SYSTEMPATH\CodeIgniter.php(340): CodeIgniter\CodeIgniter->handleRequest(null, Object(Config\Cache), false)
 9 FCPATH\index.php(67): CodeIgniter\CodeIgniter->run()
10 SYSTEMPATH\Commands\Server\rewrite.php(46): require_once('FCPATH\\index.php')
CRITICAL - 2022-10-27 08:41:40 --> Undefined variable $pembimbing
in APPPATH\Views\spadmin\tu.php on line 21.
 1 APPPATH\Views\spadmin\tu.php(21): CodeIgniter\Debug\Exceptions->errorHandler(2, 'Undefined variable $pembimbing', 'APPPATH\\Views\\spadmin\\tu.php', 21)
 2 SYSTEMPATH\View\View.php(213): include('APPPATH\\Views\\spadmin\\tu.php')
 3 SYSTEMPATH\View\View.php(216): CodeIgniter\View\View->CodeIgniter\View\{closure}()
 4 SYSTEMPATH\Common.php(1142): CodeIgniter\View\View->render('spadmin/tu.php', [], true)
 5 APPPATH\Controllers\TU.php(38): view('spadmin/tu.php')
 6 SYSTEMPATH\CodeIgniter.php(902): App\Controllers\TU->index()
 7 SYSTEMPATH\CodeIgniter.php(457): CodeIgniter\CodeIgniter->runController(Object(App\Controllers\TU))
 8 SYSTEMPATH\CodeIgniter.php(340): CodeIgniter\CodeIgniter->handleRequest(null, Object(Config\Cache), false)
 9 FCPATH\index.php(67): CodeIgniter\CodeIgniter->run()
10 SYSTEMPATH\Commands\Server\rewrite.php(46): require_once('FCPATH\\index.php')
CRITICAL - 2022-10-27 08:42:03 --> Array to string conversion
in APPPATH\Views\spadmin\tu.php on line 21.
 1 APPPATH\Views\spadmin\tu.php(21): CodeIgniter\Debug\Exceptions->errorHandler(2, 'Array to string conversion', 'APPPATH\\Views\\spadmin\\tu.php', 21)
 2 SYSTEMPATH\View\View.php(213): include('APPPATH\\Views\\spadmin\\tu.php')
 3 SYSTEMPATH\View\View.php(216): CodeIgniter\View\View->CodeIgniter\View\{closure}()
 4 SYSTEMPATH\Common.php(1142): CodeIgniter\View\View->render('spadmin/tu.php', [], true)
 5 APPPATH\Controllers\TU.php(38): view('spadmin/tu.php')
 6 SYSTEMPATH\CodeIgniter.php(902): App\Controllers\TU->index()
 7 SYSTEMPATH\CodeIgniter.php(457): CodeIgniter\CodeIgniter->runController(Object(App\Controllers\TU))
 8 SYSTEMPATH\CodeIgniter.php(340): CodeIgniter\CodeIgniter->handleRequest(null, Object(Config\Cache), false)
 9 FCPATH\index.php(67): CodeIgniter\CodeIgniter->run()
10 SYSTEMPATH\Commands\Server\rewrite.php(46): require_once('FCPATH\\index.php')
CRITICAL - 2022-10-27 08:42:43 --> Array to string conversion
in APPPATH\Views\spadmin\tu.php on line 21.
 1 APPPATH\Views\spadmin\tu.php(21): CodeIgniter\Debug\Exceptions->errorHandler(2, 'Array to string conversion', 'APPPATH\\Views\\spadmin\\tu.php', 21)
 2 SYSTEMPATH\View\View.php(213): include('APPPATH\\Views\\spadmin\\tu.php')
 3 SYSTEMPATH\View\View.php(216): CodeIgniter\View\View->CodeIgniter\View\{closure}()
 4 SYSTEMPATH\Common.php(1142): CodeIgniter\View\View->render('spadmin/tu.php', [], true)
 5 APPPATH\Controllers\TU.php(38): view('spadmin/tu.php')
 6 SYSTEMPATH\CodeIgniter.php(902): App\Controllers\TU->index()
 7 SYSTEMPATH\CodeIgniter.php(457): CodeIgniter\CodeIgniter->runController(Object(App\Controllers\TU))
 8 SYSTEMPATH\CodeIgniter.php(340): CodeIgniter\CodeIgniter->handleRequest(null, Object(Config\Cache), false)
 9 FCPATH\index.php(67): CodeIgniter\CodeIgniter->run()
10 SYSTEMPATH\Commands\Server\rewrite.php(46): require_once('FCPATH\\index.php')
CRITICAL - 2022-10-27 08:42:45 --> Array to string conversion
in APPPATH\Views\spadmin\tu.php on line 21.
 1 APPPATH\Views\spadmin\tu.php(21): CodeIgniter\Debug\Exceptions->errorHandler(2, 'Array to string conversion', 'APPPATH\\Views\\spadmin\\tu.php', 21)
 2 SYSTEMPATH\View\View.php(213): include('APPPATH\\Views\\spadmin\\tu.php')
 3 SYSTEMPATH\View\View.php(216): CodeIgniter\View\View->CodeIgniter\View\{closure}()
 4 SYSTEMPATH\Common.php(1142): CodeIgniter\View\View->render('spadmin/tu.php', [], true)
 5 APPPATH\Controllers\TU.php(38): view('spadmin/tu.php')
 6 SYSTEMPATH\CodeIgniter.php(902): App\Controllers\TU->index()
 7 SYSTEMPATH\CodeIgniter.php(457): CodeIgniter\CodeIgniter->runController(Object(App\Controllers\TU))
 8 SYSTEMPATH\CodeIgniter.php(340): CodeIgniter\CodeIgniter->handleRequest(null, Object(Config\Cache), false)
 9 FCPATH\index.php(67): CodeIgniter\CodeIgniter->run()
10 SYSTEMPATH\Commands\Server\rewrite.php(46): require_once('FCPATH\\index.php')
CRITICAL - 2022-10-27 09:17:44 --> Trying to access array offset on value of type null
in APPPATH\Views\peserta\profil.php on line 28.
 1 APPPATH\Views\peserta\profil.php(28): CodeIgniter\Debug\Exceptions->errorHandler(2, 'Trying to access array offset on value of type null', 'APPPATH\\Views\\peserta\\profil.php', 28)
 2 SYSTEMPATH\View\View.php(213): include('APPPATH\\Views\\peserta\\profil.php')
 3 SYSTEMPATH\View\View.php(216): CodeIgniter\View\View->CodeIgniter\View\{closure}()
 4 SYSTEMPATH\Common.php(1142): CodeIgniter\View\View->render('peserta/profil', [], true)
 5 APPPATH\Controllers\Peserta.php(349): view('peserta/profil')
 6 SYSTEMPATH\CodeIgniter.php(902): App\Controllers\Peserta->Profil()
 7 SYSTEMPATH\CodeIgniter.php(457): CodeIgniter\CodeIgniter->runController(Object(App\Controllers\Peserta))
 8 SYSTEMPATH\CodeIgniter.php(340): CodeIgniter\CodeIgniter->handleRequest(null, Object(Config\Cache), false)
 9 FCPATH\index.php(67): CodeIgniter\CodeIgniter->run()
10 SYSTEMPATH\Commands\Server\rewrite.php(46): require_once('FCPATH\\index.php')
ERROR - 2022-10-27 09:37:05 --> mysqli_sql_exception: Column 'userId' cannot be null in C:\xampp\htdocs\simag\vendor\codeigniter4\framework\system\Database\MySQLi\Connection.php:292
Stack trace:
#0 C:\xampp\htdocs\simag\vendor\codeigniter4\framework\system\Database\MySQLi\Connection.php(292): mysqli->query('INSERT INTO `ak...', 0)
#1 C:\xampp\htdocs\simag\vendor\codeigniter4\framework\system\Database\BaseConnection.php(693): CodeIgniter\Database\MySQLi\Connection->execute('INSERT INTO `ak...')
#2 C:\xampp\htdocs\simag\vendor\codeigniter4\framework\system\Database\BaseConnection.php(620): CodeIgniter\Database\BaseConnection->simpleQuery('INSERT INTO `ak...')
#3 C:\xampp\htdocs\simag\vendor\codeigniter4\framework\system\Database\BaseBuilder.php(1916): CodeIgniter\Database\BaseConnection->query('INSERT INTO `ak...', Array, false)
#4 C:\xampp\htdocs\simag\vendor\codeigniter4\framework\system\Model.php(279): CodeIgniter\Database\BaseBuilder->insert()
#5 C:\xampp\htdocs\simag\vendor\codeigniter4\framework\system\BaseModel.php(748): CodeIgniter\Model->doInsert(Array)
#6 C:\xampp\htdocs\simag\vendor\codeigniter4\framework\system\Model.php(667): CodeIgniter\BaseModel->insert(Array, false)
#7 C:\xampp\htdocs\simag\vendor\codeigniter4\framework\system\BaseModel.php(658): CodeIgniter\Model->insert(Array, false)
#8 C:\xampp\htdocs\simag\app\Controllers\Peserta.php(247): CodeIgniter\BaseModel->save(Array)
#9 C:\xampp\htdocs\simag\vendor\codeigniter4\framework\system\CodeIgniter.php(902): App\Controllers\Peserta->tambahAktivitas()
#10 C:\xampp\htdocs\simag\vendor\codeigniter4\framework\system\CodeIgniter.php(457): CodeIgniter\CodeIgniter->runController(Object(App\Controllers\Peserta))
#11 C:\xampp\htdocs\simag\vendor\codeigniter4\framework\system\CodeIgniter.php(340): CodeIgniter\CodeIgniter->handleRequest(NULL, Object(Config\Cache), false)
#12 C:\xampp\htdocs\simag\public\index.php(67): CodeIgniter\CodeIgniter->run()
#13 C:\xampp\htdocs\simag\vendor\codeigniter4\framework\system\Commands\Server\rewrite.php(46): require_once('C:\\xampp\\htdocs...')
#14 {main}
CRITICAL - 2022-10-27 09:37:05 --> Column 'userId' cannot be null
in SYSTEMPATH\Database\MySQLi\Connection.php on line 292.
 1 SYSTEMPATH\Database\MySQLi\Connection.php(292): mysqli->query('INSERT INTO `aktivitas` (`userId`, `date`, `mulai`, `selesai`, `keterangan`, `status`, `created_at`, `updated_at`) VALUES (NULL, \'2022-10-27\', \'21:36\', \'21:39\', \'tidur\', 0, \'2022-10-27 09:37:05\', \'2022-10-27 09:37:05\')', 0)
 2 SYSTEMPATH\Database\BaseConnection.php(693): CodeIgniter\Database\MySQLi\Connection->execute('INSERT INTO `aktivitas` (`userId`, `date`, `mulai`, `selesai`, `keterangan`, `status`, `created_at`, `updated_at`) VALUES (NULL, \'2022-10-27\', \'21:36\', \'21:39\', \'tidur\', 0, \'2022-10-27 09:37:05\', \'2022-10-27 09:37:05\')')
 3 SYSTEMPATH\Database\BaseConnection.php(620): CodeIgniter\Database\BaseConnection->simpleQuery('INSERT INTO `aktivitas` (`userId`, `date`, `mulai`, `selesai`, `keterangan`, `status`, `created_at`, `updated_at`) VALUES (NULL, \'2022-10-27\', \'21:36\', \'21:39\', \'tidur\', 0, \'2022-10-27 09:37:05\', \'2022-10-27 09:37:05\')')
 4 SYSTEMPATH\Database\BaseBuilder.php(1916): CodeIgniter\Database\BaseConnection->query('INSERT INTO `aktivitas` (`userId`, `date`, `mulai`, `selesai`, `keterangan`, `status`, `created_at`, `updated_at`) VALUES (:userId:, :date:, :mulai:, :selesai:, :keterangan:, :status:, :created_at:, :updated_at:)', [...], false)
 5 SYSTEMPATH\Model.php(279): CodeIgniter\Database\BaseBuilder->insert()
 6 SYSTEMPATH\BaseModel.php(748): CodeIgniter\Model->doInsert([...])
 7 SYSTEMPATH\Model.php(667): CodeIgniter\BaseModel->insert([...], false)
 8 SYSTEMPATH\BaseModel.php(658): CodeIgniter\Model->insert([...], false)
 9 APPPATH\Controllers\Peserta.php(247): CodeIgniter\BaseModel->save([...])
10 SYSTEMPATH\CodeIgniter.php(902): App\Controllers\Peserta->tambahAktivitas()
11 SYSTEMPATH\CodeIgniter.php(457): CodeIgniter\CodeIgniter->runController(Object(App\Controllers\Peserta))
12 SYSTEMPATH\CodeIgniter.php(340): CodeIgniter\CodeIgniter->handleRequest(null, Object(Config\Cache), false)
13 FCPATH\index.php(67): CodeIgniter\CodeIgniter->run()
14 SYSTEMPATH\Commands\Server\rewrite.php(46): require_once('FCPATH\\index.php')
ERROR - 2022-10-27 09:37:35 --> mysqli_sql_exception: Column 'userId' cannot be null in C:\xampp\htdocs\simag\vendor\codeigniter4\framework\system\Database\MySQLi\Connection.php:292
Stack trace:
#0 C:\xampp\htdocs\simag\vendor\codeigniter4\framework\system\Database\MySQLi\Connection.php(292): mysqli->query('INSERT INTO `ak...', 0)
#1 C:\xampp\htdocs\simag\vendor\codeigniter4\framework\system\Database\BaseConnection.php(693): CodeIgniter\Database\MySQLi\Connection->execute('INSERT INTO `ak...')
#2 C:\xampp\htdocs\simag\vendor\codeigniter4\framework\system\Database\BaseConnection.php(620): CodeIgniter\Database\BaseConnection->simpleQuery('INSERT INTO `ak...')
#3 C:\xampp\htdocs\simag\vendor\codeigniter4\framework\system\Database\BaseBuilder.php(1916): CodeIgniter\Database\BaseConnection->query('INSERT INTO `ak...', Array, false)
#4 C:\xampp\htdocs\simag\vendor\codeigniter4\framework\system\Model.php(279): CodeIgniter\Database\BaseBuilder->insert()
#5 C:\xampp\htdocs\simag\vendor\codeigniter4\framework\system\BaseModel.php(748): CodeIgniter\Model->doInsert(Array)
#6 C:\xampp\htdocs\simag\vendor\codeigniter4\framework\system\Model.php(667): CodeIgniter\BaseModel->insert(Array, false)
#7 C:\xampp\htdocs\simag\vendor\codeigniter4\framework\system\BaseModel.php(658): CodeIgniter\Model->insert(Array, false)
#8 C:\xampp\htdocs\simag\app\Controllers\Peserta.php(247): CodeIgniter\BaseModel->save(Array)
#9 C:\xampp\htdocs\simag\vendor\codeigniter4\framework\system\CodeIgniter.php(902): App\Controllers\Peserta->tambahAktivitas()
#10 C:\xampp\htdocs\simag\vendor\codeigniter4\framework\system\CodeIgniter.php(457): CodeIgniter\CodeIgniter->runController(Object(App\Controllers\Peserta))
#11 C:\xampp\htdocs\simag\vendor\codeigniter4\framework\system\CodeIgniter.php(340): CodeIgniter\CodeIgniter->handleRequest(NULL, Object(Config\Cache), false)
#12 C:\xampp\htdocs\simag\public\index.php(67): CodeIgniter\CodeIgniter->run()
#13 C:\xampp\htdocs\simag\vendor\codeigniter4\framework\system\Commands\Server\rewrite.php(46): require_once('C:\\xampp\\htdocs...')
#14 {main}
CRITICAL - 2022-10-27 09:37:35 --> Column 'userId' cannot be null
in SYSTEMPATH\Database\MySQLi\Connection.php on line 292.
 1 SYSTEMPATH\Database\MySQLi\Connection.php(292): mysqli->query('INSERT INTO `aktivitas` (`userId`, `date`, `mulai`, `selesai`, `keterangan`, `status`, `created_at`, `updated_at`) VALUES (NULL, \'2022-10-27\', \'21:36\', \'21:39\', \'tidur\', 0, \'2022-10-27 09:37:35\', \'2022-10-27 09:37:35\')', 0)
 2 SYSTEMPATH\Database\BaseConnection.php(693): CodeIgniter\Database\MySQLi\Connection->execute('INSERT INTO `aktivitas` (`userId`, `date`, `mulai`, `selesai`, `keterangan`, `status`, `created_at`, `updated_at`) VALUES (NULL, \'2022-10-27\', \'21:36\', \'21:39\', \'tidur\', 0, \'2022-10-27 09:37:35\', \'2022-10-27 09:37:35\')')
 3 SYSTEMPATH\Database\BaseConnection.php(620): CodeIgniter\Database\BaseConnection->simpleQuery('INSERT INTO `aktivitas` (`userId`, `date`, `mulai`, `selesai`, `keterangan`, `status`, `created_at`, `updated_at`) VALUES (NULL, \'2022-10-27\', \'21:36\', \'21:39\', \'tidur\', 0, \'2022-10-27 09:37:35\', \'2022-10-27 09:37:35\')')
 4 SYSTEMPATH\Database\BaseBuilder.php(1916): CodeIgniter\Database\BaseConnection->query('INSERT INTO `aktivitas` (`userId`, `date`, `mulai`, `selesai`, `keterangan`, `status`, `created_at`, `updated_at`) VALUES (:userId:, :date:, :mulai:, :selesai:, :keterangan:, :status:, :created_at:, :updated_at:)', [...], false)
 5 SYSTEMPATH\Model.php(279): CodeIgniter\Database\BaseBuilder->insert()
 6 SYSTEMPATH\BaseModel.php(748): CodeIgniter\Model->doInsert([...])
 7 SYSTEMPATH\Model.php(667): CodeIgniter\BaseModel->insert([...], false)
 8 SYSTEMPATH\BaseModel.php(658): CodeIgniter\Model->insert([...], false)
 9 APPPATH\Controllers\Peserta.php(247): CodeIgniter\BaseModel->save([...])
10 SYSTEMPATH\CodeIgniter.php(902): App\Controllers\Peserta->tambahAktivitas()
11 SYSTEMPATH\CodeIgniter.php(457): CodeIgniter\CodeIgniter->runController(Object(App\Controllers\Peserta))
12 SYSTEMPATH\CodeIgniter.php(340): CodeIgniter\CodeIgniter->handleRequest(null, Object(Config\Cache), false)
13 FCPATH\index.php(67): CodeIgniter\CodeIgniter->run()
14 SYSTEMPATH\Commands\Server\rewrite.php(46): require_once('FCPATH\\index.php')
ERROR - 2022-10-27 09:46:18 --> mysqli_sql_exception: Column 'userId' cannot be null in C:\xampp\htdocs\simag\vendor\codeigniter4\framework\system\Database\MySQLi\Connection.php:292
Stack trace:
#0 C:\xampp\htdocs\simag\vendor\codeigniter4\framework\system\Database\MySQLi\Connection.php(292): mysqli->query('INSERT INTO `ak...', 0)
#1 C:\xampp\htdocs\simag\vendor\codeigniter4\framework\system\Database\BaseConnection.php(693): CodeIgniter\Database\MySQLi\Connection->execute('INSERT INTO `ak...')
#2 C:\xampp\htdocs\simag\vendor\codeigniter4\framework\system\Database\BaseConnection.php(620): CodeIgniter\Database\BaseConnection->simpleQuery('INSERT INTO `ak...')
#3 C:\xampp\htdocs\simag\vendor\codeigniter4\framework\system\Database\BaseBuilder.php(1916): CodeIgniter\Database\BaseConnection->query('INSERT INTO `ak...', Array, false)
#4 C:\xampp\htdocs\simag\vendor\codeigniter4\framework\system\Model.php(279): CodeIgniter\Database\BaseBuilder->insert()
#5 C:\xampp\htdocs\simag\vendor\codeigniter4\framework\system\BaseModel.php(748): CodeIgniter\Model->doInsert(Array)
#6 C:\xampp\htdocs\simag\vendor\codeigniter4\framework\system\Model.php(667): CodeIgniter\BaseModel->insert(Array, false)
#7 C:\xampp\htdocs\simag\vendor\codeigniter4\framework\system\BaseModel.php(658): CodeIgniter\Model->insert(Array, false)
#8 C:\xampp\htdocs\simag\app\Controllers\Peserta.php(247): CodeIgniter\BaseModel->save(Array)
#9 C:\xampp\htdocs\simag\vendor\codeigniter4\framework\system\CodeIgniter.php(902): App\Controllers\Peserta->tambahAktivitas()
#10 C:\xampp\htdocs\simag\vendor\codeigniter4\framework\system\CodeIgniter.php(457): CodeIgniter\CodeIgniter->runController(Object(App\Controllers\Peserta))
#11 C:\xampp\htdocs\simag\vendor\codeigniter4\framework\system\CodeIgniter.php(340): CodeIgniter\CodeIgniter->handleRequest(NULL, Object(Config\Cache), false)
#12 C:\xampp\htdocs\simag\public\index.php(67): CodeIgniter\CodeIgniter->run()
#13 C:\xampp\htdocs\simag\vendor\codeigniter4\framework\system\Commands\Server\rewrite.php(46): require_once('C:\\xampp\\htdocs...')
#14 {main}
CRITICAL - 2022-10-27 09:46:18 --> Column 'userId' cannot be null
in SYSTEMPATH\Database\MySQLi\Connection.php on line 292.
 1 SYSTEMPATH\Database\MySQLi\Connection.php(292): mysqli->query('INSERT INTO `aktivitas` (`userId`, `date`, `mulai`, `selesai`, `keterangan`, `status`, `created_at`, `updated_at`) VALUES (NULL, \'2022-10-27\', \'21:36\', \'21:39\', \'tidur\', 0, \'2022-10-27 09:46:18\', \'2022-10-27 09:46:18\')', 0)
 2 SYSTEMPATH\Database\BaseConnection.php(693): CodeIgniter\Database\MySQLi\Connection->execute('INSERT INTO `aktivitas` (`userId`, `date`, `mulai`, `selesai`, `keterangan`, `status`, `created_at`, `updated_at`) VALUES (NULL, \'2022-10-27\', \'21:36\', \'21:39\', \'tidur\', 0, \'2022-10-27 09:46:18\', \'2022-10-27 09:46:18\')')
 3 SYSTEMPATH\Database\BaseConnection.php(620): CodeIgniter\Database\BaseConnection->simpleQuery('INSERT INTO `aktivitas` (`userId`, `date`, `mulai`, `selesai`, `keterangan`, `status`, `created_at`, `updated_at`) VALUES (NULL, \'2022-10-27\', \'21:36\', \'21:39\', \'tidur\', 0, \'2022-10-27 09:46:18\', \'2022-10-27 09:46:18\')')
 4 SYSTEMPATH\Database\BaseBuilder.php(1916): CodeIgniter\Database\BaseConnection->query('INSERT INTO `aktivitas` (`userId`, `date`, `mulai`, `selesai`, `keterangan`, `status`, `created_at`, `updated_at`) VALUES (:userId:, :date:, :mulai:, :selesai:, :keterangan:, :status:, :created_at:, :updated_at:)', [...], false)
 5 SYSTEMPATH\Model.php(279): CodeIgniter\Database\BaseBuilder->insert()
 6 SYSTEMPATH\BaseModel.php(748): CodeIgniter\Model->doInsert([...])
 7 SYSTEMPATH\Model.php(667): CodeIgniter\BaseModel->insert([...], false)
 8 SYSTEMPATH\BaseModel.php(658): CodeIgniter\Model->insert([...], false)
 9 APPPATH\Controllers\Peserta.php(247): CodeIgniter\BaseModel->save([...])
10 SYSTEMPATH\CodeIgniter.php(902): App\Controllers\Peserta->tambahAktivitas()
11 SYSTEMPATH\CodeIgniter.php(457): CodeIgniter\CodeIgniter->runController(Object(App\Controllers\Peserta))
12 SYSTEMPATH\CodeIgniter.php(340): CodeIgniter\CodeIgniter->handleRequest(null, Object(Config\Cache), false)
13 FCPATH\index.php(67): CodeIgniter\CodeIgniter->run()
14 SYSTEMPATH\Commands\Server\rewrite.php(46): require_once('FCPATH\\index.php')
