ERROR - 2022-11-29 04:13:47 --> Error connecting to the database: mysqli_sql_exception: No connection could be made because the target machine actively refused it in D:\simag-new\vendor\codeigniter4\framework\system\Database\MySQLi\Connection.php:171
Stack trace:
#0 D:\simag-new\vendor\codeigniter4\framework\system\Database\MySQLi\Connection.php(171): mysqli->real_connect('localhost', 'root', 'root', 'simag', 3306, '', 0)
#1 D:\simag-new\vendor\codeigniter4\framework\system\Database\BaseConnection.php(382): CodeIgniter\Database\MySQLi\Connection->connect(false)
#2 D:\simag-new\vendor\codeigniter4\framework\system\Database\BaseConnection.php(588): CodeIgniter\Database\BaseConnection->initialize()
#3 D:\simag-new\vendor\codeigniter4\framework\system\Database\BaseBuilder.php(1585): CodeIgniter\Database\BaseConnection->query('SELECT *\nFROM `...', Array, false)
#4 D:\simag-new\vendor\codeigniter4\framework\system\Model.php(772): CodeIgniter\Database\BaseBuilder->get()
#5 D:\simag-new\app\Controllers\Home.php(14): CodeIgniter\Model->__call('get', Array)
#6 D:\simag-new\vendor\codeigniter4\framework\system\CodeIgniter.php(902): App\Controllers\Home->index()
#7 D:\simag-new\vendor\codeigniter4\framework\system\CodeIgniter.php(457): CodeIgniter\CodeIgniter->runController(Object(App\Controllers\Home))
#8 D:\simag-new\vendor\codeigniter4\framework\system\CodeIgniter.php(340): CodeIgniter\CodeIgniter->handleRequest(NULL, Object(Config\Cache), false)
#9 D:\simag-new\public\index.php(67): CodeIgniter\CodeIgniter->run()
#10 D:\simag-new\vendor\codeigniter4\framework\system\Commands\Server\rewrite.php(46): require_once('D:\\simag-new\\pu...')
#11 {main}

Next CodeIgniter\Database\Exceptions\DatabaseException: No connection could be made because the target machine actively refused it in D:\simag-new\vendor\codeigniter4\framework\system\Database\MySQLi\Connection.php:215
Stack trace:
#0 D:\simag-new\vendor\codeigniter4\framework\system\Database\BaseConnection.php(382): CodeIgniter\Database\MySQLi\Connection->connect(false)
#1 D:\simag-new\vendor\codeigniter4\framework\system\Database\BaseConnection.php(588): CodeIgniter\Database\BaseConnection->initialize()
#2 D:\simag-new\vendor\codeigniter4\framework\system\Database\BaseBuilder.php(1585): CodeIgniter\Database\BaseConnection->query('SELECT *\nFROM `...', Array, false)
#3 D:\simag-new\vendor\codeigniter4\framework\system\Model.php(772): CodeIgniter\Database\BaseBuilder->get()
#4 D:\simag-new\app\Controllers\Home.php(14): CodeIgniter\Model->__call('get', Array)
#5 D:\simag-new\vendor\codeigniter4\framework\system\CodeIgniter.php(902): App\Controllers\Home->index()
#6 D:\simag-new\vendor\codeigniter4\framework\system\CodeIgniter.php(457): CodeIgniter\CodeIgniter->runController(Object(App\Controllers\Home))
#7 D:\simag-new\vendor\codeigniter4\framework\system\CodeIgniter.php(340): CodeIgniter\CodeIgniter->handleRequest(NULL, Object(Config\Cache), false)
#8 D:\simag-new\public\index.php(67): CodeIgniter\CodeIgniter->run()
#9 D:\simag-new\vendor\codeigniter4\framework\system\Commands\Server\rewrite.php(46): require_once('D:\\simag-new\\pu...')
#10 {main}
CRITICAL - 2022-11-29 04:13:47 --> Unable to connect to the database.
Main connection [MySQLi]: No connection could be made because the target machine actively refused it
in SYSTEMPATH\Database\BaseConnection.php on line 418.
 1 SYSTEMPATH\Database\BaseConnection.php(588): CodeIgniter\Database\BaseConnection->initialize()
 2 SYSTEMPATH\Database\BaseBuilder.php(1585): CodeIgniter\Database\BaseConnection->query('SELECT *
FROM `user`
JOIN `info_peserta` ON `user`.`id`=`info_peserta`.`userId`
WHERE `info_peserta`.`endDate` > :info_peserta.endDate:', [...], false)
 3 SYSTEMPATH\Model.php(772): CodeIgniter\Database\BaseBuilder->get()
 4 APPPATH\Controllers\Home.php(14): CodeIgniter\Model->__call('get', [])
 5 SYSTEMPATH\CodeIgniter.php(902): App\Controllers\Home->index()
 6 SYSTEMPATH\CodeIgniter.php(457): CodeIgniter\CodeIgniter->runController(Object(App\Controllers\Home))
 7 SYSTEMPATH\CodeIgniter.php(340): CodeIgniter\CodeIgniter->handleRequest(null, Object(Config\Cache), false)
 8 FCPATH\index.php(67): CodeIgniter\CodeIgniter->run()
 9 SYSTEMPATH\Commands\Server\rewrite.php(46): require_once('FCPATH\\index.php')
ERROR - 2022-11-29 04:25:09 --> Error connecting to the database: mysqli_sql_exception: No connection could be made because the target machine actively refused it in D:\simag-new\vendor\codeigniter4\framework\system\Database\MySQLi\Connection.php:171
Stack trace:
#0 D:\simag-new\vendor\codeigniter4\framework\system\Database\MySQLi\Connection.php(171): mysqli->real_connect('localhost', 'root', 'root', 'simag', 3306, '', 0)
#1 D:\simag-new\vendor\codeigniter4\framework\system\Database\BaseConnection.php(382): CodeIgniter\Database\MySQLi\Connection->connect(false)
#2 D:\simag-new\vendor\codeigniter4\framework\system\Database\BaseConnection.php(588): CodeIgniter\Database\BaseConnection->initialize()
#3 D:\simag-new\vendor\codeigniter4\framework\system\Database\BaseBuilder.php(1585): CodeIgniter\Database\BaseConnection->query('SELECT *\nFROM `...', Array, false)
#4 D:\simag-new\vendor\codeigniter4\framework\system\Model.php(772): CodeIgniter\Database\BaseBuilder->get()
#5 D:\simag-new\app\Controllers\Home.php(14): CodeIgniter\Model->__call('get', Array)
#6 D:\simag-new\vendor\codeigniter4\framework\system\CodeIgniter.php(902): App\Controllers\Home->index()
#7 D:\simag-new\vendor\codeigniter4\framework\system\CodeIgniter.php(457): CodeIgniter\CodeIgniter->runController(Object(App\Controllers\Home))
#8 D:\simag-new\vendor\codeigniter4\framework\system\CodeIgniter.php(340): CodeIgniter\CodeIgniter->handleRequest(NULL, Object(Config\Cache), false)
#9 D:\simag-new\public\index.php(67): CodeIgniter\CodeIgniter->run()
#10 D:\simag-new\vendor\codeigniter4\framework\system\Commands\Server\rewrite.php(46): require_once('D:\\simag-new\\pu...')
#11 {main}

Next CodeIgniter\Database\Exceptions\DatabaseException: No connection could be made because the target machine actively refused it in D:\simag-new\vendor\codeigniter4\framework\system\Database\MySQLi\Connection.php:215
Stack trace:
#0 D:\simag-new\vendor\codeigniter4\framework\system\Database\BaseConnection.php(382): CodeIgniter\Database\MySQLi\Connection->connect(false)
#1 D:\simag-new\vendor\codeigniter4\framework\system\Database\BaseConnection.php(588): CodeIgniter\Database\BaseConnection->initialize()
#2 D:\simag-new\vendor\codeigniter4\framework\system\Database\BaseBuilder.php(1585): CodeIgniter\Database\BaseConnection->query('SELECT *\nFROM `...', Array, false)
#3 D:\simag-new\vendor\codeigniter4\framework\system\Model.php(772): CodeIgniter\Database\BaseBuilder->get()
#4 D:\simag-new\app\Controllers\Home.php(14): CodeIgniter\Model->__call('get', Array)
#5 D:\simag-new\vendor\codeigniter4\framework\system\CodeIgniter.php(902): App\Controllers\Home->index()
#6 D:\simag-new\vendor\codeigniter4\framework\system\CodeIgniter.php(457): CodeIgniter\CodeIgniter->runController(Object(App\Controllers\Home))
#7 D:\simag-new\vendor\codeigniter4\framework\system\CodeIgniter.php(340): CodeIgniter\CodeIgniter->handleRequest(NULL, Object(Config\Cache), false)
#8 D:\simag-new\public\index.php(67): CodeIgniter\CodeIgniter->run()
#9 D:\simag-new\vendor\codeigniter4\framework\system\Commands\Server\rewrite.php(46): require_once('D:\\simag-new\\pu...')
#10 {main}
CRITICAL - 2022-11-29 04:25:09 --> Unable to connect to the database.
Main connection [MySQLi]: No connection could be made because the target machine actively refused it
in SYSTEMPATH\Database\BaseConnection.php on line 418.
 1 SYSTEMPATH\Database\BaseConnection.php(588): CodeIgniter\Database\BaseConnection->initialize()
 2 SYSTEMPATH\Database\BaseBuilder.php(1585): CodeIgniter\Database\BaseConnection->query('SELECT *
FROM `user`
JOIN `info_peserta` ON `user`.`id`=`info_peserta`.`userId`
WHERE `info_peserta`.`endDate` > :info_peserta.endDate:', [...], false)
 3 SYSTEMPATH\Model.php(772): CodeIgniter\Database\BaseBuilder->get()
 4 APPPATH\Controllers\Home.php(14): CodeIgniter\Model->__call('get', [])
 5 SYSTEMPATH\CodeIgniter.php(902): App\Controllers\Home->index()
 6 SYSTEMPATH\CodeIgniter.php(457): CodeIgniter\CodeIgniter->runController(Object(App\Controllers\Home))
 7 SYSTEMPATH\CodeIgniter.php(340): CodeIgniter\CodeIgniter->handleRequest(null, Object(Config\Cache), false)
 8 FCPATH\index.php(67): CodeIgniter\CodeIgniter->run()
 9 SYSTEMPATH\Commands\Server\rewrite.php(46): require_once('FCPATH\\index.php')
CRITICAL - 2022-11-29 04:51:24 --> Undefined array key 0
in APPPATH\Views\peserta\statuspengajuan.php on line 12.
 1 APPPATH\Views\peserta\statuspengajuan.php(12): CodeIgniter\Debug\Exceptions->errorHandler(2, 'Undefined array key 0', 'APPPATH\\Views\\peserta\\statuspengajuan.php', 12)
 2 SYSTEMPATH\View\View.php(213): include('APPPATH\\Views\\peserta\\statuspengajuan.php')
 3 SYSTEMPATH\View\View.php(216): CodeIgniter\View\View->CodeIgniter\View\{closure}()
 4 SYSTEMPATH\Common.php(1142): CodeIgniter\View\View->render('peserta/statuspengajuan.php', [], true)
 5 APPPATH\Controllers\Notif.php(123): view('peserta/statuspengajuan.php', [...])
 6 SYSTEMPATH\CodeIgniter.php(902): App\Controllers\Notif->dataPengajuan('106')
 7 SYSTEMPATH\CodeIgniter.php(457): CodeIgniter\CodeIgniter->runController(Object(App\Controllers\Notif))
 8 SYSTEMPATH\CodeIgniter.php(340): CodeIgniter\CodeIgniter->handleRequest(null, Object(Config\Cache), false)
 9 FCPATH\index.php(67): CodeIgniter\CodeIgniter->run()
10 SYSTEMPATH\Commands\Server\rewrite.php(46): require_once('FCPATH\\index.php')
CRITICAL - 2022-11-29 05:01:21 --> syntax error, unexpected variable "$routes"
in APPPATH\Config\Routes.php on line 102.
 1 SYSTEMPATH\CodeIgniter.php(406): CodeIgniter\CodeIgniter->tryToRouteIt(null)
 2 SYSTEMPATH\CodeIgniter.php(340): CodeIgniter\CodeIgniter->handleRequest(null, Object(Config\Cache), false)
 3 FCPATH\index.php(67): CodeIgniter\CodeIgniter->run()
 4 SYSTEMPATH\Commands\Server\rewrite.php(46): require_once('FCPATH\\index.php')
CRITICAL - 2022-11-29 05:01:22 --> syntax error, unexpected variable "$routes"
in APPPATH\Config\Routes.php on line 102.
 1 SYSTEMPATH\CodeIgniter.php(406): CodeIgniter\CodeIgniter->tryToRouteIt(null)
 2 SYSTEMPATH\CodeIgniter.php(340): CodeIgniter\CodeIgniter->handleRequest(null, Object(Config\Cache), false)
 3 FCPATH\index.php(67): CodeIgniter\CodeIgniter->run()
 4 SYSTEMPATH\Commands\Server\rewrite.php(46): require_once('FCPATH\\index.php')
CRITICAL - 2022-11-29 05:01:23 --> syntax error, unexpected variable "$routes"
in APPPATH\Config\Routes.php on line 102.
 1 SYSTEMPATH\CodeIgniter.php(406): CodeIgniter\CodeIgniter->tryToRouteIt(null)
 2 SYSTEMPATH\CodeIgniter.php(340): CodeIgniter\CodeIgniter->handleRequest(null, Object(Config\Cache), false)
 3 FCPATH\index.php(67): CodeIgniter\CodeIgniter->run()
 4 SYSTEMPATH\Commands\Server\rewrite.php(46): require_once('FCPATH\\index.php')
CRITICAL - 2022-11-29 05:01:24 --> syntax error, unexpected variable "$routes"
in APPPATH\Config\Routes.php on line 102.
 1 SYSTEMPATH\CodeIgniter.php(406): CodeIgniter\CodeIgniter->tryToRouteIt(null)
 2 SYSTEMPATH\CodeIgniter.php(340): CodeIgniter\CodeIgniter->handleRequest(null, Object(Config\Cache), false)
 3 FCPATH\index.php(67): CodeIgniter\CodeIgniter->run()
 4 SYSTEMPATH\Commands\Server\rewrite.php(46): require_once('FCPATH\\index.php')
ERROR - 2022-11-29 07:27:20 --> Error connecting to the database: mysqli_sql_exception: Access denied for user 'root'@'localhost' (using password: YES) in C:\xampp\htdocs\simag-new-main\vendor\codeigniter4\framework\system\Database\MySQLi\Connection.php:171
Stack trace:
#0 C:\xampp\htdocs\simag-new-main\vendor\codeigniter4\framework\system\Database\MySQLi\Connection.php(171): mysqli->real_connect('localhost', 'root', 'root', 'simag', 3306, '', 0)
#1 C:\xampp\htdocs\simag-new-main\vendor\codeigniter4\framework\system\Database\BaseConnection.php(382): CodeIgniter\Database\MySQLi\Connection->connect(false)
#2 C:\xampp\htdocs\simag-new-main\vendor\codeigniter4\framework\system\Database\BaseConnection.php(588): CodeIgniter\Database\BaseConnection->initialize()
#3 C:\xampp\htdocs\simag-new-main\vendor\codeigniter4\framework\system\Database\BaseBuilder.php(1585): CodeIgniter\Database\BaseConnection->query('SELECT *\nFROM `...', Array, false)
#4 C:\xampp\htdocs\simag-new-main\vendor\codeigniter4\framework\system\Model.php(772): CodeIgniter\Database\BaseBuilder->get()
#5 C:\xampp\htdocs\simag-new-main\app\Controllers\Home.php(14): CodeIgniter\Model->__call('get', Array)
#6 C:\xampp\htdocs\simag-new-main\vendor\codeigniter4\framework\system\CodeIgniter.php(902): App\Controllers\Home->index()
#7 C:\xampp\htdocs\simag-new-main\vendor\codeigniter4\framework\system\CodeIgniter.php(457): CodeIgniter\CodeIgniter->runController(Object(App\Controllers\Home))
#8 C:\xampp\htdocs\simag-new-main\vendor\codeigniter4\framework\system\CodeIgniter.php(340): CodeIgniter\CodeIgniter->handleRequest(NULL, Object(Config\Cache), false)
#9 C:\xampp\htdocs\simag-new-main\public\index.php(67): CodeIgniter\CodeIgniter->run()
#10 C:\xampp\htdocs\simag-new-main\vendor\codeigniter4\framework\system\Commands\Server\rewrite.php(46): require_once('C:\\xampp\\htdocs...')
#11 {main}

Next CodeIgniter\Database\Exceptions\DatabaseException: Access denied for user '****'@'localhost' (using password: YES) in C:\xampp\htdocs\simag-new-main\vendor\codeigniter4\framework\system\Database\MySQLi\Connection.php:215
Stack trace:
#0 C:\xampp\htdocs\simag-new-main\vendor\codeigniter4\framework\system\Database\BaseConnection.php(382): CodeIgniter\Database\MySQLi\Connection->connect(false)
#1 C:\xampp\htdocs\simag-new-main\vendor\codeigniter4\framework\system\Database\BaseConnection.php(588): CodeIgniter\Database\BaseConnection->initialize()
#2 C:\xampp\htdocs\simag-new-main\vendor\codeigniter4\framework\system\Database\BaseBuilder.php(1585): CodeIgniter\Database\BaseConnection->query('SELECT *\nFROM `...', Array, false)
#3 C:\xampp\htdocs\simag-new-main\vendor\codeigniter4\framework\system\Model.php(772): CodeIgniter\Database\BaseBuilder->get()
#4 C:\xampp\htdocs\simag-new-main\app\Controllers\Home.php(14): CodeIgniter\Model->__call('get', Array)
#5 C:\xampp\htdocs\simag-new-main\vendor\codeigniter4\framework\system\CodeIgniter.php(902): App\Controllers\Home->index()
#6 C:\xampp\htdocs\simag-new-main\vendor\codeigniter4\framework\system\CodeIgniter.php(457): CodeIgniter\CodeIgniter->runController(Object(App\Controllers\Home))
#7 C:\xampp\htdocs\simag-new-main\vendor\codeigniter4\framework\system\CodeIgniter.php(340): CodeIgniter\CodeIgniter->handleRequest(NULL, Object(Config\Cache), false)
#8 C:\xampp\htdocs\simag-new-main\public\index.php(67): CodeIgniter\CodeIgniter->run()
#9 C:\xampp\htdocs\simag-new-main\vendor\codeigniter4\framework\system\Commands\Server\rewrite.php(46): require_once('C:\\xampp\\htdocs...')
#10 {main}
CRITICAL - 2022-11-29 07:27:20 --> Unable to connect to the database.
Main connection [MySQLi]: Access denied for user '****'@'localhost' (using password: YES)
in SYSTEMPATH\Database\BaseConnection.php on line 418.
 1 SYSTEMPATH\Database\BaseConnection.php(588): CodeIgniter\Database\BaseConnection->initialize()
 2 SYSTEMPATH\Database\BaseBuilder.php(1585): CodeIgniter\Database\BaseConnection->query('SELECT *
FROM `user`
JOIN `info_peserta` ON `user`.`id`=`info_peserta`.`userId`
WHERE `info_peserta`.`endDate` > :info_peserta.endDate:', [...], false)
 3 SYSTEMPATH\Model.php(772): CodeIgniter\Database\BaseBuilder->get()
 4 APPPATH\Controllers\Home.php(14): CodeIgniter\Model->__call('get', [])
 5 SYSTEMPATH\CodeIgniter.php(902): App\Controllers\Home->index()
 6 SYSTEMPATH\CodeIgniter.php(457): CodeIgniter\CodeIgniter->runController(Object(App\Controllers\Home))
 7 SYSTEMPATH\CodeIgniter.php(340): CodeIgniter\CodeIgniter->handleRequest(null, Object(Config\Cache), false)
 8 FCPATH\index.php(67): CodeIgniter\CodeIgniter->run()
 9 SYSTEMPATH\Commands\Server\rewrite.php(46): require_once('FCPATH\\index.php')
CRITICAL - 2022-11-29 08:17:57 --> cURL error 6: Could not resolve host: www.googleapis.com (see https://curl.haxx.se/libcurl/c/libcurl-errors.html) for https://www.googleapis.com/oauth2/v2/userinfo
in VENDORPATH\guzzlehttp\guzzle\src\Handler\CurlFactory.php on line 210.
 1 VENDORPATH\guzzlehttp\guzzle\src\Handler\CurlFactory.php(158): GuzzleHttp\Handler\CurlFactory::createRejection(Object(GuzzleHttp\Handler\EasyHandle), [...])
 2 VENDORPATH\guzzlehttp\guzzle\src\Handler\CurlFactory.php(110): GuzzleHttp\Handler\CurlFactory::finishError(Object(GuzzleHttp\Handler\CurlHandler), Object(GuzzleHttp\Handler\EasyHandle), Object(GuzzleHttp\Handler\CurlFactory))
 3 VENDORPATH\guzzlehttp\guzzle\src\Handler\CurlHandler.php(47): GuzzleHttp\Handler\CurlFactory::finish(Object(GuzzleHttp\Handler\CurlHandler), Object(GuzzleHttp\Handler\EasyHandle), Object(GuzzleHttp\Handler\CurlFactory))
 4 VENDORPATH\guzzlehttp\guzzle\src\Handler\Proxy.php(28): GuzzleHttp\Handler\CurlHandler->__invoke(Object(GuzzleHttp\Psr7\Request), [...])
 5 VENDORPATH\guzzlehttp\guzzle\src\Handler\Proxy.php(48): GuzzleHttp\Handler\Proxy::GuzzleHttp\Handler\{closure}(Object(GuzzleHttp\Psr7\Request), [...])
 6 VENDORPATH\google\auth\src\Middleware\ScopedAccessTokenMiddleware.php(125): GuzzleHttp\Handler\Proxy::GuzzleHttp\Handler\{closure}(Object(GuzzleHttp\Psr7\Request), [...])
 7 VENDORPATH\guzzlehttp\guzzle\src\PrepareBodyMiddleware.php(35): Google\Auth\Middleware\ScopedAccessTokenMiddleware->Google\Auth\Middleware\{closure}(Object(GuzzleHttp\Psr7\Request), [...])
 8 VENDORPATH\guzzlehttp\guzzle\src\Middleware.php(31): GuzzleHttp\PrepareBodyMiddleware->__invoke(Object(GuzzleHttp\Psr7\Request), [...])
 9 VENDORPATH\guzzlehttp\guzzle\src\RedirectMiddleware.php(71): GuzzleHttp\Middleware::GuzzleHttp\{closure}(Object(GuzzleHttp\Psr7\Request), [...])
10 VENDORPATH\guzzlehttp\guzzle\src\Middleware.php(61): GuzzleHttp\RedirectMiddleware->__invoke(Object(GuzzleHttp\Psr7\Request), [...])
11 VENDORPATH\guzzlehttp\guzzle\src\HandlerStack.php(75): GuzzleHttp\Middleware::GuzzleHttp\{closure}(Object(GuzzleHttp\Psr7\Request), [...])
12 VENDORPATH\guzzlehttp\guzzle\src\Client.php(331): GuzzleHttp\HandlerStack->__invoke(Object(GuzzleHttp\Psr7\Request), [...])
13 VENDORPATH\guzzlehttp\guzzle\src\Client.php(107): GuzzleHttp\Client->transfer(Object(GuzzleHttp\Psr7\Request), [...])
14 VENDORPATH\guzzlehttp\guzzle\src\Client.php(123): GuzzleHttp\Client->sendAsync(Object(GuzzleHttp\Psr7\Request), [...])
15 VENDORPATH\google\auth\src\HttpHandler\Guzzle6HttpHandler.php(47): GuzzleHttp\Client->send(Object(GuzzleHttp\Psr7\Request), [...])
16 VENDORPATH\google\apiclient\src\Http\REST.php(83): Google\Auth\HttpHandler\Guzzle6HttpHandler->__invoke(Object(GuzzleHttp\Psr7\Request))
17 [internal function]: Google\Http\REST::doExecute(Object(GuzzleHttp\Client), Object(GuzzleHttp\Psr7\Request), 'Google\\Service\\Oauth2\\Userinfo')
18 VENDORPATH\google\apiclient\src\Task\Runner.php(182): call_user_func_array([...], [...])
19 VENDORPATH\google\apiclient\src\Http\REST.php(66): Google\Task\Runner->run()
20 VENDORPATH\google\apiclient\src\Client.php(898): Google\Http\REST::execute(Object(GuzzleHttp\Client), Object(GuzzleHttp\Psr7\Request), 'Google\\Service\\Oauth2\\Userinfo', [], null)
21 VENDORPATH\google\apiclient\src\Service\Resource.php(238): Google\Client->execute(Object(GuzzleHttp\Psr7\Request), 'Google\\Service\\Oauth2\\Userinfo')
22 VENDORPATH\google\apiclient-services\src\Oauth2\Resource\Userinfo.php(42): Google\Service\Resource->call('get', [...], 'Google\\Service\\Oauth2\\Userinfo')
23 APPPATH\Controllers\AuthGoogle.php(38): Google\Service\Oauth2\Resource\Userinfo->get()
24 SYSTEMPATH\CodeIgniter.php(902): App\Controllers\AuthGoogle->index()
25 SYSTEMPATH\CodeIgniter.php(457): CodeIgniter\CodeIgniter->runController(Object(App\Controllers\AuthGoogle))
26 SYSTEMPATH\CodeIgniter.php(340): CodeIgniter\CodeIgniter->handleRequest(null, Object(Config\Cache), false)
27 FCPATH\index.php(67): CodeIgniter\CodeIgniter->run()
28 SYSTEMPATH\Commands\Server\rewrite.php(46): require_once('FCPATH\\index.php')
CRITICAL - 2022-11-29 09:05:45 --> syntax error, unexpected token ":"
in APPPATH\Config\Routes.php on line 52.
 1 SYSTEMPATH\CodeIgniter.php(406): CodeIgniter\CodeIgniter->tryToRouteIt(null)
 2 SYSTEMPATH\CodeIgniter.php(340): CodeIgniter\CodeIgniter->handleRequest(null, Object(Config\Cache), false)
 3 FCPATH\index.php(67): CodeIgniter\CodeIgniter->run()
 4 SYSTEMPATH\Commands\Server\rewrite.php(46): require_once('FCPATH\\index.php')
CRITICAL - 2022-11-29 09:05:45 --> syntax error, unexpected token ":"
in APPPATH\Config\Routes.php on line 52.
 1 SYSTEMPATH\CodeIgniter.php(406): CodeIgniter\CodeIgniter->tryToRouteIt(null)
 2 SYSTEMPATH\CodeIgniter.php(340): CodeIgniter\CodeIgniter->handleRequest(null, Object(Config\Cache), false)
 3 FCPATH\index.php(67): CodeIgniter\CodeIgniter->run()
 4 SYSTEMPATH\Commands\Server\rewrite.php(46): require_once('FCPATH\\index.php')
CRITICAL - 2022-11-29 09:05:46 --> syntax error, unexpected token ":"
in APPPATH\Config\Routes.php on line 52.
 1 SYSTEMPATH\CodeIgniter.php(406): CodeIgniter\CodeIgniter->tryToRouteIt(null)
 2 SYSTEMPATH\CodeIgniter.php(340): CodeIgniter\CodeIgniter->handleRequest(null, Object(Config\Cache), false)
 3 FCPATH\index.php(67): CodeIgniter\CodeIgniter->run()
 4 SYSTEMPATH\Commands\Server\rewrite.php(46): require_once('FCPATH\\index.php')
CRITICAL - 2022-11-29 09:05:46 --> syntax error, unexpected token ":"
in APPPATH\Config\Routes.php on line 52.
 1 SYSTEMPATH\CodeIgniter.php(406): CodeIgniter\CodeIgniter->tryToRouteIt(null)
 2 SYSTEMPATH\CodeIgniter.php(340): CodeIgniter\CodeIgniter->handleRequest(null, Object(Config\Cache), false)
 3 FCPATH\index.php(67): CodeIgniter\CodeIgniter->run()
 4 SYSTEMPATH\Commands\Server\rewrite.php(46): require_once('FCPATH\\index.php')
CRITICAL - 2022-11-29 09:05:46 --> syntax error, unexpected token ":"
in APPPATH\Config\Routes.php on line 52.
 1 SYSTEMPATH\CodeIgniter.php(406): CodeIgniter\CodeIgniter->tryToRouteIt(null)
 2 SYSTEMPATH\CodeIgniter.php(340): CodeIgniter\CodeIgniter->handleRequest(null, Object(Config\Cache), false)
 3 FCPATH\index.php(67): CodeIgniter\CodeIgniter->run()
 4 SYSTEMPATH\Commands\Server\rewrite.php(46): require_once('FCPATH\\index.php')
CRITICAL - 2022-11-29 09:05:46 --> syntax error, unexpected token ":"
in APPPATH\Config\Routes.php on line 52.
 1 SYSTEMPATH\CodeIgniter.php(406): CodeIgniter\CodeIgniter->tryToRouteIt(null)
 2 SYSTEMPATH\CodeIgniter.php(340): CodeIgniter\CodeIgniter->handleRequest(null, Object(Config\Cache), false)
 3 FCPATH\index.php(67): CodeIgniter\CodeIgniter->run()
 4 SYSTEMPATH\Commands\Server\rewrite.php(46): require_once('FCPATH\\index.php')
CRITICAL - 2022-11-29 09:05:46 --> syntax error, unexpected token ":"
in APPPATH\Config\Routes.php on line 52.
 1 SYSTEMPATH\CodeIgniter.php(406): CodeIgniter\CodeIgniter->tryToRouteIt(null)
 2 SYSTEMPATH\CodeIgniter.php(340): CodeIgniter\CodeIgniter->handleRequest(null, Object(Config\Cache), false)
 3 FCPATH\index.php(67): CodeIgniter\CodeIgniter->run()
 4 SYSTEMPATH\Commands\Server\rewrite.php(46): require_once('FCPATH\\index.php')
CRITICAL - 2022-11-29 09:05:47 --> syntax error, unexpected token ":"
in APPPATH\Config\Routes.php on line 52.
 1 SYSTEMPATH\CodeIgniter.php(406): CodeIgniter\CodeIgniter->tryToRouteIt(null)
 2 SYSTEMPATH\CodeIgniter.php(340): CodeIgniter\CodeIgniter->handleRequest(null, Object(Config\Cache), false)
 3 FCPATH\index.php(67): CodeIgniter\CodeIgniter->run()
 4 SYSTEMPATH\Commands\Server\rewrite.php(46): require_once('FCPATH\\index.php')
CRITICAL - 2022-11-29 09:05:47 --> syntax error, unexpected token ":"
in APPPATH\Config\Routes.php on line 52.
 1 SYSTEMPATH\CodeIgniter.php(406): CodeIgniter\CodeIgniter->tryToRouteIt(null)
 2 SYSTEMPATH\CodeIgniter.php(340): CodeIgniter\CodeIgniter->handleRequest(null, Object(Config\Cache), false)
 3 FCPATH\index.php(67): CodeIgniter\CodeIgniter->run()
 4 SYSTEMPATH\Commands\Server\rewrite.php(46): require_once('FCPATH\\index.php')
CRITICAL - 2022-11-29 09:05:47 --> syntax error, unexpected token ":"
in APPPATH\Config\Routes.php on line 52.
 1 SYSTEMPATH\CodeIgniter.php(406): CodeIgniter\CodeIgniter->tryToRouteIt(null)
 2 SYSTEMPATH\CodeIgniter.php(340): CodeIgniter\CodeIgniter->handleRequest(null, Object(Config\Cache), false)
 3 FCPATH\index.php(67): CodeIgniter\CodeIgniter->run()
 4 SYSTEMPATH\Commands\Server\rewrite.php(46): require_once('FCPATH\\index.php')
CRITICAL - 2022-11-29 09:05:47 --> syntax error, unexpected token ":"
in APPPATH\Config\Routes.php on line 52.
 1 SYSTEMPATH\CodeIgniter.php(406): CodeIgniter\CodeIgniter->tryToRouteIt(null)
 2 SYSTEMPATH\CodeIgniter.php(340): CodeIgniter\CodeIgniter->handleRequest(null, Object(Config\Cache), false)
 3 FCPATH\index.php(67): CodeIgniter\CodeIgniter->run()
 4 SYSTEMPATH\Commands\Server\rewrite.php(46): require_once('FCPATH\\index.php')
CRITICAL - 2022-11-29 09:05:48 --> syntax error, unexpected token ":"
in APPPATH\Config\Routes.php on line 52.
 1 SYSTEMPATH\CodeIgniter.php(406): CodeIgniter\CodeIgniter->tryToRouteIt(null)
 2 SYSTEMPATH\CodeIgniter.php(340): CodeIgniter\CodeIgniter->handleRequest(null, Object(Config\Cache), false)
 3 FCPATH\index.php(67): CodeIgniter\CodeIgniter->run()
 4 SYSTEMPATH\Commands\Server\rewrite.php(46): require_once('FCPATH\\index.php')
CRITICAL - 2022-11-29 09:05:48 --> syntax error, unexpected token ":"
in APPPATH\Config\Routes.php on line 52.
 1 SYSTEMPATH\CodeIgniter.php(406): CodeIgniter\CodeIgniter->tryToRouteIt(null)
 2 SYSTEMPATH\CodeIgniter.php(340): CodeIgniter\CodeIgniter->handleRequest(null, Object(Config\Cache), false)
 3 FCPATH\index.php(67): CodeIgniter\CodeIgniter->run()
 4 SYSTEMPATH\Commands\Server\rewrite.php(46): require_once('FCPATH\\index.php')
CRITICAL - 2022-11-29 09:05:49 --> syntax error, unexpected token ":"
in APPPATH\Config\Routes.php on line 52.
 1 SYSTEMPATH\CodeIgniter.php(406): CodeIgniter\CodeIgniter->tryToRouteIt(null)
 2 SYSTEMPATH\CodeIgniter.php(340): CodeIgniter\CodeIgniter->handleRequest(null, Object(Config\Cache), false)
 3 FCPATH\index.php(67): CodeIgniter\CodeIgniter->run()
 4 SYSTEMPATH\Commands\Server\rewrite.php(46): require_once('FCPATH\\index.php')
CRITICAL - 2022-11-29 09:05:49 --> syntax error, unexpected token ":"
in APPPATH\Config\Routes.php on line 52.
 1 SYSTEMPATH\CodeIgniter.php(406): CodeIgniter\CodeIgniter->tryToRouteIt(null)
 2 SYSTEMPATH\CodeIgniter.php(340): CodeIgniter\CodeIgniter->handleRequest(null, Object(Config\Cache), false)
 3 FCPATH\index.php(67): CodeIgniter\CodeIgniter->run()
 4 SYSTEMPATH\Commands\Server\rewrite.php(46): require_once('FCPATH\\index.php')
CRITICAL - 2022-11-29 09:05:50 --> syntax error, unexpected token ":"
in APPPATH\Config\Routes.php on line 52.
 1 SYSTEMPATH\CodeIgniter.php(406): CodeIgniter\CodeIgniter->tryToRouteIt(null)
 2 SYSTEMPATH\CodeIgniter.php(340): CodeIgniter\CodeIgniter->handleRequest(null, Object(Config\Cache), false)
 3 FCPATH\index.php(67): CodeIgniter\CodeIgniter->run()
 4 SYSTEMPATH\Commands\Server\rewrite.php(46): require_once('FCPATH\\index.php')
CRITICAL - 2022-11-29 09:05:50 --> syntax error, unexpected token ":"
in APPPATH\Config\Routes.php on line 52.
 1 SYSTEMPATH\CodeIgniter.php(406): CodeIgniter\CodeIgniter->tryToRouteIt(null)
 2 SYSTEMPATH\CodeIgniter.php(340): CodeIgniter\CodeIgniter->handleRequest(null, Object(Config\Cache), false)
 3 FCPATH\index.php(67): CodeIgniter\CodeIgniter->run()
 4 SYSTEMPATH\Commands\Server\rewrite.php(46): require_once('FCPATH\\index.php')
CRITICAL - 2022-11-29 09:05:51 --> syntax error, unexpected token ":"
in APPPATH\Config\Routes.php on line 52.
 1 SYSTEMPATH\CodeIgniter.php(406): CodeIgniter\CodeIgniter->tryToRouteIt(null)
 2 SYSTEMPATH\CodeIgniter.php(340): CodeIgniter\CodeIgniter->handleRequest(null, Object(Config\Cache), false)
 3 FCPATH\index.php(67): CodeIgniter\CodeIgniter->run()
 4 SYSTEMPATH\Commands\Server\rewrite.php(46): require_once('FCPATH\\index.php')
CRITICAL - 2022-11-29 09:05:51 --> syntax error, unexpected token ":"
in APPPATH\Config\Routes.php on line 52.
 1 SYSTEMPATH\CodeIgniter.php(406): CodeIgniter\CodeIgniter->tryToRouteIt(null)
 2 SYSTEMPATH\CodeIgniter.php(340): CodeIgniter\CodeIgniter->handleRequest(null, Object(Config\Cache), false)
 3 FCPATH\index.php(67): CodeIgniter\CodeIgniter->run()
 4 SYSTEMPATH\Commands\Server\rewrite.php(46): require_once('FCPATH\\index.php')
CRITICAL - 2022-11-29 09:05:52 --> syntax error, unexpected token ":"
in APPPATH\Config\Routes.php on line 52.
 1 SYSTEMPATH\CodeIgniter.php(406): CodeIgniter\CodeIgniter->tryToRouteIt(null)
 2 SYSTEMPATH\CodeIgniter.php(340): CodeIgniter\CodeIgniter->handleRequest(null, Object(Config\Cache), false)
 3 FCPATH\index.php(67): CodeIgniter\CodeIgniter->run()
 4 SYSTEMPATH\Commands\Server\rewrite.php(46): require_once('FCPATH\\index.php')
CRITICAL - 2022-11-29 09:05:52 --> syntax error, unexpected token ":"
in APPPATH\Config\Routes.php on line 52.
 1 SYSTEMPATH\CodeIgniter.php(406): CodeIgniter\CodeIgniter->tryToRouteIt(null)
 2 SYSTEMPATH\CodeIgniter.php(340): CodeIgniter\CodeIgniter->handleRequest(null, Object(Config\Cache), false)
 3 FCPATH\index.php(67): CodeIgniter\CodeIgniter->run()
 4 SYSTEMPATH\Commands\Server\rewrite.php(46): require_once('FCPATH\\index.php')
CRITICAL - 2022-11-29 09:05:53 --> syntax error, unexpected token ":"
in APPPATH\Config\Routes.php on line 52.
 1 SYSTEMPATH\CodeIgniter.php(406): CodeIgniter\CodeIgniter->tryToRouteIt(null)
 2 SYSTEMPATH\CodeIgniter.php(340): CodeIgniter\CodeIgniter->handleRequest(null, Object(Config\Cache), false)
 3 FCPATH\index.php(67): CodeIgniter\CodeIgniter->run()
 4 SYSTEMPATH\Commands\Server\rewrite.php(46): require_once('FCPATH\\index.php')
CRITICAL - 2022-11-29 09:05:53 --> syntax error, unexpected token ":"
in APPPATH\Config\Routes.php on line 52.
 1 SYSTEMPATH\CodeIgniter.php(406): CodeIgniter\CodeIgniter->tryToRouteIt(null)
 2 SYSTEMPATH\CodeIgniter.php(340): CodeIgniter\CodeIgniter->handleRequest(null, Object(Config\Cache), false)
 3 FCPATH\index.php(67): CodeIgniter\CodeIgniter->run()
 4 SYSTEMPATH\Commands\Server\rewrite.php(46): require_once('FCPATH\\index.php')
CRITICAL - 2022-11-29 09:05:54 --> syntax error, unexpected token ":"
in APPPATH\Config\Routes.php on line 52.
 1 SYSTEMPATH\CodeIgniter.php(406): CodeIgniter\CodeIgniter->tryToRouteIt(null)
 2 SYSTEMPATH\CodeIgniter.php(340): CodeIgniter\CodeIgniter->handleRequest(null, Object(Config\Cache), false)
 3 FCPATH\index.php(67): CodeIgniter\CodeIgniter->run()
 4 SYSTEMPATH\Commands\Server\rewrite.php(46): require_once('FCPATH\\index.php')
CRITICAL - 2022-11-29 09:05:54 --> syntax error, unexpected token ":"
in APPPATH\Config\Routes.php on line 52.
 1 SYSTEMPATH\CodeIgniter.php(406): CodeIgniter\CodeIgniter->tryToRouteIt(null)
 2 SYSTEMPATH\CodeIgniter.php(340): CodeIgniter\CodeIgniter->handleRequest(null, Object(Config\Cache), false)
 3 FCPATH\index.php(67): CodeIgniter\CodeIgniter->run()
 4 SYSTEMPATH\Commands\Server\rewrite.php(46): require_once('FCPATH\\index.php')
CRITICAL - 2022-11-29 09:05:55 --> syntax error, unexpected token ":"
in APPPATH\Config\Routes.php on line 52.
 1 SYSTEMPATH\CodeIgniter.php(406): CodeIgniter\CodeIgniter->tryToRouteIt(null)
 2 SYSTEMPATH\CodeIgniter.php(340): CodeIgniter\CodeIgniter->handleRequest(null, Object(Config\Cache), false)
 3 FCPATH\index.php(67): CodeIgniter\CodeIgniter->run()
 4 SYSTEMPATH\Commands\Server\rewrite.php(46): require_once('FCPATH\\index.php')
CRITICAL - 2022-11-29 09:05:55 --> syntax error, unexpected token ":"
in APPPATH\Config\Routes.php on line 52.
 1 SYSTEMPATH\CodeIgniter.php(406): CodeIgniter\CodeIgniter->tryToRouteIt(null)
 2 SYSTEMPATH\CodeIgniter.php(340): CodeIgniter\CodeIgniter->handleRequest(null, Object(Config\Cache), false)
 3 FCPATH\index.php(67): CodeIgniter\CodeIgniter->run()
 4 SYSTEMPATH\Commands\Server\rewrite.php(46): require_once('FCPATH\\index.php')
CRITICAL - 2022-11-29 09:05:56 --> syntax error, unexpected token ":"
in APPPATH\Config\Routes.php on line 52.
 1 SYSTEMPATH\CodeIgniter.php(406): CodeIgniter\CodeIgniter->tryToRouteIt(null)
 2 SYSTEMPATH\CodeIgniter.php(340): CodeIgniter\CodeIgniter->handleRequest(null, Object(Config\Cache), false)
 3 FCPATH\index.php(67): CodeIgniter\CodeIgniter->run()
 4 SYSTEMPATH\Commands\Server\rewrite.php(46): require_once('FCPATH\\index.php')
CRITICAL - 2022-11-29 09:05:56 --> syntax error, unexpected token ":"
in APPPATH\Config\Routes.php on line 52.
 1 SYSTEMPATH\CodeIgniter.php(406): CodeIgniter\CodeIgniter->tryToRouteIt(null)
 2 SYSTEMPATH\CodeIgniter.php(340): CodeIgniter\CodeIgniter->handleRequest(null, Object(Config\Cache), false)
 3 FCPATH\index.php(67): CodeIgniter\CodeIgniter->run()
 4 SYSTEMPATH\Commands\Server\rewrite.php(46): require_once('FCPATH\\index.php')
CRITICAL - 2022-11-29 09:05:57 --> syntax error, unexpected token ":"
in APPPATH\Config\Routes.php on line 52.
 1 SYSTEMPATH\CodeIgniter.php(406): CodeIgniter\CodeIgniter->tryToRouteIt(null)
 2 SYSTEMPATH\CodeIgniter.php(340): CodeIgniter\CodeIgniter->handleRequest(null, Object(Config\Cache), false)
 3 FCPATH\index.php(67): CodeIgniter\CodeIgniter->run()
 4 SYSTEMPATH\Commands\Server\rewrite.php(46): require_once('FCPATH\\index.php')
CRITICAL - 2022-11-29 09:05:57 --> syntax error, unexpected token ":"
in APPPATH\Config\Routes.php on line 52.
 1 SYSTEMPATH\CodeIgniter.php(406): CodeIgniter\CodeIgniter->tryToRouteIt(null)
 2 SYSTEMPATH\CodeIgniter.php(340): CodeIgniter\CodeIgniter->handleRequest(null, Object(Config\Cache), false)
 3 FCPATH\index.php(67): CodeIgniter\CodeIgniter->run()
 4 SYSTEMPATH\Commands\Server\rewrite.php(46): require_once('FCPATH\\index.php')
CRITICAL - 2022-11-29 09:05:58 --> syntax error, unexpected token ":"
in APPPATH\Config\Routes.php on line 52.
 1 SYSTEMPATH\CodeIgniter.php(406): CodeIgniter\CodeIgniter->tryToRouteIt(null)
 2 SYSTEMPATH\CodeIgniter.php(340): CodeIgniter\CodeIgniter->handleRequest(null, Object(Config\Cache), false)
 3 FCPATH\index.php(67): CodeIgniter\CodeIgniter->run()
 4 SYSTEMPATH\Commands\Server\rewrite.php(46): require_once('FCPATH\\index.php')
CRITICAL - 2022-11-29 09:05:58 --> syntax error, unexpected token ":"
in APPPATH\Config\Routes.php on line 52.
 1 SYSTEMPATH\CodeIgniter.php(406): CodeIgniter\CodeIgniter->tryToRouteIt(null)
 2 SYSTEMPATH\CodeIgniter.php(340): CodeIgniter\CodeIgniter->handleRequest(null, Object(Config\Cache), false)
 3 FCPATH\index.php(67): CodeIgniter\CodeIgniter->run()
 4 SYSTEMPATH\Commands\Server\rewrite.php(46): require_once('FCPATH\\index.php')
CRITICAL - 2022-11-29 09:05:59 --> syntax error, unexpected token ":"
in APPPATH\Config\Routes.php on line 52.
 1 SYSTEMPATH\CodeIgniter.php(406): CodeIgniter\CodeIgniter->tryToRouteIt(null)
 2 SYSTEMPATH\CodeIgniter.php(340): CodeIgniter\CodeIgniter->handleRequest(null, Object(Config\Cache), false)
 3 FCPATH\index.php(67): CodeIgniter\CodeIgniter->run()
 4 SYSTEMPATH\Commands\Server\rewrite.php(46): require_once('FCPATH\\index.php')
CRITICAL - 2022-11-29 09:05:59 --> syntax error, unexpected token ":"
in APPPATH\Config\Routes.php on line 52.
 1 SYSTEMPATH\CodeIgniter.php(406): CodeIgniter\CodeIgniter->tryToRouteIt(null)
 2 SYSTEMPATH\CodeIgniter.php(340): CodeIgniter\CodeIgniter->handleRequest(null, Object(Config\Cache), false)
 3 FCPATH\index.php(67): CodeIgniter\CodeIgniter->run()
 4 SYSTEMPATH\Commands\Server\rewrite.php(46): require_once('FCPATH\\index.php')
CRITICAL - 2022-11-29 09:06:00 --> syntax error, unexpected token ":"
in APPPATH\Config\Routes.php on line 52.
 1 SYSTEMPATH\CodeIgniter.php(406): CodeIgniter\CodeIgniter->tryToRouteIt(null)
 2 SYSTEMPATH\CodeIgniter.php(340): CodeIgniter\CodeIgniter->handleRequest(null, Object(Config\Cache), false)
 3 FCPATH\index.php(67): CodeIgniter\CodeIgniter->run()
 4 SYSTEMPATH\Commands\Server\rewrite.php(46): require_once('FCPATH\\index.php')
CRITICAL - 2022-11-29 09:06:00 --> syntax error, unexpected token ":"
in APPPATH\Config\Routes.php on line 52.
 1 SYSTEMPATH\CodeIgniter.php(406): CodeIgniter\CodeIgniter->tryToRouteIt(null)
 2 SYSTEMPATH\CodeIgniter.php(340): CodeIgniter\CodeIgniter->handleRequest(null, Object(Config\Cache), false)
 3 FCPATH\index.php(67): CodeIgniter\CodeIgniter->run()
 4 SYSTEMPATH\Commands\Server\rewrite.php(46): require_once('FCPATH\\index.php')
CRITICAL - 2022-11-29 09:06:01 --> syntax error, unexpected token ":"
in APPPATH\Config\Routes.php on line 52.
 1 SYSTEMPATH\CodeIgniter.php(406): CodeIgniter\CodeIgniter->tryToRouteIt(null)
 2 SYSTEMPATH\CodeIgniter.php(340): CodeIgniter\CodeIgniter->handleRequest(null, Object(Config\Cache), false)
 3 FCPATH\index.php(67): CodeIgniter\CodeIgniter->run()
 4 SYSTEMPATH\Commands\Server\rewrite.php(46): require_once('FCPATH\\index.php')
CRITICAL - 2022-11-29 09:06:01 --> syntax error, unexpected token ":"
in APPPATH\Config\Routes.php on line 52.
 1 SYSTEMPATH\CodeIgniter.php(406): CodeIgniter\CodeIgniter->tryToRouteIt(null)
 2 SYSTEMPATH\CodeIgniter.php(340): CodeIgniter\CodeIgniter->handleRequest(null, Object(Config\Cache), false)
 3 FCPATH\index.php(67): CodeIgniter\CodeIgniter->run()
 4 SYSTEMPATH\Commands\Server\rewrite.php(46): require_once('FCPATH\\index.php')
CRITICAL - 2022-11-29 09:06:02 --> syntax error, unexpected token ":"
in APPPATH\Config\Routes.php on line 52.
 1 SYSTEMPATH\CodeIgniter.php(406): CodeIgniter\CodeIgniter->tryToRouteIt(null)
 2 SYSTEMPATH\CodeIgniter.php(340): CodeIgniter\CodeIgniter->handleRequest(null, Object(Config\Cache), false)
 3 FCPATH\index.php(67): CodeIgniter\CodeIgniter->run()
 4 SYSTEMPATH\Commands\Server\rewrite.php(46): require_once('FCPATH\\index.php')
CRITICAL - 2022-11-29 09:06:02 --> syntax error, unexpected token ":"
in APPPATH\Config\Routes.php on line 52.
 1 SYSTEMPATH\CodeIgniter.php(406): CodeIgniter\CodeIgniter->tryToRouteIt(null)
 2 SYSTEMPATH\CodeIgniter.php(340): CodeIgniter\CodeIgniter->handleRequest(null, Object(Config\Cache), false)
 3 FCPATH\index.php(67): CodeIgniter\CodeIgniter->run()
 4 SYSTEMPATH\Commands\Server\rewrite.php(46): require_once('FCPATH\\index.php')
CRITICAL - 2022-11-29 09:06:03 --> syntax error, unexpected token ":"
in APPPATH\Config\Routes.php on line 52.
 1 SYSTEMPATH\CodeIgniter.php(406): CodeIgniter\CodeIgniter->tryToRouteIt(null)
 2 SYSTEMPATH\CodeIgniter.php(340): CodeIgniter\CodeIgniter->handleRequest(null, Object(Config\Cache), false)
 3 FCPATH\index.php(67): CodeIgniter\CodeIgniter->run()
 4 SYSTEMPATH\Commands\Server\rewrite.php(46): require_once('FCPATH\\index.php')
CRITICAL - 2022-11-29 09:06:03 --> syntax error, unexpected token ":"
in APPPATH\Config\Routes.php on line 52.
 1 SYSTEMPATH\CodeIgniter.php(406): CodeIgniter\CodeIgniter->tryToRouteIt(null)
 2 SYSTEMPATH\CodeIgniter.php(340): CodeIgniter\CodeIgniter->handleRequest(null, Object(Config\Cache), false)
 3 FCPATH\index.php(67): CodeIgniter\CodeIgniter->run()
 4 SYSTEMPATH\Commands\Server\rewrite.php(46): require_once('FCPATH\\index.php')
