ERROR - 2022-11-24 03:05:17 --> mysqli_sql_exception: Column 'userId' cannot be null in C:\Dev\SIMAG\vendor\codeigniter4\framework\system\Database\MySQLi\Connection.php:292
Stack trace:
#0 C:\Dev\SIMAG\vendor\codeigniter4\framework\system\Database\MySQLi\Connection.php(292): mysqli->query('INSERT INTO `ak...', 0)
#1 C:\Dev\SIMAG\vendor\codeigniter4\framework\system\Database\BaseConnection.php(693): CodeIgniter\Database\MySQLi\Connection->execute('INSERT INTO `ak...')
#2 C:\Dev\SIMAG\vendor\codeigniter4\framework\system\Database\BaseConnection.php(620): CodeIgniter\Database\BaseConnection->simpleQuery('INSERT INTO `ak...')
#3 C:\Dev\SIMAG\vendor\codeigniter4\framework\system\Database\BaseBuilder.php(1916): CodeIgniter\Database\BaseConnection->query('INSERT INTO `ak...', Array, false)
#4 C:\Dev\SIMAG\vendor\codeigniter4\framework\system\Model.php(279): CodeIgniter\Database\BaseBuilder->insert()
#5 C:\Dev\SIMAG\vendor\codeigniter4\framework\system\BaseModel.php(748): CodeIgniter\Model->doInsert(Array)
#6 C:\Dev\SIMAG\vendor\codeigniter4\framework\system\Model.php(667): CodeIgniter\BaseModel->insert(Array, false)
#7 C:\Dev\SIMAG\vendor\codeigniter4\framework\system\BaseModel.php(658): CodeIgniter\Model->insert(Array, false)
#8 C:\Dev\SIMAG\app\Controllers\Peserta.php(244): CodeIgniter\BaseModel->save(Array)
#9 C:\Dev\SIMAG\vendor\codeigniter4\framework\system\CodeIgniter.php(902): App\Controllers\Peserta->tambahAktivitas()
#10 C:\Dev\SIMAG\vendor\codeigniter4\framework\system\CodeIgniter.php(457): CodeIgniter\CodeIgniter->runController(Object(App\Controllers\Peserta))
#11 C:\Dev\SIMAG\vendor\codeigniter4\framework\system\CodeIgniter.php(340): CodeIgniter\CodeIgniter->handleRequest(NULL, Object(Config\Cache), false)
#12 C:\Dev\SIMAG\public\index.php(67): CodeIgniter\CodeIgniter->run()
#13 C:\Dev\SIMAG\vendor\codeigniter4\framework\system\Commands\Server\rewrite.php(46): require_once('C:\\Dev\\SIMAG\\pu...')
#14 {main}
CRITICAL - 2022-11-24 03:05:17 --> Column 'userId' cannot be null
in SYSTEMPATH\Database\MySQLi\Connection.php on line 292.
 1 SYSTEMPATH\Database\MySQLi\Connection.php(292): mysqli->query('INSERT INTO `aktivitas` (`userId`, `date`, `mulai`, `selesai`, `keterangan`, `status`, `created_at`, `updated_at`) VALUES (NULL, \'2022-11-24\', \'17:05\', \'20:05\', \'Tidur\', 0, \'2022-11-24 03:05:17\', \'2022-11-24 03:05:17\')', 0)
 2 SYSTEMPATH\Database\BaseConnection.php(693): CodeIgniter\Database\MySQLi\Connection->execute('INSERT INTO `aktivitas` (`userId`, `date`, `mulai`, `selesai`, `keterangan`, `status`, `created_at`, `updated_at`) VALUES (NULL, \'2022-11-24\', \'17:05\', \'20:05\', \'Tidur\', 0, \'2022-11-24 03:05:17\', \'2022-11-24 03:05:17\')')
 3 SYSTEMPATH\Database\BaseConnection.php(620): CodeIgniter\Database\BaseConnection->simpleQuery('INSERT INTO `aktivitas` (`userId`, `date`, `mulai`, `selesai`, `keterangan`, `status`, `created_at`, `updated_at`) VALUES (NULL, \'2022-11-24\', \'17:05\', \'20:05\', \'Tidur\', 0, \'2022-11-24 03:05:17\', \'2022-11-24 03:05:17\')')
 4 SYSTEMPATH\Database\BaseBuilder.php(1916): CodeIgniter\Database\BaseConnection->query('INSERT INTO `aktivitas` (`userId`, `date`, `mulai`, `selesai`, `keterangan`, `status`, `created_at`, `updated_at`) VALUES (:userId:, :date:, :mulai:, :selesai:, :keterangan:, :status:, :created_at:, :updated_at:)', [...], false)
 5 SYSTEMPATH\Model.php(279): CodeIgniter\Database\BaseBuilder->insert()
 6 SYSTEMPATH\BaseModel.php(748): CodeIgniter\Model->doInsert([...])
 7 SYSTEMPATH\Model.php(667): CodeIgniter\BaseModel->insert([...], false)
 8 SYSTEMPATH\BaseModel.php(658): CodeIgniter\Model->insert([...], false)
 9 APPPATH\Controllers\Peserta.php(244): CodeIgniter\BaseModel->save([...])
10 SYSTEMPATH\CodeIgniter.php(902): App\Controllers\Peserta->tambahAktivitas()
11 SYSTEMPATH\CodeIgniter.php(457): CodeIgniter\CodeIgniter->runController(Object(App\Controllers\Peserta))
12 SYSTEMPATH\CodeIgniter.php(340): CodeIgniter\CodeIgniter->handleRequest(null, Object(Config\Cache), false)
13 FCPATH\index.php(67): CodeIgniter\CodeIgniter->run()
14 SYSTEMPATH\Commands\Server\rewrite.php(46): require_once('FCPATH\\index.php')
ERROR - 2022-11-24 03:06:20 --> mysqli_sql_exception: Column 'userId' cannot be null in C:\Dev\SIMAG\vendor\codeigniter4\framework\system\Database\MySQLi\Connection.php:292
Stack trace:
#0 C:\Dev\SIMAG\vendor\codeigniter4\framework\system\Database\MySQLi\Connection.php(292): mysqli->query('INSERT INTO `ak...', 0)
#1 C:\Dev\SIMAG\vendor\codeigniter4\framework\system\Database\BaseConnection.php(693): CodeIgniter\Database\MySQLi\Connection->execute('INSERT INTO `ak...')
#2 C:\Dev\SIMAG\vendor\codeigniter4\framework\system\Database\BaseConnection.php(620): CodeIgniter\Database\BaseConnection->simpleQuery('INSERT INTO `ak...')
#3 C:\Dev\SIMAG\vendor\codeigniter4\framework\system\Database\BaseBuilder.php(1916): CodeIgniter\Database\BaseConnection->query('INSERT INTO `ak...', Array, false)
#4 C:\Dev\SIMAG\vendor\codeigniter4\framework\system\Model.php(279): CodeIgniter\Database\BaseBuilder->insert()
#5 C:\Dev\SIMAG\vendor\codeigniter4\framework\system\BaseModel.php(748): CodeIgniter\Model->doInsert(Array)
#6 C:\Dev\SIMAG\vendor\codeigniter4\framework\system\Model.php(667): CodeIgniter\BaseModel->insert(Array, false)
#7 C:\Dev\SIMAG\vendor\codeigniter4\framework\system\BaseModel.php(658): CodeIgniter\Model->insert(Array, false)
#8 C:\Dev\SIMAG\app\Controllers\Peserta.php(244): CodeIgniter\BaseModel->save(Array)
#9 C:\Dev\SIMAG\vendor\codeigniter4\framework\system\CodeIgniter.php(902): App\Controllers\Peserta->tambahAktivitas('97')
#10 C:\Dev\SIMAG\vendor\codeigniter4\framework\system\CodeIgniter.php(457): CodeIgniter\CodeIgniter->runController(Object(App\Controllers\Peserta))
#11 C:\Dev\SIMAG\vendor\codeigniter4\framework\system\CodeIgniter.php(340): CodeIgniter\CodeIgniter->handleRequest(NULL, Object(Config\Cache), false)
#12 C:\Dev\SIMAG\public\index.php(67): CodeIgniter\CodeIgniter->run()
#13 C:\Dev\SIMAG\vendor\codeigniter4\framework\system\Commands\Server\rewrite.php(46): require_once('C:\\Dev\\SIMAG\\pu...')
#14 {main}
CRITICAL - 2022-11-24 03:06:20 --> Column 'userId' cannot be null
in SYSTEMPATH\Database\MySQLi\Connection.php on line 292.
 1 SYSTEMPATH\Database\MySQLi\Connection.php(292): mysqli->query('INSERT INTO `aktivitas` (`userId`, `date`, `mulai`, `selesai`, `keterangan`, `status`, `created_at`, `updated_at`) VALUES (NULL, \'2022-11-24\', \'16:06\', \'18:06\', \'tidur\', 0, \'2022-11-24 03:06:20\', \'2022-11-24 03:06:20\')', 0)
 2 SYSTEMPATH\Database\BaseConnection.php(693): CodeIgniter\Database\MySQLi\Connection->execute('INSERT INTO `aktivitas` (`userId`, `date`, `mulai`, `selesai`, `keterangan`, `status`, `created_at`, `updated_at`) VALUES (NULL, \'2022-11-24\', \'16:06\', \'18:06\', \'tidur\', 0, \'2022-11-24 03:06:20\', \'2022-11-24 03:06:20\')')
 3 SYSTEMPATH\Database\BaseConnection.php(620): CodeIgniter\Database\BaseConnection->simpleQuery('INSERT INTO `aktivitas` (`userId`, `date`, `mulai`, `selesai`, `keterangan`, `status`, `created_at`, `updated_at`) VALUES (NULL, \'2022-11-24\', \'16:06\', \'18:06\', \'tidur\', 0, \'2022-11-24 03:06:20\', \'2022-11-24 03:06:20\')')
 4 SYSTEMPATH\Database\BaseBuilder.php(1916): CodeIgniter\Database\BaseConnection->query('INSERT INTO `aktivitas` (`userId`, `date`, `mulai`, `selesai`, `keterangan`, `status`, `created_at`, `updated_at`) VALUES (:userId:, :date:, :mulai:, :selesai:, :keterangan:, :status:, :created_at:, :updated_at:)', [...], false)
 5 SYSTEMPATH\Model.php(279): CodeIgniter\Database\BaseBuilder->insert()
 6 SYSTEMPATH\BaseModel.php(748): CodeIgniter\Model->doInsert([...])
 7 SYSTEMPATH\Model.php(667): CodeIgniter\BaseModel->insert([...], false)
 8 SYSTEMPATH\BaseModel.php(658): CodeIgniter\Model->insert([...], false)
 9 APPPATH\Controllers\Peserta.php(244): CodeIgniter\BaseModel->save([...])
10 SYSTEMPATH\CodeIgniter.php(902): App\Controllers\Peserta->tambahAktivitas('97')
11 SYSTEMPATH\CodeIgniter.php(457): CodeIgniter\CodeIgniter->runController(Object(App\Controllers\Peserta))
12 SYSTEMPATH\CodeIgniter.php(340): CodeIgniter\CodeIgniter->handleRequest(null, Object(Config\Cache), false)
13 FCPATH\index.php(67): CodeIgniter\CodeIgniter->run()
14 SYSTEMPATH\Commands\Server\rewrite.php(46): require_once('FCPATH\\index.php')
CRITICAL - 2022-11-24 03:10:07 --> Too few arguments to function App\Controllers\Peserta::dataAktivitas(), 0 passed in C:\Dev\SIMAG\vendor\codeigniter4\framework\system\CodeIgniter.php on line 902 and exactly 1 expected
in APPPATH\Controllers\Peserta.php on line 188.
 1 SYSTEMPATH\CodeIgniter.php(902): App\Controllers\Peserta->dataAktivitas()
 2 SYSTEMPATH\CodeIgniter.php(457): CodeIgniter\CodeIgniter->runController(Object(App\Controllers\Peserta))
 3 SYSTEMPATH\CodeIgniter.php(340): CodeIgniter\CodeIgniter->handleRequest(null, Object(Config\Cache), false)
 4 FCPATH\index.php(67): CodeIgniter\CodeIgniter->run()
 5 SYSTEMPATH\Commands\Server\rewrite.php(46): require_once('FCPATH\\index.php')
CRITICAL - 2022-11-24 03:15:41 --> Undefined variable $data
in APPPATH\Views\peserta\editaktivitas.php on line 18.
 1 APPPATH\Views\peserta\editaktivitas.php(18): CodeIgniter\Debug\Exceptions->errorHandler(2, 'Undefined variable $data', 'APPPATH\\Views\\peserta\\editaktivitas.php', 18)
 2 SYSTEMPATH\View\View.php(213): include('APPPATH\\Views\\peserta\\editaktivitas.php')
 3 SYSTEMPATH\View\View.php(216): CodeIgniter\View\View->CodeIgniter\View\{closure}()
 4 SYSTEMPATH\Common.php(1142): CodeIgniter\View\View->render('peserta/editaktivitas.php', [], true)
 5 APPPATH\Controllers\Peserta.php(295): view('peserta/editaktivitas.php', [...])
 6 SYSTEMPATH\CodeIgniter.php(902): App\Controllers\Peserta->editAktivitas('40')
 7 SYSTEMPATH\CodeIgniter.php(457): CodeIgniter\CodeIgniter->runController(Object(App\Controllers\Peserta))
 8 SYSTEMPATH\CodeIgniter.php(340): CodeIgniter\CodeIgniter->handleRequest(null, Object(Config\Cache), false)
 9 FCPATH\index.php(67): CodeIgniter\CodeIgniter->run()
10 SYSTEMPATH\Commands\Server\rewrite.php(46): require_once('FCPATH\\index.php')
CRITICAL - 2022-11-24 03:17:15 --> Undefined variable $aktivitas
in APPPATH\Controllers\Peserta.php on line 295.
 1 APPPATH\Controllers\Peserta.php(295): CodeIgniter\Debug\Exceptions->errorHandler(2, 'Undefined variable $aktivitas', 'APPPATH\\Controllers\\Peserta.php', 295)
 2 SYSTEMPATH\CodeIgniter.php(902): App\Controllers\Peserta->editAktivitas('40')
 3 SYSTEMPATH\CodeIgniter.php(457): CodeIgniter\CodeIgniter->runController(Object(App\Controllers\Peserta))
 4 SYSTEMPATH\CodeIgniter.php(340): CodeIgniter\CodeIgniter->handleRequest(null, Object(Config\Cache), false)
 5 FCPATH\index.php(67): CodeIgniter\CodeIgniter->run()
 6 SYSTEMPATH\Commands\Server\rewrite.php(46): require_once('FCPATH\\index.php')
CRITICAL - 2022-11-24 03:23:58 --> syntax error, unexpected variable "$routes"
in APPPATH\Config\Routes.php on line 96.
 1 SYSTEMPATH\CodeIgniter.php(406): CodeIgniter\CodeIgniter->tryToRouteIt(null)
 2 SYSTEMPATH\CodeIgniter.php(340): CodeIgniter\CodeIgniter->handleRequest(null, Object(Config\Cache), false)
 3 FCPATH\index.php(67): CodeIgniter\CodeIgniter->run()
 4 SYSTEMPATH\Commands\Server\rewrite.php(46): require_once('FCPATH\\index.php')
CRITICAL - 2022-11-24 03:23:59 --> syntax error, unexpected variable "$routes"
in APPPATH\Config\Routes.php on line 96.
 1 SYSTEMPATH\CodeIgniter.php(406): CodeIgniter\CodeIgniter->tryToRouteIt(null)
 2 SYSTEMPATH\CodeIgniter.php(340): CodeIgniter\CodeIgniter->handleRequest(null, Object(Config\Cache), false)
 3 FCPATH\index.php(67): CodeIgniter\CodeIgniter->run()
 4 SYSTEMPATH\Commands\Server\rewrite.php(46): require_once('FCPATH\\index.php')
CRITICAL - 2022-11-24 03:24:00 --> syntax error, unexpected variable "$routes"
in APPPATH\Config\Routes.php on line 96.
 1 SYSTEMPATH\CodeIgniter.php(406): CodeIgniter\CodeIgniter->tryToRouteIt(null)
 2 SYSTEMPATH\CodeIgniter.php(340): CodeIgniter\CodeIgniter->handleRequest(null, Object(Config\Cache), false)
 3 FCPATH\index.php(67): CodeIgniter\CodeIgniter->run()
 4 SYSTEMPATH\Commands\Server\rewrite.php(46): require_once('FCPATH\\index.php')
CRITICAL - 2022-11-24 03:24:01 --> syntax error, unexpected variable "$routes"
in APPPATH\Config\Routes.php on line 96.
 1 SYSTEMPATH\CodeIgniter.php(406): CodeIgniter\CodeIgniter->tryToRouteIt(null)
 2 SYSTEMPATH\CodeIgniter.php(340): CodeIgniter\CodeIgniter->handleRequest(null, Object(Config\Cache), false)
 3 FCPATH\index.php(67): CodeIgniter\CodeIgniter->run()
 4 SYSTEMPATH\Commands\Server\rewrite.php(46): require_once('FCPATH\\index.php')
CRITICAL - 2022-11-24 03:29:03 --> Call to undefined method CodeIgniter\Router\RouteCollection::matah()
in APPPATH\Config\Routes.php on line 96.
 1 SYSTEMPATH\Router\RouteCollection.php(637): CodeIgniter\CodeIgniter->Config\{closure}(Object(CodeIgniter\Router\RouteCollection))
 2 APPPATH\Config\Routes.php(98): CodeIgniter\Router\RouteCollection->group('peserta', [...], Object(Closure))
 3 SYSTEMPATH\Router\RouteCollection.php(637): CodeIgniter\CodeIgniter->Config\{closure}(Object(CodeIgniter\Router\RouteCollection))
 4 APPPATH\Config\Routes.php(99): CodeIgniter\Router\RouteCollection->group('dashboard', [...], Object(Closure))
 5 SYSTEMPATH\CodeIgniter.php(764): require('APPPATH\\Config\\Routes.php')
 6 SYSTEMPATH\CodeIgniter.php(406): CodeIgniter\CodeIgniter->tryToRouteIt(Object(CodeIgniter\Router\RouteCollection))
 7 SYSTEMPATH\CodeIgniter.php(340): CodeIgniter\CodeIgniter->handleRequest(null, Object(Config\Cache), false)
 8 FCPATH\index.php(67): CodeIgniter\CodeIgniter->run()
 9 SYSTEMPATH\Commands\Server\rewrite.php(46): require_once('FCPATH\\index.php')
CRITICAL - 2022-11-24 03:29:04 --> Call to undefined method CodeIgniter\Router\RouteCollection::matah()
in APPPATH\Config\Routes.php on line 96.
 1 SYSTEMPATH\Router\RouteCollection.php(637): CodeIgniter\CodeIgniter->Config\{closure}(Object(CodeIgniter\Router\RouteCollection))
 2 APPPATH\Config\Routes.php(98): CodeIgniter\Router\RouteCollection->group('peserta', [...], Object(Closure))
 3 SYSTEMPATH\Router\RouteCollection.php(637): CodeIgniter\CodeIgniter->Config\{closure}(Object(CodeIgniter\Router\RouteCollection))
 4 APPPATH\Config\Routes.php(99): CodeIgniter\Router\RouteCollection->group('dashboard', [...], Object(Closure))
 5 SYSTEMPATH\CodeIgniter.php(764): require('APPPATH\\Config\\Routes.php')
 6 SYSTEMPATH\CodeIgniter.php(406): CodeIgniter\CodeIgniter->tryToRouteIt(Object(CodeIgniter\Router\RouteCollection))
 7 SYSTEMPATH\CodeIgniter.php(340): CodeIgniter\CodeIgniter->handleRequest(null, Object(Config\Cache), false)
 8 FCPATH\index.php(67): CodeIgniter\CodeIgniter->run()
 9 SYSTEMPATH\Commands\Server\rewrite.php(46): require_once('FCPATH\\index.php')
CRITICAL - 2022-11-24 03:29:05 --> Call to undefined method CodeIgniter\Router\RouteCollection::matah()
in APPPATH\Config\Routes.php on line 96.
 1 SYSTEMPATH\Router\RouteCollection.php(637): CodeIgniter\CodeIgniter->Config\{closure}(Object(CodeIgniter\Router\RouteCollection))
 2 APPPATH\Config\Routes.php(98): CodeIgniter\Router\RouteCollection->group('peserta', [...], Object(Closure))
 3 SYSTEMPATH\Router\RouteCollection.php(637): CodeIgniter\CodeIgniter->Config\{closure}(Object(CodeIgniter\Router\RouteCollection))
 4 APPPATH\Config\Routes.php(99): CodeIgniter\Router\RouteCollection->group('dashboard', [...], Object(Closure))
 5 SYSTEMPATH\CodeIgniter.php(764): require('APPPATH\\Config\\Routes.php')
 6 SYSTEMPATH\CodeIgniter.php(406): CodeIgniter\CodeIgniter->tryToRouteIt(Object(CodeIgniter\Router\RouteCollection))
 7 SYSTEMPATH\CodeIgniter.php(340): CodeIgniter\CodeIgniter->handleRequest(null, Object(Config\Cache), false)
 8 FCPATH\index.php(67): CodeIgniter\CodeIgniter->run()
 9 SYSTEMPATH\Commands\Server\rewrite.php(46): require_once('FCPATH\\index.php')
CRITICAL - 2022-11-24 03:29:06 --> Call to undefined method CodeIgniter\Router\RouteCollection::matah()
in APPPATH\Config\Routes.php on line 96.
 1 SYSTEMPATH\Router\RouteCollection.php(637): CodeIgniter\CodeIgniter->Config\{closure}(Object(CodeIgniter\Router\RouteCollection))
 2 APPPATH\Config\Routes.php(98): CodeIgniter\Router\RouteCollection->group('peserta', [...], Object(Closure))
 3 SYSTEMPATH\Router\RouteCollection.php(637): CodeIgniter\CodeIgniter->Config\{closure}(Object(CodeIgniter\Router\RouteCollection))
 4 APPPATH\Config\Routes.php(99): CodeIgniter\Router\RouteCollection->group('dashboard', [...], Object(Closure))
 5 SYSTEMPATH\CodeIgniter.php(764): require('APPPATH\\Config\\Routes.php')
 6 SYSTEMPATH\CodeIgniter.php(406): CodeIgniter\CodeIgniter->tryToRouteIt(Object(CodeIgniter\Router\RouteCollection))
 7 SYSTEMPATH\CodeIgniter.php(340): CodeIgniter\CodeIgniter->handleRequest(null, Object(Config\Cache), false)
 8 FCPATH\index.php(67): CodeIgniter\CodeIgniter->run()
 9 SYSTEMPATH\Commands\Server\rewrite.php(46): require_once('FCPATH\\index.php')
CRITICAL - 2022-11-24 03:29:06 --> Call to undefined method CodeIgniter\Router\RouteCollection::matah()
in APPPATH\Config\Routes.php on line 96.
 1 SYSTEMPATH\Router\RouteCollection.php(637): CodeIgniter\CodeIgniter->Config\{closure}(Object(CodeIgniter\Router\RouteCollection))
 2 APPPATH\Config\Routes.php(98): CodeIgniter\Router\RouteCollection->group('peserta', [...], Object(Closure))
 3 SYSTEMPATH\Router\RouteCollection.php(637): CodeIgniter\CodeIgniter->Config\{closure}(Object(CodeIgniter\Router\RouteCollection))
 4 APPPATH\Config\Routes.php(99): CodeIgniter\Router\RouteCollection->group('dashboard', [...], Object(Closure))
 5 SYSTEMPATH\CodeIgniter.php(764): require('APPPATH\\Config\\Routes.php')
 6 SYSTEMPATH\CodeIgniter.php(406): CodeIgniter\CodeIgniter->tryToRouteIt(Object(CodeIgniter\Router\RouteCollection))
 7 SYSTEMPATH\CodeIgniter.php(340): CodeIgniter\CodeIgniter->handleRequest(null, Object(Config\Cache), false)
 8 FCPATH\index.php(67): CodeIgniter\CodeIgniter->run()
 9 SYSTEMPATH\Commands\Server\rewrite.php(46): require_once('FCPATH\\index.php')
CRITICAL - 2022-11-24 03:29:07 --> Call to undefined method CodeIgniter\Router\RouteCollection::matah()
in APPPATH\Config\Routes.php on line 96.
 1 SYSTEMPATH\Router\RouteCollection.php(637): CodeIgniter\CodeIgniter->Config\{closure}(Object(CodeIgniter\Router\RouteCollection))
 2 APPPATH\Config\Routes.php(98): CodeIgniter\Router\RouteCollection->group('peserta', [...], Object(Closure))
 3 SYSTEMPATH\Router\RouteCollection.php(637): CodeIgniter\CodeIgniter->Config\{closure}(Object(CodeIgniter\Router\RouteCollection))
 4 APPPATH\Config\Routes.php(99): CodeIgniter\Router\RouteCollection->group('dashboard', [...], Object(Closure))
 5 SYSTEMPATH\CodeIgniter.php(764): require('APPPATH\\Config\\Routes.php')
 6 SYSTEMPATH\CodeIgniter.php(406): CodeIgniter\CodeIgniter->tryToRouteIt(Object(CodeIgniter\Router\RouteCollection))
 7 SYSTEMPATH\CodeIgniter.php(340): CodeIgniter\CodeIgniter->handleRequest(null, Object(Config\Cache), false)
 8 FCPATH\index.php(67): CodeIgniter\CodeIgniter->run()
 9 SYSTEMPATH\Commands\Server\rewrite.php(46): require_once('FCPATH\\index.php')
CRITICAL - 2022-11-24 03:29:08 --> Call to undefined method CodeIgniter\Router\RouteCollection::matah()
in APPPATH\Config\Routes.php on line 96.
 1 SYSTEMPATH\Router\RouteCollection.php(637): CodeIgniter\CodeIgniter->Config\{closure}(Object(CodeIgniter\Router\RouteCollection))
 2 APPPATH\Config\Routes.php(98): CodeIgniter\Router\RouteCollection->group('peserta', [...], Object(Closure))
 3 SYSTEMPATH\Router\RouteCollection.php(637): CodeIgniter\CodeIgniter->Config\{closure}(Object(CodeIgniter\Router\RouteCollection))
 4 APPPATH\Config\Routes.php(99): CodeIgniter\Router\RouteCollection->group('dashboard', [...], Object(Closure))
 5 SYSTEMPATH\CodeIgniter.php(764): require('APPPATH\\Config\\Routes.php')
 6 SYSTEMPATH\CodeIgniter.php(406): CodeIgniter\CodeIgniter->tryToRouteIt(Object(CodeIgniter\Router\RouteCollection))
 7 SYSTEMPATH\CodeIgniter.php(340): CodeIgniter\CodeIgniter->handleRequest(null, Object(Config\Cache), false)
 8 FCPATH\index.php(67): CodeIgniter\CodeIgniter->run()
 9 SYSTEMPATH\Commands\Server\rewrite.php(46): require_once('FCPATH\\index.php')
CRITICAL - 2022-11-24 23:52:33 --> Undefined variable $setData
in APPPATH\Controllers\AuthGoogle.php on line 75.
 1 APPPATH\Controllers\AuthGoogle.php(75): CodeIgniter\Debug\Exceptions->errorHandler(2, 'Undefined variable $setData', 'APPPATH\\Controllers\\AuthGoogle.php', 75)
 2 SYSTEMPATH\CodeIgniter.php(902): App\Controllers\AuthGoogle->index()
 3 SYSTEMPATH\CodeIgniter.php(457): CodeIgniter\CodeIgniter->runController(Object(App\Controllers\AuthGoogle))
 4 SYSTEMPATH\CodeIgniter.php(340): CodeIgniter\CodeIgniter->handleRequest(null, Object(Config\Cache), false)
 5 FCPATH\index.php(67): CodeIgniter\CodeIgniter->run()
 6 SYSTEMPATH\Commands\Server\rewrite.php(46): require_once('FCPATH\\index.php')
CRITICAL - 2022-11-24 23:53:14 --> Undefined array key "access_token"
in APPPATH\Controllers\AuthGoogle.php on line 32.
 1 APPPATH\Controllers\AuthGoogle.php(32): CodeIgniter\Debug\Exceptions->errorHandler(2, 'Undefined array key "access_token"', 'APPPATH\\Controllers\\AuthGoogle.php', 32)
 2 SYSTEMPATH\CodeIgniter.php(902): App\Controllers\AuthGoogle->index()
 3 SYSTEMPATH\CodeIgniter.php(457): CodeIgniter\CodeIgniter->runController(Object(App\Controllers\AuthGoogle))
 4 SYSTEMPATH\CodeIgniter.php(340): CodeIgniter\CodeIgniter->handleRequest(null, Object(Config\Cache), false)
 5 FCPATH\index.php(67): CodeIgniter\CodeIgniter->run()
 6 SYSTEMPATH\Commands\Server\rewrite.php(46): require_once('FCPATH\\index.php')
CRITICAL - 2022-11-24 23:53:31 --> Trying to access array offset on value of type null
in APPPATH\Controllers\AuthGoogle.php on line 52.
 1 APPPATH\Controllers\AuthGoogle.php(52): CodeIgniter\Debug\Exceptions->errorHandler(2, 'Trying to access array offset on value of type null', 'APPPATH\\Controllers\\AuthGoogle.php', 52)
 2 SYSTEMPATH\CodeIgniter.php(902): App\Controllers\AuthGoogle->index()
 3 SYSTEMPATH\CodeIgniter.php(457): CodeIgniter\CodeIgniter->runController(Object(App\Controllers\AuthGoogle))
 4 SYSTEMPATH\CodeIgniter.php(340): CodeIgniter\CodeIgniter->handleRequest(null, Object(Config\Cache), false)
 5 FCPATH\index.php(67): CodeIgniter\CodeIgniter->run()
 6 SYSTEMPATH\Commands\Server\rewrite.php(46): require_once('FCPATH\\index.php')
CRITICAL - 2022-11-24 23:54:15 --> Undefined array key "access_token"
in APPPATH\Controllers\AuthGoogle.php on line 32.
 1 APPPATH\Controllers\AuthGoogle.php(32): CodeIgniter\Debug\Exceptions->errorHandler(2, 'Undefined array key "access_token"', 'APPPATH\\Controllers\\AuthGoogle.php', 32)
 2 SYSTEMPATH\CodeIgniter.php(902): App\Controllers\AuthGoogle->index()
 3 SYSTEMPATH\CodeIgniter.php(457): CodeIgniter\CodeIgniter->runController(Object(App\Controllers\AuthGoogle))
 4 SYSTEMPATH\CodeIgniter.php(340): CodeIgniter\CodeIgniter->handleRequest(null, Object(Config\Cache), false)
 5 FCPATH\index.php(67): CodeIgniter\CodeIgniter->run()
 6 SYSTEMPATH\Commands\Server\rewrite.php(46): require_once('FCPATH\\index.php')
CRITICAL - 2022-11-24 23:58:32 --> Undefined array key "id_user"
in APPPATH\Controllers\Registrasi.php on line 53.
 1 APPPATH\Controllers\Registrasi.php(53): CodeIgniter\Debug\Exceptions->errorHandler(2, 'Undefined array key "id_user"', 'APPPATH\\Controllers\\Registrasi.php', 53)
 2 SYSTEMPATH\CodeIgniter.php(902): App\Controllers\Registrasi->index()
 3 SYSTEMPATH\CodeIgniter.php(457): CodeIgniter\CodeIgniter->runController(Object(App\Controllers\Registrasi))
 4 SYSTEMPATH\CodeIgniter.php(340): CodeIgniter\CodeIgniter->handleRequest(null, Object(Config\Cache), false)
 5 FCPATH\index.php(67): CodeIgniter\CodeIgniter->run()
 6 SYSTEMPATH\Commands\Server\rewrite.php(46): require_once('FCPATH\\index.php')
CRITICAL - 2022-11-24 23:58:46 --> Undefined array key "foto"
in APPPATH\Controllers\Registrasi.php on line 58.
 1 APPPATH\Controllers\Registrasi.php(58): CodeIgniter\Debug\Exceptions->errorHandler(2, 'Undefined array key "foto"', 'APPPATH\\Controllers\\Registrasi.php', 58)
 2 SYSTEMPATH\CodeIgniter.php(902): App\Controllers\Registrasi->index()
 3 SYSTEMPATH\CodeIgniter.php(457): CodeIgniter\CodeIgniter->runController(Object(App\Controllers\Registrasi))
 4 SYSTEMPATH\CodeIgniter.php(340): CodeIgniter\CodeIgniter->handleRequest(null, Object(Config\Cache), false)
 5 FCPATH\index.php(67): CodeIgniter\CodeIgniter->run()
 6 SYSTEMPATH\Commands\Server\rewrite.php(46): require_once('FCPATH\\index.php')
CRITICAL - 2022-11-24 23:59:27 --> Object of class App\Models\UserModel could not be converted to string
in APPPATH\Controllers\Registrasi.php on line 51.
 1 SYSTEMPATH\CodeIgniter.php(902): App\Controllers\Registrasi->index()
 2 SYSTEMPATH\CodeIgniter.php(457): CodeIgniter\CodeIgniter->runController(Object(App\Controllers\Registrasi))
 3 SYSTEMPATH\CodeIgniter.php(340): CodeIgniter\CodeIgniter->handleRequest(null, Object(Config\Cache), false)
 4 FCPATH\index.php(67): CodeIgniter\CodeIgniter->run()
 5 SYSTEMPATH\Commands\Server\rewrite.php(46): require_once('FCPATH\\index.php')
