CRITICAL - 2022-10-26 04:00:42 --> cURL error 52: Empty reply from server (see https://curl.haxx.se/libcurl/c/libcurl-errors.html) for https://www.googleapis.com/oauth2/v2/userinfo
in VENDORPATH\guzzlehttp\guzzle\src\Handler\CurlFactory.php on line 210.
 1 VENDORPATH\guzzlehttp\guzzle\src\Handler\CurlFactory.php(158): GuzzleHttp\Handler\CurlFactory::createRejection(Object(GuzzleHttp\Handler\EasyHandle), [...])
 2 VENDORPATH\guzzlehttp\guzzle\src\Handler\CurlFactory.php(110): GuzzleHttp\Handler\CurlFactory::finishError(Object(GuzzleHttp\Handler\CurlHandler), Object(GuzzleHttp\Handler\EasyHandle), Object(GuzzleHttp\Handler\CurlFactory))
 3 VENDORPATH\guzzlehttp\guzzle\src\Handler\CurlHandler.php(47): GuzzleHttp\Handler\CurlFactory::finish(Object(GuzzleHttp\Handler\CurlHandler), Object(GuzzleHttp\Handler\EasyHandle), Object(GuzzleHttp\Handler\CurlFactory))
 4 VENDORPATH\guzzlehttp\guzzle\src\Handler\Proxy.php(28): GuzzleHttp\Handler\CurlHandler->__invoke(Object(GuzzleHttp\Psr7\Request), [...])
 5 VENDORPATH\guzzlehttp\guzzle\src\Handler\Proxy.php(48): GuzzleHttp\Handler\Proxy::GuzzleHttp\Handler\{closure}(Object(GuzzleHttp\Psr7\Request), [...])
 6 VENDORPATH\google\auth\src\Middleware\ScopedAccessTokenMiddleware.php(125): GuzzleHttp\Handler\Proxy::GuzzleHttp\Handler\{closure}(Object(GuzzleHttp\Psr7\Request), [...])
 7 VENDORPATH\guzzlehttp\guzzle\src\PrepareBodyMiddleware.php(35): Google\Auth\Middleware\ScopedAccessTokenMiddleware->Google\Auth\Middleware\{closure}(Object(GuzzleHttp\Psr7\Request), [...])
 8 VENDORPATH\guzzlehttp\guzzle\src\Middleware.php(31): GuzzleHttp\PrepareBodyMiddleware->__invoke(Object(GuzzleHttp\Psr7\Request), [...])
 9 VENDORPATH\guzzlehttp\guzzle\src\RedirectMiddleware.php(71): GuzzleHttp\Middleware::GuzzleHttp\{closure}(Object(GuzzleHttp\Psr7\Request), [...])
10 VENDORPATH\guzzlehttp\guzzle\src\Middleware.php(61): GuzzleHttp\RedirectMiddleware->__invoke(Object(GuzzleHttp\Psr7\Request), [...])
11 VENDORPATH\guzzlehttp\guzzle\src\HandlerStack.php(75): GuzzleHttp\Middleware::GuzzleHttp\{closure}(Object(GuzzleHttp\Psr7\Request), [...])
12 VENDORPATH\guzzlehttp\guzzle\src\Client.php(331): GuzzleHttp\HandlerStack->__invoke(Object(GuzzleHttp\Psr7\Request), [...])
13 VENDORPATH\guzzlehttp\guzzle\src\Client.php(107): GuzzleHttp\Client->transfer(Object(GuzzleHttp\Psr7\Request), [...])
14 VENDORPATH\guzzlehttp\guzzle\src\Client.php(123): GuzzleHttp\Client->sendAsync(Object(GuzzleHttp\Psr7\Request), [...])
15 VENDORPATH\google\auth\src\HttpHandler\Guzzle6HttpHandler.php(47): GuzzleHttp\Client->send(Object(GuzzleHttp\Psr7\Request), [...])
16 VENDORPATH\google\apiclient\src\Http\REST.php(83): Google\Auth\HttpHandler\Guzzle6HttpHandler->__invoke(Object(GuzzleHttp\Psr7\Request))
17 [internal function]: Google\Http\REST::doExecute(Object(GuzzleHttp\Client), Object(GuzzleHttp\Psr7\Request), 'Google\\Service\\Oauth2\\Userinfo')
18 VENDORPATH\google\apiclient\src\Task\Runner.php(182): call_user_func_array([...], [...])
19 VENDORPATH\google\apiclient\src\Http\REST.php(66): Google\Task\Runner->run()
20 VENDORPATH\google\apiclient\src\Client.php(898): Google\Http\REST::execute(Object(GuzzleHttp\Client), Object(GuzzleHttp\Psr7\Request), 'Google\\Service\\Oauth2\\Userinfo', [], null)
21 VENDORPATH\google\apiclient\src\Service\Resource.php(238): Google\Client->execute(Object(GuzzleHttp\Psr7\Request), 'Google\\Service\\Oauth2\\Userinfo')
22 VENDORPATH\google\apiclient-services\src\Oauth2\Resource\Userinfo.php(42): Google\Service\Resource->call('get', [...], 'Google\\Service\\Oauth2\\Userinfo')
23 APPPATH\Controllers\AuthGoogle.php(38): Google\Service\Oauth2\Resource\Userinfo->get()
24 SYSTEMPATH\CodeIgniter.php(902): App\Controllers\AuthGoogle->index()
25 SYSTEMPATH\CodeIgniter.php(457): CodeIgniter\CodeIgniter->runController(Object(App\Controllers\AuthGoogle))
26 SYSTEMPATH\CodeIgniter.php(340): CodeIgniter\CodeIgniter->handleRequest(null, Object(Config\Cache), false)
27 FCPATH\index.php(67): CodeIgniter\CodeIgniter->run()
28 SYSTEMPATH\Commands\Server\rewrite.php(46): require_once('FCPATH\\index.php')
CRITICAL - 2022-10-26 04:02:49 --> Undefined variable $detail
in APPPATH\Views\admin\datapembimbing.php on line 32.
 1 APPPATH\Views\admin\datapembimbing.php(32): CodeIgniter\Debug\Exceptions->errorHandler(2, 'Undefined variable $detail', 'APPPATH\\Views\\admin\\datapembimbing.php', 32)
 2 SYSTEMPATH\View\View.php(213): include('APPPATH\\Views\\admin\\datapembimbing.php')
 3 SYSTEMPATH\View\View.php(216): CodeIgniter\View\View->CodeIgniter\View\{closure}()
 4 SYSTEMPATH\Common.php(1142): CodeIgniter\View\View->render('admin/datapembimbing.php', [], true)
 5 APPPATH\Controllers\TU.php(52): view('admin/datapembimbing.php')
 6 SYSTEMPATH\CodeIgniter.php(902): App\Controllers\TU->datatu('1')
 7 SYSTEMPATH\CodeIgniter.php(457): CodeIgniter\CodeIgniter->runController(Object(App\Controllers\TU))
 8 SYSTEMPATH\CodeIgniter.php(340): CodeIgniter\CodeIgniter->handleRequest(null, Object(Config\Cache), false)
 9 FCPATH\index.php(67): CodeIgniter\CodeIgniter->run()
10 SYSTEMPATH\Commands\Server\rewrite.php(46): require_once('FCPATH\\index.php')
CRITICAL - 2022-10-26 04:24:46 --> Undefined variable $detail
in APPPATH\Views\admin\datapembimbing.php on line 32.
 1 APPPATH\Views\admin\datapembimbing.php(32): CodeIgniter\Debug\Exceptions->errorHandler(2, 'Undefined variable $detail', 'APPPATH\\Views\\admin\\datapembimbing.php', 32)
 2 SYSTEMPATH\View\View.php(213): include('APPPATH\\Views\\admin\\datapembimbing.php')
 3 SYSTEMPATH\View\View.php(216): CodeIgniter\View\View->CodeIgniter\View\{closure}()
 4 SYSTEMPATH\Common.php(1142): CodeIgniter\View\View->render('admin/datapembimbing.php', [], true)
 5 APPPATH\Controllers\TU.php(52): view('admin/datapembimbing.php')
 6 SYSTEMPATH\CodeIgniter.php(902): App\Controllers\TU->datatu('1')
 7 SYSTEMPATH\CodeIgniter.php(457): CodeIgniter\CodeIgniter->runController(Object(App\Controllers\TU))
 8 SYSTEMPATH\CodeIgniter.php(340): CodeIgniter\CodeIgniter->handleRequest(null, Object(Config\Cache), false)
 9 FCPATH\index.php(67): CodeIgniter\CodeIgniter->run()
10 SYSTEMPATH\Commands\Server\rewrite.php(46): require_once('FCPATH\\index.php')
CRITICAL - 2022-10-26 04:27:59 --> Undefined variable $data
in APPPATH\Views\spadmin\kasubagtu.php on line 32.
 1 APPPATH\Views\spadmin\kasubagtu.php(32): CodeIgniter\Debug\Exceptions->errorHandler(2, 'Undefined variable $data', 'APPPATH\\Views\\spadmin\\kasubagtu.php', 32)
 2 SYSTEMPATH\View\View.php(213): include('APPPATH\\Views\\spadmin\\kasubagtu.php')
 3 SYSTEMPATH\View\View.php(216): CodeIgniter\View\View->CodeIgniter\View\{closure}()
 4 SYSTEMPATH\Common.php(1142): CodeIgniter\View\View->render('spadmin/kasubagtu', [], true)
 5 APPPATH\Controllers\TU.php(99): view('spadmin/kasubagtu')
 6 SYSTEMPATH\CodeIgniter.php(902): App\Controllers\TU->updatekuota('1')
 7 SYSTEMPATH\CodeIgniter.php(457): CodeIgniter\CodeIgniter->runController(Object(App\Controllers\TU))
 8 SYSTEMPATH\CodeIgniter.php(340): CodeIgniter\CodeIgniter->handleRequest(null, Object(Config\Cache), false)
 9 FCPATH\index.php(67): CodeIgniter\CodeIgniter->run()
10 SYSTEMPATH\Commands\Server\rewrite.php(46): require_once('FCPATH\\index.php')
CRITICAL - 2022-10-26 04:49:43 --> Too few arguments to function App\Controllers\TU::updatekuota(), 0 passed in C:\xampp\htdocs\simag\vendor\codeigniter4\framework\system\CodeIgniter.php on line 902 and exactly 1 expected
in APPPATH\Controllers\TU.php on line 56.
 1 SYSTEMPATH\CodeIgniter.php(902): App\Controllers\TU->updatekuota()
 2 SYSTEMPATH\CodeIgniter.php(457): CodeIgniter\CodeIgniter->runController(Object(App\Controllers\TU))
 3 SYSTEMPATH\CodeIgniter.php(340): CodeIgniter\CodeIgniter->handleRequest(null, Object(Config\Cache), false)
 4 FCPATH\index.php(67): CodeIgniter\CodeIgniter->run()
 5 SYSTEMPATH\Commands\Server\rewrite.php(46): require_once('FCPATH\\index.php')
CRITICAL - 2022-10-26 04:50:16 --> Undefined variable $id
in APPPATH\Controllers\TU.php on line 59.
 1 APPPATH\Controllers\TU.php(59): CodeIgniter\Debug\Exceptions->errorHandler(2, 'Undefined variable $id', 'APPPATH\\Controllers\\TU.php', 59)
 2 SYSTEMPATH\CodeIgniter.php(902): App\Controllers\TU->updatekuota()
 3 SYSTEMPATH\CodeIgniter.php(457): CodeIgniter\CodeIgniter->runController(Object(App\Controllers\TU))
 4 SYSTEMPATH\CodeIgniter.php(340): CodeIgniter\CodeIgniter->handleRequest(null, Object(Config\Cache), false)
 5 FCPATH\index.php(67): CodeIgniter\CodeIgniter->run()
 6 SYSTEMPATH\Commands\Server\rewrite.php(46): require_once('FCPATH\\index.php')
CRITICAL - 2022-10-26 04:50:36 --> syntax error, unexpected token ")"
in APPPATH\Controllers\TU.php on line 82.
 1 SYSTEMPATH\Router\Router.php(499): CodeIgniter\Router\AutoRouter->getRoute('tu/updatekuota')
 2 SYSTEMPATH\Router\Router.php(205): CodeIgniter\Router\Router->autoRoute('tu/updatekuota')
 3 SYSTEMPATH\CodeIgniter.php(777): CodeIgniter\Router\Router->handle('tu/updatekuota')
 4 SYSTEMPATH\CodeIgniter.php(406): CodeIgniter\CodeIgniter->tryToRouteIt(Object(CodeIgniter\Router\RouteCollection))
 5 SYSTEMPATH\CodeIgniter.php(340): CodeIgniter\CodeIgniter->handleRequest(null, Object(Config\Cache), false)
 6 FCPATH\index.php(67): CodeIgniter\CodeIgniter->run()
 7 SYSTEMPATH\Commands\Server\rewrite.php(46): require_once('FCPATH\\index.php')
CRITICAL - 2022-10-26 04:50:45 --> syntax error, unexpected token ")"
in APPPATH\Controllers\TU.php on line 82.
 1 SYSTEMPATH\Router\Router.php(499): CodeIgniter\Router\AutoRouter->getRoute('tu/updatekuota')
 2 SYSTEMPATH\Router\Router.php(205): CodeIgniter\Router\Router->autoRoute('tu/updatekuota')
 3 SYSTEMPATH\CodeIgniter.php(777): CodeIgniter\Router\Router->handle('tu/updatekuota')
 4 SYSTEMPATH\CodeIgniter.php(406): CodeIgniter\CodeIgniter->tryToRouteIt(Object(CodeIgniter\Router\RouteCollection))
 5 SYSTEMPATH\CodeIgniter.php(340): CodeIgniter\CodeIgniter->handleRequest(null, Object(Config\Cache), false)
 6 FCPATH\index.php(67): CodeIgniter\CodeIgniter->run()
 7 SYSTEMPATH\Commands\Server\rewrite.php(46): require_once('FCPATH\\index.php')
CRITICAL - 2022-10-26 06:02:28 --> Undefined variable $data
in APPPATH\Views\spadmin\kasubagtu.php on line 32.
 1 APPPATH\Views\spadmin\kasubagtu.php(32): CodeIgniter\Debug\Exceptions->errorHandler(2, 'Undefined variable $data', 'APPPATH\\Views\\spadmin\\kasubagtu.php', 32)
 2 SYSTEMPATH\View\View.php(213): include('APPPATH\\Views\\spadmin\\kasubagtu.php')
 3 SYSTEMPATH\View\View.php(216): CodeIgniter\View\View->CodeIgniter\View\{closure}()
 4 SYSTEMPATH\Common.php(1142): CodeIgniter\View\View->render('spadmin/kasubagtu', [], true)
 5 APPPATH\Controllers\TU.php(98): view('spadmin/kasubagtu')
 6 SYSTEMPATH\CodeIgniter.php(902): App\Controllers\TU->updatekuota('1')
 7 SYSTEMPATH\CodeIgniter.php(457): CodeIgniter\CodeIgniter->runController(Object(App\Controllers\TU))
 8 SYSTEMPATH\CodeIgniter.php(340): CodeIgniter\CodeIgniter->handleRequest(null, Object(Config\Cache), false)
 9 FCPATH\index.php(67): CodeIgniter\CodeIgniter->run()
10 SYSTEMPATH\Commands\Server\rewrite.php(46): require_once('FCPATH\\index.php')
CRITICAL - 2022-10-26 06:21:41 --> Undefined variable $data
in APPPATH\Views\spadmin\kasubagtu.php on line 32.
 1 APPPATH\Views\spadmin\kasubagtu.php(32): CodeIgniter\Debug\Exceptions->errorHandler(2, 'Undefined variable $data', 'APPPATH\\Views\\spadmin\\kasubagtu.php', 32)
 2 SYSTEMPATH\View\View.php(213): include('APPPATH\\Views\\spadmin\\kasubagtu.php')
 3 SYSTEMPATH\View\View.php(216): CodeIgniter\View\View->CodeIgniter\View\{closure}()
 4 SYSTEMPATH\Common.php(1142): CodeIgniter\View\View->render('spadmin/kasubagtu', [], true)
 5 APPPATH\Controllers\TU.php(98): view('spadmin/kasubagtu')
 6 SYSTEMPATH\CodeIgniter.php(902): App\Controllers\TU->updatekuota('1')
 7 SYSTEMPATH\CodeIgniter.php(457): CodeIgniter\CodeIgniter->runController(Object(App\Controllers\TU))
 8 SYSTEMPATH\CodeIgniter.php(340): CodeIgniter\CodeIgniter->handleRequest(null, Object(Config\Cache), false)
 9 FCPATH\index.php(67): CodeIgniter\CodeIgniter->run()
10 SYSTEMPATH\Commands\Server\rewrite.php(46): require_once('FCPATH\\index.php')
CRITICAL - 2022-10-26 06:24:37 --> Undefined variable $data
in APPPATH\Views\spadmin\kasubagtu.php on line 32.
 1 APPPATH\Views\spadmin\kasubagtu.php(32): CodeIgniter\Debug\Exceptions->errorHandler(2, 'Undefined variable $data', 'APPPATH\\Views\\spadmin\\kasubagtu.php', 32)
 2 SYSTEMPATH\View\View.php(213): include('APPPATH\\Views\\spadmin\\kasubagtu.php')
 3 SYSTEMPATH\View\View.php(216): CodeIgniter\View\View->CodeIgniter\View\{closure}()
 4 SYSTEMPATH\Common.php(1142): CodeIgniter\View\View->render('spadmin/kasubagtu', [], true)
 5 APPPATH\Controllers\TU.php(98): view('spadmin/kasubagtu')
 6 SYSTEMPATH\CodeIgniter.php(902): App\Controllers\TU->updatekuota('1')
 7 SYSTEMPATH\CodeIgniter.php(457): CodeIgniter\CodeIgniter->runController(Object(App\Controllers\TU))
 8 SYSTEMPATH\CodeIgniter.php(340): CodeIgniter\CodeIgniter->handleRequest(null, Object(Config\Cache), false)
 9 FCPATH\index.php(67): CodeIgniter\CodeIgniter->run()
10 SYSTEMPATH\Commands\Server\rewrite.php(46): require_once('FCPATH\\index.php')
CRITICAL - 2022-10-26 06:27:34 --> Undefined variable $data
in APPPATH\Views\spadmin\kasubagtu.php on line 32.
 1 APPPATH\Views\spadmin\kasubagtu.php(32): CodeIgniter\Debug\Exceptions->errorHandler(2, 'Undefined variable $data', 'APPPATH\\Views\\spadmin\\kasubagtu.php', 32)
 2 SYSTEMPATH\View\View.php(213): include('APPPATH\\Views\\spadmin\\kasubagtu.php')
 3 SYSTEMPATH\View\View.php(216): CodeIgniter\View\View->CodeIgniter\View\{closure}()
 4 SYSTEMPATH\Common.php(1142): CodeIgniter\View\View->render('spadmin/kasubagtu', [], true)
 5 APPPATH\Controllers\TU.php(99): view('spadmin/kasubagtu')
 6 SYSTEMPATH\CodeIgniter.php(902): App\Controllers\TU->updatekuota('1')
 7 SYSTEMPATH\CodeIgniter.php(457): CodeIgniter\CodeIgniter->runController(Object(App\Controllers\TU))
 8 SYSTEMPATH\CodeIgniter.php(340): CodeIgniter\CodeIgniter->handleRequest(null, Object(Config\Cache), false)
 9 FCPATH\index.php(67): CodeIgniter\CodeIgniter->run()
10 SYSTEMPATH\Commands\Server\rewrite.php(46): require_once('FCPATH\\index.php')
CRITICAL - 2022-10-26 06:30:00 --> Undefined variable $data
in APPPATH\Views\spadmin\kasubagtu.php on line 32.
 1 APPPATH\Views\spadmin\kasubagtu.php(32): CodeIgniter\Debug\Exceptions->errorHandler(2, 'Undefined variable $data', 'APPPATH\\Views\\spadmin\\kasubagtu.php', 32)
 2 SYSTEMPATH\View\View.php(213): include('APPPATH\\Views\\spadmin\\kasubagtu.php')
 3 SYSTEMPATH\View\View.php(216): CodeIgniter\View\View->CodeIgniter\View\{closure}()
 4 SYSTEMPATH\Common.php(1142): CodeIgniter\View\View->render('spadmin/kasubagtu', [], true)
 5 APPPATH\Controllers\TU.php(99): view('spadmin/kasubagtu')
 6 SYSTEMPATH\CodeIgniter.php(902): App\Controllers\TU->updatekuota('1')
 7 SYSTEMPATH\CodeIgniter.php(457): CodeIgniter\CodeIgniter->runController(Object(App\Controllers\TU))
 8 SYSTEMPATH\CodeIgniter.php(340): CodeIgniter\CodeIgniter->handleRequest(null, Object(Config\Cache), false)
 9 FCPATH\index.php(67): CodeIgniter\CodeIgniter->run()
10 SYSTEMPATH\Commands\Server\rewrite.php(46): require_once('FCPATH\\index.php')
CRITICAL - 2022-10-26 06:32:04 --> Undefined variable $data
in APPPATH\Views\spadmin\kasubagtu.php on line 32.
 1 APPPATH\Views\spadmin\kasubagtu.php(32): CodeIgniter\Debug\Exceptions->errorHandler(2, 'Undefined variable $data', 'APPPATH\\Views\\spadmin\\kasubagtu.php', 32)
 2 SYSTEMPATH\View\View.php(213): include('APPPATH\\Views\\spadmin\\kasubagtu.php')
 3 SYSTEMPATH\View\View.php(216): CodeIgniter\View\View->CodeIgniter\View\{closure}()
 4 SYSTEMPATH\Common.php(1142): CodeIgniter\View\View->render('spadmin/kasubagtu', [], true)
 5 APPPATH\Controllers\TU.php(100): view('spadmin/kasubagtu')
 6 SYSTEMPATH\CodeIgniter.php(902): App\Controllers\TU->updatekuota('1')
 7 SYSTEMPATH\CodeIgniter.php(457): CodeIgniter\CodeIgniter->runController(Object(App\Controllers\TU))
 8 SYSTEMPATH\CodeIgniter.php(340): CodeIgniter\CodeIgniter->handleRequest(null, Object(Config\Cache), false)
 9 FCPATH\index.php(67): CodeIgniter\CodeIgniter->run()
10 SYSTEMPATH\Commands\Server\rewrite.php(46): require_once('FCPATH\\index.php')
CRITICAL - 2022-10-26 06:32:20 --> Undefined variable $data
in APPPATH\Views\spadmin\kasubagtu.php on line 32.
 1 APPPATH\Views\spadmin\kasubagtu.php(32): CodeIgniter\Debug\Exceptions->errorHandler(2, 'Undefined variable $data', 'APPPATH\\Views\\spadmin\\kasubagtu.php', 32)
 2 SYSTEMPATH\View\View.php(213): include('APPPATH\\Views\\spadmin\\kasubagtu.php')
 3 SYSTEMPATH\View\View.php(216): CodeIgniter\View\View->CodeIgniter\View\{closure}()
 4 SYSTEMPATH\Common.php(1142): CodeIgniter\View\View->render('spadmin/kasubagtu', [], true)
 5 APPPATH\Controllers\TU.php(100): view('spadmin/kasubagtu')
 6 SYSTEMPATH\CodeIgniter.php(902): App\Controllers\TU->updatekuota('1')
 7 SYSTEMPATH\CodeIgniter.php(457): CodeIgniter\CodeIgniter->runController(Object(App\Controllers\TU))
 8 SYSTEMPATH\CodeIgniter.php(340): CodeIgniter\CodeIgniter->handleRequest(null, Object(Config\Cache), false)
 9 FCPATH\index.php(67): CodeIgniter\CodeIgniter->run()
10 SYSTEMPATH\Commands\Server\rewrite.php(46): require_once('FCPATH\\index.php')
