CRITICAL - 2022-10-18 01:46:08 --> Undefined variable $UserModel
in APPPATH\Controllers\TU.php on line 26.
 1 APPPATH\Controllers\TU.php(26): CodeIgniter\Debug\Exceptions->errorHandler(2, 'Undefined variable $UserModel', 'APPPATH\\Controllers\\TU.php', 26)
 2 SYSTEMPATH\CodeIgniter.php(902): App\Controllers\TU->index()
 3 SYSTEMPATH\CodeIgniter.php(457): CodeIgniter\CodeIgniter->runController(Object(App\Controllers\TU))
 4 SYSTEMPATH\CodeIgniter.php(340): CodeIgniter\CodeIgniter->handleRequest(null, Object(Config\Cache), false)
 5 FCPATH\index.php(67): CodeIgniter\CodeIgniter->run()
 6 SYSTEMPATH\Commands\Server\rewrite.php(46): require_once('FCPATH\\index.php')
CRITICAL - 2022-10-18 01:47:19 --> Undefined variable $UserModel
in APPPATH\Controllers\TU.php on line 27.
 1 APPPATH\Controllers\TU.php(27): CodeIgniter\Debug\Exceptions->errorHandler(2, 'Undefined variable $UserModel', 'APPPATH\\Controllers\\TU.php', 27)
 2 SYSTEMPATH\CodeIgniter.php(902): App\Controllers\TU->index()
 3 SYSTEMPATH\CodeIgniter.php(457): CodeIgniter\CodeIgniter->runController(Object(App\Controllers\TU))
 4 SYSTEMPATH\CodeIgniter.php(340): CodeIgniter\CodeIgniter->handleRequest(null, Object(Config\Cache), false)
 5 FCPATH\index.php(67): CodeIgniter\CodeIgniter->run()
 6 SYSTEMPATH\Commands\Server\rewrite.php(46): require_once('FCPATH\\index.php')
CRITICAL - 2022-10-18 01:47:20 --> Undefined variable $UserModel
in APPPATH\Controllers\TU.php on line 27.
 1 APPPATH\Controllers\TU.php(27): CodeIgniter\Debug\Exceptions->errorHandler(2, 'Undefined variable $UserModel', 'APPPATH\\Controllers\\TU.php', 27)
 2 SYSTEMPATH\CodeIgniter.php(902): App\Controllers\TU->index()
 3 SYSTEMPATH\CodeIgniter.php(457): CodeIgniter\CodeIgniter->runController(Object(App\Controllers\TU))
 4 SYSTEMPATH\CodeIgniter.php(340): CodeIgniter\CodeIgniter->handleRequest(null, Object(Config\Cache), false)
 5 FCPATH\index.php(67): CodeIgniter\CodeIgniter->run()
 6 SYSTEMPATH\Commands\Server\rewrite.php(46): require_once('FCPATH\\index.php')
CRITICAL - 2022-10-18 01:48:19 --> Undefined variable $data
in APPPATH\Views\spadmin\kasubagtu.php on line 32.
 1 APPPATH\Views\spadmin\kasubagtu.php(32): CodeIgniter\Debug\Exceptions->errorHandler(2, 'Undefined variable $data', 'APPPATH\\Views\\spadmin\\kasubagtu.php', 32)
 2 SYSTEMPATH\View\View.php(213): include('APPPATH\\Views\\spadmin\\kasubagtu.php')
 3 SYSTEMPATH\View\View.php(216): CodeIgniter\View\View->CodeIgniter\View\{closure}()
 4 SYSTEMPATH\Common.php(1142): CodeIgniter\View\View->render('spadmin/kasubagtu', [], true)
 5 APPPATH\Controllers\TU.php(36): view('spadmin/kasubagtu')
 6 SYSTEMPATH\CodeIgniter.php(902): App\Controllers\TU->index()
 7 SYSTEMPATH\CodeIgniter.php(457): CodeIgniter\CodeIgniter->runController(Object(App\Controllers\TU))
 8 SYSTEMPATH\CodeIgniter.php(340): CodeIgniter\CodeIgniter->handleRequest(null, Object(Config\Cache), false)
 9 FCPATH\index.php(67): CodeIgniter\CodeIgniter->run()
10 SYSTEMPATH\Commands\Server\rewrite.php(46): require_once('FCPATH\\index.php')
CRITICAL - 2022-10-18 01:51:09 --> foreach() argument must be of type array|object, int given
in APPPATH\Views\spadmin\kasubagtu.php on line 32.
 1 APPPATH\Views\spadmin\kasubagtu.php(32): CodeIgniter\Debug\Exceptions->errorHandler(2, 'foreach() argument must be of type array|object, int given', 'APPPATH\\Views\\spadmin\\kasubagtu.php', 32)
 2 SYSTEMPATH\View\View.php(213): include('APPPATH\\Views\\spadmin\\kasubagtu.php')
 3 SYSTEMPATH\View\View.php(216): CodeIgniter\View\View->CodeIgniter\View\{closure}()
 4 SYSTEMPATH\Common.php(1142): CodeIgniter\View\View->render('spadmin/kasubagtu', [], true)
 5 APPPATH\Controllers\TU.php(36): view('spadmin/kasubagtu')
 6 SYSTEMPATH\CodeIgniter.php(902): App\Controllers\TU->index()
 7 SYSTEMPATH\CodeIgniter.php(457): CodeIgniter\CodeIgniter->runController(Object(App\Controllers\TU))
 8 SYSTEMPATH\CodeIgniter.php(340): CodeIgniter\CodeIgniter->handleRequest(null, Object(Config\Cache), false)
 9 FCPATH\index.php(67): CodeIgniter\CodeIgniter->run()
10 SYSTEMPATH\Commands\Server\rewrite.php(46): require_once('FCPATH\\index.php')
CRITICAL - 2022-10-18 01:54:15 --> foreach() argument must be of type array|object, int given
in APPPATH\Views\spadmin\kasubagtu.php on line 32.
 1 APPPATH\Views\spadmin\kasubagtu.php(32): CodeIgniter\Debug\Exceptions->errorHandler(2, 'foreach() argument must be of type array|object, int given', 'APPPATH\\Views\\spadmin\\kasubagtu.php', 32)
 2 SYSTEMPATH\View\View.php(213): include('APPPATH\\Views\\spadmin\\kasubagtu.php')
 3 SYSTEMPATH\View\View.php(216): CodeIgniter\View\View->CodeIgniter\View\{closure}()
 4 SYSTEMPATH\Common.php(1142): CodeIgniter\View\View->render('spadmin/kasubagtu', [], true)
 5 APPPATH\Controllers\TU.php(36): view('spadmin/kasubagtu')
 6 SYSTEMPATH\CodeIgniter.php(902): App\Controllers\TU->index()
 7 SYSTEMPATH\CodeIgniter.php(457): CodeIgniter\CodeIgniter->runController(Object(App\Controllers\TU))
 8 SYSTEMPATH\CodeIgniter.php(340): CodeIgniter\CodeIgniter->handleRequest(null, Object(Config\Cache), false)
 9 FCPATH\index.php(67): CodeIgniter\CodeIgniter->run()
10 SYSTEMPATH\Commands\Server\rewrite.php(46): require_once('FCPATH\\index.php')
CRITICAL - 2022-10-18 01:54:16 --> foreach() argument must be of type array|object, int given
in APPPATH\Views\spadmin\kasubagtu.php on line 32.
 1 APPPATH\Views\spadmin\kasubagtu.php(32): CodeIgniter\Debug\Exceptions->errorHandler(2, 'foreach() argument must be of type array|object, int given', 'APPPATH\\Views\\spadmin\\kasubagtu.php', 32)
 2 SYSTEMPATH\View\View.php(213): include('APPPATH\\Views\\spadmin\\kasubagtu.php')
 3 SYSTEMPATH\View\View.php(216): CodeIgniter\View\View->CodeIgniter\View\{closure}()
 4 SYSTEMPATH\Common.php(1142): CodeIgniter\View\View->render('spadmin/kasubagtu', [], true)
 5 APPPATH\Controllers\TU.php(36): view('spadmin/kasubagtu')
 6 SYSTEMPATH\CodeIgniter.php(902): App\Controllers\TU->index()
 7 SYSTEMPATH\CodeIgniter.php(457): CodeIgniter\CodeIgniter->runController(Object(App\Controllers\TU))
 8 SYSTEMPATH\CodeIgniter.php(340): CodeIgniter\CodeIgniter->handleRequest(null, Object(Config\Cache), false)
 9 FCPATH\index.php(67): CodeIgniter\CodeIgniter->run()
10 SYSTEMPATH\Commands\Server\rewrite.php(46): require_once('FCPATH\\index.php')
CRITICAL - 2022-10-18 01:54:18 --> foreach() argument must be of type array|object, int given
in APPPATH\Views\spadmin\kasubagtu.php on line 32.
 1 APPPATH\Views\spadmin\kasubagtu.php(32): CodeIgniter\Debug\Exceptions->errorHandler(2, 'foreach() argument must be of type array|object, int given', 'APPPATH\\Views\\spadmin\\kasubagtu.php', 32)
 2 SYSTEMPATH\View\View.php(213): include('APPPATH\\Views\\spadmin\\kasubagtu.php')
 3 SYSTEMPATH\View\View.php(216): CodeIgniter\View\View->CodeIgniter\View\{closure}()
 4 SYSTEMPATH\Common.php(1142): CodeIgniter\View\View->render('spadmin/kasubagtu', [], true)
 5 APPPATH\Controllers\TU.php(36): view('spadmin/kasubagtu')
 6 SYSTEMPATH\CodeIgniter.php(902): App\Controllers\TU->index()
 7 SYSTEMPATH\CodeIgniter.php(457): CodeIgniter\CodeIgniter->runController(Object(App\Controllers\TU))
 8 SYSTEMPATH\CodeIgniter.php(340): CodeIgniter\CodeIgniter->handleRequest(null, Object(Config\Cache), false)
 9 FCPATH\index.php(67): CodeIgniter\CodeIgniter->run()
10 SYSTEMPATH\Commands\Server\rewrite.php(46): require_once('FCPATH\\index.php')
CRITICAL - 2022-10-18 01:54:20 --> foreach() argument must be of type array|object, int given
in APPPATH\Views\spadmin\kasubagtu.php on line 32.
 1 APPPATH\Views\spadmin\kasubagtu.php(32): CodeIgniter\Debug\Exceptions->errorHandler(2, 'foreach() argument must be of type array|object, int given', 'APPPATH\\Views\\spadmin\\kasubagtu.php', 32)
 2 SYSTEMPATH\View\View.php(213): include('APPPATH\\Views\\spadmin\\kasubagtu.php')
 3 SYSTEMPATH\View\View.php(216): CodeIgniter\View\View->CodeIgniter\View\{closure}()
 4 SYSTEMPATH\Common.php(1142): CodeIgniter\View\View->render('spadmin/kasubagtu', [], true)
 5 APPPATH\Controllers\TU.php(36): view('spadmin/kasubagtu')
 6 SYSTEMPATH\CodeIgniter.php(902): App\Controllers\TU->index()
 7 SYSTEMPATH\CodeIgniter.php(457): CodeIgniter\CodeIgniter->runController(Object(App\Controllers\TU))
 8 SYSTEMPATH\CodeIgniter.php(340): CodeIgniter\CodeIgniter->handleRequest(null, Object(Config\Cache), false)
 9 FCPATH\index.php(67): CodeIgniter\CodeIgniter->run()
10 SYSTEMPATH\Commands\Server\rewrite.php(46): require_once('FCPATH\\index.php')
CRITICAL - 2022-10-18 02:02:28 --> foreach() argument must be of type array|object, int given
in APPPATH\Views\spadmin\kasubagtu.php on line 32.
 1 APPPATH\Views\spadmin\kasubagtu.php(32): CodeIgniter\Debug\Exceptions->errorHandler(2, 'foreach() argument must be of type array|object, int given', 'APPPATH\\Views\\spadmin\\kasubagtu.php', 32)
 2 SYSTEMPATH\View\View.php(213): include('APPPATH\\Views\\spadmin\\kasubagtu.php')
 3 SYSTEMPATH\View\View.php(216): CodeIgniter\View\View->CodeIgniter\View\{closure}()
 4 SYSTEMPATH\Common.php(1142): CodeIgniter\View\View->render('spadmin/kasubagtu', [], true)
 5 APPPATH\Controllers\TU.php(36): view('spadmin/kasubagtu')
 6 SYSTEMPATH\CodeIgniter.php(902): App\Controllers\TU->index()
 7 SYSTEMPATH\CodeIgniter.php(457): CodeIgniter\CodeIgniter->runController(Object(App\Controllers\TU))
 8 SYSTEMPATH\CodeIgniter.php(340): CodeIgniter\CodeIgniter->handleRequest(null, Object(Config\Cache), false)
 9 FCPATH\index.php(67): CodeIgniter\CodeIgniter->run()
10 SYSTEMPATH\Commands\Server\rewrite.php(46): require_once('FCPATH\\index.php')
CRITICAL - 2022-10-18 02:29:43 --> foreach() argument must be of type array|object, int given
in APPPATH\Views\spadmin\kasubagtu.php on line 32.
 1 APPPATH\Views\spadmin\kasubagtu.php(32): CodeIgniter\Debug\Exceptions->errorHandler(2, 'foreach() argument must be of type array|object, int given', 'APPPATH\\Views\\spadmin\\kasubagtu.php', 32)
 2 SYSTEMPATH\View\View.php(213): include('APPPATH\\Views\\spadmin\\kasubagtu.php')
 3 SYSTEMPATH\View\View.php(216): CodeIgniter\View\View->CodeIgniter\View\{closure}()
 4 SYSTEMPATH\Common.php(1142): CodeIgniter\View\View->render('spadmin/kasubagtu', [], true)
 5 APPPATH\Controllers\TU.php(36): view('spadmin/kasubagtu')
 6 SYSTEMPATH\CodeIgniter.php(902): App\Controllers\TU->index()
 7 SYSTEMPATH\CodeIgniter.php(457): CodeIgniter\CodeIgniter->runController(Object(App\Controllers\TU))
 8 SYSTEMPATH\CodeIgniter.php(340): CodeIgniter\CodeIgniter->handleRequest(null, Object(Config\Cache), false)
 9 FCPATH\index.php(67): CodeIgniter\CodeIgniter->run()
10 SYSTEMPATH\Commands\Server\rewrite.php(46): require_once('FCPATH\\index.php')
CRITICAL - 2022-10-18 02:35:10 --> foreach() argument must be of type array|object, int given
in APPPATH\Views\spadmin\kasubagtu.php on line 32.
 1 APPPATH\Views\spadmin\kasubagtu.php(32): CodeIgniter\Debug\Exceptions->errorHandler(2, 'foreach() argument must be of type array|object, int given', 'APPPATH\\Views\\spadmin\\kasubagtu.php', 32)
 2 SYSTEMPATH\View\View.php(213): include('APPPATH\\Views\\spadmin\\kasubagtu.php')
 3 SYSTEMPATH\View\View.php(216): CodeIgniter\View\View->CodeIgniter\View\{closure}()
 4 SYSTEMPATH\Common.php(1142): CodeIgniter\View\View->render('spadmin/kasubagtu', [], true)
 5 APPPATH\Controllers\TU.php(36): view('spadmin/kasubagtu')
 6 SYSTEMPATH\CodeIgniter.php(902): App\Controllers\TU->index()
 7 SYSTEMPATH\CodeIgniter.php(457): CodeIgniter\CodeIgniter->runController(Object(App\Controllers\TU))
 8 SYSTEMPATH\CodeIgniter.php(340): CodeIgniter\CodeIgniter->handleRequest(null, Object(Config\Cache), false)
 9 FCPATH\index.php(67): CodeIgniter\CodeIgniter->run()
10 SYSTEMPATH\Commands\Server\rewrite.php(46): require_once('FCPATH\\index.php')
CRITICAL - 2022-10-18 02:35:14 --> foreach() argument must be of type array|object, int given
in APPPATH\Views\spadmin\kasubagtu.php on line 32.
 1 APPPATH\Views\spadmin\kasubagtu.php(32): CodeIgniter\Debug\Exceptions->errorHandler(2, 'foreach() argument must be of type array|object, int given', 'APPPATH\\Views\\spadmin\\kasubagtu.php', 32)
 2 SYSTEMPATH\View\View.php(213): include('APPPATH\\Views\\spadmin\\kasubagtu.php')
 3 SYSTEMPATH\View\View.php(216): CodeIgniter\View\View->CodeIgniter\View\{closure}()
 4 SYSTEMPATH\Common.php(1142): CodeIgniter\View\View->render('spadmin/kasubagtu', [], true)
 5 APPPATH\Controllers\TU.php(36): view('spadmin/kasubagtu')
 6 SYSTEMPATH\CodeIgniter.php(902): App\Controllers\TU->index()
 7 SYSTEMPATH\CodeIgniter.php(457): CodeIgniter\CodeIgniter->runController(Object(App\Controllers\TU))
 8 SYSTEMPATH\CodeIgniter.php(340): CodeIgniter\CodeIgniter->handleRequest(null, Object(Config\Cache), false)
 9 FCPATH\index.php(67): CodeIgniter\CodeIgniter->run()
10 SYSTEMPATH\Commands\Server\rewrite.php(46): require_once('FCPATH\\index.php')
CRITICAL - 2022-10-18 02:36:30 --> foreach() argument must be of type array|object, int given
in APPPATH\Views\spadmin\kasubagtu.php on line 32.
 1 APPPATH\Views\spadmin\kasubagtu.php(32): CodeIgniter\Debug\Exceptions->errorHandler(2, 'foreach() argument must be of type array|object, int given', 'APPPATH\\Views\\spadmin\\kasubagtu.php', 32)
 2 SYSTEMPATH\View\View.php(213): include('APPPATH\\Views\\spadmin\\kasubagtu.php')
 3 SYSTEMPATH\View\View.php(216): CodeIgniter\View\View->CodeIgniter\View\{closure}()
 4 SYSTEMPATH\Common.php(1142): CodeIgniter\View\View->render('spadmin/kasubagtu', [], true)
 5 APPPATH\Controllers\TU.php(36): view('spadmin/kasubagtu')
 6 SYSTEMPATH\CodeIgniter.php(902): App\Controllers\TU->index()
 7 SYSTEMPATH\CodeIgniter.php(457): CodeIgniter\CodeIgniter->runController(Object(App\Controllers\TU))
 8 SYSTEMPATH\CodeIgniter.php(340): CodeIgniter\CodeIgniter->handleRequest(null, Object(Config\Cache), false)
 9 FCPATH\index.php(67): CodeIgniter\CodeIgniter->run()
10 SYSTEMPATH\Commands\Server\rewrite.php(46): require_once('FCPATH\\index.php')
CRITICAL - 2022-10-18 02:36:51 --> foreach() argument must be of type array|object, int given
in APPPATH\Views\spadmin\kasubagtu.php on line 32.
 1 APPPATH\Views\spadmin\kasubagtu.php(32): CodeIgniter\Debug\Exceptions->errorHandler(2, 'foreach() argument must be of type array|object, int given', 'APPPATH\\Views\\spadmin\\kasubagtu.php', 32)
 2 SYSTEMPATH\View\View.php(213): include('APPPATH\\Views\\spadmin\\kasubagtu.php')
 3 SYSTEMPATH\View\View.php(216): CodeIgniter\View\View->CodeIgniter\View\{closure}()
 4 SYSTEMPATH\Common.php(1142): CodeIgniter\View\View->render('spadmin/kasubagtu', [], true)
 5 APPPATH\Controllers\TU.php(36): view('spadmin/kasubagtu')
 6 SYSTEMPATH\CodeIgniter.php(902): App\Controllers\TU->index()
 7 SYSTEMPATH\CodeIgniter.php(457): CodeIgniter\CodeIgniter->runController(Object(App\Controllers\TU))
 8 SYSTEMPATH\CodeIgniter.php(340): CodeIgniter\CodeIgniter->handleRequest(null, Object(Config\Cache), false)
 9 FCPATH\index.php(67): CodeIgniter\CodeIgniter->run()
10 SYSTEMPATH\Commands\Server\rewrite.php(46): require_once('FCPATH\\index.php')
CRITICAL - 2022-10-18 02:47:28 --> Undefined variable $kuota
in APPPATH\Views\spadmin\kasubagtu.php on line 32.
 1 APPPATH\Views\spadmin\kasubagtu.php(32): CodeIgniter\Debug\Exceptions->errorHandler(2, 'Undefined variable $kuota', 'APPPATH\\Views\\spadmin\\kasubagtu.php', 32)
 2 SYSTEMPATH\View\View.php(213): include('APPPATH\\Views\\spadmin\\kasubagtu.php')
 3 SYSTEMPATH\View\View.php(216): CodeIgniter\View\View->CodeIgniter\View\{closure}()
 4 SYSTEMPATH\Common.php(1142): CodeIgniter\View\View->render('spadmin/kasubagtu', [], true)
 5 APPPATH\Controllers\TU.php(36): view('spadmin/kasubagtu')
 6 SYSTEMPATH\CodeIgniter.php(902): App\Controllers\TU->index()
 7 SYSTEMPATH\CodeIgniter.php(457): CodeIgniter\CodeIgniter->runController(Object(App\Controllers\TU))
 8 SYSTEMPATH\CodeIgniter.php(340): CodeIgniter\CodeIgniter->handleRequest(null, Object(Config\Cache), false)
 9 FCPATH\index.php(67): CodeIgniter\CodeIgniter->run()
10 SYSTEMPATH\Commands\Server\rewrite.php(46): require_once('FCPATH\\index.php')
CRITICAL - 2022-10-18 02:47:42 --> Undefined variable $kuota
in APPPATH\Views\spadmin\kasubagtu.php on line 32.
 1 APPPATH\Views\spadmin\kasubagtu.php(32): CodeIgniter\Debug\Exceptions->errorHandler(2, 'Undefined variable $kuota', 'APPPATH\\Views\\spadmin\\kasubagtu.php', 32)
 2 SYSTEMPATH\View\View.php(213): include('APPPATH\\Views\\spadmin\\kasubagtu.php')
 3 SYSTEMPATH\View\View.php(216): CodeIgniter\View\View->CodeIgniter\View\{closure}()
 4 SYSTEMPATH\Common.php(1142): CodeIgniter\View\View->render('spadmin/kasubagtu', [], true)
 5 APPPATH\Controllers\TU.php(36): view('spadmin/kasubagtu')
 6 SYSTEMPATH\CodeIgniter.php(902): App\Controllers\TU->index()
 7 SYSTEMPATH\CodeIgniter.php(457): CodeIgniter\CodeIgniter->runController(Object(App\Controllers\TU))
 8 SYSTEMPATH\CodeIgniter.php(340): CodeIgniter\CodeIgniter->handleRequest(null, Object(Config\Cache), false)
 9 FCPATH\index.php(67): CodeIgniter\CodeIgniter->run()
10 SYSTEMPATH\Commands\Server\rewrite.php(46): require_once('FCPATH\\index.php')
CRITICAL - 2022-10-18 02:47:46 --> Undefined variable $kuota
in APPPATH\Views\spadmin\kasubagtu.php on line 32.
 1 APPPATH\Views\spadmin\kasubagtu.php(32): CodeIgniter\Debug\Exceptions->errorHandler(2, 'Undefined variable $kuota', 'APPPATH\\Views\\spadmin\\kasubagtu.php', 32)
 2 SYSTEMPATH\View\View.php(213): include('APPPATH\\Views\\spadmin\\kasubagtu.php')
 3 SYSTEMPATH\View\View.php(216): CodeIgniter\View\View->CodeIgniter\View\{closure}()
 4 SYSTEMPATH\Common.php(1142): CodeIgniter\View\View->render('spadmin/kasubagtu', [], true)
 5 APPPATH\Controllers\TU.php(36): view('spadmin/kasubagtu')
 6 SYSTEMPATH\CodeIgniter.php(902): App\Controllers\TU->index()
 7 SYSTEMPATH\CodeIgniter.php(457): CodeIgniter\CodeIgniter->runController(Object(App\Controllers\TU))
 8 SYSTEMPATH\CodeIgniter.php(340): CodeIgniter\CodeIgniter->handleRequest(null, Object(Config\Cache), false)
 9 FCPATH\index.php(67): CodeIgniter\CodeIgniter->run()
10 SYSTEMPATH\Commands\Server\rewrite.php(46): require_once('FCPATH\\index.php')
CRITICAL - 2022-10-18 02:48:34 --> Undefined variable $kuota
in APPPATH\Views\spadmin\kasubagtu.php on line 32.
 1 APPPATH\Views\spadmin\kasubagtu.php(32): CodeIgniter\Debug\Exceptions->errorHandler(2, 'Undefined variable $kuota', 'APPPATH\\Views\\spadmin\\kasubagtu.php', 32)
 2 SYSTEMPATH\View\View.php(213): include('APPPATH\\Views\\spadmin\\kasubagtu.php')
 3 SYSTEMPATH\View\View.php(216): CodeIgniter\View\View->CodeIgniter\View\{closure}()
 4 SYSTEMPATH\Common.php(1142): CodeIgniter\View\View->render('spadmin/kasubagtu', [], true)
 5 APPPATH\Controllers\TU.php(36): view('spadmin/kasubagtu')
 6 SYSTEMPATH\CodeIgniter.php(902): App\Controllers\TU->index()
 7 SYSTEMPATH\CodeIgniter.php(457): CodeIgniter\CodeIgniter->runController(Object(App\Controllers\TU))
 8 SYSTEMPATH\CodeIgniter.php(340): CodeIgniter\CodeIgniter->handleRequest(null, Object(Config\Cache), false)
 9 FCPATH\index.php(67): CodeIgniter\CodeIgniter->run()
10 SYSTEMPATH\Commands\Server\rewrite.php(46): require_once('FCPATH\\index.php')
CRITICAL - 2022-10-18 02:51:01 --> foreach() argument must be of type array|object, int given
in APPPATH\Views\spadmin\kasubagtu.php on line 32.
 1 APPPATH\Views\spadmin\kasubagtu.php(32): CodeIgniter\Debug\Exceptions->errorHandler(2, 'foreach() argument must be of type array|object, int given', 'APPPATH\\Views\\spadmin\\kasubagtu.php', 32)
 2 SYSTEMPATH\View\View.php(213): include('APPPATH\\Views\\spadmin\\kasubagtu.php')
 3 SYSTEMPATH\View\View.php(216): CodeIgniter\View\View->CodeIgniter\View\{closure}()
 4 SYSTEMPATH\Common.php(1142): CodeIgniter\View\View->render('spadmin/kasubagtu', [], true)
 5 APPPATH\Controllers\TU.php(36): view('spadmin/kasubagtu')
 6 SYSTEMPATH\CodeIgniter.php(902): App\Controllers\TU->index()
 7 SYSTEMPATH\CodeIgniter.php(457): CodeIgniter\CodeIgniter->runController(Object(App\Controllers\TU))
 8 SYSTEMPATH\CodeIgniter.php(340): CodeIgniter\CodeIgniter->handleRequest(null, Object(Config\Cache), false)
 9 FCPATH\index.php(67): CodeIgniter\CodeIgniter->run()
10 SYSTEMPATH\Commands\Server\rewrite.php(46): require_once('FCPATH\\index.php')
CRITICAL - 2022-10-18 02:53:17 --> foreach() argument must be of type array|object, int given
in APPPATH\Views\spadmin\kasubagtu.php on line 32.
 1 APPPATH\Views\spadmin\kasubagtu.php(32): CodeIgniter\Debug\Exceptions->errorHandler(2, 'foreach() argument must be of type array|object, int given', 'APPPATH\\Views\\spadmin\\kasubagtu.php', 32)
 2 SYSTEMPATH\View\View.php(213): include('APPPATH\\Views\\spadmin\\kasubagtu.php')
 3 SYSTEMPATH\View\View.php(216): CodeIgniter\View\View->CodeIgniter\View\{closure}()
 4 SYSTEMPATH\Common.php(1142): CodeIgniter\View\View->render('spadmin/kasubagtu', [], true)
 5 APPPATH\Controllers\TU.php(36): view('spadmin/kasubagtu')
 6 SYSTEMPATH\CodeIgniter.php(902): App\Controllers\TU->index()
 7 SYSTEMPATH\CodeIgniter.php(457): CodeIgniter\CodeIgniter->runController(Object(App\Controllers\TU))
 8 SYSTEMPATH\CodeIgniter.php(340): CodeIgniter\CodeIgniter->handleRequest(null, Object(Config\Cache), false)
 9 FCPATH\index.php(67): CodeIgniter\CodeIgniter->run()
10 SYSTEMPATH\Commands\Server\rewrite.php(46): require_once('FCPATH\\index.php')
CRITICAL - 2022-10-18 02:53:19 --> foreach() argument must be of type array|object, int given
in APPPATH\Views\spadmin\kasubagtu.php on line 32.
 1 APPPATH\Views\spadmin\kasubagtu.php(32): CodeIgniter\Debug\Exceptions->errorHandler(2, 'foreach() argument must be of type array|object, int given', 'APPPATH\\Views\\spadmin\\kasubagtu.php', 32)
 2 SYSTEMPATH\View\View.php(213): include('APPPATH\\Views\\spadmin\\kasubagtu.php')
 3 SYSTEMPATH\View\View.php(216): CodeIgniter\View\View->CodeIgniter\View\{closure}()
 4 SYSTEMPATH\Common.php(1142): CodeIgniter\View\View->render('spadmin/kasubagtu', [], true)
 5 APPPATH\Controllers\TU.php(36): view('spadmin/kasubagtu')
 6 SYSTEMPATH\CodeIgniter.php(902): App\Controllers\TU->index()
 7 SYSTEMPATH\CodeIgniter.php(457): CodeIgniter\CodeIgniter->runController(Object(App\Controllers\TU))
 8 SYSTEMPATH\CodeIgniter.php(340): CodeIgniter\CodeIgniter->handleRequest(null, Object(Config\Cache), false)
 9 FCPATH\index.php(67): CodeIgniter\CodeIgniter->run()
10 SYSTEMPATH\Commands\Server\rewrite.php(46): require_once('FCPATH\\index.php')
CRITICAL - 2022-10-18 02:53:56 --> Undefined variable $data
in APPPATH\Views\spadmin\kasubagtu.php on line 32.
 1 APPPATH\Views\spadmin\kasubagtu.php(32): CodeIgniter\Debug\Exceptions->errorHandler(2, 'Undefined variable $data', 'APPPATH\\Views\\spadmin\\kasubagtu.php', 32)
 2 SYSTEMPATH\View\View.php(213): include('APPPATH\\Views\\spadmin\\kasubagtu.php')
 3 SYSTEMPATH\View\View.php(216): CodeIgniter\View\View->CodeIgniter\View\{closure}()
 4 SYSTEMPATH\Common.php(1142): CodeIgniter\View\View->render('spadmin/kasubagtu', [], true)
 5 APPPATH\Controllers\TU.php(36): view('spadmin/kasubagtu')
 6 SYSTEMPATH\CodeIgniter.php(902): App\Controllers\TU->index()
 7 SYSTEMPATH\CodeIgniter.php(457): CodeIgniter\CodeIgniter->runController(Object(App\Controllers\TU))
 8 SYSTEMPATH\CodeIgniter.php(340): CodeIgniter\CodeIgniter->handleRequest(null, Object(Config\Cache), false)
 9 FCPATH\index.php(67): CodeIgniter\CodeIgniter->run()
10 SYSTEMPATH\Commands\Server\rewrite.php(46): require_once('FCPATH\\index.php')
